11:31:52,101 INFO  [Server] Starting JBoss (MX MicroKernel)...
11:31:52,102 INFO  [Server] Release ID: JBoss [Trinity] 4.2.3.GA (build: SVNTag=JBoss_4_2_3_GA date=200807181417)
11:31:52,103 DEBUG [Server] Using config: org.jboss.system.server.ServerConfigImpl@1507fb2
11:31:52,104 DEBUG [Server] Server type: class org.jboss.system.server.ServerImpl
11:31:52,104 DEBUG [Server] Server loaded through: org.jboss.system.server.NoAnnotationURLClassLoader
11:31:52,104 DEBUG [Server] Boot URLs:
11:31:52,104 DEBUG [Server]   file:/C:/Users/sofis/Downloads/conector3/jboss-as/lib/endorsed/jaxb-api.jar
11:31:52,105 DEBUG [Server]   file:/C:/Users/sofis/Downloads/conector3/jboss-as/lib/endorsed/jboss-jaxrpc.jar
11:31:52,105 DEBUG [Server]   file:/C:/Users/sofis/Downloads/conector3/jboss-as/lib/endorsed/jboss-jaxws-ext.jar
11:31:52,105 DEBUG [Server]   file:/C:/Users/sofis/Downloads/conector3/jboss-as/lib/endorsed/jboss-jaxws.jar
11:31:52,105 DEBUG [Server]   file:/C:/Users/sofis/Downloads/conector3/jboss-as/lib/endorsed/jboss-saaj.jar
11:31:52,105 DEBUG [Server]   file:/C:/Users/sofis/Downloads/conector3/jboss-as/lib/endorsed/serializer.jar
11:31:52,105 DEBUG [Server]   file:/C:/Users/sofis/Downloads/conector3/jboss-as/lib/endorsed/xalan.jar
11:31:52,105 DEBUG [Server]   file:/C:/Users/sofis/Downloads/conector3/jboss-as/lib/endorsed/xercesImpl.jar
11:31:52,105 DEBUG [Server]   file:/C:/Users/sofis/Downloads/conector3/jboss-as/lib/jboss-jmx.jar
11:31:52,105 DEBUG [Server]   file:/C:/Users/sofis/Downloads/conector3/jboss-as/lib/concurrent.jar
11:31:52,105 DEBUG [Server]   file:/C:/Users/sofis/Downloads/conector3/jboss-as/lib/log4j-boot.jar
11:31:52,105 DEBUG [Server]   file:/C:/Users/sofis/Downloads/conector3/jboss-as/lib/jboss-common.jar
11:31:52,105 DEBUG [Server]   file:/C:/Users/sofis/Downloads/conector3/jboss-as/lib/jboss-system.jar
11:31:52,105 DEBUG [Server]   file:/C:/Users/sofis/Downloads/conector3/jboss-as/lib/jboss-xml-binding.jar
11:31:52,106 INFO  [Server] Home Dir: C:\Users\sofis\Downloads\conector3\jboss-as
11:31:52,106 INFO  [Server] Home URL: file:/C:/Users/sofis/Downloads/conector3/jboss-as/
11:31:52,107 DEBUG [Server] Library URL: file:/C:/Users/sofis/Downloads/conector3/jboss-as/lib/
11:31:52,109 INFO  [Server] Patch URL: null
11:31:52,110 INFO  [Server] Server Name: default
11:31:52,112 INFO  [Server] Server Home Dir: C:\Users\sofis\Downloads\conector3\jboss-as\server\default
11:31:52,113 INFO  [Server] Server Home URL: file:/C:/Users/sofis/Downloads/conector3/jboss-as/server/default/
11:31:52,115 INFO  [Server] Server Log Dir: C:\Users\sofis\Downloads\conector3\jboss-as\server\default\log
11:31:52,116 DEBUG [Server] Server Data Dir: C:\Users\sofis\Downloads\conector3\jboss-as\server\default\data
11:31:52,117 INFO  [Server] Server Temp Dir: C:\Users\sofis\Downloads\conector3\jboss-as\server\default\tmp
11:31:52,118 DEBUG [Server] Server Config URL: file:/C:/Users/sofis/Downloads/conector3/jboss-as/server/default/conf/
11:31:52,119 DEBUG [Server] Server Library URL: file:/C:/Users/sofis/Downloads/conector3/jboss-as/server/default/lib/
11:31:52,119 INFO  [Server] Root Deployment Filename: jboss-service.xml
11:31:52,123 DEBUG [Server] Starting General Purpose Architecture (GPA)...
11:31:52,248 DEBUG [Server] Created MBeanServer: org.jboss.mx.server.MBeanServerImpl@17ce4e7[ defaultDomain='jboss' ]
11:31:52,280 DEBUG [Server] Boot url list: [file:/C:/Users/sofis/Downloads/conector3/jboss-as/server/default/conf/]
11:31:52,280 DEBUG [Server] Creating loader for URL: file:/C:/Users/sofis/Downloads/conector3/jboss-as/server/default/conf/
11:31:52,283 DEBUG [RepositoryClassLoader] setRepository, repository=org.jboss.mx.loading.UnifiedLoaderRepository3@e1d5ea, cl=org.jboss.mx.loading.UnifiedClassLoader3@a31e1b{ url=file:/C:/Users/sofis/Downloads/conector3/jboss-as/server/default/conf/ ,addedOrder=0}
11:31:52,283 DEBUG [RepositoryClassLoader] setRepository, repository=org.jboss.mx.loading.UnifiedLoaderRepository3@e1d5ea, cl=org.jboss.mx.loading.UnifiedClassLoader3@a31e1b{ url=file:/C:/Users/sofis/Downloads/conector3/jboss-as/server/default/conf/ ,addedOrder=0}
11:31:52,284 DEBUG [UnifiedLoaderRepository3] Adding org.jboss.mx.loading.UnifiedClassLoader3@a31e1b{ url=file:/C:/Users/sofis/Downloads/conector3/jboss-as/server/default/conf/ ,addedOrder=0}
11:31:52,371 DEBUG [Server] Failed to create xmbean for: org.jboss.system.server.ServerInfo
11:31:52,378 INFO  [ServerInfo] Java version: 1.6.0_25,Sun Microsystems Inc.
11:31:52,378 INFO  [ServerInfo] Java VM: Java HotSpot(TM) Server VM 20.0-b11,Sun Microsystems Inc.
11:31:52,379 INFO  [ServerInfo] OS-System: Windows NT (unknown) 6.2,x86
11:31:52,380 DEBUG [ServerInfo] Full System Properties Dump
11:31:52,381 DEBUG [ServerInfo]     java.vendor: Sun Microsystems Inc.
11:31:52,381 DEBUG [ServerInfo]     sun.java.launcher: SUN_STANDARD
11:31:52,382 DEBUG [ServerInfo]     sun.management.compiler: HotSpot Tiered Compilers
11:31:52,382 DEBUG [ServerInfo]     os.name: Windows NT (unknown)
11:31:52,382 DEBUG [ServerInfo]     sun.boot.class.path: C:\Users\sofis\Downloads\conector3\jboss-as\lib\endorsed\jaxb-api.jar;C:\Users\sofis\Downloads\conector3\jboss-as\lib\endorsed\jboss-jaxrpc.jar;C:\Users\sofis\Downloads\conector3\jboss-as\lib\endorsed\jboss-jaxws-ext.jar;C:\Users\sofis\Downloads\conector3\jboss-as\lib\endorsed\jboss-jaxws.jar;C:\Users\sofis\Downloads\conector3\jboss-as\lib\endorsed\jboss-saaj.jar;C:\Users\sofis\Downloads\conector3\jboss-as\lib\endorsed\serializer.jar;C:\Users\sofis\Downloads\conector3\jboss-as\lib\endorsed\xalan.jar;C:\Users\sofis\Downloads\conector3\jboss-as\lib\endorsed\xercesImpl.jar;C:\Users\sofis\Downloads\conector3\java\jdk1.6_windows\jre\lib\resources.jar;C:\Users\sofis\Downloads\conector3\java\jdk1.6_windows\jre\lib\rt.jar;C:\Users\sofis\Downloads\conector3\java\jdk1.6_windows\jre\lib\sunrsasign.jar;C:\Users\sofis\Downloads\conector3\java\jdk1.6_windows\jre\lib\jsse.jar;C:\Users\sofis\Downloads\conector3\java\jdk1.6_windows\jre\lib\jce.jar;C:\Users\sofis\Downloads\conector3\java\jdk1.6_windows\jre\lib\charsets.jar;C:\Users\sofis\Downloads\conector3\java\jdk1.6_windows\jre\lib\modules\jdk.boot.jar;C:\Users\sofis\Downloads\conector3\java\jdk1.6_windows\jre\classes
11:31:52,382 DEBUG [ServerInfo]     sun.desktop: windows
11:31:52,382 DEBUG [ServerInfo]     java.vm.specification.vendor: Sun Microsystems Inc.
11:31:52,382 DEBUG [ServerInfo]     java.runtime.version: 1.6.0_25-b06
11:31:52,382 DEBUG [ServerInfo]     user.name: sofis
11:31:52,382 DEBUG [ServerInfo]     jboss.bind.address: 127.0.0.1
11:31:52,382 DEBUG [ServerInfo]     jboss.home.dir: C:\Users\sofis\Downloads\conector3\jboss-as
11:31:52,382 DEBUG [ServerInfo]     user.language: es
11:31:52,382 DEBUG [ServerInfo]     sun.boot.library.path: C:\Users\sofis\Downloads\conector3\java\jdk1.6_windows\jre\bin
11:31:52,382 DEBUG [ServerInfo]     jboss.home.url: file:/C:/Users/sofis/Downloads/conector3/jboss-as/
11:31:52,383 DEBUG [ServerInfo]     java.version: 1.6.0_25
11:31:52,383 DEBUG [ServerInfo]     user.timezone: America/Montevideo
11:31:52,383 DEBUG [ServerInfo]     jboss.server.home.dir: C:\Users\sofis\Downloads\conector3\jboss-as\server\default
11:31:52,383 DEBUG [ServerInfo]     jgroups.bind_addr: 127.0.0.1
11:31:52,383 DEBUG [ServerInfo]     sun.arch.data.model: 32
11:31:52,383 DEBUG [ServerInfo]     java.endorsed.dirs: C:\Users\sofis\Downloads\conector3\jboss-as\lib\endorsed
11:31:52,383 DEBUG [ServerInfo]     jboss.server.home.url: file:/C:/Users/sofis/Downloads/conector3/jboss-as/server/default/
11:31:52,383 DEBUG [ServerInfo]     sun.cpu.isalist: pentium_pro+mmx pentium_pro pentium+mmx pentium i486 i386 i86
11:31:52,383 DEBUG [ServerInfo]     sun.jnu.encoding: Cp1252
11:31:52,383 DEBUG [ServerInfo]     file.encoding.pkg: sun.io
11:31:52,383 DEBUG [ServerInfo]     file.separator: \
11:31:52,383 DEBUG [ServerInfo]     java.specification.name: Java Platform API Specification
11:31:52,383 DEBUG [ServerInfo]     java.class.version: 50.0
11:31:52,383 DEBUG [ServerInfo]     jboss.server.config.url: file:/C:/Users/sofis/Downloads/conector3/jboss-as/server/default/conf/
11:31:52,383 DEBUG [ServerInfo]     user.country: AR
11:31:52,383 DEBUG [ServerInfo]     java.home: C:\Users\sofis\Downloads\conector3\java\jdk1.6_windows\jre
11:31:52,384 DEBUG [ServerInfo]     java.vm.info: mixed mode
11:31:52,384 DEBUG [ServerInfo]     jboss.lib.url: file:/C:/Users/sofis/Downloads/conector3/jboss-as/lib/
11:31:52,384 DEBUG [ServerInfo]     os.version: 6.2
11:31:52,384 DEBUG [ServerInfo]     path.separator: ;
11:31:52,384 DEBUG [ServerInfo]     java.vm.version: 20.0-b11
11:31:52,384 DEBUG [ServerInfo]     user.variant: 
11:31:52,384 DEBUG [ServerInfo]     java.protocol.handler.pkgs: org.jboss.net.protocol
11:31:52,384 DEBUG [ServerInfo]     java.awt.printerjob: sun.awt.windows.WPrinterJob
11:31:52,384 DEBUG [ServerInfo]     sun.io.unicode.encoding: UnicodeLittle
11:31:52,384 DEBUG [ServerInfo]     awt.toolkit: sun.awt.windows.WToolkit
11:31:52,384 DEBUG [ServerInfo]     jboss.server.temp.dir: C:\Users\sofis\Downloads\conector3\jboss-as\server\default\tmp
11:31:52,384 DEBUG [ServerInfo]     sun.rmi.dgc.client.gcInterval: 3600000
11:31:52,384 DEBUG [ServerInfo]     user.home: C:\Users\sofis
11:31:52,384 DEBUG [ServerInfo]     java.specification.vendor: Sun Microsystems Inc.
11:31:52,384 DEBUG [ServerInfo]     java.library.path: C:\Users\sofis\Downloads\conector3\java\jdk1.6_windows\bin;.;C:\Windows\Sun\Java\bin;C:\Windows\system32;C:\Windows;C:\ProgramData\Oracle\Java\javapath;C:\Program Files (x86)\Intel\iCLS Client\;C:\Program Files\Intel\iCLS Client\;C:\Windows\system32;C:\Windows;C:\Windows\System32\Wbem;C:\Windows\System32\WindowsPowerShell\v1.0\;C:\Program Files (x86)\Intel\Intel(R) Management Engine Components\DAL;C:\Program Files\Intel\Intel(R) Management Engine Components\DAL;C:\Program Files (x86)\Intel\Intel(R) Management Engine Components\IPT;C:\Program Files\Intel\Intel(R) Management Engine Components\IPT;C:\Program Files (x86)\Skype\Phone\
11:31:52,384 DEBUG [ServerInfo]     java.vendor.url: http://java.sun.com/
11:31:52,384 DEBUG [ServerInfo]     program.name: run.bat
11:31:52,384 DEBUG [ServerInfo]     java.vm.vendor: Sun Microsystems Inc.
11:31:52,384 DEBUG [ServerInfo]     sun.rmi.dgc.server.gcInterval: 3600000
11:31:52,384 DEBUG [ServerInfo]     java.runtime.name: Java(TM) SE Runtime Environment
11:31:52,384 DEBUG [ServerInfo]     sun.java.command: org.jboss.Main
11:31:52,385 DEBUG [ServerInfo]     java.class.path: C:\Users\sofis\Downloads\conector3\jboss-as\..\java\jdk1.6_windows\db\lib\derby.jar;C:\Users\sofis\Downloads\conector3\jboss-as\..\java\jdk1.6_windows\lib\tools.jar;C:\Users\sofis\Downloads\conector3\jboss-as\bin\run.jar
11:31:52,385 DEBUG [ServerInfo]     jboss.server.log.dir: C:\Users\sofis\Downloads\conector3\jboss-as\server\default\log
11:31:52,385 DEBUG [ServerInfo]     jbossmx.loader.repository.class: org.jboss.mx.loading.UnifiedLoaderRepository3
11:31:52,385 DEBUG [ServerInfo]     java.vm.specification.name: Java Virtual Machine Specification
11:31:52,385 DEBUG [ServerInfo]     java.vm.specification.version: 1.0
11:31:52,385 DEBUG [ServerInfo]     sun.cpu.endian: little
11:31:52,385 DEBUG [ServerInfo]     sun.os.patch.level: 
11:31:52,385 DEBUG [ServerInfo]     jboss.server.lib.url: file:/C:/Users/sofis/Downloads/conector3/jboss-as/server/default/lib/
11:31:52,385 DEBUG [ServerInfo]     java.io.tmpdir: C:\Users\sofis\AppData\Local\Temp\
11:31:52,385 DEBUG [ServerInfo]     java.vendor.url.bug: http://java.sun.com/cgi-bin/bugreport.cgi
11:31:52,385 DEBUG [ServerInfo]     jboss.server.data.dir: C:\Users\sofis\Downloads\conector3\jboss-as\server\default\data
11:31:52,385 DEBUG [ServerInfo]     java.rmi.server.hostname: 127.0.0.1
11:31:52,385 DEBUG [ServerInfo]     os.arch: x86
11:31:52,385 DEBUG [ServerInfo]     java.awt.graphicsenv: sun.awt.Win32GraphicsEnvironment
11:31:52,385 DEBUG [ServerInfo]     java.ext.dirs: C:\Users\sofis\Downloads\conector3\java\jdk1.6_windows\jre\lib\ext;C:\Windows\Sun\Java\lib\ext
11:31:52,385 DEBUG [ServerInfo]     user.dir: C:\Users\sofis\Downloads\conector3\jboss-as\bin
11:31:52,385 DEBUG [ServerInfo]     line.separator: 

11:31:52,386 DEBUG [ServerInfo]     java.vm.name: Java HotSpot(TM) Server VM
11:31:52,386 DEBUG [ServerInfo]     jboss.server.base.dir: C:\Users\sofis\Downloads\conector3\jboss-as\server
11:31:52,386 DEBUG [ServerInfo]     jboss.server.base.url: file:/C:/Users/sofis/Downloads/conector3/jboss-as/server/
11:31:52,386 DEBUG [ServerInfo]     javax.management.builder.initial: org.jboss.mx.server.MBeanServerBuilderImpl
11:31:52,386 DEBUG [ServerInfo]     file.encoding: UTF-8
11:31:52,386 DEBUG [ServerInfo]     java.specification.version: 1.6
11:31:52,386 DEBUG [ServerInfo]     jboss.server.name: default
11:31:52,392 DEBUG [Server] Created system MBean: jboss.system:type=ServerInfo
11:31:52,398 DEBUG [Server] Failed to create xmbean for: org.jboss.system.ServiceController
11:31:52,419 DEBUG [ServiceController] Controller MBean online
11:31:52,419 DEBUG [Server] Created system MBean: jboss.system:service=ServiceController
11:31:52,531 DEBUG [Server] Created system XMBean: jboss.system:service=MainDeployer
11:31:52,531 DEBUG [ServiceController] Creating service jboss.system:service=MainDeployer
11:31:52,538 DEBUG [MainDeployer] Creating jboss.system:service=MainDeployer
11:31:52,827 DEBUG [MainDeployer] Created jboss.system:service=MainDeployer
11:31:52,827 DEBUG [ServiceController] Creating dependent components for: jboss.system:service=MainDeployer dependents are: []
11:31:52,827 DEBUG [ServiceController] starting service jboss.system:service=MainDeployer
11:31:52,827 DEBUG [MainDeployer] Starting jboss.system:service=MainDeployer
11:31:52,827 DEBUG [MainDeployer] Started jboss.system:service=MainDeployer
11:31:52,827 DEBUG [ServiceController] Starting dependent components for: jboss.system:service=MainDeployer dependent components: []
11:31:52,829 DEBUG [Server] Shutdown hook added
11:31:52,898 DEBUG [Server] Created system XMBean: jboss.system:service=JARDeployer
11:31:52,898 DEBUG [ServiceController] Creating service jboss.system:service=JARDeployer
11:31:52,898 DEBUG [JARDeployer] Creating jboss.system:service=JARDeployer
11:31:52,913 DEBUG [JARDeployer] Created jboss.system:service=JARDeployer
11:31:52,913 DEBUG [ServiceController] Creating dependent components for: jboss.system:service=JARDeployer dependents are: []
11:31:52,913 DEBUG [ServiceController] starting service jboss.system:service=JARDeployer
11:31:52,913 DEBUG [JARDeployer] Starting jboss.system:service=JARDeployer
11:31:52,914 DEBUG [MainDeployer] Adding deployer: org.jboss.deployment.JARDeployer@5d9084
11:31:52,914 DEBUG [SuffixOrderHelper] Static suffix exists; ignoring request for adding enhanced suffix: 700:.jar
11:31:52,915 DEBUG [JARDeployer] Started jboss.system:service=JARDeployer
11:31:52,915 DEBUG [ServiceController] Starting dependent components for: jboss.system:service=JARDeployer dependent components: []
11:31:52,964 DEBUG [Server] Created system XMBean: jboss.system:service=ServiceDeployer
11:31:52,964 DEBUG [ServiceController] Creating service jboss.system:service=ServiceDeployer
11:31:52,965 DEBUG [SARDeployer] Creating jboss.system:service=ServiceDeployer
11:31:52,974 DEBUG [SARDeployer] Created jboss.system:service=ServiceDeployer
11:31:52,974 DEBUG [ServiceController] Creating dependent components for: jboss.system:service=ServiceDeployer dependents are: []
11:31:52,975 DEBUG [ServiceController] starting service jboss.system:service=ServiceDeployer
11:31:52,975 DEBUG [SARDeployer] Starting jboss.system:service=ServiceDeployer
11:31:52,975 DEBUG [MainDeployer] Adding deployer: org.jboss.deployment.SARDeployer@104c575
11:31:52,982 DEBUG [SARDeployer] Started jboss.system:service=ServiceDeployer
11:31:52,982 DEBUG [ServiceController] Starting dependent components for: jboss.system:service=ServiceDeployer dependent components: []
11:31:52,982 INFO  [Server] Core system initialized
11:31:53,010 DEBUG [MainDeployer] Starting deployment of package: file:/C:/Users/sofis/Downloads/conector3/jboss-as/server/default/conf/jboss-service.xml
11:31:53,010 DEBUG [MainDeployer] Starting deployment (init step) of package at: file:/C:/Users/sofis/Downloads/conector3/jboss-as/server/default/conf/jboss-service.xml
11:31:53,051 DEBUG [MainDeployer] Copying file:/C:/Users/sofis/Downloads/conector3/jboss-as/server/default/conf/jboss-service.xml -> C:\Users\sofis\Downloads\conector3\jboss-as\server\default\tmp\deploy\tmp8770145183786542351jboss-service.xml
11:31:53,061 DEBUG [MainDeployer] using deployer org.jboss.deployment.SARDeployer@104c575
11:31:53,087 DEBUG [SARDeployer] Found classpath element: [classpath: null]
11:31:53,089 DEBUG [SARDeployer] codebase URL is file:/C:/Users/sofis/Downloads/conector3/jboss-as/server/default/lib/
11:31:53,090 DEBUG [SARDeployer] listing codebase for archives matching *
11:31:53,092 DEBUG [SARDeployer] URLLister class is org.jboss.net.protocol.file.FileURLLister
11:31:53,099 DEBUG [SARDeployer] deployed classes for file:/C:/Users/sofis/Downloads/conector3/jboss-as/server/default/lib/activation.jar
11:31:53,099 DEBUG [SARDeployer] deployed classes for file:/C:/Users/sofis/Downloads/conector3/jboss-as/server/default/lib/antlr.jar
11:31:53,099 DEBUG [SARDeployer] deployed classes for file:/C:/Users/sofis/Downloads/conector3/jboss-as/server/default/lib/autonumber-plugin.jar
11:31:53,099 DEBUG [SARDeployer] deployed classes for file:/C:/Users/sofis/Downloads/conector3/jboss-as/server/default/lib/bcel.jar
11:31:53,100 DEBUG [SARDeployer] deployed classes for file:/C:/Users/sofis/Downloads/conector3/jboss-as/server/default/lib/bindingservice-plugin.jar
11:31:53,100 DEBUG [SARDeployer] deployed classes for file:/C:/Users/sofis/Downloads/conector3/jboss-as/server/default/lib/bsf.jar
11:31:53,100 DEBUG [SARDeployer] deployed classes for file:/C:/Users/sofis/Downloads/conector3/jboss-as/server/default/lib/bsh-deployer.jar
11:31:53,100 DEBUG [SARDeployer] deployed classes for file:/C:/Users/sofis/Downloads/conector3/jboss-as/server/default/lib/bsh.jar
11:31:53,100 DEBUG [SARDeployer] deployed classes for file:/C:/Users/sofis/Downloads/conector3/jboss-as/server/default/lib/cglib.jar
11:31:53,100 DEBUG [SARDeployer] deployed classes for file:/C:/Users/sofis/Downloads/conector3/jboss-as/server/default/lib/commons-codec.jar
11:31:53,100 DEBUG [SARDeployer] deployed classes for file:/C:/Users/sofis/Downloads/conector3/jboss-as/server/default/lib/commons-collections.jar
11:31:53,100 DEBUG [SARDeployer] deployed classes for file:/C:/Users/sofis/Downloads/conector3/jboss-as/server/default/lib/commons-httpclient.jar
11:31:53,100 DEBUG [SARDeployer] deployed classes for file:/C:/Users/sofis/Downloads/conector3/jboss-as/server/default/lib/commons-logging.jar
11:31:53,100 DEBUG [SARDeployer] deployed classes for file:/C:/Users/sofis/Downloads/conector3/jboss-as/server/default/lib/derby-plugin.jar
11:31:53,100 DEBUG [SARDeployer] deployed classes for file:/C:/Users/sofis/Downloads/conector3/jboss-as/server/default/lib/dom4j.jar
11:31:53,100 DEBUG [SARDeployer] deployed classes for file:/C:/Users/sofis/Downloads/conector3/jboss-as/server/default/lib/ejb3-persistence.jar
11:31:53,100 DEBUG [SARDeployer] deployed classes for file:/C:/Users/sofis/Downloads/conector3/jboss-as/server/default/lib/el-api.jar
11:31:53,100 DEBUG [SARDeployer] deployed classes for file:/C:/Users/sofis/Downloads/conector3/jboss-as/server/default/lib/h2-1.2.124.jar
11:31:53,100 DEBUG [SARDeployer] deployed classes for file:/C:/Users/sofis/Downloads/conector3/jboss-as/server/default/lib/hibernate-annotations.jar
11:31:53,100 DEBUG [SARDeployer] deployed classes for file:/C:/Users/sofis/Downloads/conector3/jboss-as/server/default/lib/hibernate-entitymanager.jar
11:31:53,100 DEBUG [SARDeployer] deployed classes for file:/C:/Users/sofis/Downloads/conector3/jboss-as/server/default/lib/hibernate3.jar
11:31:53,100 DEBUG [SARDeployer] deployed classes for file:/C:/Users/sofis/Downloads/conector3/jboss-as/server/default/lib/hsqldb-plugin.jar
11:31:53,100 DEBUG [SARDeployer] deployed classes for file:/C:/Users/sofis/Downloads/conector3/jboss-as/server/default/lib/hsqldb.jar
11:31:53,100 DEBUG [SARDeployer] deployed classes for file:/C:/Users/sofis/Downloads/conector3/jboss-as/server/default/lib/InterfazPGE-Interfaces.jar
11:31:53,100 DEBUG [SARDeployer] deployed classes for file:/C:/Users/sofis/Downloads/conector3/jboss-as/server/default/lib/javassist.jar
11:31:53,100 DEBUG [SARDeployer] deployed classes for file:/C:/Users/sofis/Downloads/conector3/jboss-as/server/default/lib/jaxen.jar
11:31:53,100 DEBUG [SARDeployer] deployed classes for file:/C:/Users/sofis/Downloads/conector3/jboss-as/server/default/lib/jboss-cache-jdk50.jar
11:31:53,100 DEBUG [SARDeployer] deployed classes for file:/C:/Users/sofis/Downloads/conector3/jboss-as/server/default/lib/jboss-common-jdbc-wrapper.jar
11:31:53,100 DEBUG [SARDeployer] deployed classes for file:/C:/Users/sofis/Downloads/conector3/jboss-as/server/default/lib/jboss-ejb3x.jar
11:31:53,100 DEBUG [SARDeployer] deployed classes for file:/C:/Users/sofis/Downloads/conector3/jboss-as/server/default/lib/jboss-hibernate.jar
11:31:53,100 DEBUG [SARDeployer] deployed classes for file:/C:/Users/sofis/Downloads/conector3/jboss-as/server/default/lib/jboss-iiop.jar
11:31:53,100 DEBUG [SARDeployer] deployed classes for file:/C:/Users/sofis/Downloads/conector3/jboss-as/server/default/lib/jboss-j2ee.jar
11:31:53,100 DEBUG [SARDeployer] deployed classes for file:/C:/Users/sofis/Downloads/conector3/jboss-as/server/default/lib/jboss-jaxrpc.jar
11:31:53,100 DEBUG [SARDeployer] deployed classes for file:/C:/Users/sofis/Downloads/conector3/jboss-as/server/default/lib/jboss-jaxws-ext.jar
11:31:53,100 DEBUG [SARDeployer] deployed classes for file:/C:/Users/sofis/Downloads/conector3/jboss-as/server/default/lib/jboss-jaxws.jar
11:31:53,100 DEBUG [SARDeployer] deployed classes for file:/C:/Users/sofis/Downloads/conector3/jboss-as/server/default/lib/jboss-jca.jar
11:31:53,100 DEBUG [SARDeployer] deployed classes for file:/C:/Users/sofis/Downloads/conector3/jboss-as/server/default/lib/jboss-jsr77.jar
11:31:53,100 DEBUG [SARDeployer] deployed classes for file:/C:/Users/sofis/Downloads/conector3/jboss-as/server/default/lib/jboss-jsr88.jar
11:31:53,100 DEBUG [SARDeployer] deployed classes for file:/C:/Users/sofis/Downloads/conector3/jboss-as/server/default/lib/jboss-management.jar
11:31:53,100 DEBUG [SARDeployer] deployed classes for file:/C:/Users/sofis/Downloads/conector3/jboss-as/server/default/lib/jboss-messaging.jar
11:31:53,100 DEBUG [SARDeployer] deployed classes for file:/C:/Users/sofis/Downloads/conector3/jboss-as/server/default/lib/jboss-monitoring.jar
11:31:53,100 DEBUG [SARDeployer] deployed classes for file:/C:/Users/sofis/Downloads/conector3/jboss-as/server/default/lib/jboss-remoting-int.jar
11:31:53,101 DEBUG [SARDeployer] deployed classes for file:/C:/Users/sofis/Downloads/conector3/jboss-as/server/default/lib/jboss-remoting.jar
11:31:53,101 DEBUG [SARDeployer] deployed classes for file:/C:/Users/sofis/Downloads/conector3/jboss-as/server/default/lib/jboss-saaj.jar
11:31:53,101 DEBUG [SARDeployer] deployed classes for file:/C:/Users/sofis/Downloads/conector3/jboss-as/server/default/lib/jboss-serialization.jar
11:31:53,101 DEBUG [SARDeployer] deployed classes for file:/C:/Users/sofis/Downloads/conector3/jboss-as/server/default/lib/jboss-srp.jar
11:31:53,101 DEBUG [SARDeployer] deployed classes for file:/C:/Users/sofis/Downloads/conector3/jboss-as/server/default/lib/jboss-transaction.jar
11:31:53,101 DEBUG [SARDeployer] deployed classes for file:/C:/Users/sofis/Downloads/conector3/jboss-as/server/default/lib/jboss-vfs.jar
11:31:53,101 DEBUG [SARDeployer] deployed classes for file:/C:/Users/sofis/Downloads/conector3/jboss-as/server/default/lib/jboss.jar
11:31:53,101 DEBUG [SARDeployer] deployed classes for file:/C:/Users/sofis/Downloads/conector3/jboss-as/server/default/lib/jbossha.jar
11:31:53,101 DEBUG [SARDeployer] deployed classes for file:/C:/Users/sofis/Downloads/conector3/jboss-as/server/default/lib/jbossjta-integration.jar
11:31:53,101 DEBUG [SARDeployer] deployed classes for file:/C:/Users/sofis/Downloads/conector3/jboss-as/server/default/lib/jbossjta.jar
11:31:53,101 DEBUG [SARDeployer] deployed classes for file:/C:/Users/sofis/Downloads/conector3/jboss-as/server/default/lib/jbosssx.jar
11:31:53,101 DEBUG [SARDeployer] deployed classes for file:/C:/Users/sofis/Downloads/conector3/jboss-as/server/default/lib/jbossts-common.jar
11:31:53,101 DEBUG [SARDeployer] deployed classes for file:/C:/Users/sofis/Downloads/conector3/jboss-as/server/default/lib/jbossws-common.jar
11:31:53,101 DEBUG [SARDeployer] deployed classes for file:/C:/Users/sofis/Downloads/conector3/jboss-as/server/default/lib/jbossws-framework.jar
11:31:53,101 DEBUG [SARDeployer] deployed classes for file:/C:/Users/sofis/Downloads/conector3/jboss-as/server/default/lib/jbossws-jboss42.jar
11:31:53,101 DEBUG [SARDeployer] deployed classes for file:/C:/Users/sofis/Downloads/conector3/jboss-as/server/default/lib/jbossws-spi.jar
11:31:53,101 DEBUG [SARDeployer] deployed classes for file:/C:/Users/sofis/Downloads/conector3/jboss-as/server/default/lib/jmx-adaptor-plugin.jar
11:31:53,101 DEBUG [SARDeployer] deployed classes for file:/C:/Users/sofis/Downloads/conector3/jboss-as/server/default/lib/jnpserver.jar
11:31:53,101 DEBUG [SARDeployer] deployed classes for file:/C:/Users/sofis/Downloads/conector3/jboss-as/server/default/lib/joesnmp.jar
11:31:53,101 DEBUG [SARDeployer] deployed classes for file:/C:/Users/sofis/Downloads/conector3/jboss-as/server/default/lib/jpl-pattern.jar
11:31:53,101 DEBUG [SARDeployer] deployed classes for file:/C:/Users/sofis/Downloads/conector3/jboss-as/server/default/lib/jpl-util.jar
11:31:53,101 DEBUG [SARDeployer] deployed classes for file:/C:/Users/sofis/Downloads/conector3/jboss-as/server/default/lib/jsp-api.jar
11:31:53,101 DEBUG [SARDeployer] deployed classes for file:/C:/Users/sofis/Downloads/conector3/jboss-as/server/default/lib/log4j-snmp-appender.jar
11:31:53,101 DEBUG [SARDeployer] deployed classes for file:/C:/Users/sofis/Downloads/conector3/jboss-as/server/default/lib/log4j.jar
11:31:53,101 DEBUG [SARDeployer] deployed classes for file:/C:/Users/sofis/Downloads/conector3/jboss-as/server/default/lib/mail-plugin.jar
11:31:53,101 DEBUG [SARDeployer] deployed classes for file:/C:/Users/sofis/Downloads/conector3/jboss-as/server/default/lib/mail.jar
11:31:53,101 DEBUG [SARDeployer] deployed classes for file:/C:/Users/sofis/Downloads/conector3/jboss-as/server/default/lib/picketlink-bindings-1.0.3.final.jar
11:31:53,101 DEBUG [SARDeployer] deployed classes for file:/C:/Users/sofis/Downloads/conector3/jboss-as/server/default/lib/picketlink-bindings-jboss-1.0.3.final.jar
11:31:53,101 DEBUG [SARDeployer] deployed classes for file:/C:/Users/sofis/Downloads/conector3/jboss-as/server/default/lib/picketlink-fed-api-1.0.3.final.jar
11:31:53,101 DEBUG [SARDeployer] deployed classes for file:/C:/Users/sofis/Downloads/conector3/jboss-as/server/default/lib/picketlink-fed-core-1.0.3.final.jar
11:31:53,101 DEBUG [SARDeployer] deployed classes for file:/C:/Users/sofis/Downloads/conector3/jboss-as/server/default/lib/picketlink-fed-model-1.0.3.final.jar
11:31:53,101 DEBUG [SARDeployer] deployed classes for file:/C:/Users/sofis/Downloads/conector3/jboss-as/server/default/lib/picketlink-web-1.0.3.final.jar
11:31:53,101 DEBUG [SARDeployer] deployed classes for file:/C:/Users/sofis/Downloads/conector3/jboss-as/server/default/lib/picketlink-xmlsec-model-1.0.3.final.jar
11:31:53,102 DEBUG [SARDeployer] deployed classes for file:/C:/Users/sofis/Downloads/conector3/jboss-as/server/default/lib/postgresql.jar
11:31:53,102 DEBUG [SARDeployer] deployed classes for file:/C:/Users/sofis/Downloads/conector3/jboss-as/server/default/lib/properties-plugin.jar
11:31:53,102 DEBUG [SARDeployer] deployed classes for file:/C:/Users/sofis/Downloads/conector3/jboss-as/server/default/lib/quartz.jar
11:31:53,102 DEBUG [SARDeployer] deployed classes for file:/C:/Users/sofis/Downloads/conector3/jboss-as/server/default/lib/scheduler-plugin-example.jar
11:31:53,102 DEBUG [SARDeployer] deployed classes for file:/C:/Users/sofis/Downloads/conector3/jboss-as/server/default/lib/scheduler-plugin.jar
11:31:53,102 DEBUG [SARDeployer] deployed classes for file:/C:/Users/sofis/Downloads/conector3/jboss-as/server/default/lib/servlet-api.jar
11:31:53,102 DEBUG [SARDeployer] deployed classes for file:/C:/Users/sofis/Downloads/conector3/jboss-as/server/default/lib/xmlentitymgr.jar
11:31:53,102 DEBUG [SARDeployer] about to copy 0 local directories
11:31:53,102 DEBUG [SARDeployer] looking for nested deployments in : file:/C:/Users/sofis/Downloads/conector3/jboss-as/server/default/conf/jboss-service.xml
11:31:53,105 DEBUG [DeploymentInfo] createLoaderRepository from config: LoaderRepositoryConfig(repositoryName: JMImplementation:service=LoaderRepository,name=Default, repositoryClassName: null, configParserClassName: null, repositoryConfig: null)
11:31:53,105 DEBUG [RepositoryClassLoader] setRepository, repository=org.jboss.mx.loading.UnifiedLoaderRepository3@e1d5ea, cl=org.jboss.mx.loading.UnifiedClassLoader3@147c1db{ url=null ,addedOrder=0}
11:31:53,105 DEBUG [RepositoryClassLoader] setRepository, repository=org.jboss.mx.loading.UnifiedLoaderRepository3@e1d5ea, cl=org.jboss.mx.loading.UnifiedClassLoader3@147c1db{ url=null ,addedOrder=0}
11:31:53,105 DEBUG [UnifiedLoaderRepository3] Adding org.jboss.mx.loading.UnifiedClassLoader3@147c1db{ url=null ,addedOrder=0}
11:31:53,136 DEBUG [RepositoryClassLoader] Added url: file:/C:/Users/sofis/Downloads/conector3/jboss-as/server/default/lib/activation.jar, to ucl: org.jboss.mx.loading.UnifiedClassLoader3@147c1db{ url=null ,addedOrder=2}
11:31:53,235 DEBUG [RepositoryClassLoader] Added url: file:/C:/Users/sofis/Downloads/conector3/jboss-as/server/default/lib/antlr.jar, to ucl: org.jboss.mx.loading.UnifiedClassLoader3@147c1db{ url=null ,addedOrder=2}
11:31:53,236 DEBUG [RepositoryClassLoader] Added url: file:/C:/Users/sofis/Downloads/conector3/jboss-as/server/default/lib/autonumber-plugin.jar, to ucl: org.jboss.mx.loading.UnifiedClassLoader3@147c1db{ url=null ,addedOrder=2}
11:31:53,278 DEBUG [RepositoryClassLoader] Added url: file:/C:/Users/sofis/Downloads/conector3/jboss-as/server/default/lib/bcel.jar, to ucl: org.jboss.mx.loading.UnifiedClassLoader3@147c1db{ url=null ,addedOrder=2}
11:31:53,286 DEBUG [RepositoryClassLoader] Added url: file:/C:/Users/sofis/Downloads/conector3/jboss-as/server/default/lib/bindingservice-plugin.jar, to ucl: org.jboss.mx.loading.UnifiedClassLoader3@147c1db{ url=null ,addedOrder=2}
11:31:53,310 DEBUG [RepositoryClassLoader] Added url: file:/C:/Users/sofis/Downloads/conector3/jboss-as/server/default/lib/bsf.jar, to ucl: org.jboss.mx.loading.UnifiedClassLoader3@147c1db{ url=null ,addedOrder=2}
11:31:53,311 DEBUG [RepositoryClassLoader] Added url: file:/C:/Users/sofis/Downloads/conector3/jboss-as/server/default/lib/bsh-deployer.jar, to ucl: org.jboss.mx.loading.UnifiedClassLoader3@147c1db{ url=null ,addedOrder=2}
11:31:53,342 DEBUG [RepositoryClassLoader] Added url: file:/C:/Users/sofis/Downloads/conector3/jboss-as/server/default/lib/bsh.jar, to ucl: org.jboss.mx.loading.UnifiedClassLoader3@147c1db{ url=null ,addedOrder=2}
11:31:53,342 DEBUG [ClassLoaderUtils] Multiple class loaders found for pkg: 
11:31:53,389 DEBUG [RepositoryClassLoader] Added url: file:/C:/Users/sofis/Downloads/conector3/jboss-as/server/default/lib/cglib.jar, to ucl: org.jboss.mx.loading.UnifiedClassLoader3@147c1db{ url=null ,addedOrder=2}
11:31:53,411 DEBUG [RepositoryClassLoader] Added url: file:/C:/Users/sofis/Downloads/conector3/jboss-as/server/default/lib/commons-codec.jar, to ucl: org.jboss.mx.loading.UnifiedClassLoader3@147c1db{ url=null ,addedOrder=2}
11:31:53,455 DEBUG [RepositoryClassLoader] Added url: file:/C:/Users/sofis/Downloads/conector3/jboss-as/server/default/lib/commons-collections.jar, to ucl: org.jboss.mx.loading.UnifiedClassLoader3@147c1db{ url=null ,addedOrder=2}
11:31:53,481 DEBUG [RepositoryClassLoader] Added url: file:/C:/Users/sofis/Downloads/conector3/jboss-as/server/default/lib/commons-httpclient.jar, to ucl: org.jboss.mx.loading.UnifiedClassLoader3@147c1db{ url=null ,addedOrder=2}
11:31:53,493 DEBUG [RepositoryClassLoader] Added url: file:/C:/Users/sofis/Downloads/conector3/jboss-as/server/default/lib/commons-logging.jar, to ucl: org.jboss.mx.loading.UnifiedClassLoader3@147c1db{ url=null ,addedOrder=2}
11:31:53,494 DEBUG [RepositoryClassLoader] Added url: file:/C:/Users/sofis/Downloads/conector3/jboss-as/server/default/lib/derby-plugin.jar, to ucl: org.jboss.mx.loading.UnifiedClassLoader3@147c1db{ url=null ,addedOrder=2}
11:31:53,529 DEBUG [RepositoryClassLoader] Added url: file:/C:/Users/sofis/Downloads/conector3/jboss-as/server/default/lib/dom4j.jar, to ucl: org.jboss.mx.loading.UnifiedClassLoader3@147c1db{ url=null ,addedOrder=2}
11:31:53,533 DEBUG [RepositoryClassLoader] Added url: file:/C:/Users/sofis/Downloads/conector3/jboss-as/server/default/lib/ejb3-persistence.jar, to ucl: org.jboss.mx.loading.UnifiedClassLoader3@147c1db{ url=null ,addedOrder=2}
11:31:53,536 DEBUG [RepositoryClassLoader] Added url: file:/C:/Users/sofis/Downloads/conector3/jboss-as/server/default/lib/el-api.jar, to ucl: org.jboss.mx.loading.UnifiedClassLoader3@147c1db{ url=null ,addedOrder=2}
11:31:53,617 DEBUG [RepositoryClassLoader] Added url: file:/C:/Users/sofis/Downloads/conector3/jboss-as/server/default/lib/h2-1.2.124.jar, to ucl: org.jboss.mx.loading.UnifiedClassLoader3@147c1db{ url=null ,addedOrder=2}
11:31:53,652 DEBUG [RepositoryClassLoader] Added url: file:/C:/Users/sofis/Downloads/conector3/jboss-as/server/default/lib/hibernate-annotations.jar, to ucl: org.jboss.mx.loading.UnifiedClassLoader3@147c1db{ url=null ,addedOrder=2}
11:31:53,661 DEBUG [RepositoryClassLoader] Added url: file:/C:/Users/sofis/Downloads/conector3/jboss-as/server/default/lib/hibernate-entitymanager.jar, to ucl: org.jboss.mx.loading.UnifiedClassLoader3@147c1db{ url=null ,addedOrder=2}
11:31:53,815 DEBUG [RepositoryClassLoader] Added url: file:/C:/Users/sofis/Downloads/conector3/jboss-as/server/default/lib/hibernate3.jar, to ucl: org.jboss.mx.loading.UnifiedClassLoader3@147c1db{ url=null ,addedOrder=2}
11:31:53,817 DEBUG [RepositoryClassLoader] Added url: file:/C:/Users/sofis/Downloads/conector3/jboss-as/server/default/lib/hsqldb-plugin.jar, to ucl: org.jboss.mx.loading.UnifiedClassLoader3@147c1db{ url=null ,addedOrder=2}
11:31:53,865 DEBUG [RepositoryClassLoader] Added url: file:/C:/Users/sofis/Downloads/conector3/jboss-as/server/default/lib/hsqldb.jar, to ucl: org.jboss.mx.loading.UnifiedClassLoader3@147c1db{ url=null ,addedOrder=2}
11:31:53,866 DEBUG [RepositoryClassLoader] Added url: file:/C:/Users/sofis/Downloads/conector3/jboss-as/server/default/lib/InterfazPGE-Interfaces.jar, to ucl: org.jboss.mx.loading.UnifiedClassLoader3@147c1db{ url=null ,addedOrder=2}
11:31:53,906 DEBUG [RepositoryClassLoader] Added url: file:/C:/Users/sofis/Downloads/conector3/jboss-as/server/default/lib/javassist.jar, to ucl: org.jboss.mx.loading.UnifiedClassLoader3@147c1db{ url=null ,addedOrder=2}
11:31:53,925 DEBUG [RepositoryClassLoader] Added url: file:/C:/Users/sofis/Downloads/conector3/jboss-as/server/default/lib/jaxen.jar, to ucl: org.jboss.mx.loading.UnifiedClassLoader3@147c1db{ url=null ,addedOrder=2}
11:31:53,970 DEBUG [RepositoryClassLoader] Added url: file:/C:/Users/sofis/Downloads/conector3/jboss-as/server/default/lib/jboss-cache-jdk50.jar, to ucl: org.jboss.mx.loading.UnifiedClassLoader3@147c1db{ url=null ,addedOrder=2}
11:31:53,978 DEBUG [RepositoryClassLoader] Added url: file:/C:/Users/sofis/Downloads/conector3/jboss-as/server/default/lib/jboss-common-jdbc-wrapper.jar, to ucl: org.jboss.mx.loading.UnifiedClassLoader3@147c1db{ url=null ,addedOrder=2}
11:31:53,980 DEBUG [RepositoryClassLoader] Added url: file:/C:/Users/sofis/Downloads/conector3/jboss-as/server/default/lib/jboss-ejb3x.jar, to ucl: org.jboss.mx.loading.UnifiedClassLoader3@147c1db{ url=null ,addedOrder=2}
11:31:53,981 DEBUG [RepositoryClassLoader] Added url: file:/C:/Users/sofis/Downloads/conector3/jboss-as/server/default/lib/jboss-hibernate.jar, to ucl: org.jboss.mx.loading.UnifiedClassLoader3@147c1db{ url=null ,addedOrder=2}
11:31:54,004 DEBUG [RepositoryClassLoader] Added url: file:/C:/Users/sofis/Downloads/conector3/jboss-as/server/default/lib/jboss-iiop.jar, to ucl: org.jboss.mx.loading.UnifiedClassLoader3@147c1db{ url=null ,addedOrder=2}
11:31:54,035 DEBUG [RepositoryClassLoader] Added url: file:/C:/Users/sofis/Downloads/conector3/jboss-as/server/default/lib/jboss-j2ee.jar, to ucl: org.jboss.mx.loading.UnifiedClassLoader3@147c1db{ url=null ,addedOrder=2}
11:31:54,038 DEBUG [RepositoryClassLoader] Added url: file:/C:/Users/sofis/Downloads/conector3/jboss-as/server/default/lib/jboss-jaxrpc.jar, to ucl: org.jboss.mx.loading.UnifiedClassLoader3@147c1db{ url=null ,addedOrder=2}
11:31:54,041 DEBUG [RepositoryClassLoader] Added url: file:/C:/Users/sofis/Downloads/conector3/jboss-as/server/default/lib/jboss-jaxws-ext.jar, to ucl: org.jboss.mx.loading.UnifiedClassLoader3@147c1db{ url=null ,addedOrder=2}
11:31:54,044 DEBUG [RepositoryClassLoader] Added url: file:/C:/Users/sofis/Downloads/conector3/jboss-as/server/default/lib/jboss-jaxws.jar, to ucl: org.jboss.mx.loading.UnifiedClassLoader3@147c1db{ url=null ,addedOrder=2}
11:31:54,061 DEBUG [RepositoryClassLoader] Added url: file:/C:/Users/sofis/Downloads/conector3/jboss-as/server/default/lib/jboss-jca.jar, to ucl: org.jboss.mx.loading.UnifiedClassLoader3@147c1db{ url=null ,addedOrder=2}
11:31:54,063 DEBUG [RepositoryClassLoader] Added url: file:/C:/Users/sofis/Downloads/conector3/jboss-as/server/default/lib/jboss-jsr77.jar, to ucl: org.jboss.mx.loading.UnifiedClassLoader3@147c1db{ url=null ,addedOrder=2}
11:31:54,068 DEBUG [RepositoryClassLoader] Added url: file:/C:/Users/sofis/Downloads/conector3/jboss-as/server/default/lib/jboss-jsr88.jar, to ucl: org.jboss.mx.loading.UnifiedClassLoader3@147c1db{ url=null ,addedOrder=2}
11:31:54,078 DEBUG [RepositoryClassLoader] Added url: file:/C:/Users/sofis/Downloads/conector3/jboss-as/server/default/lib/jboss-management.jar, to ucl: org.jboss.mx.loading.UnifiedClassLoader3@147c1db{ url=null ,addedOrder=2}
11:31:54,160 DEBUG [ClassLoaderUtils] Multiple class loaders found for pkg: xmdesc
11:31:54,162 DEBUG [RepositoryClassLoader] Added url: file:/C:/Users/sofis/Downloads/conector3/jboss-as/server/default/lib/jboss-messaging.jar, to ucl: org.jboss.mx.loading.UnifiedClassLoader3@147c1db{ url=null ,addedOrder=2}
11:31:54,166 DEBUG [RepositoryClassLoader] Added url: file:/C:/Users/sofis/Downloads/conector3/jboss-as/server/default/lib/jboss-monitoring.jar, to ucl: org.jboss.mx.loading.UnifiedClassLoader3@147c1db{ url=null ,addedOrder=2}
11:31:54,168 DEBUG [RepositoryClassLoader] Added url: file:/C:/Users/sofis/Downloads/conector3/jboss-as/server/default/lib/jboss-remoting-int.jar, to ucl: org.jboss.mx.loading.UnifiedClassLoader3@147c1db{ url=null ,addedOrder=2}
11:31:54,219 DEBUG [RepositoryClassLoader] Added url: file:/C:/Users/sofis/Downloads/conector3/jboss-as/server/default/lib/jboss-remoting.jar, to ucl: org.jboss.mx.loading.UnifiedClassLoader3@147c1db{ url=null ,addedOrder=2}
11:31:54,222 DEBUG [RepositoryClassLoader] Added url: file:/C:/Users/sofis/Downloads/conector3/jboss-as/server/default/lib/jboss-saaj.jar, to ucl: org.jboss.mx.loading.UnifiedClassLoader3@147c1db{ url=null ,addedOrder=2}
11:31:54,231 DEBUG [RepositoryClassLoader] Added url: file:/C:/Users/sofis/Downloads/conector3/jboss-as/server/default/lib/jboss-serialization.jar, to ucl: org.jboss.mx.loading.UnifiedClassLoader3@147c1db{ url=null ,addedOrder=2}
11:31:54,235 DEBUG [RepositoryClassLoader] Added url: file:/C:/Users/sofis/Downloads/conector3/jboss-as/server/default/lib/jboss-srp.jar, to ucl: org.jboss.mx.loading.UnifiedClassLoader3@147c1db{ url=null ,addedOrder=2}
11:31:54,238 DEBUG [RepositoryClassLoader] Added url: file:/C:/Users/sofis/Downloads/conector3/jboss-as/server/default/lib/jboss-transaction.jar, to ucl: org.jboss.mx.loading.UnifiedClassLoader3@147c1db{ url=null ,addedOrder=2}
11:31:54,244 DEBUG [RepositoryClassLoader] Added url: file:/C:/Users/sofis/Downloads/conector3/jboss-as/server/default/lib/jboss-vfs.jar, to ucl: org.jboss.mx.loading.UnifiedClassLoader3@147c1db{ url=null ,addedOrder=2}
11:31:54,390 DEBUG [RepositoryClassLoader] Added url: file:/C:/Users/sofis/Downloads/conector3/jboss-as/server/default/lib/jboss.jar, to ucl: org.jboss.mx.loading.UnifiedClassLoader3@147c1db{ url=null ,addedOrder=2}
11:31:54,407 DEBUG [RepositoryClassLoader] Added url: file:/C:/Users/sofis/Downloads/conector3/jboss-as/server/default/lib/jbossha.jar, to ucl: org.jboss.mx.loading.UnifiedClassLoader3@147c1db{ url=null ,addedOrder=2}
11:31:54,410 DEBUG [RepositoryClassLoader] Added url: file:/C:/Users/sofis/Downloads/conector3/jboss-as/server/default/lib/jbossjta-integration.jar, to ucl: org.jboss.mx.loading.UnifiedClassLoader3@147c1db{ url=null ,addedOrder=2}
11:31:54,448 DEBUG [RepositoryClassLoader] Added url: file:/C:/Users/sofis/Downloads/conector3/jboss-as/server/default/lib/jbossjta.jar, to ucl: org.jboss.mx.loading.UnifiedClassLoader3@147c1db{ url=null ,addedOrder=2}
11:31:54,471 DEBUG [RepositoryClassLoader] Added url: file:/C:/Users/sofis/Downloads/conector3/jboss-as/server/default/lib/jbosssx.jar, to ucl: org.jboss.mx.loading.UnifiedClassLoader3@147c1db{ url=null ,addedOrder=2}
11:31:54,477 DEBUG [RepositoryClassLoader] Added url: file:/C:/Users/sofis/Downloads/conector3/jboss-as/server/default/lib/jbossts-common.jar, to ucl: org.jboss.mx.loading.UnifiedClassLoader3@147c1db{ url=null ,addedOrder=2}
11:31:54,485 DEBUG [RepositoryClassLoader] Added url: file:/C:/Users/sofis/Downloads/conector3/jboss-as/server/default/lib/jbossws-common.jar, to ucl: org.jboss.mx.loading.UnifiedClassLoader3@147c1db{ url=null ,addedOrder=2}
11:31:54,494 DEBUG [RepositoryClassLoader] Added url: file:/C:/Users/sofis/Downloads/conector3/jboss-as/server/default/lib/jbossws-framework.jar, to ucl: org.jboss.mx.loading.UnifiedClassLoader3@147c1db{ url=null ,addedOrder=2}
11:31:54,502 DEBUG [RepositoryClassLoader] Added url: file:/C:/Users/sofis/Downloads/conector3/jboss-as/server/default/lib/jbossws-jboss42.jar, to ucl: org.jboss.mx.loading.UnifiedClassLoader3@147c1db{ url=null ,addedOrder=2}
11:31:54,510 DEBUG [RepositoryClassLoader] Added url: file:/C:/Users/sofis/Downloads/conector3/jboss-as/server/default/lib/jbossws-spi.jar, to ucl: org.jboss.mx.loading.UnifiedClassLoader3@147c1db{ url=null ,addedOrder=2}
11:31:54,516 DEBUG [RepositoryClassLoader] Added url: file:/C:/Users/sofis/Downloads/conector3/jboss-as/server/default/lib/jmx-adaptor-plugin.jar, to ucl: org.jboss.mx.loading.UnifiedClassLoader3@147c1db{ url=null ,addedOrder=2}
11:31:54,520 DEBUG [RepositoryClassLoader] Added url: file:/C:/Users/sofis/Downloads/conector3/jboss-as/server/default/lib/jnpserver.jar, to ucl: org.jboss.mx.loading.UnifiedClassLoader3@147c1db{ url=null ,addedOrder=2}
11:31:54,527 DEBUG [RepositoryClassLoader] Added url: file:/C:/Users/sofis/Downloads/conector3/jboss-as/server/default/lib/joesnmp.jar, to ucl: org.jboss.mx.loading.UnifiedClassLoader3@147c1db{ url=null ,addedOrder=2}
11:31:54,528 DEBUG [RepositoryClassLoader] Added url: file:/C:/Users/sofis/Downloads/conector3/jboss-as/server/default/lib/jpl-pattern.jar, to ucl: org.jboss.mx.loading.UnifiedClassLoader3@147c1db{ url=null ,addedOrder=2}
11:31:54,530 DEBUG [RepositoryClassLoader] Added url: file:/C:/Users/sofis/Downloads/conector3/jboss-as/server/default/lib/jpl-util.jar, to ucl: org.jboss.mx.loading.UnifiedClassLoader3@147c1db{ url=null ,addedOrder=2}
11:31:54,538 DEBUG [RepositoryClassLoader] Added url: file:/C:/Users/sofis/Downloads/conector3/jboss-as/server/default/lib/jsp-api.jar, to ucl: org.jboss.mx.loading.UnifiedClassLoader3@147c1db{ url=null ,addedOrder=2}
11:31:54,540 DEBUG [RepositoryClassLoader] Added url: file:/C:/Users/sofis/Downloads/conector3/jboss-as/server/default/lib/log4j-snmp-appender.jar, to ucl: org.jboss.mx.loading.UnifiedClassLoader3@147c1db{ url=null ,addedOrder=2}
11:31:54,562 DEBUG [RepositoryClassLoader] Added url: file:/C:/Users/sofis/Downloads/conector3/jboss-as/server/default/lib/log4j.jar, to ucl: org.jboss.mx.loading.UnifiedClassLoader3@147c1db{ url=null ,addedOrder=2}
11:31:54,562 DEBUG [RepositoryClassLoader] Added url: file:/C:/Users/sofis/Downloads/conector3/jboss-as/server/default/lib/mail-plugin.jar, to ucl: org.jboss.mx.loading.UnifiedClassLoader3@147c1db{ url=null ,addedOrder=2}
11:31:54,582 DEBUG [RepositoryClassLoader] Added url: file:/C:/Users/sofis/Downloads/conector3/jboss-as/server/default/lib/mail.jar, to ucl: org.jboss.mx.loading.UnifiedClassLoader3@147c1db{ url=null ,addedOrder=2}
11:31:54,586 DEBUG [RepositoryClassLoader] Added url: file:/C:/Users/sofis/Downloads/conector3/jboss-as/server/default/lib/picketlink-bindings-1.0.3.final.jar, to ucl: org.jboss.mx.loading.UnifiedClassLoader3@147c1db{ url=null ,addedOrder=2}
11:31:54,587 DEBUG [RepositoryClassLoader] Added url: file:/C:/Users/sofis/Downloads/conector3/jboss-as/server/default/lib/picketlink-bindings-jboss-1.0.3.final.jar, to ucl: org.jboss.mx.loading.UnifiedClassLoader3@147c1db{ url=null ,addedOrder=2}
11:31:54,592 DEBUG [RepositoryClassLoader] Added url: file:/C:/Users/sofis/Downloads/conector3/jboss-as/server/default/lib/picketlink-fed-api-1.0.3.final.jar, to ucl: org.jboss.mx.loading.UnifiedClassLoader3@147c1db{ url=null ,addedOrder=2}
11:31:54,605 DEBUG [RepositoryClassLoader] Added url: file:/C:/Users/sofis/Downloads/conector3/jboss-as/server/default/lib/picketlink-fed-core-1.0.3.final.jar, to ucl: org.jboss.mx.loading.UnifiedClassLoader3@147c1db{ url=null ,addedOrder=2}
11:31:54,692 DEBUG [RepositoryClassLoader] Added url: file:/C:/Users/sofis/Downloads/conector3/jboss-as/server/default/lib/picketlink-fed-model-1.0.3.final.jar, to ucl: org.jboss.mx.loading.UnifiedClassLoader3@147c1db{ url=null ,addedOrder=2}
11:31:54,699 DEBUG [RepositoryClassLoader] Added url: file:/C:/Users/sofis/Downloads/conector3/jboss-as/server/default/lib/picketlink-web-1.0.3.final.jar, to ucl: org.jboss.mx.loading.UnifiedClassLoader3@147c1db{ url=null ,addedOrder=2}
11:31:54,702 DEBUG [RepositoryClassLoader] Added url: file:/C:/Users/sofis/Downloads/conector3/jboss-as/server/default/lib/picketlink-xmlsec-model-1.0.3.final.jar, to ucl: org.jboss.mx.loading.UnifiedClassLoader3@147c1db{ url=null ,addedOrder=2}
11:31:54,728 DEBUG [RepositoryClassLoader] Added url: file:/C:/Users/sofis/Downloads/conector3/jboss-as/server/default/lib/postgresql.jar, to ucl: org.jboss.mx.loading.UnifiedClassLoader3@147c1db{ url=null ,addedOrder=2}
11:31:54,729 DEBUG [RepositoryClassLoader] Added url: file:/C:/Users/sofis/Downloads/conector3/jboss-as/server/default/lib/properties-plugin.jar, to ucl: org.jboss.mx.loading.UnifiedClassLoader3@147c1db{ url=null ,addedOrder=2}
11:31:54,750 DEBUG [RepositoryClassLoader] Added url: file:/C:/Users/sofis/Downloads/conector3/jboss-as/server/default/lib/quartz.jar, to ucl: org.jboss.mx.loading.UnifiedClassLoader3@147c1db{ url=null ,addedOrder=2}
11:31:54,751 DEBUG [RepositoryClassLoader] Added url: file:/C:/Users/sofis/Downloads/conector3/jboss-as/server/default/lib/scheduler-plugin-example.jar, to ucl: org.jboss.mx.loading.UnifiedClassLoader3@147c1db{ url=null ,addedOrder=2}
11:31:54,753 DEBUG [RepositoryClassLoader] Added url: file:/C:/Users/sofis/Downloads/conector3/jboss-as/server/default/lib/scheduler-plugin.jar, to ucl: org.jboss.mx.loading.UnifiedClassLoader3@147c1db{ url=null ,addedOrder=2}
11:31:54,759 DEBUG [RepositoryClassLoader] Added url: file:/C:/Users/sofis/Downloads/conector3/jboss-as/server/default/lib/servlet-api.jar, to ucl: org.jboss.mx.loading.UnifiedClassLoader3@147c1db{ url=null ,addedOrder=2}
11:31:54,760 DEBUG [RepositoryClassLoader] Added url: file:/C:/Users/sofis/Downloads/conector3/jboss-as/server/default/lib/xmlentitymgr.jar, to ucl: org.jboss.mx.loading.UnifiedClassLoader3@147c1db{ url=null ,addedOrder=2}
11:31:54,760 DEBUG [MainDeployer] found 0 subpackages of file:/C:/Users/sofis/Downloads/conector3/jboss-as/server/default/conf/jboss-service.xml
11:31:54,760 DEBUG [MainDeployer] Watching new file: file:/C:/Users/sofis/Downloads/conector3/jboss-as/server/default/conf/jboss-service.xml
11:31:54,760 DEBUG [MainDeployer] create step for deployment file:/C:/Users/sofis/Downloads/conector3/jboss-as/server/default/conf/jboss-service.xml
11:31:54,760 DEBUG [SARDeployer] Deploying SAR, create step: url file:/C:/Users/sofis/Downloads/conector3/jboss-as/server/default/conf/jboss-service.xml
11:31:54,760 DEBUG [SARDeployer] Registering service UCL=jmx.loading:UCL=147c1db
11:31:54,763 DEBUG [ServiceCreator] About to create bean: jboss.management.local:j2eeType=J2EEDomain,name=Manager with code: org.jboss.management.j2ee.LocalJBossServerDomain
11:31:54,851 DEBUG [ServiceCreator] Created bean: jboss.management.local:j2eeType=J2EEDomain,name=Manager
11:31:54,856 DEBUG [ServiceConfigurator] MainDeployer set to jboss.system:service=MainDeployer in jboss.management.local:j2eeType=J2EEDomain,name=Manager
11:31:54,857 DEBUG [ServiceConfigurator] SARDeployer set to jboss.system:service=ServiceDeployer in jboss.management.local:j2eeType=J2EEDomain,name=Manager
11:31:54,858 DEBUG [ServiceConfigurator] EARDeployer set to jboss.j2ee:service=EARDeployer in jboss.management.local:j2eeType=J2EEDomain,name=Manager
11:31:54,859 DEBUG [ServiceConfigurator] EJBDeployer set to jboss.ejb:service=EJBDeployer in jboss.management.local:j2eeType=J2EEDomain,name=Manager
11:31:54,861 DEBUG [ServiceConfigurator] RARDeployer set to jboss.jca:service=RARDeployer in jboss.management.local:j2eeType=J2EEDomain,name=Manager
11:31:54,862 DEBUG [ServiceConfigurator] CMDeployer set to jboss.jca:service=ConnectionFactoryDeployer in jboss.management.local:j2eeType=J2EEDomain,name=Manager
11:31:54,863 DEBUG [ServiceConfigurator] WARDeployer set to jboss.web:service=WebServer in jboss.management.local:j2eeType=J2EEDomain,name=Manager
11:31:54,864 DEBUG [ServiceConfigurator] CARDeployer set to jboss.j2ee:service=ClientDeployer in jboss.management.local:j2eeType=J2EEDomain,name=Manager
11:31:54,865 DEBUG [ServiceConfigurator] MailService set to jboss:service=Mail in jboss.management.local:j2eeType=J2EEDomain,name=Manager
11:31:54,866 DEBUG [ServiceConfigurator] JMSService set to jboss.mq:service=DestinationManager in jboss.management.local:j2eeType=J2EEDomain,name=Manager
11:31:54,867 DEBUG [ServiceConfigurator] JNDIService set to jboss:service=Naming in jboss.management.local:j2eeType=J2EEDomain,name=Manager
11:31:54,868 DEBUG [ServiceConfigurator] JTAService set to jboss:service=TransactionManager in jboss.management.local:j2eeType=J2EEDomain,name=Manager
11:31:54,869 DEBUG [ServiceConfigurator] UserTransactionService set to jboss:service=ClientUserTransaction in jboss.management.local:j2eeType=J2EEDomain,name=Manager
11:31:54,870 DEBUG [ServiceConfigurator] RMI_IIOPService set to jboss:service=CorbaORB in jboss.management.local:j2eeType=J2EEDomain,name=Manager
11:31:54,871 DEBUG [ServiceCreator] About to create xmbean object: jboss:service=AttributePersistenceService with code: org.jboss.system.pm.AttributePersistenceService with descriptor: resource:xmdesc/AttributePersistenceService-xmbean.xml
11:31:54,912 DEBUG [ModelMBeanInvoker] Loaded persistence mgr: org.jboss.mx.persistence.ObjectStreamPersistenceManager
11:31:54,913 DEBUG [ObjectStreamPersistenceManager] load, resource:org.jboss.system.pm.AttributePersistenceService@1a12495
11:31:54,913 DEBUG [ObjectStreamPersistenceManager] Store file is: C:\Users\sofis\Downloads\conector3\jboss-as\server\default\data\xmbean-attrs\AttributePersistenceService.ser
11:31:54,913 DEBUG [ServiceCreator] Created bean: jboss:service=AttributePersistenceService
11:31:54,914 DEBUG [ServiceCreator] About to create bean: jboss.system:service=ThreadPool with code: org.jboss.util.threadpool.BasicThreadPool
11:31:54,938 DEBUG [ServiceCreator] Created bean: jboss.system:service=ThreadPool
11:31:54,940 DEBUG [ServiceConfigurator] Name set to JBoss System Threads in jboss.system:service=ThreadPool
11:31:54,940 DEBUG [ServiceConfigurator] ThreadGroupName set to System Threads in jboss.system:service=ThreadPool
11:31:54,941 DEBUG [ServiceConfigurator] KeepAliveTime set to 60000 in jboss.system:service=ThreadPool
11:31:54,942 DEBUG [ServiceConfigurator] MaximumPoolSize set to 10 in jboss.system:service=ThreadPool
11:31:54,942 DEBUG [ServiceConfigurator] MaximumQueueSize set to 1000 in jboss.system:service=ThreadPool
11:31:54,944 DEBUG [ServiceConfigurator] BlockingMode set to run in jboss.system:service=ThreadPool
11:31:54,945 DEBUG [ServiceCreator] About to create xmbean object: jboss.system:type=Log4jService,service=Logging with code: org.jboss.logging.Log4jService with descriptor: resource:xmdesc/Log4jService-xmbean.xml
11:31:54,994 DEBUG [ServiceCreator] Created bean: jboss.system:type=Log4jService,service=Logging
11:31:54,996 DEBUG [ServiceConfigurator] ConfigurationURL set to resource:jboss-log4j.xml in jboss.system:type=Log4jService,service=Logging
11:31:54,996 DEBUG [ServiceConfigurator] Log4jQuietMode set to true in jboss.system:type=Log4jService,service=Logging
11:31:54,996 DEBUG [ServiceConfigurator] RefreshPeriod set to 60 in jboss.system:type=Log4jService,service=Logging
11:31:54,997 DEBUG [ServiceCreator] About to create bean: jboss.rmi:type=RMIClassLoader with code: org.jboss.util.property.jmx.SystemPropertyClassValue
11:31:55,000 DEBUG [ServiceCreator] Created bean: jboss.rmi:type=RMIClassLoader
11:31:55,000 DEBUG [ServiceConfigurator] Property set to java.rmi.server.RMIClassLoaderSpi in jboss.rmi:type=RMIClassLoader
11:31:55,001 DEBUG [ServiceConfigurator] ClassName set to org.jboss.system.JBossRMIClassLoader in jboss.rmi:type=RMIClassLoader
11:31:55,002 DEBUG [ServiceCreator] About to create bean: jboss:service=WebService with code: org.jboss.web.WebService
11:31:55,013 DEBUG [ServiceCreator] Created bean: jboss:service=WebService
11:31:55,014 DEBUG [ServiceConfigurator] BindAddress set to 127.0.0.1 in jboss:service=WebService
11:31:55,015 DEBUG [ServiceConfigurator] Port set to 8083 in jboss:service=WebService
11:31:55,016 DEBUG [ServiceConfigurator] Host set to 127.0.0.1 in jboss:service=WebService
11:31:55,016 DEBUG [ServiceConfigurator] DownloadServerClasses set to true in jboss:service=WebService
11:31:55,017 DEBUG [ServiceConfigurator] DownloadResources set to false in jboss:service=WebService
11:31:55,017 DEBUG [ServiceController] recording that jboss:service=WebService depends on jboss.system:service=ThreadPool
11:31:55,017 DEBUG [ServiceConfigurator] considering ThreadPool with object name jboss.system:service=ThreadPool
11:31:55,022 DEBUG [ServiceCreator] About to create xmbean object: jboss:service=NamingBeanImpl with code: org.jnp.server.NamingBeanImpl with descriptor: resource:xmdesc/NamingBean-xmbean.xml
11:31:55,059 DEBUG [ServiceCreator] Created bean: jboss:service=NamingBeanImpl
11:31:55,059 DEBUG [ServiceCreator] About to create xmbean object: jboss:service=Naming with code: org.jboss.naming.NamingService with descriptor: resource:xmdesc/NamingService-xmbean.xml
11:31:55,113 DEBUG [ModelMBeanInvoker] Ignoring obsolete legacy interceptor: org.jboss.mx.interceptor.PersistenceInterceptor2
11:31:55,113 DEBUG [ModelMBeanInvoker] Ignoring obsolete legacy interceptor: org.jboss.mx.interceptor.ModelMBeanInterceptor
11:31:55,113 DEBUG [ModelMBeanInvoker] Ignoring obsolete legacy interceptor: org.jboss.mx.interceptor.ObjectReferenceInterceptor
11:31:55,114 DEBUG [ServiceCreator] Created bean: jboss:service=Naming
11:31:55,114 DEBUG [ServiceConfigurator] CallByValue set to false in jboss:service=Naming
11:31:55,116 DEBUG [ServiceConfigurator] Port set to 1099 in jboss:service=Naming
11:31:55,117 DEBUG [ServiceConfigurator] BindAddress set to 127.0.0.1 in jboss:service=Naming
11:31:55,118 DEBUG [ServiceConfigurator] RmiPort set to 1098 in jboss:service=Naming
11:31:55,119 DEBUG [ServiceConfigurator] RmiBindAddress set to 127.0.0.1 in jboss:service=Naming
11:31:55,119 DEBUG [ServiceController] recording that jboss:service=Naming depends on jboss.system:service=ThreadPool
11:31:55,119 DEBUG [ServiceConfigurator] considering LookupPool with object name jboss.system:service=ThreadPool
11:31:55,124 DEBUG [ServiceController] recording that jboss:service=Naming depends on jboss:service=NamingBeanImpl
11:31:55,124 DEBUG [ServiceConfigurator] considering Naming with object name jboss:service=NamingBeanImpl
11:31:55,127 DEBUG [ServiceCreator] About to create xmbean object: jboss:service=JNDIView with code: org.jboss.naming.JNDIView with descriptor: resource:xmdesc/JNDIView-xmbean.xml
11:31:55,154 DEBUG [ServiceCreator] Created bean: jboss:service=JNDIView
11:31:55,155 DEBUG [ServiceConfigurator] HANamingService set to jboss:service=HAJNDI in jboss:service=JNDIView
11:31:55,155 DEBUG [ServiceCreator] About to create bean: jboss.security:service=SecurityConfig with code: org.jboss.security.plugins.SecurityConfig
11:31:55,161 DEBUG [ServiceCreator] Created bean: jboss.security:service=SecurityConfig
11:31:55,162 DEBUG [ServiceConfigurator] LoginConfig set to jboss.security:service=XMLLoginConfig in jboss.security:service=SecurityConfig
11:31:55,162 DEBUG [ServiceCreator] About to create bean: jboss.security:service=XMLLoginConfig with code: org.jboss.security.auth.login.XMLLoginConfig
11:31:55,174 DEBUG [ServiceCreator] Created bean: jboss.security:service=XMLLoginConfig
11:31:55,174 DEBUG [ServiceConfigurator] ConfigResource set to login-config.xml in jboss.security:service=XMLLoginConfig
11:31:55,176 DEBUG [ServiceCreator] About to create bean: jboss.security:service=JaasSecurityManager with code: org.jboss.security.plugins.JaasSecurityManagerService
11:31:55,194 DEBUG [ServiceCreator] Created bean: jboss.security:service=JaasSecurityManager
11:31:55,194 DEBUG [ServiceConfigurator] ServerMode set to true in jboss.security:service=JaasSecurityManager
11:31:55,195 DEBUG [ServiceConfigurator] SecurityManagerClassName set to org.jboss.security.plugins.JaasSecurityManager in jboss.security:service=JaasSecurityManager
11:31:55,195 DEBUG [ServiceConfigurator] DefaultUnauthenticatedPrincipal set to anonymous in jboss.security:service=JaasSecurityManager
11:31:55,195 DEBUG [ServiceConfigurator] DefaultCacheTimeout set to 1800 in jboss.security:service=JaasSecurityManager
11:31:55,195 DEBUG [ServiceConfigurator] DefaultCacheResolution set to 60 in jboss.security:service=JaasSecurityManager
11:31:55,196 DEBUG [ServiceConfigurator] DeepCopySubjectMode set to false in jboss.security:service=JaasSecurityManager
11:31:55,196 DEBUG [JaasSecurityManagerService] setDeepCopySubjectMode=false
11:31:55,196 DEBUG [ServiceCreator] About to create bean: jboss:service=XidFactory with code: org.jboss.tm.XidFactory
11:31:55,202 DEBUG [ServiceCreator] Created bean: jboss:service=XidFactory
11:31:55,202 DEBUG [ServiceCreator] About to create bean: jboss:service=TransactionManager with code: com.arjuna.ats.jbossatx.jta.TransactionManagerService
11:31:55,291 DEBUG [ServiceCreator] Created bean: jboss:service=TransactionManager
11:31:55,291 DEBUG [ServiceConfigurator] TransactionTimeout set to 300 in jboss:service=TransactionManager
11:31:55,292 DEBUG [ServiceConfigurator] ObjectStoreDir set to C:\Users\sofis\Downloads\conector3\jboss-as\server\default\data/tx-object-store in jboss:service=TransactionManager
11:31:55,292 DEBUG [ServiceCreator] About to create xmbean object: jboss:service=ClientUserTransaction with code: org.jboss.tm.usertx.server.ClientUserTransactionService with descriptor: resource:xmdesc/ClientUserTransaction-xmbean.xml
11:31:55,331 DEBUG [ServiceCreator] Created bean: jboss:service=ClientUserTransaction
11:31:55,332 DEBUG [ServiceCreator] About to create bean: jboss:service=proxyFactory,target=ClientUserTransactionFactory with code: org.jboss.invocation.jrmp.server.JRMPProxyFactory
11:31:55,342 DEBUG [ServiceCreator] Created bean: jboss:service=proxyFactory,target=ClientUserTransactionFactory
11:31:55,349 DEBUG [ServiceConfigurator] InvokerName set to jboss:service=invoker,type=unified in jboss:service=proxyFactory,target=ClientUserTransactionFactory
11:31:55,350 DEBUG [ServiceConfigurator] TargetName set to jboss:service=ClientUserTransaction in jboss:service=proxyFactory,target=ClientUserTransactionFactory
11:31:55,351 DEBUG [ServiceConfigurator] JndiName set to UserTransactionSessionFactory in jboss:service=proxyFactory,target=ClientUserTransactionFactory
11:31:55,353 DEBUG [ServiceConfigurator] ExportedInterface set to interface org.jboss.tm.usertx.interfaces.UserTransactionSessionFactory in jboss:service=proxyFactory,target=ClientUserTransactionFactory
11:31:55,358 DEBUG [ServiceConfigurator] ClientInterceptors set to [interceptors: null] in jboss:service=proxyFactory,target=ClientUserTransactionFactory
11:31:55,363 DEBUG [JRMPProxyFactory] added interceptor type: class org.jboss.proxy.ClientMethodInterceptor
11:31:55,363 DEBUG [JRMPProxyFactory] added interceptor type: class org.jboss.invocation.InvokerInterceptor
11:31:55,363 DEBUG [ServiceController] recording that jboss:service=proxyFactory,target=ClientUserTransactionFactory depends on jboss:service=invoker,type=unified
11:31:55,363 DEBUG [ServiceConfigurator] considering <anonymous> with object name jboss:service=invoker,type=unified
11:31:55,363 DEBUG [ServiceController] recording that jboss:service=ClientUserTransaction depends on jboss:service=proxyFactory,target=ClientUserTransactionFactory
11:31:55,363 DEBUG [ServiceConfigurator] considering <anonymous> with object name jboss:service=proxyFactory,target=ClientUserTransactionFactory
11:31:55,363 DEBUG [ServiceCreator] About to create bean: jboss:service=proxyFactory,target=ClientUserTransaction with code: org.jboss.invocation.jrmp.server.JRMPProxyFactory
11:31:55,366 DEBUG [ServiceCreator] Created bean: jboss:service=proxyFactory,target=ClientUserTransaction
11:31:55,366 DEBUG [ServiceConfigurator] InvokerName set to jboss:service=invoker,type=unified in jboss:service=proxyFactory,target=ClientUserTransaction
11:31:55,367 DEBUG [ServiceConfigurator] TargetName set to jboss:service=ClientUserTransaction in jboss:service=proxyFactory,target=ClientUserTransaction
11:31:55,369 DEBUG [ServiceConfigurator] ExportedInterface set to interface org.jboss.tm.usertx.interfaces.UserTransactionSession in jboss:service=proxyFactory,target=ClientUserTransaction
11:31:55,370 DEBUG [ServiceConfigurator] ClientInterceptors set to [interceptors: null] in jboss:service=proxyFactory,target=ClientUserTransaction
11:31:55,370 DEBUG [JRMPProxyFactory] added interceptor type: class org.jboss.proxy.ClientMethodInterceptor
11:31:55,370 DEBUG [JRMPProxyFactory] added interceptor type: class org.jboss.invocation.InvokerInterceptor
11:31:55,370 DEBUG [ServiceController] recording that jboss:service=proxyFactory,target=ClientUserTransaction depends on jboss:service=invoker,type=unified
11:31:55,370 DEBUG [ServiceConfigurator] considering <anonymous> with object name jboss:service=invoker,type=unified
11:31:55,371 DEBUG [ServiceController] recording that jboss:service=ClientUserTransaction depends on jboss:service=proxyFactory,target=ClientUserTransaction
11:31:55,371 DEBUG [ServiceConfigurator] considering TxProxyName with object name jboss:service=proxyFactory,target=ClientUserTransaction
11:31:55,371 DEBUG [ServiceCreator] About to create bean: jboss:service=invoker,type=unified with code: org.jboss.invocation.unified.server.UnifiedInvoker
11:31:55,384 DEBUG [ServiceCreator] Created bean: jboss:service=invoker,type=unified
11:31:55,384 DEBUG [ServiceController] recording that jboss:service=invoker,type=unified depends on jboss:service=TransactionManager
11:31:55,384 DEBUG [ServiceConfigurator] considering <anonymous> with object name jboss:service=TransactionManager
11:31:55,384 DEBUG [ServiceController] recording that jboss:service=invoker,type=unified depends on jboss.remoting:service=Connector,transport=socket
11:31:55,384 DEBUG [ServiceConfigurator] considering <anonymous> with object name jboss.remoting:service=Connector,transport=socket
11:31:55,384 DEBUG [ServiceCreator] About to create bean: jboss:service=invoker,type=jrmp with code: org.jboss.invocation.jrmp.server.JRMPInvoker
11:31:55,395 DEBUG [ServiceCreator] Created bean: jboss:service=invoker,type=jrmp
11:31:55,395 DEBUG [ServiceConfigurator] RMIObjectPort set to 4444 in jboss:service=invoker,type=jrmp
11:31:55,396 DEBUG [ServiceConfigurator] ServerAddress set to 127.0.0.1 in jboss:service=invoker,type=jrmp
11:31:55,397 DEBUG [ServiceController] recording that jboss:service=invoker,type=jrmp depends on jboss:service=TransactionManager
11:31:55,397 DEBUG [ServiceConfigurator] considering <anonymous> with object name jboss:service=TransactionManager
11:31:55,397 DEBUG [ServiceCreator] About to create bean: jboss:service=invoker,type=local with code: org.jboss.invocation.local.LocalInvoker
11:31:55,401 DEBUG [ServiceCreator] Created bean: jboss:service=invoker,type=local
11:31:55,401 DEBUG [ServiceController] recording that jboss:service=invoker,type=local depends on jboss:service=TransactionManager
11:31:55,401 DEBUG [ServiceConfigurator] considering <anonymous> with object name jboss:service=TransactionManager
11:31:55,401 DEBUG [ServiceCreator] About to create bean: jboss:service=invoker,type=pooled with code: org.jboss.invocation.pooled.server.PooledInvoker
11:31:55,411 DEBUG [ServiceCreator] Created bean: jboss:service=invoker,type=pooled
11:31:55,412 DEBUG [ServiceConfigurator] NumAcceptThreads set to 1 in jboss:service=invoker,type=pooled
11:31:55,412 DEBUG [ServiceConfigurator] MaxPoolSize set to 300 in jboss:service=invoker,type=pooled
11:31:55,412 DEBUG [ServiceConfigurator] ClientMaxPoolSize set to 300 in jboss:service=invoker,type=pooled
11:31:55,412 DEBUG [ServiceConfigurator] SocketTimeout set to 60000 in jboss:service=invoker,type=pooled
11:31:55,413 DEBUG [ServiceConfigurator] ServerBindAddress set to 127.0.0.1 in jboss:service=invoker,type=pooled
11:31:55,413 DEBUG [ServiceConfigurator] ServerBindPort set to 4445 in jboss:service=invoker,type=pooled
11:31:55,414 DEBUG [ServiceConfigurator] ClientConnectAddress set to 127.0.0.1 in jboss:service=invoker,type=pooled
11:31:55,414 DEBUG [ServiceConfigurator] ClientConnectPort set to 0 in jboss:service=invoker,type=pooled
11:31:55,415 DEBUG [ServiceConfigurator] ClientRetryCount set to 1 in jboss:service=invoker,type=pooled
11:31:55,415 DEBUG [ServiceConfigurator] EnableTcpNoDelay set to false in jboss:service=invoker,type=pooled
11:31:55,415 DEBUG [ServiceController] recording that jboss:service=invoker,type=pooled depends on jboss:service=TransactionManager
11:31:55,415 DEBUG [ServiceConfigurator] considering TransactionManagerService with object name jboss:service=TransactionManager
11:31:55,415 DEBUG [ServiceCreator] About to create bean: jboss.remoting:service=NetworkRegistry with code: org.jboss.remoting.network.NetworkRegistry
11:31:55,429 DEBUG [ServiceCreator] Created bean: jboss.remoting:service=NetworkRegistry
11:31:55,429 DEBUG [ServiceCreator] About to create bean: jboss.remoting:service=Connector,transport=socket with code: org.jboss.remoting.transport.Connector
11:31:55,435 DEBUG [ServiceCreator] Created bean: jboss.remoting:service=Connector,transport=socket
11:31:55,439 DEBUG [ServiceConfigurator] Configuration set to [config: null] in jboss.remoting:service=Connector,transport=socket
11:31:55,439 DEBUG [ServiceController] recording that jboss.remoting:service=Connector,transport=socket depends on jboss.remoting:service=NetworkRegistry
11:31:55,439 DEBUG [ServiceConfigurator] considering <anonymous> with object name jboss.remoting:service=NetworkRegistry
11:31:55,439 DEBUG [ServiceCreator] About to create bean: jboss.jdbc:service=metadata with code: org.jboss.ejb.plugins.cmp.jdbc.metadata.MetaDataLibrary
11:31:55,444 DEBUG [ServiceCreator] Created bean: jboss.jdbc:service=metadata
11:31:55,445 DEBUG [ServiceCreator] About to create bean: jboss.deployment:type=DeploymentScanner,flavor=URL with code: org.jboss.deployment.scanner.URLDeploymentScanner
11:31:55,453 DEBUG [ServiceCreator] Created bean: jboss.deployment:type=DeploymentScanner,flavor=URL
11:31:55,454 DEBUG [ServiceController] recording that jboss.deployment:type=DeploymentScanner,flavor=URL depends on jboss.system:service=MainDeployer
11:31:55,454 DEBUG [ServiceConfigurator] considering Deployer with object name jboss.system:service=MainDeployer
11:31:55,457 DEBUG [ServiceConfigurator] URLComparator set to org.jboss.deployment.DeploymentSorter in jboss.deployment:type=DeploymentScanner,flavor=URL
11:31:55,461 DEBUG [ServiceConfigurator] FilterInstance set to org.jboss.deployment.scanner.DeploymentFilter@12aea3e in jboss.deployment:type=DeploymentScanner,flavor=URL
11:31:55,461 DEBUG [ServiceConfigurator] ScanPeriod set to 5000 in jboss.deployment:type=DeploymentScanner,flavor=URL
11:31:55,462 DEBUG [ServiceConfigurator] ScanEnabled set to true in jboss.deployment:type=DeploymentScanner,flavor=URL
11:31:55,462 DEBUG [ServiceConfigurator] URLs set to deploy/ in jboss.deployment:type=DeploymentScanner,flavor=URL
11:31:55,462 DEBUG [URLDeploymentScanner] Adding URL from spec: deploy/
11:31:55,462 DEBUG [URLDeploymentScanner] URL: file:/C:/Users/sofis/Downloads/conector3/jboss-as/server/default/deploy/
11:31:55,462 DEBUG [URLDeploymentScanner] Added url: file:/C:/Users/sofis/Downloads/conector3/jboss-as/server/default/deploy/
11:31:55,463 DEBUG [URLDeploymentScanner] URL list: [file:/C:/Users/sofis/Downloads/conector3/jboss-as/server/default/deploy/]
11:31:55,463 DEBUG [ServiceConfigurator] RecursiveSearch set to true in jboss.deployment:type=DeploymentScanner,flavor=URL
11:31:55,463 DEBUG [ServiceController] Creating service jboss.management.local:j2eeType=J2EEDomain,name=Manager
11:31:55,464 DEBUG [LocalJBossServerDomain] Creating jboss.management.local:j2eeType=J2EEDomain,name=Manager
11:31:55,464 DEBUG [LocalJBossServerDomain] setupJ2EEMBeans(), create J2EEServer instance
11:31:55,469 DEBUG [J2EEDomain] ctor, name: jboss.management.local:name=jboss.management.local,j2eeType=J2EEDomain
11:31:55,472 DEBUG [J2EEDomain] postRegister(), parent: null
11:31:55,478 DEBUG [J2EEServer] postRegister(), parent: jboss.management.local:j2eeType=J2EEDomain,name=jboss.management.local
11:31:55,495 DEBUG [JVM] postRegister(), parent: jboss.management.local:j2eeType=J2EEServer,name=Local
11:31:55,505 DEBUG [LocalJBossServerDomain] Registered as listener of: jboss.system:service=ServiceController
11:31:55,518 DEBUG [LocalJBossServerDomain] Registering with all deployers, mainDeployer=jboss.system:service=MainDeployer
11:31:55,518 DEBUG [LocalJBossServerDomain] Getting current deployers
11:31:55,518 DEBUG [LocalJBossServerDomain] Registering as listener of deployer: jboss.system:service=ServiceDeployer
11:31:55,518 DEBUG [LocalJBossServerDomain] Registering as listener of deployer: jboss.system:service=JARDeployer
11:31:55,518 DEBUG [LocalJBossServerDomain] Created jboss.management.local:j2eeType=J2EEDomain,name=Manager
11:31:55,518 DEBUG [LocalJBossServerDomain] handleNotification: javax.management.Notification[source=jboss.system:service=ServiceController][type=org.jboss.system.ServiceMBean.create][message=]
11:31:55,519 DEBUG [DefaultManagedObjectFactoryMap] Failed to find factory for event: javax.management.Notification[source=jboss.system:service=ServiceController][type=org.jboss.system.ServiceMBean.create][message=]
11:31:55,519 DEBUG [ServiceController] Creating dependent components for: jboss.management.local:j2eeType=J2EEDomain,name=Manager dependents are: []
11:31:55,519 DEBUG [ServiceController] Creating service jboss:service=AttributePersistenceService
11:31:55,519 DEBUG [AttributePersistenceService] Creating jboss:service=AttributePersistenceService
11:31:55,519 DEBUG [AttributePersistenceService] Created jboss:service=AttributePersistenceService
11:31:55,519 DEBUG [LocalJBossServerDomain] handleNotification: javax.management.Notification[source=jboss.system:service=ServiceController][type=org.jboss.system.ServiceMBean.create][message=]
11:31:55,519 DEBUG [DefaultManagedObjectFactoryMap] Failed to find factory for event: javax.management.Notification[source=jboss.system:service=ServiceController][type=org.jboss.system.ServiceMBean.create][message=]
11:31:55,519 DEBUG [ServiceController] Creating dependent components for: jboss:service=AttributePersistenceService dependents are: []
11:31:55,519 DEBUG [ServiceController] Creating service jboss.system:service=ThreadPool
11:31:55,519 DEBUG [LocalJBossServerDomain] handleNotification: javax.management.Notification[source=jboss.system:service=ServiceController][type=org.jboss.system.ServiceMBean.create][message=]
11:31:55,519 DEBUG [DefaultManagedObjectFactoryMap] Failed to find factory for event: javax.management.Notification[source=jboss.system:service=ServiceController][type=org.jboss.system.ServiceMBean.create][message=]
11:31:55,520 DEBUG [ServiceController] Creating dependent components for: jboss.system:service=ThreadPool dependents are: [ObjectName: jboss:service=WebService
  State: CONFIGURED
  I Depend On:
    jboss.system:service=ThreadPool
, ObjectName: jboss:service=Naming
  State: CONFIGURED
  I Depend On:
    jboss.system:service=ThreadPool
    jboss:service=NamingBeanImpl
]
11:31:55,520 DEBUG [ServiceController] Creating service jboss:service=WebService
11:31:55,520 DEBUG [WebService] Creating jboss:service=WebService
11:31:55,520 INFO  [WebService] Using RMI server codebase: http://127.0.0.1:8083/
11:31:55,521 DEBUG [WebService] Created jboss:service=WebService
11:31:55,521 DEBUG [LocalJBossServerDomain] handleNotification: javax.management.Notification[source=jboss.system:service=ServiceController][type=org.jboss.system.ServiceMBean.create][message=]
11:31:55,521 DEBUG [DefaultManagedObjectFactoryMap] Failed to find factory for event: javax.management.Notification[source=jboss.system:service=ServiceController][type=org.jboss.system.ServiceMBean.create][message=]
11:31:55,521 DEBUG [ServiceController] Creating dependent components for: jboss:service=WebService dependents are: []
11:31:55,521 DEBUG [ServiceController] Creating service jboss:service=Naming
11:31:55,522 DEBUG [ServiceController] waiting in create of jboss:service=Naming waiting on jboss:service=NamingBeanImpl
11:31:55,522 DEBUG [ServiceController] Creating service jboss.system:type=Log4jService,service=Logging
11:31:55,523 DEBUG [Log4jService] Creating jboss.system:type=Log4jService,service=Logging
11:31:55,525 INFO  [Log4jService$URLWatchTimerTask] Configuring from URL: resource:jboss-log4j.xml
