2013-10-22 14:25:35,238 INFO  [org.jboss.web.tomcat.service.TomcatDeployer] deploy, ctxPath=/conector-pge, warUrl=.../deploy/agesic/connector-pge-ear.ear/connector-pge-web.war/
2013-10-22 14:25:38,024 WARN  [org.apache.myfaces.component.html.util.ExtensionsFilter] Please adjust your web.xml to use org.apache.myfaces.webapp.filter.ExtensionsFilter
2013-10-22 14:25:38,039 INFO  [org.ajax4jsf.cache.CacheManager] Selected [org.ajax4jsf.cache.LRUMapCacheFactory] cache factory
2013-10-22 14:25:38,041 INFO  [org.ajax4jsf.cache.LRUMapCacheFactory] Creating LRUMap cache instance using parameters: {com.sun.faces.injectionProvider=org.jboss.web.jsf.integration.injection.JBossInjectionProvider, facelets.REFRESH_PERIOD=2, org.ajax4jsf.SKIN=classic, javax.faces.DEFAULT_SUFFIX=.xhtml}
2013-10-22 14:25:38,041 INFO  [org.ajax4jsf.cache.LRUMapCacheFactory] Creating LRUMap cache instance of default capacity
2013-10-22 14:25:38,056 INFO  [org.ajax4jsf.cache.CacheManager] Selected [org.ajax4jsf.cache.LRUMapCacheFactory] cache factory
2013-10-22 14:25:38,056 INFO  [org.ajax4jsf.cache.LRUMapCacheFactory] Creating LRUMap cache instance using parameters: {com.sun.faces.injectionProvider=org.jboss.web.jsf.integration.injection.JBossInjectionProvider, facelets.REFRESH_PERIOD=2, org.ajax4jsf.SKIN=classic, javax.faces.DEFAULT_SUFFIX=.xhtml}
2013-10-22 14:25:38,056 INFO  [org.ajax4jsf.cache.LRUMapCacheFactory] Creating LRUMap cache instance of default capacity
2013-10-22 14:25:38,069 INFO  [org.jboss.ejb3.JmxKernelAbstraction] creating wrapper delegate for: org.jboss.ejb3.entity.PersistenceUnitDeployment
2013-10-22 14:25:38,071 INFO  [org.jboss.ejb3.JmxKernelAbstraction] installing MBean: persistence.units:ear=connector-pge-ear.ear,jar=connector-pge-ejb.jar,unitName=connector-pge with dependencies:
2013-10-22 14:25:38,071 INFO  [org.jboss.ejb3.JmxKernelAbstraction] 	jboss.jca:name=ConnectorPGEDS,service=DataSourceBinding
2013-10-22 14:25:38,072 INFO  [org.jboss.ejb3.entity.PersistenceUnitDeployment] Starting persistence unit persistence.units:ear=connector-pge-ear.ear,jar=connector-pge-ejb.jar,unitName=connector-pge
2013-10-22 14:25:38,103 INFO  [org.hibernate.cfg.Configuration] Reading mappings from resource : META-INF/orm.xml
2013-10-22 14:25:38,130 INFO  [org.hibernate.ejb.Ejb3Configuration] [PersistenceUnit: connector-pge] META-INF/orm.xml found
2013-10-22 14:25:38,173 INFO  [org.hibernate.cfg.AnnotationBinder] Binding entity from annotated class: uy.gub.agesic.connector.entity.Connector
2013-10-22 14:25:38,174 INFO  [org.hibernate.cfg.annotations.QueryBinder] Binding Named query: connector.all => select c from Connector c Order By c.name, c.type
2013-10-22 14:25:38,174 INFO  [org.hibernate.cfg.annotations.QueryBinder] Binding Named query: connector.allbytype => select c from Connector c where c.type = :type Order By c.name
2013-10-22 14:25:38,174 INFO  [org.hibernate.cfg.annotations.QueryBinder] Binding Named query: connector.allbytypeAndtag => select c from Connector c where c.type = :type and UPPER(c.tag) LIKE UPPER(:tag) Order By c.name
2013-10-22 14:25:38,174 INFO  [org.hibernate.cfg.annotations.QueryBinder] Binding Named query: connector.bypath => select c from Connector c where lower(c.path) = lower(:path) and c.type = :type
2013-10-22 14:25:38,174 INFO  [org.hibernate.cfg.annotations.QueryBinder] Binding Named query: connector.byname => select c from Connector c where lower(c.name) = lower(:name) and c.type = :type
2013-10-22 14:25:38,174 INFO  [org.hibernate.cfg.annotations.QueryBinder] Binding Named query: connector.byAssociatedConnector => select c from Connector c where c.connectorAssociated.id = :id and c.type = :type
2013-10-22 14:25:38,174 INFO  [org.hibernate.cfg.annotations.EntityBinder] Bind entity uy.gub.agesic.connector.entity.Connector on table CONNECTOR
2013-10-22 14:25:38,195 INFO  [org.hibernate.cfg.AnnotationBinder] Binding entity from annotated class: uy.gub.agesic.connector.entity.RoleOperation
2013-10-22 14:25:38,195 INFO  [org.hibernate.cfg.annotations.EntityBinder] Bind entity uy.gub.agesic.connector.entity.RoleOperation on table ROLE_OPERATION
2013-10-22 14:25:38,197 INFO  [org.hibernate.cfg.AnnotationBinder] Binding entity from annotated class: uy.gub.agesic.connector.entity.GlobalConfiguration
2013-10-22 14:25:38,198 INFO  [org.hibernate.cfg.annotations.QueryBinder] Binding Named query: globalConfiguration.all => select c from GlobalConfiguration c where c.type = :type
2013-10-22 14:25:38,198 INFO  [org.hibernate.cfg.annotations.EntityBinder] Bind entity uy.gub.agesic.connector.entity.GlobalConfiguration on table GLOBAL_CONFIGURATION
2013-10-22 14:25:38,224 INFO  [org.hibernate.connection.ConnectionProviderFactory] Initializing connection provider: org.hibernate.ejb.connection.InjectedDataSourceConnectionProvider
2013-10-22 14:25:38,227 INFO  [org.hibernate.ejb.connection.InjectedDataSourceConnectionProvider] Using provided datasource
2013-10-22 14:25:38,245 INFO  [org.hibernate.cfg.SettingsFactory] RDBMS: Apache Derby, version: 10.5.3.0 - (802917)
2013-10-22 14:25:38,248 INFO  [org.hibernate.cfg.SettingsFactory] JDBC driver: Apache Derby Embedded JDBC Driver, version: 10.5.3.0 - (802917)
2013-10-22 14:25:38,270 INFO  [org.hibernate.dialect.Dialect] Using dialect: org.hibernate.dialect.DerbyDialect
2013-10-22 14:25:38,277 INFO  [org.hibernate.transaction.TransactionFactoryFactory] Transaction strategy: org.hibernate.ejb.transaction.JoinableCMTTransactionFactory
2013-10-22 14:25:38,281 INFO  [org.hibernate.transaction.TransactionManagerLookupFactory] instantiating TransactionManagerLookup: org.hibernate.transaction.JBossTransactionManagerLookup
2013-10-22 14:25:38,285 INFO  [org.hibernate.transaction.TransactionManagerLookupFactory] instantiated TransactionManagerLookup
2013-10-22 14:25:38,285 INFO  [org.hibernate.cfg.SettingsFactory] Automatic flush during beforeCompletion(): disabled
2013-10-22 14:25:38,285 INFO  [org.hibernate.cfg.SettingsFactory] Automatic session close at end of transaction: disabled
2013-10-22 14:25:38,285 INFO  [org.hibernate.cfg.SettingsFactory] Scrollable result sets: enabled
2013-10-22 14:25:38,286 INFO  [org.hibernate.cfg.SettingsFactory] JDBC3 getGeneratedKeys(): disabled
2013-10-22 14:25:38,286 INFO  [org.hibernate.cfg.SettingsFactory] Connection release mode: auto
2013-10-22 14:25:38,286 INFO  [org.hibernate.cfg.SettingsFactory] Default batch fetch size: 1
2013-10-22 14:25:38,286 INFO  [org.hibernate.cfg.SettingsFactory] Generate SQL with comments: disabled
2013-10-22 14:25:38,286 INFO  [org.hibernate.cfg.SettingsFactory] Order SQL updates by primary key: disabled
2013-10-22 14:25:38,286 INFO  [org.hibernate.cfg.SettingsFactory] Order SQL inserts for batching: disabled
2013-10-22 14:25:38,286 INFO  [org.hibernate.cfg.SettingsFactory] Query translator: org.hibernate.hql.ast.ASTQueryTranslatorFactory
2013-10-22 14:25:38,287 INFO  [org.hibernate.hql.ast.ASTQueryTranslatorFactory] Using ASTQueryTranslatorFactory
2013-10-22 14:25:38,287 INFO  [org.hibernate.cfg.SettingsFactory] Query language substitutions: {}
2013-10-22 14:25:38,287 INFO  [org.hibernate.cfg.SettingsFactory] JPA-QL strict compliance: enabled
2013-10-22 14:25:38,287 INFO  [org.hibernate.cfg.SettingsFactory] Second-level cache: enabled
2013-10-22 14:25:38,288 INFO  [org.hibernate.cfg.SettingsFactory] Query cache: disabled
2013-10-22 14:25:38,288 INFO  [org.hibernate.cfg.SettingsFactory] Cache provider: org.hibernate.cache.HashtableCacheProvider
2013-10-22 14:25:38,290 INFO  [org.hibernate.cfg.SettingsFactory] Optimize cache for minimal puts: disabled
2013-10-22 14:25:38,290 INFO  [org.hibernate.cfg.SettingsFactory] Cache region prefix: connector-pge-ear_ear,connector-pge-ejb_jar,connector-pge
2013-10-22 14:25:38,290 INFO  [org.hibernate.cfg.SettingsFactory] Structured second-level cache entries: disabled
2013-10-22 14:25:38,290 INFO  [org.hibernate.cfg.SettingsFactory] Statistics: disabled
2013-10-22 14:25:38,290 INFO  [org.hibernate.cfg.SettingsFactory] Deleted entity synthetic identifier rollback: disabled
2013-10-22 14:25:38,290 INFO  [org.hibernate.cfg.SettingsFactory] Default entity-mode: pojo
2013-10-22 14:25:38,291 INFO  [org.hibernate.cfg.SettingsFactory] Named query checking : enabled
2013-10-22 14:25:38,298 INFO  [org.hibernate.impl.SessionFactoryImpl] building session factory
2013-10-22 14:25:38,333 INFO  [org.hibernate.impl.SessionFactoryObjectFactory] Factory name: persistence.units:ear=connector-pge-ear.ear,jar=connector-pge-ejb.jar,unitName=connector-pge
2013-10-22 14:25:38,333 INFO  [org.hibernate.util.NamingHelper] JNDI InitialContext properties:{java.naming.factory.initial=org.jnp.interfaces.NamingContextFactory, java.naming.factory.url.pkgs=org.jboss.naming:org.jnp.interfaces}
2013-10-22 14:25:38,337 INFO  [org.hibernate.impl.SessionFactoryObjectFactory] Bound factory to JNDI name: persistence.units:ear=connector-pge-ear.ear,jar=connector-pge-ejb.jar,unitName=connector-pge
2013-10-22 14:25:38,338 WARN  [org.hibernate.impl.SessionFactoryObjectFactory] InitialContext did not implement EventContext
2013-10-22 14:25:38,344 INFO  [org.hibernate.tool.hbm2ddl.SchemaUpdate] Running hbm2ddl schema update
2013-10-22 14:25:38,344 INFO  [org.hibernate.tool.hbm2ddl.SchemaUpdate] fetching database metadata
2013-10-22 14:25:38,348 INFO  [org.hibernate.tool.hbm2ddl.SchemaUpdate] updating schema
2013-10-22 14:25:39,280 INFO  [org.hibernate.tool.hbm2ddl.TableMetadata] table found: .SA.CONNECTOR
2013-10-22 14:25:39,281 INFO  [org.hibernate.tool.hbm2ddl.TableMetadata] columns: [password_keystore, wsa_to, tag, cache_config, connector_version, unt_password, type, connectorassociated_id, url, id, alias_keystore, username, password_keystore_org, issuer, description, username_token_active, local_cert_config, name, path, policy_name, unt_name, password_keystore_ssl]
2013-10-22 14:25:39,281 INFO  [org.hibernate.tool.hbm2ddl.TableMetadata] foreign keys: [fk8392042d93fa1fa6]
2013-10-22 14:25:39,281 INFO  [org.hibernate.tool.hbm2ddl.TableMetadata] indexes: [sql130930141934500, sql130930141935220]
2013-10-22 14:25:39,325 INFO  [org.hibernate.tool.hbm2ddl.TableMetadata] table found: .SA.CONNECTOR_ROLE_OPERATION
2013-10-22 14:25:39,325 INFO  [org.hibernate.tool.hbm2ddl.TableMetadata] columns: [role_operation_id, connector_id]
2013-10-22 14:25:39,325 INFO  [org.hibernate.tool.hbm2ddl.TableMetadata] foreign keys: [fkfb04a710b4c16c3f, fkfb04a710b821b62c]
2013-10-22 14:25:39,325 INFO  [org.hibernate.tool.hbm2ddl.TableMetadata] indexes: [sql130930141935340, sql130930141934700, sql130930141935450]
2013-10-22 14:25:39,337 INFO  [org.hibernate.tool.hbm2ddl.TableMetadata] table found: .SA.GLOBAL_CONFIGURATION
2013-10-22 14:25:39,337 INFO  [org.hibernate.tool.hbm2ddl.TableMetadata] columns: [alias_keystore, id, password_keystore, password_keystore_org, type, password_keystore_ssl]
2013-10-22 14:25:39,337 INFO  [org.hibernate.tool.hbm2ddl.TableMetadata] foreign keys: []
2013-10-22 14:25:39,337 INFO  [org.hibernate.tool.hbm2ddl.TableMetadata] indexes: [sql130930141934880]
2013-10-22 14:25:39,349 INFO  [org.hibernate.tool.hbm2ddl.TableMetadata] table found: .SA.ROLE_OPERATION
2013-10-22 14:25:39,349 INFO  [org.hibernate.tool.hbm2ddl.TableMetadata] columns: [id, operation, operation_wsdl, wsa_action, role]
2013-10-22 14:25:39,350 INFO  [org.hibernate.tool.hbm2ddl.TableMetadata] foreign keys: []
2013-10-22 14:25:39,350 INFO  [org.hibernate.tool.hbm2ddl.TableMetadata] indexes: [sql130930141935040]
2013-10-22 14:25:39,486 INFO  [org.hibernate.tool.hbm2ddl.SchemaUpdate] schema update complete
2013-10-22 14:25:39,489 INFO  [org.hibernate.util.NamingHelper] JNDI InitialContext properties:{java.naming.factory.initial=org.jnp.interfaces.NamingContextFactory, java.naming.factory.url.pkgs=org.jboss.naming:org.jnp.interfaces}
2013-10-22 14:25:39,649 INFO  [org.jboss.ejb3.JmxKernelAbstraction] creating wrapper delegate for: org.jboss.ejb3.stateless.StatelessContainer
2013-10-22 14:25:39,653 INFO  [org.jboss.ejb3.JmxKernelAbstraction] installing MBean: jboss.j2ee:ear=connector-pge-ear.ear,jar=connector-pge-ejb.jar,name=ConnectorManagerSession,service=EJB3 with dependencies:
2013-10-22 14:25:39,653 INFO  [org.jboss.ejb3.JmxKernelAbstraction] 	jboss.j2ee:ear=connector-pge-ear.ear,jar=connector-pge-ejb.jar,name=GlobalConfigurationManagerSession,service=EJB3
2013-10-22 14:25:39,653 INFO  [org.jboss.ejb3.JmxKernelAbstraction] 	persistence.units:ear=connector-pge-ear.ear,jar=connector-pge-ejb.jar,unitName=connector-pge
2013-10-22 14:25:39,654 INFO  [org.jboss.ejb3.JmxKernelAbstraction] creating wrapper delegate for: org.jboss.ejb3.stateless.StatelessContainer
2013-10-22 14:25:39,654 INFO  [org.jboss.ejb3.JmxKernelAbstraction] installing MBean: jboss.j2ee:ear=connector-pge-ear.ear,jar=connector-pge-ejb.jar,name=GlobalConfigurationManagerSession,service=EJB3 with dependencies:
2013-10-22 14:25:39,654 INFO  [org.jboss.ejb3.JmxKernelAbstraction] 	persistence.units:ear=connector-pge-ear.ear,jar=connector-pge-ejb.jar,unitName=connector-pge
2013-10-22 14:25:39,682 INFO  [org.jboss.ejb3.EJBContainer] STARTED EJB: uy.gub.agesic.connector.session.GlobalConfigurationManagerSession ejbName: GlobalConfigurationManagerSession
2013-10-22 14:25:39,724 INFO  [org.jboss.ejb3.EJBContainer] STARTED EJB: uy.gub.agesic.connector.session.ConnectorManagerSession ejbName: ConnectorManagerSession
2013-10-22 15:34:34,975 INFO  [org.jboss.ejb3.EJBContainer] STOPPED EJB: uy.gub.agesic.connector.session.ConnectorManagerSession ejbName: ConnectorManagerSession
2013-10-22 15:34:35,029 WARN  [org.jboss.ejb3.JmxKernelAbstraction] jboss.j2ee:ear=connector-pge-ear.ear,jar=connector-pge-ejb.jar,name=ConnectorManagerSession,service=EJB3 is not registered
2013-10-22 15:34:35,030 INFO  [org.jboss.ejb3.EJBContainer] STOPPED EJB: uy.gub.agesic.connector.session.GlobalConfigurationManagerSession ejbName: GlobalConfigurationManagerSession
2013-10-22 15:34:35,031 WARN  [org.jboss.ejb3.JmxKernelAbstraction] jboss.j2ee:ear=connector-pge-ear.ear,jar=connector-pge-ejb.jar,name=GlobalConfigurationManagerSession,service=EJB3 is not registered
2013-10-22 15:34:35,031 INFO  [org.jboss.ejb3.entity.PersistenceUnitDeployment] Stopping persistence unit persistence.units:ear=connector-pge-ear.ear,jar=connector-pge-ejb.jar,unitName=connector-pge
2013-10-22 15:34:35,031 INFO  [org.hibernate.impl.SessionFactoryImpl] closing
2013-10-22 15:34:35,031 INFO  [org.hibernate.impl.SessionFactoryObjectFactory] Unbinding factory from JNDI name: persistence.units:ear=connector-pge-ear.ear,jar=connector-pge-ejb.jar,unitName=connector-pge
2013-10-22 15:34:35,031 INFO  [org.hibernate.util.NamingHelper] JNDI InitialContext properties:{java.naming.factory.initial=org.jnp.interfaces.NamingContextFactory, java.naming.factory.url.pkgs=org.jboss.naming:org.jnp.interfaces}
2013-10-22 15:34:35,031 INFO  [org.hibernate.impl.SessionFactoryObjectFactory] Unbound factory from JNDI name: persistence.units:ear=connector-pge-ear.ear,jar=connector-pge-ejb.jar,unitName=connector-pge
2013-10-22 15:34:35,031 WARN  [org.jboss.ejb3.JmxKernelAbstraction] persistence.units:ear=connector-pge-ear.ear,jar=connector-pge-ejb.jar,unitName=connector-pge is not registered
