2013-10-22 14:25:22,980 INFO  [com.arjuna.ats.jbossatx.jta.TransactionManagerService] JBossTS Transaction Service (JTA version) - JBoss Inc.
2013-10-22 14:25:22,981 INFO  [com.arjuna.ats.jbossatx.jta.TransactionManagerService] Setting up property manager MBean and JMX layer
2013-10-22 14:25:23,238 INFO  [com.arjuna.ats.jbossatx.jta.TransactionManagerService] Starting recovery manager
2013-10-22 14:25:23,288 INFO  [com.arjuna.ats.jbossatx.jta.TransactionManagerService] Recovery manager started
2013-10-22 14:25:23,288 INFO  [com.arjuna.ats.jbossatx.jta.TransactionManagerService] Binding TransactionManager JNDI Reference
2013-10-22 14:25:24,560 INFO  [org.jboss.ejb3.EJB3Deployer] Starting java:comp multiplexer
2013-10-22 14:25:27,545 INFO  [org.jboss.internal.soa.esb.couriers.transport.InVMTemporaryTransport] Starting reaper thread
2013-10-22 14:25:28,160 INFO  [org.jboss.wsf.stack.jbws.NativeServerConfig] JBoss Web Services - Native
2013-10-22 14:25:28,160 INFO  [org.jboss.wsf.stack.jbws.NativeServerConfig] jbossws-3.0.1-native-2.0.4.GA (build=200803312044)
2013-10-22 14:25:28,495 INFO  [org.jboss.aop.deployment.AspectDeployer] AOP deployment is scoped using classloader org.jboss.mx.loading.UnifiedClassLoader3@4e2d8ecc{ url=file:/home/jseba/opt/Conector_2.0/conector-pge/jboss-as/server/default/deploy/soapui-client.sar/ ,addedOrder=15}
2013-10-22 14:25:28,721 INFO  [com.eviware.soapui.SoapUI] initialized soapui-settings from [/home/jseba/opt/Conector_2.0/conector-pge/jboss-as/server/default/data/soapui-settings.xml]
2013-10-22 14:25:29,178 INFO  [org.apache.catalina.startup.Embedded] Catalina naming disabled
2013-10-22 14:25:29,244 INFO  [org.apache.catalina.core.AprLifecycleListener] The Apache Tomcat Native library which allows optimal performance in production environments was not found on the java.library.path: /home/jseba/opt/Conector_2.0/conector-pge/java/jdk1.6_linux/jre/lib/amd64/server:/home/jseba/opt/Conector_2.0/conector-pge/java/jdk1.6_linux/jre/lib/amd64:/home/jseba/opt/Conector_2.0/conector-pge/java/jdk1.6_linux/jre/../lib/amd64:/usr/java/packages/lib/amd64:/usr/lib64:/lib64:/lib:/usr/lib
2013-10-22 14:25:29,276 INFO  [org.apache.coyote.http11.Http11Protocol] Inicializando Coyote HTTP/1.1 en puerto http-0.0.0.0-8080
2013-10-22 14:25:29,276 INFO  [org.apache.catalina.startup.Catalina] Initialization processed in 97 ms
2013-10-22 14:25:29,276 INFO  [org.apache.catalina.core.StandardService] Arrancando servicio jboss.web
2013-10-22 14:25:29,277 INFO  [org.apache.catalina.core.StandardEngine] Starting Servlet Engine: JBossWeb/2.0.1.GA
2013-10-22 14:25:29,305 INFO  [org.apache.catalina.startup.Catalina] Server startup in 29 ms
2013-10-22 14:25:29,356 INFO  [org.jboss.web.tomcat.service.TomcatDeployer] deploy, ctxPath=/, warUrl=.../deploy/jboss-web.deployer/ROOT.war/
2013-10-22 14:25:29,726 INFO  [org.jboss.web.tomcat.service.TomcatDeployer] deploy, ctxPath=/jbossws, warUrl=.../deploy/jbossws.sar/jbossws-context.war/
2013-10-22 14:25:29,941 INFO  [org.jboss.resource.deployment.RARDeployment] Required license terms exist, view META-INF/ra.xml in .../deploy/jboss-ha-local-jdbc.rar
2013-10-22 14:25:29,956 INFO  [org.jboss.resource.deployment.RARDeployment] Required license terms exist, view META-INF/ra.xml in .../deploy/jboss-ha-xa-jdbc.rar
2013-10-22 14:25:29,969 INFO  [org.jboss.resource.deployment.RARDeployment] Required license terms exist, view META-INF/ra.xml in .../deploy/jboss-local-jdbc.rar
2013-10-22 14:25:29,990 INFO  [org.jboss.resource.connectionmanager.ConnectionFactoryBindingService] Bound ConnectionManager 'jboss.jca:service=DataSourceBinding,name=juddiDB' to JNDI name 'java:juddiDB'
2013-10-22 14:25:30,040 INFO  [org.jboss.internal.soa.esb.dependencies.DatabaseInitializer] java:/juddiDB datasource is already initialized
2013-10-22 14:25:30,040 INFO  [org.jboss.internal.soa.esb.dependencies.JuddiRMIService] starting juddi RMI service
2013-10-22 14:25:30,055 INFO  [org.apache.juddi.Registry] Starting jUDDI registry...
2013-10-22 14:25:30,100 INFO  [org.apache.juddi.config.AppConfig] Reading from properties file:  null
2013-10-22 14:25:30,127 INFO  [org.hibernate.ejb.Version] Hibernate EntityManager 3.2.1.GA
2013-10-22 14:25:30,138 INFO  [org.hibernate.cfg.annotations.Version] Hibernate Annotations 3.2.1.GA
2013-10-22 14:25:30,143 INFO  [org.hibernate.cfg.Environment] Hibernate 3.2.4.sp1
2013-10-22 14:25:30,146 INFO  [org.hibernate.cfg.Environment] hibernate.properties not found
2013-10-22 14:25:30,147 INFO  [org.hibernate.cfg.Environment] Bytecode provider name : javassist
2013-10-22 14:25:30,151 INFO  [org.hibernate.cfg.Environment] using JDK 1.4 java.sql.Timestamp handling
2013-10-22 14:25:30,364 INFO  [org.hibernate.cfg.AnnotationBinder] Binding entity from annotated class: org.apache.juddi.model.Address
2013-10-22 14:25:30,383 INFO  [org.hibernate.cfg.annotations.EntityBinder] Bind entity org.apache.juddi.model.Address on table j3_address
2013-10-22 14:25:30,452 INFO  [org.hibernate.cfg.AnnotationBinder] Binding entity from annotated class: org.apache.juddi.model.AddressLine
2013-10-22 14:25:30,452 INFO  [org.hibernate.cfg.annotations.EntityBinder] Bind entity org.apache.juddi.model.AddressLine on table j3_address_line
2013-10-22 14:25:30,455 INFO  [org.hibernate.cfg.AnnotationBinder] Binding entity from annotated class: org.apache.juddi.model.AuthToken
2013-10-22 14:25:30,455 INFO  [org.hibernate.cfg.annotations.EntityBinder] Bind entity org.apache.juddi.model.AuthToken on table j3_auth_token
2013-10-22 14:25:30,461 INFO  [org.hibernate.cfg.AnnotationBinder] Binding entity from annotated class: org.apache.juddi.model.CategoryBag
2013-10-22 14:25:30,461 INFO  [org.hibernate.cfg.annotations.EntityBinder] Bind entity org.apache.juddi.model.CategoryBag on table j3_category_bag
2013-10-22 14:25:30,463 INFO  [org.hibernate.cfg.AnnotationBinder] Binding entity from annotated class: org.apache.juddi.model.BindingCategoryBag
2013-10-22 14:25:30,464 INFO  [org.hibernate.cfg.annotations.EntityBinder] Bind entity org.apache.juddi.model.BindingCategoryBag on table j3_binding_category_bag
2013-10-22 14:25:30,482 INFO  [org.hibernate.cfg.AnnotationBinder] Binding entity from annotated class: org.apache.juddi.model.BindingDescr
2013-10-22 14:25:30,482 INFO  [org.hibernate.cfg.annotations.EntityBinder] Bind entity org.apache.juddi.model.BindingDescr on table j3_binding_descr
2013-10-22 14:25:30,485 INFO  [org.hibernate.cfg.AnnotationBinder] Binding entity from annotated class: org.apache.juddi.model.UddiEntity
2013-10-22 14:25:30,485 INFO  [org.hibernate.cfg.annotations.EntityBinder] Bind entity org.apache.juddi.model.UddiEntity on table j3_uddi_entity
2013-10-22 14:25:30,488 INFO  [org.hibernate.cfg.AnnotationBinder] Binding entity from annotated class: org.apache.juddi.model.BindingTemplate
2013-10-22 14:25:30,488 INFO  [org.hibernate.cfg.annotations.EntityBinder] Bind entity org.apache.juddi.model.BindingTemplate on table j3_binding_template
2013-10-22 14:25:30,499 INFO  [org.hibernate.cfg.AnnotationBinder] Binding entity from annotated class: org.apache.juddi.model.BusinessCategoryBag
2013-10-22 14:25:30,500 INFO  [org.hibernate.cfg.annotations.EntityBinder] Bind entity org.apache.juddi.model.BusinessCategoryBag on table j3_business_category_bag
2013-10-22 14:25:30,501 INFO  [org.hibernate.cfg.AnnotationBinder] Binding entity from annotated class: org.apache.juddi.model.BusinessDescr
2013-10-22 14:25:30,501 INFO  [org.hibernate.cfg.annotations.EntityBinder] Bind entity org.apache.juddi.model.BusinessDescr on table j3_business_descr
2013-10-22 14:25:30,503 INFO  [org.hibernate.cfg.AnnotationBinder] Binding entity from annotated class: org.apache.juddi.model.BusinessEntity
2013-10-22 14:25:30,503 INFO  [org.hibernate.cfg.annotations.EntityBinder] Bind entity org.apache.juddi.model.BusinessEntity on table j3_business_entity
2013-10-22 14:25:30,510 INFO  [org.hibernate.cfg.AnnotationBinder] Binding entity from annotated class: org.apache.juddi.model.BusinessIdentifier
2013-10-22 14:25:30,510 INFO  [org.hibernate.cfg.annotations.EntityBinder] Bind entity org.apache.juddi.model.BusinessIdentifier on table j3_business_identifier
2013-10-22 14:25:30,513 INFO  [org.hibernate.cfg.AnnotationBinder] Binding entity from annotated class: org.apache.juddi.model.BusinessName
2013-10-22 14:25:30,513 INFO  [org.hibernate.cfg.annotations.EntityBinder] Bind entity org.apache.juddi.model.BusinessName on table j3_business_name
2013-10-22 14:25:30,515 INFO  [org.hibernate.cfg.AnnotationBinder] Binding entity from annotated class: org.apache.juddi.model.BusinessService
2013-10-22 14:25:30,515 INFO  [org.hibernate.cfg.annotations.EntityBinder] Bind entity org.apache.juddi.model.BusinessService on table j3_business_service
2013-10-22 14:25:30,520 INFO  [org.hibernate.cfg.AnnotationBinder] Binding entity from annotated class: org.apache.juddi.model.Clerk
2013-10-22 14:25:30,521 INFO  [org.hibernate.cfg.annotations.EntityBinder] Bind entity org.apache.juddi.model.Clerk on table j3_clerk
2013-10-22 14:25:30,523 INFO  [org.hibernate.cfg.AnnotationBinder] Binding entity from annotated class: org.apache.juddi.model.ClientSubscriptionInfo
2013-10-22 14:25:30,523 INFO  [org.hibernate.cfg.annotations.EntityBinder] Bind entity org.apache.juddi.model.ClientSubscriptionInfo on table j3_client_subscriptioninfo
2013-10-22 14:25:30,525 INFO  [org.hibernate.cfg.AnnotationBinder] Binding entity from annotated class: org.apache.juddi.model.Contact
2013-10-22 14:25:30,525 INFO  [org.hibernate.cfg.annotations.EntityBinder] Bind entity org.apache.juddi.model.Contact on table j3_contact
2013-10-22 14:25:30,529 INFO  [org.hibernate.cfg.AnnotationBinder] Binding entity from annotated class: org.apache.juddi.model.ContactDescr
2013-10-22 14:25:30,530 INFO  [org.hibernate.cfg.annotations.EntityBinder] Bind entity org.apache.juddi.model.ContactDescr on table j3_contact_descr
2013-10-22 14:25:30,532 INFO  [org.hibernate.cfg.AnnotationBinder] Binding entity from annotated class: org.apache.juddi.model.DiscoveryUrl
2013-10-22 14:25:30,532 INFO  [org.hibernate.cfg.annotations.EntityBinder] Bind entity org.apache.juddi.model.DiscoveryUrl on table j3_discovery_url
2013-10-22 14:25:30,535 INFO  [org.hibernate.cfg.AnnotationBinder] Binding entity from annotated class: org.apache.juddi.model.Email
2013-10-22 14:25:30,535 INFO  [org.hibernate.cfg.annotations.EntityBinder] Bind entity org.apache.juddi.model.Email on table j3_email
2013-10-22 14:25:30,537 INFO  [org.hibernate.cfg.AnnotationBinder] Binding entity from annotated class: org.apache.juddi.model.InstanceDetailsDescr
2013-10-22 14:25:30,537 INFO  [org.hibernate.cfg.annotations.EntityBinder] Bind entity org.apache.juddi.model.InstanceDetailsDescr on table j3_instance_details_descr
2013-10-22 14:25:30,540 INFO  [org.hibernate.cfg.AnnotationBinder] Binding entity from annotated class: org.apache.juddi.model.InstanceDetailsDocDescr
2013-10-22 14:25:30,540 INFO  [org.hibernate.cfg.annotations.EntityBinder] Bind entity org.apache.juddi.model.InstanceDetailsDocDescr on table j3_instance_details_doc_descr
2013-10-22 14:25:30,542 INFO  [org.hibernate.cfg.AnnotationBinder] Binding entity from annotated class: org.apache.juddi.model.KeyedReference
2013-10-22 14:25:30,542 INFO  [org.hibernate.cfg.annotations.EntityBinder] Bind entity org.apache.juddi.model.KeyedReference on table j3_keyed_reference
2013-10-22 14:25:30,545 INFO  [org.hibernate.cfg.AnnotationBinder] Binding entity from annotated class: org.apache.juddi.model.KeyedReferenceGroup
2013-10-22 14:25:30,546 INFO  [org.hibernate.cfg.annotations.EntityBinder] Bind entity org.apache.juddi.model.KeyedReferenceGroup on table j3_keyed_reference_group
2013-10-22 14:25:30,548 INFO  [org.hibernate.cfg.AnnotationBinder] Binding entity from annotated class: org.apache.juddi.model.Node
2013-10-22 14:25:30,548 INFO  [org.hibernate.cfg.annotations.EntityBinder] Bind entity org.apache.juddi.model.Node on table j3_node
2013-10-22 14:25:30,552 INFO  [org.hibernate.cfg.AnnotationBinder] Binding entity from annotated class: org.apache.juddi.model.OverviewDoc
2013-10-22 14:25:30,553 INFO  [org.hibernate.cfg.annotations.EntityBinder] Bind entity org.apache.juddi.model.OverviewDoc on table j3_overview_doc
2013-10-22 14:25:30,555 INFO  [org.hibernate.cfg.AnnotationBinder] Binding entity from annotated class: org.apache.juddi.model.OverviewDocDescr
2013-10-22 14:25:30,555 INFO  [org.hibernate.cfg.annotations.EntityBinder] Bind entity org.apache.juddi.model.OverviewDocDescr on table j3_overview_doc_descr
2013-10-22 14:25:30,557 INFO  [org.hibernate.cfg.AnnotationBinder] Binding entity from annotated class: org.apache.juddi.model.PersonName
2013-10-22 14:25:30,557 INFO  [org.hibernate.cfg.annotations.EntityBinder] Bind entity org.apache.juddi.model.PersonName on table j3_person_name
2013-10-22 14:25:30,558 INFO  [org.hibernate.cfg.AnnotationBinder] Binding entity from annotated class: org.apache.juddi.model.Phone
2013-10-22 14:25:30,559 INFO  [org.hibernate.cfg.annotations.EntityBinder] Bind entity org.apache.juddi.model.Phone on table j3_phone
2013-10-22 14:25:30,560 INFO  [org.hibernate.cfg.AnnotationBinder] Binding entity from annotated class: org.apache.juddi.model.Publisher
2013-10-22 14:25:30,560 INFO  [org.hibernate.cfg.annotations.EntityBinder] Bind entity org.apache.juddi.model.Publisher on table j3_publisher
2013-10-22 14:25:30,572 INFO  [org.hibernate.cfg.AnnotationBinder] Binding entity from annotated class: org.apache.juddi.model.PublisherAssertion
2013-10-22 14:25:30,572 INFO  [org.hibernate.cfg.annotations.EntityBinder] Bind entity org.apache.juddi.model.PublisherAssertion on table j3_publisher_assertion
2013-10-22 14:25:30,584 INFO  [org.hibernate.cfg.AnnotationBinder] Binding entity from annotated class: org.apache.juddi.model.ServiceCategoryBag
2013-10-22 14:25:30,584 INFO  [org.hibernate.cfg.annotations.EntityBinder] Bind entity org.apache.juddi.model.ServiceCategoryBag on table j3_service_category_bag
2013-10-22 14:25:30,585 INFO  [org.hibernate.cfg.AnnotationBinder] Binding entity from annotated class: org.apache.juddi.model.ServiceDescr
2013-10-22 14:25:30,585 INFO  [org.hibernate.cfg.annotations.EntityBinder] Bind entity org.apache.juddi.model.ServiceDescr on table j3_service_descr
2013-10-22 14:25:30,587 INFO  [org.hibernate.cfg.AnnotationBinder] Binding entity from annotated class: org.apache.juddi.model.ServiceName
2013-10-22 14:25:30,587 INFO  [org.hibernate.cfg.annotations.EntityBinder] Bind entity org.apache.juddi.model.ServiceName on table j3_service_name
2013-10-22 14:25:30,588 INFO  [org.hibernate.cfg.AnnotationBinder] Binding entity from annotated class: org.apache.juddi.model.ServiceProjection
2013-10-22 14:25:30,589 INFO  [org.hibernate.cfg.annotations.EntityBinder] Bind entity org.apache.juddi.model.ServiceProjection on table j3_service_projection
2013-10-22 14:25:30,591 INFO  [org.hibernate.cfg.AnnotationBinder] Binding entity from annotated class: org.apache.juddi.model.Subscription
2013-10-22 14:25:30,591 INFO  [org.hibernate.cfg.annotations.EntityBinder] Bind entity org.apache.juddi.model.Subscription on table j3_subscription
2013-10-22 14:25:30,596 INFO  [org.hibernate.cfg.AnnotationBinder] Binding entity from annotated class: org.apache.juddi.model.SubscriptionChunkToken
2013-10-22 14:25:30,596 INFO  [org.hibernate.cfg.annotations.EntityBinder] Bind entity org.apache.juddi.model.SubscriptionChunkToken on table j3_subscription_chunk_token
2013-10-22 14:25:30,598 INFO  [org.hibernate.cfg.AnnotationBinder] Binding entity from annotated class: org.apache.juddi.model.SubscriptionMatch
2013-10-22 14:25:30,599 INFO  [org.hibernate.cfg.annotations.EntityBinder] Bind entity org.apache.juddi.model.SubscriptionMatch on table j3_subscription_match
2013-10-22 14:25:30,600 INFO  [org.hibernate.cfg.AnnotationBinder] Binding entity from annotated class: org.apache.juddi.model.Tmodel
2013-10-22 14:25:30,600 INFO  [org.hibernate.cfg.annotations.EntityBinder] Bind entity org.apache.juddi.model.Tmodel on table j3_tmodel
2013-10-22 14:25:30,602 INFO  [org.hibernate.cfg.AnnotationBinder] Binding entity from annotated class: org.apache.juddi.model.TmodelCategoryBag
2013-10-22 14:25:30,603 INFO  [org.hibernate.cfg.annotations.EntityBinder] Bind entity org.apache.juddi.model.TmodelCategoryBag on table j3_tmodel_category_bag
2013-10-22 14:25:30,603 INFO  [org.hibernate.cfg.AnnotationBinder] Binding entity from annotated class: org.apache.juddi.model.TmodelDescr
2013-10-22 14:25:30,604 INFO  [org.hibernate.cfg.annotations.EntityBinder] Bind entity org.apache.juddi.model.TmodelDescr on table j3_tmodel_descr
2013-10-22 14:25:30,605 INFO  [org.hibernate.cfg.AnnotationBinder] Binding entity from annotated class: org.apache.juddi.model.TmodelIdentifier
2013-10-22 14:25:30,605 INFO  [org.hibernate.cfg.annotations.EntityBinder] Bind entity org.apache.juddi.model.TmodelIdentifier on table j3_tmodel_identifier
2013-10-22 14:25:30,607 INFO  [org.hibernate.cfg.AnnotationBinder] Binding entity from annotated class: org.apache.juddi.model.TmodelInstanceInfo
2013-10-22 14:25:30,607 INFO  [org.hibernate.cfg.annotations.EntityBinder] Bind entity org.apache.juddi.model.TmodelInstanceInfo on table j3_tmodel_instance_info
2013-10-22 14:25:30,611 INFO  [org.hibernate.cfg.AnnotationBinder] Binding entity from annotated class: org.apache.juddi.model.TmodelInstanceInfoDescr
2013-10-22 14:25:30,611 INFO  [org.hibernate.cfg.annotations.EntityBinder] Bind entity org.apache.juddi.model.TmodelInstanceInfoDescr on table j3_tmodel_instance_info_descr
2013-10-22 14:25:30,613 INFO  [org.hibernate.cfg.AnnotationBinder] Binding entity from annotated class: org.apache.juddi.model.TransferToken
2013-10-22 14:25:30,613 INFO  [org.hibernate.cfg.annotations.EntityBinder] Bind entity org.apache.juddi.model.TransferToken on table j3_transfer_token
2013-10-22 14:25:30,614 INFO  [org.hibernate.cfg.AnnotationBinder] Binding entity from annotated class: org.apache.juddi.model.TransferTokenKey
2013-10-22 14:25:30,615 INFO  [org.hibernate.cfg.annotations.EntityBinder] Bind entity org.apache.juddi.model.TransferTokenKey on table j3_transfer_token_keys
2013-10-22 14:25:30,668 INFO  [org.hibernate.cfg.annotations.CollectionBinder] Mapping collection: org.apache.juddi.model.Address.addressLines -> j3_address_line
2013-10-22 14:25:30,669 INFO  [org.hibernate.cfg.annotations.CollectionBinder] Mapping collection: org.apache.juddi.model.CategoryBag.keyedReferences -> j3_keyed_reference
2013-10-22 14:25:30,670 INFO  [org.hibernate.cfg.annotations.CollectionBinder] Mapping collection: org.apache.juddi.model.CategoryBag.keyedReferenceGroups -> j3_keyed_reference_group
2013-10-22 14:25:30,672 INFO  [org.hibernate.cfg.annotations.CollectionBinder] Mapping collection: org.apache.juddi.model.BindingTemplate.tmodelInstanceInfos -> j3_tmodel_instance_info
2013-10-22 14:25:30,672 INFO  [org.hibernate.cfg.annotations.CollectionBinder] Mapping collection: org.apache.juddi.model.BindingTemplate.bindingDescrs -> j3_binding_descr
2013-10-22 14:25:30,672 INFO  [org.hibernate.cfg.annotations.CollectionBinder] Mapping collection: org.apache.juddi.model.BusinessEntity.contacts -> j3_contact
2013-10-22 14:25:30,672 INFO  [org.hibernate.cfg.annotations.CollectionBinder] Mapping collection: org.apache.juddi.model.BusinessEntity.businessIdentifiers -> j3_business_identifier
2013-10-22 14:25:30,672 INFO  [org.hibernate.cfg.annotations.CollectionBinder] Mapping collection: org.apache.juddi.model.BusinessEntity.publisherAssertionsForFromKey -> j3_publisher_assertion
2013-10-22 14:25:30,672 INFO  [org.hibernate.cfg.annotations.CollectionBinder] Mapping collection: org.apache.juddi.model.BusinessEntity.discoveryUrls -> j3_discovery_url
2013-10-22 14:25:30,672 INFO  [org.hibernate.cfg.annotations.CollectionBinder] Mapping collection: org.apache.juddi.model.BusinessEntity.businessNames -> j3_business_name
2013-10-22 14:25:30,673 INFO  [org.hibernate.cfg.annotations.CollectionBinder] Mapping collection: org.apache.juddi.model.BusinessEntity.publisherAssertionsForToKey -> j3_publisher_assertion
2013-10-22 14:25:30,673 INFO  [org.hibernate.cfg.annotations.CollectionBinder] Mapping collection: org.apache.juddi.model.BusinessEntity.businessServices -> j3_business_service
2013-10-22 14:25:30,673 INFO  [org.hibernate.cfg.annotations.CollectionBinder] Mapping collection: org.apache.juddi.model.BusinessEntity.businessDescrs -> j3_business_descr
2013-10-22 14:25:30,673 INFO  [org.hibernate.cfg.annotations.CollectionBinder] Mapping collection: org.apache.juddi.model.BusinessEntity.serviceProjections -> j3_service_projection
2013-10-22 14:25:30,673 INFO  [org.hibernate.cfg.annotations.CollectionBinder] Mapping collection: org.apache.juddi.model.BusinessService.serviceNames -> j3_service_name
2013-10-22 14:25:30,673 INFO  [org.hibernate.cfg.annotations.CollectionBinder] Mapping collection: org.apache.juddi.model.BusinessService.serviceDescrs -> j3_service_descr
2013-10-22 14:25:30,673 INFO  [org.hibernate.cfg.annotations.CollectionBinder] Mapping collection: org.apache.juddi.model.BusinessService.bindingTemplates -> j3_binding_template
2013-10-22 14:25:30,674 INFO  [org.hibernate.cfg.annotations.CollectionBinder] Mapping collection: org.apache.juddi.model.BusinessService.projectingBusinesses -> j3_service_projection
2013-10-22 14:25:30,674 INFO  [org.hibernate.cfg.annotations.CollectionBinder] Mapping collection: org.apache.juddi.model.Contact.personNames -> j3_person_name
2013-10-22 14:25:30,674 INFO  [org.hibernate.cfg.annotations.CollectionBinder] Mapping collection: org.apache.juddi.model.Contact.contactDescrs -> j3_contact_descr
2013-10-22 14:25:30,674 INFO  [org.hibernate.cfg.annotations.CollectionBinder] Mapping collection: org.apache.juddi.model.Contact.emails -> j3_email
2013-10-22 14:25:30,674 INFO  [org.hibernate.cfg.annotations.CollectionBinder] Mapping collection: org.apache.juddi.model.Contact.phones -> j3_phone
2013-10-22 14:25:30,674 INFO  [org.hibernate.cfg.annotations.CollectionBinder] Mapping collection: org.apache.juddi.model.Contact.addresses -> j3_address
2013-10-22 14:25:30,674 INFO  [org.hibernate.cfg.annotations.CollectionBinder] Mapping collection: org.apache.juddi.model.KeyedReferenceGroup.keyedReferences -> j3_keyed_reference
2013-10-22 14:25:30,674 INFO  [org.hibernate.cfg.annotations.CollectionBinder] Mapping collection: org.apache.juddi.model.OverviewDoc.overviewDocDescrs -> j3_overview_doc_descr
2013-10-22 14:25:30,675 INFO  [org.hibernate.cfg.annotations.CollectionBinder] Mapping collection: org.apache.juddi.model.Subscription.subscriptionMatches -> j3_subscription_match
2013-10-22 14:25:30,675 INFO  [org.hibernate.cfg.annotations.CollectionBinder] Mapping collection: org.apache.juddi.model.Tmodel.overviewDocs -> j3_overview_doc
2013-10-22 14:25:30,675 INFO  [org.hibernate.cfg.annotations.CollectionBinder] Mapping collection: org.apache.juddi.model.Tmodel.tmodelDescrs -> j3_tmodel_descr
2013-10-22 14:25:30,675 INFO  [org.hibernate.cfg.annotations.CollectionBinder] Mapping collection: org.apache.juddi.model.Tmodel.tmodelIdentifiers -> j3_tmodel_identifier
2013-10-22 14:25:30,675 INFO  [org.hibernate.cfg.annotations.CollectionBinder] Mapping collection: org.apache.juddi.model.TmodelInstanceInfo.overviewDocs -> j3_overview_doc
2013-10-22 14:25:30,675 INFO  [org.hibernate.cfg.annotations.CollectionBinder] Mapping collection: org.apache.juddi.model.TmodelInstanceInfo.instanceDetailsDescrs -> j3_instance_details_descr
2013-10-22 14:25:30,675 INFO  [org.hibernate.cfg.annotations.CollectionBinder] Mapping collection: org.apache.juddi.model.TmodelInstanceInfo.tmodelInstanceInfoDescrs -> j3_tmodel_instance_info_descr
2013-10-22 14:25:30,676 INFO  [org.hibernate.cfg.annotations.CollectionBinder] Mapping collection: org.apache.juddi.model.TransferToken.transferKeys -> j3_transfer_token_keys
2013-10-22 14:25:30,842 INFO  [org.hibernate.util.NamingHelper] JNDI InitialContext properties:{}
2013-10-22 14:25:30,842 INFO  [org.hibernate.connection.DatasourceConnectionProvider] Using datasource: java:/juddiDB
2013-10-22 14:25:30,848 INFO  [org.hibernate.cfg.SettingsFactory] RDBMS: HSQL Database Engine, version: 1.8.0
2013-10-22 14:25:30,848 INFO  [org.hibernate.cfg.SettingsFactory] JDBC driver: HSQL Database Engine Driver, version: 1.8.0
2013-10-22 14:25:30,860 INFO  [org.hibernate.dialect.Dialect] Using dialect: org.hibernate.dialect.HSQLDialect
2013-10-22 14:25:30,864 INFO  [org.hibernate.transaction.TransactionFactoryFactory] Transaction strategy: org.hibernate.transaction.JDBCTransactionFactory
2013-10-22 14:25:30,865 INFO  [org.hibernate.transaction.TransactionManagerLookupFactory] No TransactionManagerLookup configured (in JTA environment, use of read-write or transactional second-level cache is not recommended)
2013-10-22 14:25:30,865 INFO  [org.hibernate.cfg.SettingsFactory] Automatic flush during beforeCompletion(): disabled
2013-10-22 14:25:30,865 INFO  [org.hibernate.cfg.SettingsFactory] Automatic session close at end of transaction: disabled
2013-10-22 14:25:30,865 INFO  [org.hibernate.cfg.SettingsFactory] JDBC batch size: 15
2013-10-22 14:25:30,865 INFO  [org.hibernate.cfg.SettingsFactory] JDBC batch updates for versioned data: disabled
2013-10-22 14:25:30,866 INFO  [org.hibernate.cfg.SettingsFactory] Scrollable result sets: enabled
2013-10-22 14:25:30,866 INFO  [org.hibernate.cfg.SettingsFactory] JDBC3 getGeneratedKeys(): disabled
2013-10-22 14:25:30,866 INFO  [org.hibernate.cfg.SettingsFactory] Connection release mode: auto
2013-10-22 14:25:30,867 INFO  [org.hibernate.cfg.SettingsFactory] Default batch fetch size: 1
2013-10-22 14:25:30,867 INFO  [org.hibernate.cfg.SettingsFactory] Generate SQL with comments: disabled
2013-10-22 14:25:30,867 INFO  [org.hibernate.cfg.SettingsFactory] Order SQL updates by primary key: disabled
2013-10-22 14:25:30,867 INFO  [org.hibernate.cfg.SettingsFactory] Order SQL inserts for batching: disabled
2013-10-22 14:25:30,867 INFO  [org.hibernate.cfg.SettingsFactory] Query translator: org.hibernate.hql.ast.ASTQueryTranslatorFactory
2013-10-22 14:25:30,869 INFO  [org.hibernate.hql.ast.ASTQueryTranslatorFactory] Using ASTQueryTranslatorFactory
2013-10-22 14:25:30,869 INFO  [org.hibernate.cfg.SettingsFactory] Query language substitutions: {}
2013-10-22 14:25:30,869 INFO  [org.hibernate.cfg.SettingsFactory] JPA-QL strict compliance: enabled
2013-10-22 14:25:30,869 INFO  [org.hibernate.cfg.SettingsFactory] Second-level cache: enabled
2013-10-22 14:25:30,869 INFO  [org.hibernate.cfg.SettingsFactory] Query cache: disabled
2013-10-22 14:25:30,869 INFO  [org.hibernate.cfg.SettingsFactory] Cache provider: org.hibernate.cache.NoCacheProvider
2013-10-22 14:25:30,869 INFO  [org.hibernate.cfg.SettingsFactory] Optimize cache for minimal puts: disabled
2013-10-22 14:25:30,870 INFO  [org.hibernate.cfg.SettingsFactory] Structured second-level cache entries: disabled
2013-10-22 14:25:30,876 INFO  [org.hibernate.cfg.SettingsFactory] Statistics: disabled
2013-10-22 14:25:30,876 INFO  [org.hibernate.cfg.SettingsFactory] Deleted entity synthetic identifier rollback: disabled
2013-10-22 14:25:30,877 INFO  [org.hibernate.cfg.SettingsFactory] Default entity-mode: pojo
2013-10-22 14:25:30,877 INFO  [org.hibernate.cfg.SettingsFactory] Named query checking : enabled
2013-10-22 14:25:30,908 INFO  [org.hibernate.impl.SessionFactoryImpl] building session factory
2013-10-22 14:25:31,199 INFO  [org.hibernate.impl.SessionFactoryObjectFactory] Not binding factory to JNDI, no JNDI name configured
2013-10-22 14:25:31,453 INFO  [org.apache.juddi.Registry] jUDDI registry started succesfully.
2013-10-22 14:25:31,457 INFO  [org.jboss.internal.soa.esb.dependencies.JuddiClientService] starting juddi client service
2013-10-22 14:25:31,475 INFO  [org.jboss.resource.deployment.RARDeployment] Required license terms exist, view META-INF/ra.xml in .../deploy/jboss-xa-jdbc.rar
2013-10-22 14:25:31,503 INFO  [org.jboss.resource.deployment.RARDeployment] Required license terms exist, view META-INF/ra.xml in .../deploy/jms-ra.rar
2013-10-22 14:25:31,536 INFO  [org.jboss.jdbc.DerbyDatabase] starting derby jdbc:derby:/home/jseba/opt/Conector_2.0/conector-pge/jboss-as/server/default/data/derby/connectorPGEDB;create=true
2013-10-22 14:25:32,536 INFO  [org.jboss.resource.connectionmanager.ConnectionFactoryBindingService] Bound ConnectionManager 'jboss.jca:service=DataSourceBinding,name=ConnectorPGEDS' to JNDI name 'java:ConnectorPGEDS'
2013-10-22 14:25:32,693 INFO  [org.jboss.resource.connectionmanager.ConnectionFactoryBindingService] Bound ConnectionManager 'jboss.jca:service=DataSourceBinding,name=DefaultDS' to JNDI name 'java:DefaultDS'
2013-10-22 14:25:32,911 WARN  [org.jboss.jms.server.security.SecurityMetadataStore] WARNING! POTENTIAL SECURITY RISK. It has been detected that the MessageSucker component which sucks messages from one node to another has not had its password changed from the installation default. Please see the JBoss Messaging user guide for instructions on how to do this.
2013-10-22 14:25:32,922 INFO  [org.jboss.jms.server.ServerPeer] JBoss Messaging 1.4.5.GA server [0] started
2013-10-22 14:25:33,122 INFO  [org.jboss.jms.server.connectionfactory.ConnectionFactory] Connector bisocket://arq-aio-sf:4457 has leasing enabled, lease period 10000 milliseconds
2013-10-22 14:25:33,122 INFO  [org.jboss.jms.server.connectionfactory.ConnectionFactory] org.jboss.jms.server.connectionfactory.ConnectionFactory@29ba204d started
2013-10-22 14:25:33,123 INFO  [org.jboss.jms.server.connectionfactory.ConnectionFactoryJNDIMapper] supportsFailover attribute is true on connection factory: jboss.messaging.connectionfactory:service=ClusteredConnectionFactory but post office is non clustered. So connection factory will *not* support failover
2013-10-22 14:25:33,123 INFO  [org.jboss.jms.server.connectionfactory.ConnectionFactoryJNDIMapper] supportsLoadBalancing attribute is true on connection factory: jboss.messaging.connectionfactory:service=ClusteredConnectionFactory but post office is non clustered. So connection factory will *not* support load balancing
2013-10-22 14:25:33,126 INFO  [org.jboss.jms.server.connectionfactory.ConnectionFactory] Connector bisocket://arq-aio-sf:4457 has leasing enabled, lease period 10000 milliseconds
2013-10-22 14:25:33,126 INFO  [org.jboss.jms.server.connectionfactory.ConnectionFactory] org.jboss.jms.server.connectionfactory.ConnectionFactory@2295aedf started
2013-10-22 14:25:33,127 INFO  [org.jboss.jms.server.connectionfactory.ConnectionFactory] Connector bisocket://arq-aio-sf:4457 has leasing enabled, lease period 10000 milliseconds
2013-10-22 14:25:33,127 INFO  [org.jboss.jms.server.connectionfactory.ConnectionFactory] org.jboss.jms.server.connectionfactory.ConnectionFactory@57202a06 started
2013-10-22 14:25:33,137 INFO  [org.jboss.jms.server.destination.QueueService] Queue[/queue/DLQ] started, fullSize=200000, pageSize=2000, downCacheSize=2000
2013-10-22 14:25:33,138 INFO  [org.jboss.jms.server.destination.QueueService] Queue[/queue/ExpiryQueue] started, fullSize=200000, pageSize=2000, downCacheSize=2000
2013-10-22 14:25:33,139 INFO  [org.jboss.jms.server.destination.QueueService] Queue[/queue/PrivateDLQ] started, fullSize=200000, pageSize=2000, downCacheSize=2000
2013-10-22 14:25:33,140 INFO  [org.jboss.jms.server.destination.QueueService] Queue[/queue/PrivateExpiryQueue] started, fullSize=200000, pageSize=2000, downCacheSize=2000
2013-10-22 14:25:33,141 INFO  [org.jboss.jms.server.destination.QueueService] Queue[/queue/QueueWithOwnDLQAndExpiryQueue] started, fullSize=200000, pageSize=2000, downCacheSize=2000
2013-10-22 14:25:33,143 INFO  [org.jboss.jms.server.destination.TopicService] Topic[/topic/TopicWithOwnDLQAndExpiryQueue] started, fullSize=200000, pageSize=2000, downCacheSize=2000
2013-10-22 14:25:33,145 INFO  [org.jboss.jms.server.destination.QueueService] Queue[/queue/QueueWithOwnRedeliveryDelay] started, fullSize=200000, pageSize=2000, downCacheSize=2000
2013-10-22 14:25:33,145 INFO  [org.jboss.jms.server.destination.TopicService] Topic[/topic/TopicWithOwnRedeliveryDelay] started, fullSize=200000, pageSize=2000, downCacheSize=2000
2013-10-22 14:25:33,148 INFO  [org.jboss.jms.server.destination.QueueService] Queue[/queue/connector_logger_esb] started, fullSize=200000, pageSize=2000, downCacheSize=2000
2013-10-22 14:25:33,247 INFO  [org.jboss.resource.connectionmanager.ConnectionFactoryBindingService] Bound ConnectionManager 'jboss.jca:service=ConnectionFactoryBinding,name=JmsXA' to JNDI name 'java:JmsXA'
2013-10-22 14:25:33,337 INFO  [org.jboss.web.tomcat.service.TomcatDeployer] deploy, ctxPath=/PublishSubscribeClient, warUrl=.../deploy/agesic/PublishSubscribeClient.war/
2013-10-22 14:25:33,479 INFO  [org.jboss.web.tomcat.service.TomcatDeployer] deploy, ctxPath=/jmx-console, warUrl=.../deploy/jmx-console.war/
2013-10-22 14:25:33,541 INFO  [org.jboss.deployment.EARDeployer] Init J2EE application: file:/home/jseba/opt/Conector_2.0/conector-pge/jboss-as/server/default/deploy/agesic/connector-pge-ear.ear/
2013-10-22 14:25:33,638 WARN  [org.jboss.deployment.DeploymentInfo] Only the root deployment can set the loader repository, ignoring config=LoaderRepositoryConfig(repositoryName: uy.gub.agesic:loader=connector-pge, repositoryClassName: org.jboss.mx.loading.HeirarchicalLoaderRepository3, configParserClassName: org.jboss.mx.loading.HeirarchicalLoaderRepository3ConfigParser, repositoryConfig: java2ParentDelegation=false)
2013-10-22 14:25:35,235 INFO  [org.jboss.ejb3.EJB3Deployer] Deployed: file:/home/jseba/opt/Conector_2.0/conector-pge/jboss-as/server/default/deploy/agesic/connector-pge-ear.ear/connector-pge-api.jar/
2013-10-22 14:25:39,731 INFO  [org.jboss.ejb3.EJB3Deployer] Deployed: file:/home/jseba/opt/Conector_2.0/conector-pge/jboss-as/server/default/deploy/agesic/connector-pge-ear.ear/connector-pge-ejb.jar/
2013-10-22 14:25:39,734 INFO  [org.jboss.deployment.EARDeployer] Started J2EE application: file:/home/jseba/opt/Conector_2.0/conector-pge/jboss-as/server/default/deploy/agesic/connector-pge-ear.ear/
2013-10-22 14:25:41,008 INFO  [org.jboss.soa.esb.listeners.config.JBoss4ESBDeployer] create esb service, agesic-sts.esb
2013-10-22 14:25:41,176 INFO  [org.jboss.soa.esb.listeners.config.JBoss4ESBDeployer] create esb service, connector-pge-esb.esb
2013-10-22 14:25:41,178 INFO  [org.jboss.ejb3.EJB3Deployer] Deployed: file:/home/jseba/opt/Conector_2.0/conector-pge/jboss-as/server/default/deploy/agesic/connector-pge-esb.esb/lib/connector-api.jar
2013-10-22 14:25:41,435 INFO  [org.jboss.soa.esb.listeners.config.JBoss4ESBDeployer] create esb service, esbUtils.esb
2013-10-22 14:25:41,809 INFO  [org.jboss.soa.esb.listeners.config.JBoss4ESBDeployer] create esb service, jbossesb.esb
2013-10-22 14:25:41,866 INFO  [org.jboss.jms.server.destination.QueueService] Queue[/queue/DeadMessageQueue] started, fullSize=200000, pageSize=2000, downCacheSize=2000
2013-10-22 14:25:41,867 INFO  [org.jboss.jms.server.destination.QueueService] Queue[/queue/DataCollectorQueue] started, fullSize=200000, pageSize=2000, downCacheSize=2000
2013-10-22 14:25:41,868 INFO  [org.jboss.jms.server.destination.QueueService] Queue[/queue/OperationsCollectorQueue] started, fullSize=200000, pageSize=2000, downCacheSize=2000
2013-10-22 14:25:41,869 INFO  [org.jboss.jms.server.destination.QueueService] Queue[/queue/OperationsResultCollectorQueue] started, fullSize=200000, pageSize=2000, downCacheSize=2000
2013-10-22 14:25:41,930 INFO  [org.jboss.resource.connectionmanager.ConnectionFactoryBindingService] Bound ConnectionManager 'jboss.jca:service=DataSourceBinding,name=JBossESBDS' to JNDI name 'java:JBossESBDS'
2013-10-22 14:25:41,937 INFO  [org.jboss.internal.soa.esb.dependencies.DatabaseInitializer] java:/JBossESBDS datasource is already initialized
2013-10-22 14:25:42,116 INFO  [org.jboss.internal.soa.esb.persistence.manager.J2eeConnectionManager] initializing...
2013-10-22 14:25:42,127 INFO  [org.jboss.soa.esb.message.MessagePayloadProxy] Using the non-legacy payload-to-message exchange pattern.  To switch back to the legacy exchange patterns, use the 'core:use.legacy.message.payload.exchange.patterns' property in jbossesb-properties.xml.
2013-10-22 14:25:42,947 INFO  [org.apache.juddi.v3.client.config.ClientConfig] Reading UDDI Client properties file file:/home/jseba/opt/Conector_2.0/conector-pge/jboss-as/server/default/data/uddi.xml
2013-10-22 14:25:42,954 INFO  [org.apache.juddi.v3.client.config.ClientConfig] XRegistration 0 servicebindingKeys
2013-10-22 14:25:42,954 INFO  [org.apache.juddi.v3.client.config.ClientConfig] XRegistration 0 businessKeys
2013-10-22 14:25:43,592 INFO  [org.quartz.core.QuartzScheduler] Quartz Scheduler v.1.5.2 created.
2013-10-22 14:25:43,594 INFO  [org.quartz.simpl.RAMJobStore] RAMJobStore initialized.
2013-10-22 14:25:43,595 INFO  [org.quartz.impl.StdSchedulerFactory] Quartz scheduler 'ESBScheduler:jbossesb.esb' initialized from an externally provided properties instance.
2013-10-22 14:25:43,595 INFO  [org.quartz.impl.StdSchedulerFactory] Quartz scheduler version: 1.5.2
2013-10-22 14:25:43,595 INFO  [org.quartz.core.QuartzScheduler] Scheduler ESBScheduler:jbossesb.esb_$_NON_CLUSTERED started.
2013-10-22 14:25:43,650 INFO  [org.jboss.soa.esb.listeners.config.JBoss4ESBDeployer] create esb service, slsb.esb
2013-10-22 14:25:43,704 INFO  [org.jboss.soa.esb.listeners.config.JBoss4ESBDeployer] create esb service, smooks.esb
2013-10-22 14:25:44,886 INFO  [org.jboss.soa.esb.listeners.config.JBoss4ESBDeployer] create esb service, soap.esb
2013-10-22 14:25:45,925 INFO  [org.apache.coyote.http11.Http11Protocol] Arrancando Coyote HTTP/1.1 en puerto http-0.0.0.0-8080
2013-10-22 14:25:45,938 INFO  [org.jboss.system.server.Server] JBoss (MX MicroKernel) [4.2.3.GA (build: SVNTag=JBoss_4_2_3_GA date=200807181417)] Started in 25s:800ms
2013-10-22 15:34:33,089 INFO  [org.jboss.system.server.Server] Runtime shutdown hook called, forceHalt: true
2013-10-22 15:34:33,154 INFO  [org.jboss.system.server.Server] JBoss SHUTDOWN: Undeploying all packages
2013-10-22 15:34:34,278 INFO  [org.jboss.resource.connectionmanager.ConnectionFactoryBindingService] Unbound ConnectionManager 'jboss.jca:service=DataSourceBinding,name=JBossESBDS' from JNDI name 'java:JBossESBDS'
2013-10-22 15:34:34,954 INFO  [org.jboss.jdbc.HypersonicDatabase] Database standalone closed clean
2013-10-22 15:34:34,955 INFO  [org.jboss.jms.server.destination.QueueService] Queue[/queue/OperationsResultCollectorQueue] stopped
2013-10-22 15:34:34,955 INFO  [org.jboss.jms.server.destination.QueueService] Queue[/queue/OperationsCollectorQueue] stopped
2013-10-22 15:34:34,955 INFO  [org.jboss.jms.server.destination.QueueService] Queue[/queue/DataCollectorQueue] stopped
2013-10-22 15:34:34,955 INFO  [org.jboss.jms.server.destination.QueueService] Queue[/queue/DeadMessageQueue] stopped
2013-10-22 15:34:34,956 INFO  [org.quartz.core.QuartzScheduler] Scheduler ESBScheduler:jbossesb.esb_$_NON_CLUSTERED shutting down.
2013-10-22 15:34:34,956 INFO  [org.quartz.core.QuartzScheduler] Scheduler ESBScheduler:jbossesb.esb_$_NON_CLUSTERED paused.
2013-10-22 15:34:34,956 INFO  [org.quartz.core.QuartzScheduler] Scheduler ESBScheduler:jbossesb.esb_$_NON_CLUSTERED shutdown complete.
2013-10-22 15:34:34,957 WARN  [org.jboss.soa.esb.listeners.message.ServiceMessageCounterLifecycleResource] Calling cleanup on existing service message counters for identity ID-0
2013-10-22 15:34:35,032 INFO  [org.jboss.web.tomcat.service.TomcatDeployer] undeploy, ctxPath=/conector-pge, warUrl=.../deploy/agesic/connector-pge-ear.ear/connector-pge-web.war/
2013-10-22 15:34:35,069 INFO  [org.jboss.deployment.EARDeployer] Undeploying J2EE application, destroy step: file:/home/jseba/opt/Conector_2.0/conector-pge/jboss-as/server/default/deploy/agesic/connector-pge-ear.ear/
2013-10-22 15:34:35,069 INFO  [org.jboss.deployment.EARDeployer] Undeployed J2EE application: file:/home/jseba/opt/Conector_2.0/conector-pge/jboss-as/server/default/deploy/agesic/connector-pge-ear.ear/
2013-10-22 15:34:35,072 INFO  [org.jboss.web.tomcat.service.TomcatDeployer] undeploy, ctxPath=/jmx-console, warUrl=.../deploy/jmx-console.war/
2013-10-22 15:34:35,120 INFO  [org.jboss.web.tomcat.service.TomcatDeployer] undeploy, ctxPath=/PublishSubscribeClient, warUrl=.../deploy/agesic/PublishSubscribeClient.war/
2013-10-22 15:34:35,170 INFO  [org.jboss.resource.connectionmanager.ConnectionFactoryBindingService] Unbound ConnectionManager 'jboss.jca:service=ConnectionFactoryBinding,name=JmsXA' from JNDI name 'java:JmsXA'
2013-10-22 15:34:35,173 INFO  [org.jboss.jms.server.connectionfactory.ConnectionFactory] org.jboss.jms.server.connectionfactory.ConnectionFactory@29ba204d undeployed
2013-10-22 15:34:35,173 INFO  [org.jboss.jms.server.connectionfactory.ConnectionFactory] org.jboss.jms.server.connectionfactory.ConnectionFactory@57202a06 undeployed
2013-10-22 15:34:35,173 INFO  [org.jboss.jms.server.connectionfactory.ConnectionFactory] org.jboss.jms.server.connectionfactory.ConnectionFactory@2295aedf undeployed
2013-10-22 15:34:35,173 INFO  [org.jboss.jms.server.destination.QueueService] Queue[/queue/DLQ] stopped
2013-10-22 15:34:35,174 INFO  [org.jboss.jms.server.destination.QueueService] Queue[/queue/ExpiryQueue] stopped
2013-10-22 15:34:35,174 INFO  [org.jboss.jms.server.destination.QueueService] Queue[/queue/PrivateDLQ] stopped
2013-10-22 15:34:35,174 INFO  [org.jboss.jms.server.destination.QueueService] Queue[/queue/PrivateExpiryQueue] stopped
2013-10-22 15:34:35,174 INFO  [org.jboss.jms.server.destination.QueueService] Queue[/queue/QueueWithOwnDLQAndExpiryQueue] stopped
2013-10-22 15:34:35,174 INFO  [org.jboss.jms.server.destination.TopicService] Topic[/topic/TopicWithOwnDLQAndExpiryQueue] stopped
2013-10-22 15:34:35,175 INFO  [org.jboss.jms.server.destination.QueueService] Queue[/queue/QueueWithOwnRedeliveryDelay] stopped
2013-10-22 15:34:35,175 INFO  [org.jboss.jms.server.destination.TopicService] Topic[/topic/TopicWithOwnRedeliveryDelay] stopped
2013-10-22 15:34:35,175 INFO  [org.jboss.jms.server.destination.QueueService] Queue[/queue/connector_logger_esb] stopped
2013-10-22 15:34:35,377 INFO  [org.jboss.jms.server.ServerPeer] JMS ServerPeer[0] stopped
2013-10-22 15:34:35,377 INFO  [org.jboss.resource.connectionmanager.ConnectionFactoryBindingService] Unbound ConnectionManager 'jboss.jca:service=DataSourceBinding,name=DefaultDS' from JNDI name 'java:DefaultDS'
2013-10-22 15:34:35,729 INFO  [org.jboss.jdbc.HypersonicDatabase] Database standalone closed clean
2013-10-22 15:34:35,733 INFO  [org.jboss.resource.connectionmanager.ConnectionFactoryBindingService] Unbound ConnectionManager 'jboss.jca:service=DataSourceBinding,name=ConnectorPGEDS' from JNDI name 'java:ConnectorPGEDS'
2013-10-22 15:34:35,735 ERROR [org.jboss.jdbc.DerbyDatabase] According to the docs, should have caught an exception!
2013-10-22 15:34:35,741 INFO  [org.jboss.internal.soa.esb.dependencies.JuddiRMIService] Unbinding juddi services
2013-10-22 15:34:35,741 INFO  [org.apache.juddi.Registry] Stopping jUDDI registry...
2013-10-22 15:34:35,742 INFO  [org.apache.juddi.Registry] Shutting down SubscriptionNotifier
2013-10-22 15:34:35,742 INFO  [org.apache.juddi.Registry] jUDDI shutdown completed.
2013-10-22 15:34:35,742 INFO  [org.jboss.resource.connectionmanager.ConnectionFactoryBindingService] Unbound ConnectionManager 'jboss.jca:service=DataSourceBinding,name=juddiDB' from JNDI name 'java:juddiDB'
2013-10-22 15:34:35,761 INFO  [org.apache.coyote.http11.Http11Protocol] Pausing Coyote HTTP/1.1 on http-0.0.0.0-8080
2013-10-22 15:34:36,761 INFO  [org.apache.catalina.core.StandardService] Parando servicio jboss.web
2013-10-22 15:34:36,823 INFO  [org.apache.coyote.http11.Http11Protocol] Stopping Coyote HTTP/1.1 on http-0.0.0.0-8080
2013-10-22 15:34:36,824 INFO  [org.jboss.web.tomcat.service.TomcatDeployer] undeploy, ctxPath=/, warUrl=.../deploy/jboss-web.deployer/ROOT.war/
2013-10-22 15:34:36,824 INFO  [org.jboss.web.tomcat.service.TomcatDeployer] undeploy, ctxPath=/jbossws, warUrl=.../deploy/jbossws.sar/jbossws-context.war/
2013-10-22 15:34:37,306 INFO  [org.jboss.jdbc.HypersonicDatabase] Database standalone closed clean
2013-10-22 15:34:37,372 INFO  [org.jboss.internal.soa.esb.couriers.transport.InVMTemporaryTransport] Stopping reaper thread
2013-10-22 15:34:37,546 INFO  [com.arjuna.ats.jbossatx.jta.TransactionManagerService] Stopping recovery manager
2013-10-22 15:34:37,566 INFO  [org.jboss.system.server.Server] Shutdown complete
