19-Mar-2018 12:14:56.503 INFORMACIÓN [main] org.apache.catalina.startup.VersionLoggerListener.log Server version:        Apache Tomcat/8.5.23
19-Mar-2018 12:14:56.509 INFORMACIÓN [main] org.apache.catalina.startup.VersionLoggerListener.log Server built:          Sep 28 2017 10:30:11 UTC
19-Mar-2018 12:14:56.509 INFORMACIÓN [main] org.apache.catalina.startup.VersionLoggerListener.log Server number:         8.5.23.0
19-Mar-2018 12:14:56.509 INFORMACIÓN [main] org.apache.catalina.startup.VersionLoggerListener.log OS Name:               Windows 7
19-Mar-2018 12:14:56.510 INFORMACIÓN [main] org.apache.catalina.startup.VersionLoggerListener.log OS Version:            6.1
19-Mar-2018 12:14:56.510 INFORMACIÓN [main] org.apache.catalina.startup.VersionLoggerListener.log Architecture:          amd64
19-Mar-2018 12:14:56.514 INFORMACIÓN [main] org.apache.catalina.startup.VersionLoggerListener.log Java Home:             C:\temp\conector_empaquetado_web_v2\conector_empaquetado_web\jre1.8.0_151_win
19-Mar-2018 12:14:56.515 INFORMACIÓN [main] org.apache.catalina.startup.VersionLoggerListener.log JVM Version:           1.8.0_151-b12
19-Mar-2018 12:14:56.515 INFORMACIÓN [main] org.apache.catalina.startup.VersionLoggerListener.log JVM Vendor:            Oracle Corporation
19-Mar-2018 12:14:56.515 INFORMACIÓN [main] org.apache.catalina.startup.VersionLoggerListener.log CATALINA_BASE:         C:\temp\conector_empaquetado_web_v2\conector_empaquetado_web\apache-tomcat-8.5.23
19-Mar-2018 12:14:56.516 INFORMACIÓN [main] org.apache.catalina.startup.VersionLoggerListener.log CATALINA_HOME:         C:\temp\conector_empaquetado_web_v2\conector_empaquetado_web\apache-tomcat-8.5.23
19-Mar-2018 12:14:56.517 INFORMACIÓN [main] org.apache.catalina.startup.VersionLoggerListener.log Command line argument: -Djava.util.logging.config.file=C:\temp\conector_empaquetado_web_v2\conector_empaquetado_web\apache-tomcat-8.5.23\conf\logging.properties
19-Mar-2018 12:14:56.518 INFORMACIÓN [main] org.apache.catalina.startup.VersionLoggerListener.log Command line argument: -Djava.util.logging.manager=org.apache.juli.ClassLoaderLogManager
19-Mar-2018 12:14:56.519 INFORMACIÓN [main] org.apache.catalina.startup.VersionLoggerListener.log Command line argument: -Djdk.tls.ephemeralDHKeySize=2048
19-Mar-2018 12:14:56.520 INFORMACIÓN [main] org.apache.catalina.startup.VersionLoggerListener.log Command line argument: -Djava.protocol.handler.pkgs=org.apache.catalina.webresources
19-Mar-2018 12:14:56.521 INFORMACIÓN [main] org.apache.catalina.startup.VersionLoggerListener.log Command line argument: -Dfile.encoding=UTF-8
19-Mar-2018 12:14:56.522 INFORMACIÓN [main] org.apache.catalina.startup.VersionLoggerListener.log Command line argument: -Dconnector.integration.mtomTempLocation=C:\temp\conector_empaquetado_web_v2\conector_empaquetado_web\apache-tomcat-8.5.23/temp/mtom/
19-Mar-2018 12:14:56.524 INFORMACIÓN [main] org.apache.catalina.startup.VersionLoggerListener.log Command line argument: -DuploadFolder=C:\temp\conector_empaquetado_web_v2\conector_empaquetado_web\apache-tomcat-8.5.23/connector
19-Mar-2018 12:14:56.525 INFORMACIÓN [main] org.apache.catalina.startup.VersionLoggerListener.log Command line argument: -Dconnector.integration.configLocation=C:\temp\conector_empaquetado_web_v2\conector_empaquetado_web\apache-tomcat-8.5.23/conf
19-Mar-2018 12:14:56.526 INFORMACIÓN [main] org.apache.catalina.startup.VersionLoggerListener.log Command line argument: -Dconnector.web.configLocation=C:\temp\conector_empaquetado_web_v2\conector_empaquetado_web\apache-tomcat-8.5.23/conf
19-Mar-2018 12:14:56.527 INFORMACIÓN [main] org.apache.catalina.startup.VersionLoggerListener.log Command line argument: -Dconnector.integration.log4jLocation=C:\temp\conector_empaquetado_web_v2\conector_empaquetado_web\apache-tomcat-8.5.23/logs
19-Mar-2018 12:14:56.528 INFORMACIÓN [main] org.apache.catalina.startup.VersionLoggerListener.log Command line argument: -Dderby.system.home=C:\temp\conector_empaquetado_web_v2\conector_empaquetado_web\apache-tomcat-8.5.23/derby
19-Mar-2018 12:14:56.529 INFORMACIÓN [main] org.apache.catalina.startup.VersionLoggerListener.log Command line argument: -Dconnector.web.log4jLocation=C:\temp\conector_empaquetado_web_v2\conector_empaquetado_web\apache-tomcat-8.5.23/logs
19-Mar-2018 12:14:56.530 INFORMACIÓN [main] org.apache.catalina.startup.VersionLoggerListener.log Command line argument: -Dcatalina.base=C:\temp\conector_empaquetado_web_v2\conector_empaquetado_web\apache-tomcat-8.5.23
19-Mar-2018 12:14:56.531 INFORMACIÓN [main] org.apache.catalina.startup.VersionLoggerListener.log Command line argument: -Dcatalina.home=C:\temp\conector_empaquetado_web_v2\conector_empaquetado_web\apache-tomcat-8.5.23
19-Mar-2018 12:14:56.532 INFORMACIÓN [main] org.apache.catalina.startup.VersionLoggerListener.log Command line argument: -Djava.io.tmpdir=C:\temp\conector_empaquetado_web_v2\conector_empaquetado_web\apache-tomcat-8.5.23\temp
19-Mar-2018 12:14:56.533 INFORMACIÓN [main] org.apache.catalina.core.AprLifecycleListener.lifecycleEvent La biblioteca nativa de Apache Tomcat basada en ARP que permite un rendimiento óptimo en entornos de desarrollo no ha sido hallada en java.library.path: [C:\temp\conector_empaquetado_web_v2\conector_empaquetado_web\jre1.8.0_151_win\bin;C:\Windows\Sun\Java\bin;C:\Windows\system32;C:\Windows;C:\Program Files (x86)\Python35-32\Scripts\;C:\Program Files (x86)\Python35-32\;C:\ProgramData\Oracle\Java\javapath;C:\Windows\system32;C:\Windows;C:\Windows\System32\Wbem;C:\Windows\System32\WindowsPowerShell\v1.0\;C:\Program Files\Intel\WiFi\bin\;C:\Program Files\Common Files\Intel\WirelessCommon\;C:\Program Files\Git\cmd;C:\gradle-2.12\bin;C:\Program Files (x86)\Skype\Phone\;C:\Program Files\Docker Toolbox;C:\apache-maven-3.3.9\bin;C:\Users\guzman.llambias\AppData\Roaming\Python\Python35\Scripts;.]
19-Mar-2018 12:14:56.856 INFORMACIÓN [main] org.apache.coyote.AbstractProtocol.init Initializing ProtocolHandler ["http-nio-9700"]
19-Mar-2018 12:14:59.057 INFORMACIÓN [main] org.apache.tomcat.util.net.NioSelectorPool.getSharedSelector Using a shared selector for servlet write/read
19-Mar-2018 12:14:59.074 INFORMACIÓN [main] org.apache.coyote.AbstractProtocol.init Initializing ProtocolHandler ["http-nio-9800"]
19-Mar-2018 12:14:59.079 INFORMACIÓN [main] org.apache.tomcat.util.net.NioSelectorPool.getSharedSelector Using a shared selector for servlet write/read
19-Mar-2018 12:14:59.084 INFORMACIÓN [main] org.apache.coyote.AbstractProtocol.init Initializing ProtocolHandler ["https-jsse-nio-8443"]
19-Mar-2018 12:15:01.509 INFORMACIÓN [main] org.apache.tomcat.util.net.NioSelectorPool.getSharedSelector Using a shared selector for servlet write/read
19-Mar-2018 12:15:01.511 INFORMACIÓN [main] org.apache.coyote.AbstractProtocol.init Initializing ProtocolHandler ["https-jsse-nio-8553"]
19-Mar-2018 12:15:01.528 INFORMACIÓN [main] org.apache.tomcat.util.net.NioSelectorPool.getSharedSelector Using a shared selector for servlet write/read
19-Mar-2018 12:15:01.531 INFORMACIÓN [main] org.apache.coyote.AbstractProtocol.init Initializing ProtocolHandler ["ajp-nio-8009"]
19-Mar-2018 12:15:01.539 INFORMACIÓN [main] org.apache.tomcat.util.net.NioSelectorPool.getSharedSelector Using a shared selector for servlet write/read
19-Mar-2018 12:15:01.540 INFORMACIÓN [main] org.apache.catalina.startup.Catalina.load Initialization processed in 6172 ms
19-Mar-2018 12:15:01.637 INFORMACIÓN [main] org.apache.catalina.core.StandardService.startInternal Arrancando servicio [Catalina]
19-Mar-2018 12:15:01.638 INFORMACIÓN [main] org.apache.catalina.core.StandardEngine.startInternal Starting Servlet Engine: Apache Tomcat/8.5.23
19-Mar-2018 12:15:01.696 INFORMACIÓN [localhost-startStop-1] org.apache.catalina.startup.HostConfig.deployWAR Despliegue del archivo [C:\temp\conector_empaquetado_web_v2\conector_empaquetado_web\apache-tomcat-8.5.23\webapps\aderby.war] de la aplicación web
19-Mar-2018 12:15:03.319 INFORMACIÓN [localhost-startStop-1] org.apache.jasper.servlet.TldScanner.scanJars Al menos un JAR, que se ha explorado buscando TLDs, aún no contenía TLDs. Activar historial de depuración para este historiador para una completa lista de los JARs que fueron explorados y de los que nos se halló TLDs. Saltarse JARs no necesarios durante la exploración puede dar lugar a una mejora de tiempo significativa en el arranque y compilación de JSP .
19-Mar-2018 12:15:05.905 INFORMACIÓN [localhost-startStop-1] org.apache.catalina.startup.HostConfig.deployWAR Deployment of web application archive [C:\temp\conector_empaquetado_web_v2\conector_empaquetado_web\apache-tomcat-8.5.23\webapps\aderby.war] has finished in [4.206] ms
19-Mar-2018 12:15:05.909 INFORMACIÓN [localhost-startStop-1] org.apache.catalina.startup.HostConfig.deployWAR Despliegue del archivo [C:\temp\conector_empaquetado_web_v2\conector_empaquetado_web\apache-tomcat-8.5.23\webapps\connector-runtime.war] de la aplicación web
19-Mar-2018 12:15:12.794 INFORMACIÓN [localhost-startStop-1] org.apache.jasper.servlet.TldScanner.scanJars Al menos un JAR, que se ha explorado buscando TLDs, aún no contenía TLDs. Activar historial de depuración para este historiador para una completa lista de los JARs que fueron explorados y de los que nos se halló TLDs. Saltarse JARs no necesarios durante la exploración puede dar lugar a una mejora de tiempo significativa en el arranque y compilación de JSP .
19-Mar-2018 12:15:27.676 INFORMACIÓN [localhost-startStop-1] org.apache.catalina.startup.HostConfig.deployWAR Deployment of web application archive [C:\temp\conector_empaquetado_web_v2\conector_empaquetado_web\apache-tomcat-8.5.23\webapps\connector-runtime.war] has finished in [21.767] ms
19-Mar-2018 12:15:27.681 INFORMACIÓN [localhost-startStop-1] org.apache.catalina.startup.HostConfig.deployWAR Despliegue del archivo [C:\temp\conector_empaquetado_web_v2\conector_empaquetado_web\apache-tomcat-8.5.23\webapps\connector-web.war] de la aplicación web
19-Mar-2018 12:15:32.112 INFORMACIÓN [localhost-startStop-1] org.apache.jasper.servlet.TldScanner.scanJars Al menos un JAR, que se ha explorado buscando TLDs, aún no contenía TLDs. Activar historial de depuración para este historiador para una completa lista de los JARs que fueron explorados y de los que nos se halló TLDs. Saltarse JARs no necesarios durante la exploración puede dar lugar a una mejora de tiempo significativa en el arranque y compilación de JSP .
19-Mar-2018 12:15:44.808 INFORMACIÓN [localhost-startStop-1] org.apache.catalina.startup.HostConfig.deployWAR Deployment of web application archive [C:\temp\conector_empaquetado_web_v2\conector_empaquetado_web\apache-tomcat-8.5.23\webapps\connector-web.war] has finished in [17.127] ms
19-Mar-2018 12:15:45.250 INFORMACIÓN [localhost-startStop-1] org.apache.catalina.startup.HostConfig.deployDirectory Despliegue del directorio [C:\temp\conector_empaquetado_web_v2\conector_empaquetado_web\apache-tomcat-8.5.23\webapps\docs] de la aplicación web
19-Mar-2018 12:15:45.805 INFORMACIÓN [localhost-startStop-1] org.apache.jasper.servlet.TldScanner.scanJars Al menos un JAR, que se ha explorado buscando TLDs, aún no contenía TLDs. Activar historial de depuración para este historiador para una completa lista de los JARs que fueron explorados y de los que nos se halló TLDs. Saltarse JARs no necesarios durante la exploración puede dar lugar a una mejora de tiempo significativa en el arranque y compilación de JSP .
19-Mar-2018 12:15:45.809 INFORMACIÓN [localhost-startStop-1] org.apache.catalina.startup.HostConfig.deployDirectory Deployment of web application directory [C:\temp\conector_empaquetado_web_v2\conector_empaquetado_web\apache-tomcat-8.5.23\webapps\docs] has finished in [559] ms
19-Mar-2018 12:15:45.809 INFORMACIÓN [localhost-startStop-1] org.apache.catalina.startup.HostConfig.deployDirectory Despliegue del directorio [C:\temp\conector_empaquetado_web_v2\conector_empaquetado_web\apache-tomcat-8.5.23\webapps\examples] de la aplicación web
19-Mar-2018 12:15:47.025 INFORMACIÓN [localhost-startStop-1] org.apache.jasper.servlet.TldScanner.scanJars Al menos un JAR, que se ha explorado buscando TLDs, aún no contenía TLDs. Activar historial de depuración para este historiador para una completa lista de los JARs que fueron explorados y de los que nos se halló TLDs. Saltarse JARs no necesarios durante la exploración puede dar lugar a una mejora de tiempo significativa en el arranque y compilación de JSP .
19-Mar-2018 12:15:47.137 INFORMACIÓN [localhost-startStop-1] org.apache.catalina.startup.HostConfig.deployDirectory Deployment of web application directory [C:\temp\conector_empaquetado_web_v2\conector_empaquetado_web\apache-tomcat-8.5.23\webapps\examples] has finished in [1.327] ms
19-Mar-2018 12:15:47.137 INFORMACIÓN [localhost-startStop-1] org.apache.catalina.startup.HostConfig.deployDirectory Despliegue del directorio [C:\temp\conector_empaquetado_web_v2\conector_empaquetado_web\apache-tomcat-8.5.23\webapps\host-manager] de la aplicación web
19-Mar-2018 12:15:47.568 INFORMACIÓN [localhost-startStop-1] org.apache.jasper.servlet.TldScanner.scanJars Al menos un JAR, que se ha explorado buscando TLDs, aún no contenía TLDs. Activar historial de depuración para este historiador para una completa lista de los JARs que fueron explorados y de los que nos se halló TLDs. Saltarse JARs no necesarios durante la exploración puede dar lugar a una mejora de tiempo significativa en el arranque y compilación de JSP .
19-Mar-2018 12:15:47.574 INFORMACIÓN [localhost-startStop-1] org.apache.catalina.startup.HostConfig.deployDirectory Deployment of web application directory [C:\temp\conector_empaquetado_web_v2\conector_empaquetado_web\apache-tomcat-8.5.23\webapps\host-manager] has finished in [436] ms
19-Mar-2018 12:15:47.575 INFORMACIÓN [localhost-startStop-1] org.apache.catalina.startup.HostConfig.deployDirectory Despliegue del directorio [C:\temp\conector_empaquetado_web_v2\conector_empaquetado_web\apache-tomcat-8.5.23\webapps\manager] de la aplicación web
19-Mar-2018 12:15:48.003 INFORMACIÓN [localhost-startStop-1] org.apache.jasper.servlet.TldScanner.scanJars Al menos un JAR, que se ha explorado buscando TLDs, aún no contenía TLDs. Activar historial de depuración para este historiador para una completa lista de los JARs que fueron explorados y de los que nos se halló TLDs. Saltarse JARs no necesarios durante la exploración puede dar lugar a una mejora de tiempo significativa en el arranque y compilación de JSP .
19-Mar-2018 12:15:48.007 INFORMACIÓN [localhost-startStop-1] org.apache.catalina.startup.HostConfig.deployDirectory Deployment of web application directory [C:\temp\conector_empaquetado_web_v2\conector_empaquetado_web\apache-tomcat-8.5.23\webapps\manager] has finished in [432] ms
19-Mar-2018 12:15:48.007 INFORMACIÓN [localhost-startStop-1] org.apache.catalina.startup.HostConfig.deployDirectory Despliegue del directorio [C:\temp\conector_empaquetado_web_v2\conector_empaquetado_web\apache-tomcat-8.5.23\webapps\ROOT] de la aplicación web
19-Mar-2018 12:15:48.535 INFORMACIÓN [localhost-startStop-1] org.apache.jasper.servlet.TldScanner.scanJars Al menos un JAR, que se ha explorado buscando TLDs, aún no contenía TLDs. Activar historial de depuración para este historiador para una completa lista de los JARs que fueron explorados y de los que nos se halló TLDs. Saltarse JARs no necesarios durante la exploración puede dar lugar a una mejora de tiempo significativa en el arranque y compilación de JSP .
19-Mar-2018 12:15:48.539 INFORMACIÓN [localhost-startStop-1] org.apache.catalina.startup.HostConfig.deployDirectory Deployment of web application directory [C:\temp\conector_empaquetado_web_v2\conector_empaquetado_web\apache-tomcat-8.5.23\webapps\ROOT] has finished in [532] ms
19-Mar-2018 12:15:48.543 INFORMACIÓN [main] org.apache.coyote.AbstractProtocol.start Starting ProtocolHandler ["http-nio-9700"]
19-Mar-2018 12:15:48.554 INFORMACIÓN [main] org.apache.coyote.AbstractProtocol.start Starting ProtocolHandler ["http-nio-9800"]
19-Mar-2018 12:15:48.559 INFORMACIÓN [main] org.apache.coyote.AbstractProtocol.start Starting ProtocolHandler ["https-jsse-nio-8443"]
19-Mar-2018 12:15:48.565 INFORMACIÓN [main] org.apache.coyote.AbstractProtocol.start Starting ProtocolHandler ["https-jsse-nio-8553"]
19-Mar-2018 12:15:48.572 INFORMACIÓN [main] org.apache.coyote.AbstractProtocol.start Starting ProtocolHandler ["ajp-nio-8009"]
19-Mar-2018 12:15:48.577 INFORMACIÓN [main] org.apache.catalina.startup.Catalina.start Server startup in 47035 ms
19-Mar-2018 12:35:33.805 INFORMACIÓN [Thread-18] org.apache.coyote.AbstractProtocol.pause Pausing ProtocolHandler ["http-nio-9700"]
19-Mar-2018 12:35:35.585 INFORMACIÓN [Thread-18] org.apache.coyote.AbstractProtocol.pause Pausing ProtocolHandler ["http-nio-9800"]
19-Mar-2018 12:35:37.456 INFORMACIÓN [Thread-18] org.apache.coyote.AbstractProtocol.pause Pausing ProtocolHandler ["https-jsse-nio-8443"]
19-Mar-2018 12:35:38.977 INFORMACIÓN [Thread-18] org.apache.coyote.AbstractProtocol.pause Pausing ProtocolHandler ["https-jsse-nio-8553"]
19-Mar-2018 12:35:40.168 INFORMACIÓN [Thread-18] org.apache.coyote.AbstractProtocol.pause Pausing ProtocolHandler ["ajp-nio-8009"]
19-Mar-2018 12:35:41.146 INFORMACIÓN [Thread-18] org.apache.catalina.core.StandardService.stopInternal Parando servicio [Catalina]
19-Mar-2018 12:35:41.361 ADVERTENCIA [localhost-startStop-2] org.apache.catalina.loader.WebappClassLoaderBase.clearReferencesJdbc La aplicación web [connector-runtime] registró el conductor JDBC [org.apache.derby.jdbc.ClientDriver] pero falló al anular el registro mientras la aplicación web estaba parada. Para prevenir un fallo de memoria, se ha anulado el registro del conductor JDBC por la fuerza.
19-Mar-2018 12:35:41.423 ADVERTENCIA [localhost-startStop-2] org.apache.catalina.loader.WebappClassLoaderBase.clearReferencesThreads The web application [aderby] appears to have started a thread named [derby.NetworkServerStarter] but has failed to stop it. This is very likely to create a memory leak. Stack trace of thread:
 java.lang.Object.wait(Native Method)
 java.lang.Object.wait(Object.java:502)
 org.apache.derby.impl.drda.NetworkServerControlImpl.blockingStart(Unknown Source)
 sun.reflect.NativeMethodAccessorImpl.invoke0(Native Method)
 sun.reflect.NativeMethodAccessorImpl.invoke(NativeMethodAccessorImpl.java:62)
 sun.reflect.DelegatingMethodAccessorImpl.invoke(DelegatingMethodAccessorImpl.java:43)
 java.lang.reflect.Method.invoke(Method.java:498)
 org.apache.derby.iapi.jdbc.DRDAServerStarter.run(Unknown Source)
 java.lang.Thread.run(Thread.java:748)
19-Mar-2018 12:35:41.426 ADVERTENCIA [localhost-startStop-2] org.apache.catalina.loader.WebappClassLoaderBase.clearReferencesThreads The web application [aderby] appears to have started a thread named [NetworkServerThread_1] but has failed to stop it. This is very likely to create a memory leak. Stack trace of thread:
 java.net.DualStackPlainSocketImpl.accept0(Native Method)
 java.net.DualStackPlainSocketImpl.socketAccept(DualStackPlainSocketImpl.java:131)
 java.net.AbstractPlainSocketImpl.accept(AbstractPlainSocketImpl.java:409)
 java.net.PlainSocketImpl.accept(PlainSocketImpl.java:199)
 java.net.ServerSocket.implAccept(ServerSocket.java:545)
 java.net.ServerSocket.accept(ServerSocket.java:513)
 org.apache.derby.impl.drda.ClientThread$1.run(Unknown Source)
 org.apache.derby.impl.drda.ClientThread$1.run(Unknown Source)
 java.security.AccessController.doPrivileged(Native Method)
 org.apache.derby.impl.drda.ClientThread.acceptClientWithRetry(Unknown Source)
 org.apache.derby.impl.drda.ClientThread.run(Unknown Source)
19-Mar-2018 12:35:41.428 ADVERTENCIA [localhost-startStop-2] org.apache.catalina.loader.WebappClassLoaderBase.clearReferencesThreads The web application [aderby] appears to have started a thread named [DRDAConnThread_2] but has failed to stop it. This is very likely to create a memory leak. Stack trace of thread:
 java.lang.Object.wait(Native Method)
 java.lang.Object.wait(Object.java:502)
 org.apache.derby.impl.drda.NetworkServerControlImpl.getNextSession(Unknown Source)
 org.apache.derby.impl.drda.DRDAConnThread.run(Unknown Source)
19-Mar-2018 12:35:41.429 ADVERTENCIA [localhost-startStop-2] org.apache.catalina.loader.WebappClassLoaderBase.clearReferencesThreads The web application [aderby] appears to have started a thread named [DRDAConnThread_3] but has failed to stop it. This is very likely to create a memory leak. Stack trace of thread:
 java.lang.Object.wait(Native Method)
 java.lang.Object.wait(Object.java:502)
 org.apache.derby.impl.drda.NetworkServerControlImpl.getNextSession(Unknown Source)
 org.apache.derby.impl.drda.DRDAConnThread.run(Unknown Source)
19-Mar-2018 12:35:41.430 ADVERTENCIA [localhost-startStop-2] org.apache.catalina.loader.WebappClassLoaderBase.clearReferencesThreads The web application [aderby] appears to have started a thread named [DRDAConnThread_4] but has failed to stop it. This is very likely to create a memory leak. Stack trace of thread:
 java.lang.Object.wait(Native Method)
 java.lang.Object.wait(Object.java:502)
 org.apache.derby.impl.drda.NetworkServerControlImpl.getNextSession(Unknown Source)
 org.apache.derby.impl.drda.DRDAConnThread.run(Unknown Source)
19-Mar-2018 12:35:41.432 ADVERTENCIA [localhost-startStop-2] org.apache.catalina.loader.WebappClassLoaderBase.clearReferencesThreads The web application [aderby] appears to have started a thread named [DRDAConnThread_5] but has failed to stop it. This is very likely to create a memory leak. Stack trace of thread:
 java.lang.Object.wait(Native Method)
 java.lang.Object.wait(Object.java:502)
 org.apache.derby.impl.drda.NetworkServerControlImpl.getNextSession(Unknown Source)
 org.apache.derby.impl.drda.DRDAConnThread.run(Unknown Source)
19-Mar-2018 12:35:41.433 ADVERTENCIA [localhost-startStop-2] org.apache.catalina.loader.WebappClassLoaderBase.clearReferencesThreads The web application [aderby] appears to have started a thread named [DRDAConnThread_6] but has failed to stop it. This is very likely to create a memory leak. Stack trace of thread:
 java.lang.Object.wait(Native Method)
 java.lang.Object.wait(Object.java:502)
 org.apache.derby.impl.drda.NetworkServerControlImpl.getNextSession(Unknown Source)
 org.apache.derby.impl.drda.DRDAConnThread.run(Unknown Source)
19-Mar-2018 12:35:41.434 ADVERTENCIA [localhost-startStop-2] org.apache.catalina.loader.WebappClassLoaderBase.clearReferencesThreads The web application [aderby] appears to have started a thread named [DRDAConnThread_7] but has failed to stop it. This is very likely to create a memory leak. Stack trace of thread:
 java.lang.Object.wait(Native Method)
 java.lang.Object.wait(Object.java:502)
 org.apache.derby.impl.drda.NetworkServerControlImpl.getNextSession(Unknown Source)
 org.apache.derby.impl.drda.DRDAConnThread.run(Unknown Source)
19-Mar-2018 12:35:41.435 ADVERTENCIA [localhost-startStop-2] org.apache.catalina.loader.WebappClassLoaderBase.clearReferencesThreads The web application [aderby] appears to have started a thread named [DRDAConnThread_8] but has failed to stop it. This is very likely to create a memory leak. Stack trace of thread:
 java.lang.Object.wait(Native Method)
 java.lang.Object.wait(Object.java:502)
 org.apache.derby.impl.drda.NetworkServerControlImpl.getNextSession(Unknown Source)
 org.apache.derby.impl.drda.DRDAConnThread.run(Unknown Source)
19-Mar-2018 12:35:41.437 ADVERTENCIA [localhost-startStop-2] org.apache.catalina.loader.WebappClassLoaderBase.clearReferencesThreads The web application [aderby] appears to have started a thread named [DRDAConnThread_9] but has failed to stop it. This is very likely to create a memory leak. Stack trace of thread:
 java.lang.Object.wait(Native Method)
 java.lang.Object.wait(Object.java:502)
 org.apache.derby.impl.drda.NetworkServerControlImpl.getNextSession(Unknown Source)
 org.apache.derby.impl.drda.DRDAConnThread.run(Unknown Source)
19-Mar-2018 12:35:41.438 ADVERTENCIA [localhost-startStop-2] org.apache.catalina.loader.WebappClassLoaderBase.clearReferencesThreads The web application [aderby] appears to have started a thread named [DRDAConnThread_10] but has failed to stop it. This is very likely to create a memory leak. Stack trace of thread:
 java.lang.Object.wait(Native Method)
 java.lang.Object.wait(Object.java:502)
 org.apache.derby.impl.drda.NetworkServerControlImpl.getNextSession(Unknown Source)
 org.apache.derby.impl.drda.DRDAConnThread.run(Unknown Source)
19-Mar-2018 12:35:41.439 ADVERTENCIA [localhost-startStop-2] org.apache.catalina.loader.WebappClassLoaderBase.clearReferencesThreads The web application [aderby] appears to have started a thread named [DRDAConnThread_11] but has failed to stop it. This is very likely to create a memory leak. Stack trace of thread:
 java.lang.Object.wait(Native Method)
 java.lang.Object.wait(Object.java:502)
 org.apache.derby.impl.drda.NetworkServerControlImpl.getNextSession(Unknown Source)
 org.apache.derby.impl.drda.DRDAConnThread.run(Unknown Source)
19-Mar-2018 12:35:41.441 ADVERTENCIA [localhost-startStop-2] org.apache.catalina.loader.WebappClassLoaderBase.clearReferencesThreads The web application [aderby] appears to have started a thread named [DRDAConnThread_12] but has failed to stop it. This is very likely to create a memory leak. Stack trace of thread:
 java.net.SocketInputStream.socketRead0(Native Method)
 java.net.SocketInputStream.socketRead(SocketInputStream.java:116)
 java.net.SocketInputStream.read(SocketInputStream.java:171)
 java.net.SocketInputStream.read(SocketInputStream.java:141)
 org.apache.derby.impl.drda.DDMReader.fill(Unknown Source)
 org.apache.derby.impl.drda.DDMReader.ensureALayerDataInBuffer(Unknown Source)
 org.apache.derby.impl.drda.DDMReader.readDssHeader(Unknown Source)
 org.apache.derby.impl.drda.DRDAConnThread.processCommands(Unknown Source)
 org.apache.derby.impl.drda.DRDAConnThread.run(Unknown Source)
19-Mar-2018 12:35:41.442 ADVERTENCIA [localhost-startStop-2] org.apache.catalina.loader.WebappClassLoaderBase.clearReferencesThreads The web application [aderby] appears to have started a thread named [DRDAConnThread_13] but has failed to stop it. This is very likely to create a memory leak. Stack trace of thread:
 java.net.SocketInputStream.socketRead0(Native Method)
 java.net.SocketInputStream.socketRead(SocketInputStream.java:116)
 java.net.SocketInputStream.read(SocketInputStream.java:171)
 java.net.SocketInputStream.read(SocketInputStream.java:141)
 org.apache.derby.impl.drda.DDMReader.fill(Unknown Source)
 org.apache.derby.impl.drda.DDMReader.ensureALayerDataInBuffer(Unknown Source)
 org.apache.derby.impl.drda.DDMReader.readDssHeader(Unknown Source)
 org.apache.derby.impl.drda.DRDAConnThread.processCommands(Unknown Source)
 org.apache.derby.impl.drda.DRDAConnThread.run(Unknown Source)
19-Mar-2018 12:35:41.444 ADVERTENCIA [localhost-startStop-2] org.apache.catalina.loader.WebappClassLoaderBase.clearReferencesThreads The web application [aderby] appears to have started a thread named [DRDAConnThread_14] but has failed to stop it. This is very likely to create a memory leak. Stack trace of thread:
 java.net.SocketInputStream.socketRead0(Native Method)
 java.net.SocketInputStream.socketRead(SocketInputStream.java:116)
 java.net.SocketInputStream.read(SocketInputStream.java:171)
 java.net.SocketInputStream.read(SocketInputStream.java:141)
 org.apache.derby.impl.drda.DDMReader.fill(Unknown Source)
 org.apache.derby.impl.drda.DDMReader.ensureALayerDataInBuffer(Unknown Source)
 org.apache.derby.impl.drda.DDMReader.readDssHeader(Unknown Source)
 org.apache.derby.impl.drda.DRDAConnThread.processCommands(Unknown Source)
 org.apache.derby.impl.drda.DRDAConnThread.run(Unknown Source)
19-Mar-2018 12:35:41.445 ADVERTENCIA [localhost-startStop-2] org.apache.catalina.loader.WebappClassLoaderBase.clearReferencesThreads The web application [aderby] appears to have started a thread named [DRDAConnThread_15] but has failed to stop it. This is very likely to create a memory leak. Stack trace of thread:
 java.net.SocketInputStream.socketRead0(Native Method)
 java.net.SocketInputStream.socketRead(SocketInputStream.java:116)
 java.net.SocketInputStream.read(SocketInputStream.java:171)
 java.net.SocketInputStream.read(SocketInputStream.java:141)
 org.apache.derby.impl.drda.DDMReader.fill(Unknown Source)
 org.apache.derby.impl.drda.DDMReader.ensureALayerDataInBuffer(Unknown Source)
 org.apache.derby.impl.drda.DDMReader.readDssHeader(Unknown Source)
 org.apache.derby.impl.drda.DRDAConnThread.processCommands(Unknown Source)
 org.apache.derby.impl.drda.DRDAConnThread.run(Unknown Source)
19-Mar-2018 12:35:41.447 ADVERTENCIA [localhost-startStop-2] org.apache.catalina.loader.WebappClassLoaderBase.clearReferencesThreads The web application [aderby] appears to have started a thread named [DRDAConnThread_16] but has failed to stop it. This is very likely to create a memory leak. Stack trace of thread:
 java.net.SocketInputStream.socketRead0(Native Method)
 java.net.SocketInputStream.socketRead(SocketInputStream.java:116)
 java.net.SocketInputStream.read(SocketInputStream.java:171)
 java.net.SocketInputStream.read(SocketInputStream.java:141)
 org.apache.derby.impl.drda.DDMReader.fill(Unknown Source)
 org.apache.derby.impl.drda.DDMReader.ensureALayerDataInBuffer(Unknown Source)
 org.apache.derby.impl.drda.DDMReader.readDssHeader(Unknown Source)
 org.apache.derby.impl.drda.DRDAConnThread.processCommands(Unknown Source)
 org.apache.derby.impl.drda.DRDAConnThread.run(Unknown Source)
19-Mar-2018 12:35:41.449 ADVERTENCIA [localhost-startStop-2] org.apache.catalina.loader.WebappClassLoaderBase.clearReferencesThreads The web application [aderby] appears to have started a thread named [DRDAConnThread_17] but has failed to stop it. This is very likely to create a memory leak. Stack trace of thread:
 java.net.SocketInputStream.socketRead0(Native Method)
 java.net.SocketInputStream.socketRead(SocketInputStream.java:116)
 java.net.SocketInputStream.read(SocketInputStream.java:171)
 java.net.SocketInputStream.read(SocketInputStream.java:141)
 org.apache.derby.impl.drda.DDMReader.fill(Unknown Source)
 org.apache.derby.impl.drda.DDMReader.ensureALayerDataInBuffer(Unknown Source)
 org.apache.derby.impl.drda.DDMReader.readDssHeader(Unknown Source)
 org.apache.derby.impl.drda.DRDAConnThread.processCommands(Unknown Source)
 org.apache.derby.impl.drda.DRDAConnThread.run(Unknown Source)
19-Mar-2018 12:35:41.451 ADVERTENCIA [localhost-startStop-2] org.apache.catalina.loader.WebappClassLoaderBase.clearReferencesThreads The web application [aderby] appears to have started a thread named [DRDAConnThread_18] but has failed to stop it. This is very likely to create a memory leak. Stack trace of thread:
 java.net.SocketInputStream.socketRead0(Native Method)
 java.net.SocketInputStream.socketRead(SocketInputStream.java:116)
 java.net.SocketInputStream.read(SocketInputStream.java:171)
 java.net.SocketInputStream.read(SocketInputStream.java:141)
 org.apache.derby.impl.drda.DDMReader.fill(Unknown Source)
 org.apache.derby.impl.drda.DDMReader.ensureALayerDataInBuffer(Unknown Source)
 org.apache.derby.impl.drda.DDMReader.readDssHeader(Unknown Source)
 org.apache.derby.impl.drda.DRDAConnThread.processCommands(Unknown Source)
 org.apache.derby.impl.drda.DRDAConnThread.run(Unknown Source)
19-Mar-2018 12:35:41.452 ADVERTENCIA [localhost-startStop-2] org.apache.catalina.loader.WebappClassLoaderBase.clearReferencesThreads The web application [aderby] appears to have started a thread named [DRDAConnThread_19] but has failed to stop it. This is very likely to create a memory leak. Stack trace of thread:
 java.net.SocketInputStream.socketRead0(Native Method)
 java.net.SocketInputStream.socketRead(SocketInputStream.java:116)
 java.net.SocketInputStream.read(SocketInputStream.java:171)
 java.net.SocketInputStream.read(SocketInputStream.java:141)
 org.apache.derby.impl.drda.DDMReader.fill(Unknown Source)
 org.apache.derby.impl.drda.DDMReader.ensureALayerDataInBuffer(Unknown Source)
 org.apache.derby.impl.drda.DDMReader.readDssHeader(Unknown Source)
 org.apache.derby.impl.drda.DRDAConnThread.processCommands(Unknown Source)
 org.apache.derby.impl.drda.DRDAConnThread.run(Unknown Source)
19-Mar-2018 12:35:41.453 ADVERTENCIA [localhost-startStop-2] org.apache.catalina.loader.WebappClassLoaderBase.clearReferencesThreads The web application [aderby] appears to have started a thread named [DRDAConnThread_20] but has failed to stop it. This is very likely to create a memory leak. Stack trace of thread:
 java.net.SocketInputStream.socketRead0(Native Method)
 java.net.SocketInputStream.socketRead(SocketInputStream.java:116)
 java.net.SocketInputStream.read(SocketInputStream.java:171)
 java.net.SocketInputStream.read(SocketInputStream.java:141)
 org.apache.derby.impl.drda.DDMReader.fill(Unknown Source)
 org.apache.derby.impl.drda.DDMReader.ensureALayerDataInBuffer(Unknown Source)
 org.apache.derby.impl.drda.DDMReader.readDssHeader(Unknown Source)
 org.apache.derby.impl.drda.DRDAConnThread.processCommands(Unknown Source)
 org.apache.derby.impl.drda.DRDAConnThread.run(Unknown Source)
19-Mar-2018 12:35:41.455 ADVERTENCIA [localhost-startStop-2] org.apache.catalina.loader.WebappClassLoaderBase.clearReferencesThreads The web application [aderby] appears to have started a thread named [DRDAConnThread_21] but has failed to stop it. This is very likely to create a memory leak. Stack trace of thread:
 java.net.SocketInputStream.socketRead0(Native Method)
 java.net.SocketInputStream.socketRead(SocketInputStream.java:116)
 java.net.SocketInputStream.read(SocketInputStream.java:171)
 java.net.SocketInputStream.read(SocketInputStream.java:141)
 org.apache.derby.impl.drda.DDMReader.fill(Unknown Source)
 org.apache.derby.impl.drda.DDMReader.ensureALayerDataInBuffer(Unknown Source)
 org.apache.derby.impl.drda.DDMReader.readDssHeader(Unknown Source)
 org.apache.derby.impl.drda.DRDAConnThread.processCommands(Unknown Source)
 org.apache.derby.impl.drda.DRDAConnThread.run(Unknown Source)
19-Mar-2018 12:35:41.580 ADVERTENCIA [localhost-startStop-2] org.apache.catalina.loader.WebappClassLoaderBase.clearReferencesJdbc La aplicación web [connector-web] registró el conductor JDBC [org.apache.derby.jdbc.ClientDriver] pero falló al anular el registro mientras la aplicación web estaba parada. Para prevenir un fallo de memoria, se ha anulado el registro del conductor JDBC por la fuerza.
19-Mar-2018 12:35:41.605 INFORMACIÓN [Thread-18] org.apache.coyote.AbstractProtocol.stop Stopping ProtocolHandler ["http-nio-9700"]
19-Mar-2018 12:35:41.620 INFORMACIÓN [Thread-18] org.apache.coyote.AbstractProtocol.stop Stopping ProtocolHandler ["http-nio-9800"]
19-Mar-2018 12:35:41.629 INFORMACIÓN [Thread-18] org.apache.coyote.AbstractProtocol.stop Stopping ProtocolHandler ["https-jsse-nio-8443"]
19-Mar-2018 12:35:41.636 INFORMACIÓN [Thread-18] org.apache.coyote.AbstractProtocol.stop Stopping ProtocolHandler ["https-jsse-nio-8553"]
19-Mar-2018 12:35:41.641 INFORMACIÓN [Thread-18] org.apache.coyote.AbstractProtocol.stop Stopping ProtocolHandler ["ajp-nio-8009"]
19-Mar-2018 12:35:41.650 INFORMACIÓN [Thread-18] org.apache.coyote.AbstractProtocol.destroy Destroying ProtocolHandler ["http-nio-9700"]
19-Mar-2018 12:35:41.654 INFORMACIÓN [Thread-18] org.apache.coyote.AbstractProtocol.destroy Destroying ProtocolHandler ["http-nio-9800"]
19-Mar-2018 12:35:41.656 INFORMACIÓN [Thread-18] org.apache.coyote.AbstractProtocol.destroy Destroying ProtocolHandler ["https-jsse-nio-8443"]
19-Mar-2018 12:35:41.660 INFORMACIÓN [Thread-18] org.apache.coyote.AbstractProtocol.destroy Destroying ProtocolHandler ["https-jsse-nio-8553"]
19-Mar-2018 12:35:41.663 INFORMACIÓN [Thread-18] org.apache.coyote.AbstractProtocol.destroy Destroying ProtocolHandler ["ajp-nio-8009"]
19-Mar-2018 21:58:49.853 INFORMACIÓN [main] org.apache.catalina.startup.VersionLoggerListener.log Server version:        Apache Tomcat/8.5.23
19-Mar-2018 21:58:49.863 INFORMACIÓN [main] org.apache.catalina.startup.VersionLoggerListener.log Server built:          Sep 28 2017 10:30:11 UTC
19-Mar-2018 21:58:49.863 INFORMACIÓN [main] org.apache.catalina.startup.VersionLoggerListener.log Server number:         8.5.23.0
19-Mar-2018 21:58:49.864 INFORMACIÓN [main] org.apache.catalina.startup.VersionLoggerListener.log OS Name:               Windows 7
19-Mar-2018 21:58:49.864 INFORMACIÓN [main] org.apache.catalina.startup.VersionLoggerListener.log OS Version:            6.1
19-Mar-2018 21:58:49.865 INFORMACIÓN [main] org.apache.catalina.startup.VersionLoggerListener.log Architecture:          amd64
19-Mar-2018 21:58:49.869 INFORMACIÓN [main] org.apache.catalina.startup.VersionLoggerListener.log Java Home:             C:\temp\conector_empaquetado_web_v2\conector_empaquetado_web\jre1.8.0_151_win
19-Mar-2018 21:58:49.870 INFORMACIÓN [main] org.apache.catalina.startup.VersionLoggerListener.log JVM Version:           1.8.0_151-b12
19-Mar-2018 21:58:49.870 INFORMACIÓN [main] org.apache.catalina.startup.VersionLoggerListener.log JVM Vendor:            Oracle Corporation
19-Mar-2018 21:58:49.871 INFORMACIÓN [main] org.apache.catalina.startup.VersionLoggerListener.log CATALINA_BASE:         C:\temp\conector_empaquetado_web_v2\conector_empaquetado_web\apache-tomcat-8.5.23
19-Mar-2018 21:58:49.871 INFORMACIÓN [main] org.apache.catalina.startup.VersionLoggerListener.log CATALINA_HOME:         C:\temp\conector_empaquetado_web_v2\conector_empaquetado_web\apache-tomcat-8.5.23
19-Mar-2018 21:58:49.872 INFORMACIÓN [main] org.apache.catalina.startup.VersionLoggerListener.log Command line argument: -Djava.util.logging.config.file=C:\temp\conector_empaquetado_web_v2\conector_empaquetado_web\apache-tomcat-8.5.23\conf\logging.properties
19-Mar-2018 21:58:49.872 INFORMACIÓN [main] org.apache.catalina.startup.VersionLoggerListener.log Command line argument: -Djava.util.logging.manager=org.apache.juli.ClassLoaderLogManager
19-Mar-2018 21:58:49.873 INFORMACIÓN [main] org.apache.catalina.startup.VersionLoggerListener.log Command line argument: -Djdk.tls.ephemeralDHKeySize=2048
19-Mar-2018 21:58:49.874 INFORMACIÓN [main] org.apache.catalina.startup.VersionLoggerListener.log Command line argument: -Djava.protocol.handler.pkgs=org.apache.catalina.webresources
19-Mar-2018 21:58:49.875 INFORMACIÓN [main] org.apache.catalina.startup.VersionLoggerListener.log Command line argument: -Dfile.encoding=UTF-8
19-Mar-2018 21:58:49.876 INFORMACIÓN [main] org.apache.catalina.startup.VersionLoggerListener.log Command line argument: -Dconnector.integration.mtomTempLocation=C:\temp\conector_empaquetado_web_v2\conector_empaquetado_web\apache-tomcat-8.5.23/temp/mtom/
19-Mar-2018 21:58:49.877 INFORMACIÓN [main] org.apache.catalina.startup.VersionLoggerListener.log Command line argument: -DuploadFolder=C:\temp\conector_empaquetado_web_v2\conector_empaquetado_web\apache-tomcat-8.5.23/connector
19-Mar-2018 21:58:49.878 INFORMACIÓN [main] org.apache.catalina.startup.VersionLoggerListener.log Command line argument: -Dconnector.integration.configLocation=C:\temp\conector_empaquetado_web_v2\conector_empaquetado_web\apache-tomcat-8.5.23/conf
19-Mar-2018 21:58:49.879 INFORMACIÓN [main] org.apache.catalina.startup.VersionLoggerListener.log Command line argument: -Dconnector.web.configLocation=C:\temp\conector_empaquetado_web_v2\conector_empaquetado_web\apache-tomcat-8.5.23/conf
19-Mar-2018 21:58:49.880 INFORMACIÓN [main] org.apache.catalina.startup.VersionLoggerListener.log Command line argument: -Dconnector.integration.log4jLocation=C:\temp\conector_empaquetado_web_v2\conector_empaquetado_web\apache-tomcat-8.5.23/logs
19-Mar-2018 21:58:49.881 INFORMACIÓN [main] org.apache.catalina.startup.VersionLoggerListener.log Command line argument: -Dderby.system.home=C:\temp\conector_empaquetado_web_v2\conector_empaquetado_web\apache-tomcat-8.5.23/derby
19-Mar-2018 21:58:49.882 INFORMACIÓN [main] org.apache.catalina.startup.VersionLoggerListener.log Command line argument: -Dconnector.web.log4jLocation=C:\temp\conector_empaquetado_web_v2\conector_empaquetado_web\apache-tomcat-8.5.23/logs
19-Mar-2018 21:58:49.883 INFORMACIÓN [main] org.apache.catalina.startup.VersionLoggerListener.log Command line argument: -Dcatalina.base=C:\temp\conector_empaquetado_web_v2\conector_empaquetado_web\apache-tomcat-8.5.23
19-Mar-2018 21:58:49.884 INFORMACIÓN [main] org.apache.catalina.startup.VersionLoggerListener.log Command line argument: -Dcatalina.home=C:\temp\conector_empaquetado_web_v2\conector_empaquetado_web\apache-tomcat-8.5.23
19-Mar-2018 21:58:49.885 INFORMACIÓN [main] org.apache.catalina.startup.VersionLoggerListener.log Command line argument: -Djava.io.tmpdir=C:\temp\conector_empaquetado_web_v2\conector_empaquetado_web\apache-tomcat-8.5.23\temp
19-Mar-2018 21:58:49.886 INFORMACIÓN [main] org.apache.catalina.core.AprLifecycleListener.lifecycleEvent La biblioteca nativa de Apache Tomcat basada en ARP que permite un rendimiento óptimo en entornos de desarrollo no ha sido hallada en java.library.path: [C:\temp\conector_empaquetado_web_v2\conector_empaquetado_web\jre1.8.0_151_win\bin;C:\Windows\Sun\Java\bin;C:\Windows\system32;C:\Windows;C:\Program Files (x86)\Python35-32\Scripts\;C:\Program Files (x86)\Python35-32\;C:\ProgramData\Oracle\Java\javapath;C:\Windows\system32;C:\Windows;C:\Windows\System32\Wbem;C:\Windows\System32\WindowsPowerShell\v1.0\;C:\Program Files\Intel\WiFi\bin\;C:\Program Files\Common Files\Intel\WirelessCommon\;C:\Program Files\Git\cmd;C:\gradle-2.12\bin;C:\Program Files (x86)\Skype\Phone\;C:\Program Files\Docker Toolbox;C:\apache-maven-3.3.9\bin;C:\Users\guzman.llambias\AppData\Roaming\Python\Python35\Scripts;.]
19-Mar-2018 21:58:50.159 INFORMACIÓN [main] org.apache.coyote.AbstractProtocol.init Initializing ProtocolHandler ["http-nio-9700"]
19-Mar-2018 21:58:51.478 INFORMACIÓN [main] org.apache.tomcat.util.net.NioSelectorPool.getSharedSelector Using a shared selector for servlet write/read
19-Mar-2018 21:58:51.492 INFORMACIÓN [main] org.apache.coyote.AbstractProtocol.init Initializing ProtocolHandler ["http-nio-9800"]
19-Mar-2018 21:58:51.496 INFORMACIÓN [main] org.apache.tomcat.util.net.NioSelectorPool.getSharedSelector Using a shared selector for servlet write/read
19-Mar-2018 21:58:51.498 INFORMACIÓN [main] org.apache.coyote.AbstractProtocol.init Initializing ProtocolHandler ["https-jsse-nio-8443"]
19-Mar-2018 21:58:52.573 INFORMACIÓN [main] org.apache.tomcat.util.net.NioSelectorPool.getSharedSelector Using a shared selector for servlet write/read
19-Mar-2018 21:58:52.575 INFORMACIÓN [main] org.apache.coyote.AbstractProtocol.init Initializing ProtocolHandler ["https-jsse-nio-8553"]
19-Mar-2018 21:58:52.603 INFORMACIÓN [main] org.apache.tomcat.util.net.NioSelectorPool.getSharedSelector Using a shared selector for servlet write/read
19-Mar-2018 21:58:52.605 INFORMACIÓN [main] org.apache.coyote.AbstractProtocol.init Initializing ProtocolHandler ["ajp-nio-8009"]
19-Mar-2018 21:58:52.612 INFORMACIÓN [main] org.apache.tomcat.util.net.NioSelectorPool.getSharedSelector Using a shared selector for servlet write/read
19-Mar-2018 21:58:52.613 INFORMACIÓN [main] org.apache.catalina.startup.Catalina.load Initialization processed in 3799 ms
19-Mar-2018 21:58:52.674 INFORMACIÓN [main] org.apache.catalina.core.StandardService.startInternal Arrancando servicio [Catalina]
19-Mar-2018 21:58:52.674 INFORMACIÓN [main] org.apache.catalina.core.StandardEngine.startInternal Starting Servlet Engine: Apache Tomcat/8.5.23
19-Mar-2018 21:58:52.708 INFORMACIÓN [localhost-startStop-1] org.apache.catalina.startup.HostConfig.deployWAR Despliegue del archivo [C:\temp\conector_empaquetado_web_v2\conector_empaquetado_web\apache-tomcat-8.5.23\webapps\aderby.war] de la aplicación web
19-Mar-2018 21:58:53.716 INFORMACIÓN [localhost-startStop-1] org.apache.jasper.servlet.TldScanner.scanJars Al menos un JAR, que se ha explorado buscando TLDs, aún no contenía TLDs. Activar historial de depuración para este historiador para una completa lista de los JARs que fueron explorados y de los que nos se halló TLDs. Saltarse JARs no necesarios durante la exploración puede dar lugar a una mejora de tiempo significativa en el arranque y compilación de JSP .
19-Mar-2018 21:58:56.280 INFORMACIÓN [localhost-startStop-1] org.apache.catalina.startup.HostConfig.deployWAR Deployment of web application archive [C:\temp\conector_empaquetado_web_v2\conector_empaquetado_web\apache-tomcat-8.5.23\webapps\aderby.war] has finished in [3.569] ms
19-Mar-2018 21:58:56.286 INFORMACIÓN [localhost-startStop-1] org.apache.catalina.startup.HostConfig.deployWAR Despliegue del archivo [C:\temp\conector_empaquetado_web_v2\conector_empaquetado_web\apache-tomcat-8.5.23\webapps\connector-runtime.war] de la aplicación web
19-Mar-2018 21:59:02.633 INFORMACIÓN [localhost-startStop-1] org.apache.jasper.servlet.TldScanner.scanJars Al menos un JAR, que se ha explorado buscando TLDs, aún no contenía TLDs. Activar historial de depuración para este historiador para una completa lista de los JARs que fueron explorados y de los que nos se halló TLDs. Saltarse JARs no necesarios durante la exploración puede dar lugar a una mejora de tiempo significativa en el arranque y compilación de JSP .
19-Mar-2018 21:59:18.315 INFORMACIÓN [localhost-startStop-1] org.apache.catalina.startup.HostConfig.deployWAR Deployment of web application archive [C:\temp\conector_empaquetado_web_v2\conector_empaquetado_web\apache-tomcat-8.5.23\webapps\connector-runtime.war] has finished in [22.029] ms
19-Mar-2018 21:59:18.327 INFORMACIÓN [localhost-startStop-1] org.apache.catalina.startup.HostConfig.deployWAR Despliegue del archivo [C:\temp\conector_empaquetado_web_v2\conector_empaquetado_web\apache-tomcat-8.5.23\webapps\connector-web.war] de la aplicación web
19-Mar-2018 21:59:22.792 INFORMACIÓN [localhost-startStop-1] org.apache.jasper.servlet.TldScanner.scanJars Al menos un JAR, que se ha explorado buscando TLDs, aún no contenía TLDs. Activar historial de depuración para este historiador para una completa lista de los JARs que fueron explorados y de los que nos se halló TLDs. Saltarse JARs no necesarios durante la exploración puede dar lugar a una mejora de tiempo significativa en el arranque y compilación de JSP .
19-Mar-2018 21:59:31.568 INFORMACIÓN [localhost-startStop-1] org.apache.catalina.startup.HostConfig.deployWAR Deployment of web application archive [C:\temp\conector_empaquetado_web_v2\conector_empaquetado_web\apache-tomcat-8.5.23\webapps\connector-web.war] has finished in [13.241] ms
19-Mar-2018 21:59:31.569 INFORMACIÓN [localhost-startStop-1] org.apache.catalina.startup.HostConfig.deployDirectory Despliegue del directorio [C:\temp\conector_empaquetado_web_v2\conector_empaquetado_web\apache-tomcat-8.5.23\webapps\docs] de la aplicación web
19-Mar-2018 21:59:32.148 INFORMACIÓN [localhost-startStop-1] org.apache.jasper.servlet.TldScanner.scanJars Al menos un JAR, que se ha explorado buscando TLDs, aún no contenía TLDs. Activar historial de depuración para este historiador para una completa lista de los JARs que fueron explorados y de los que nos se halló TLDs. Saltarse JARs no necesarios durante la exploración puede dar lugar a una mejora de tiempo significativa en el arranque y compilación de JSP .
19-Mar-2018 21:59:32.152 INFORMACIÓN [localhost-startStop-1] org.apache.catalina.startup.HostConfig.deployDirectory Deployment of web application directory [C:\temp\conector_empaquetado_web_v2\conector_empaquetado_web\apache-tomcat-8.5.23\webapps\docs] has finished in [583] ms
19-Mar-2018 21:59:32.153 INFORMACIÓN [localhost-startStop-1] org.apache.catalina.startup.HostConfig.deployDirectory Despliegue del directorio [C:\temp\conector_empaquetado_web_v2\conector_empaquetado_web\apache-tomcat-8.5.23\webapps\examples] de la aplicación web
19-Mar-2018 21:59:33.015 INFORMACIÓN [localhost-startStop-1] org.apache.jasper.servlet.TldScanner.scanJars Al menos un JAR, que se ha explorado buscando TLDs, aún no contenía TLDs. Activar historial de depuración para este historiador para una completa lista de los JARs que fueron explorados y de los que nos se halló TLDs. Saltarse JARs no necesarios durante la exploración puede dar lugar a una mejora de tiempo significativa en el arranque y compilación de JSP .
19-Mar-2018 21:59:33.087 INFORMACIÓN [localhost-startStop-1] org.apache.catalina.startup.HostConfig.deployDirectory Deployment of web application directory [C:\temp\conector_empaquetado_web_v2\conector_empaquetado_web\apache-tomcat-8.5.23\webapps\examples] has finished in [934] ms
19-Mar-2018 21:59:33.087 INFORMACIÓN [localhost-startStop-1] org.apache.catalina.startup.HostConfig.deployDirectory Despliegue del directorio [C:\temp\conector_empaquetado_web_v2\conector_empaquetado_web\apache-tomcat-8.5.23\webapps\host-manager] de la aplicación web
19-Mar-2018 21:59:33.580 INFORMACIÓN [localhost-startStop-1] org.apache.jasper.servlet.TldScanner.scanJars Al menos un JAR, que se ha explorado buscando TLDs, aún no contenía TLDs. Activar historial de depuración para este historiador para una completa lista de los JARs que fueron explorados y de los que nos se halló TLDs. Saltarse JARs no necesarios durante la exploración puede dar lugar a una mejora de tiempo significativa en el arranque y compilación de JSP .
19-Mar-2018 21:59:33.586 INFORMACIÓN [localhost-startStop-1] org.apache.catalina.startup.HostConfig.deployDirectory Deployment of web application directory [C:\temp\conector_empaquetado_web_v2\conector_empaquetado_web\apache-tomcat-8.5.23\webapps\host-manager] has finished in [499] ms
19-Mar-2018 21:59:33.586 INFORMACIÓN [localhost-startStop-1] org.apache.catalina.startup.HostConfig.deployDirectory Despliegue del directorio [C:\temp\conector_empaquetado_web_v2\conector_empaquetado_web\apache-tomcat-8.5.23\webapps\manager] de la aplicación web
19-Mar-2018 21:59:34.046 INFORMACIÓN [localhost-startStop-1] org.apache.jasper.servlet.TldScanner.scanJars Al menos un JAR, que se ha explorado buscando TLDs, aún no contenía TLDs. Activar historial de depuración para este historiador para una completa lista de los JARs que fueron explorados y de los que nos se halló TLDs. Saltarse JARs no necesarios durante la exploración puede dar lugar a una mejora de tiempo significativa en el arranque y compilación de JSP .
19-Mar-2018 21:59:34.051 INFORMACIÓN [localhost-startStop-1] org.apache.catalina.startup.HostConfig.deployDirectory Deployment of web application directory [C:\temp\conector_empaquetado_web_v2\conector_empaquetado_web\apache-tomcat-8.5.23\webapps\manager] has finished in [465] ms
19-Mar-2018 21:59:34.052 INFORMACIÓN [localhost-startStop-1] org.apache.catalina.startup.HostConfig.deployDirectory Despliegue del directorio [C:\temp\conector_empaquetado_web_v2\conector_empaquetado_web\apache-tomcat-8.5.23\webapps\ROOT] de la aplicación web
19-Mar-2018 21:59:34.417 INFORMACIÓN [localhost-startStop-1] org.apache.jasper.servlet.TldScanner.scanJars Al menos un JAR, que se ha explorado buscando TLDs, aún no contenía TLDs. Activar historial de depuración para este historiador para una completa lista de los JARs que fueron explorados y de los que nos se halló TLDs. Saltarse JARs no necesarios durante la exploración puede dar lugar a una mejora de tiempo significativa en el arranque y compilación de JSP .
19-Mar-2018 21:59:34.419 INFORMACIÓN [localhost-startStop-1] org.apache.catalina.startup.HostConfig.deployDirectory Deployment of web application directory [C:\temp\conector_empaquetado_web_v2\conector_empaquetado_web\apache-tomcat-8.5.23\webapps\ROOT] has finished in [367] ms
19-Mar-2018 21:59:34.430 INFORMACIÓN [main] org.apache.coyote.AbstractProtocol.start Starting ProtocolHandler ["http-nio-9700"]
19-Mar-2018 21:59:34.445 INFORMACIÓN [main] org.apache.coyote.AbstractProtocol.start Starting ProtocolHandler ["http-nio-9800"]
19-Mar-2018 21:59:34.449 INFORMACIÓN [main] org.apache.coyote.AbstractProtocol.start Starting ProtocolHandler ["https-jsse-nio-8443"]
19-Mar-2018 21:59:34.455 INFORMACIÓN [main] org.apache.coyote.AbstractProtocol.start Starting ProtocolHandler ["https-jsse-nio-8553"]
19-Mar-2018 21:59:34.459 INFORMACIÓN [main] org.apache.coyote.AbstractProtocol.start Starting ProtocolHandler ["ajp-nio-8009"]
19-Mar-2018 21:59:34.464 INFORMACIÓN [main] org.apache.catalina.startup.Catalina.start Server startup in 41848 ms
19-Mar-2018 22:04:54.437 INFORMACIÓN [Thread-18] org.apache.coyote.AbstractProtocol.pause Pausing ProtocolHandler ["http-nio-9700"]
19-Mar-2018 22:04:56.194 INFORMACIÓN [Thread-18] org.apache.coyote.AbstractProtocol.pause Pausing ProtocolHandler ["http-nio-9800"]
19-Mar-2018 22:04:57.613 INFORMACIÓN [Thread-18] org.apache.coyote.AbstractProtocol.pause Pausing ProtocolHandler ["https-jsse-nio-8443"]
19-Mar-2018 22:04:58.794 INFORMACIÓN [Thread-18] org.apache.coyote.AbstractProtocol.pause Pausing ProtocolHandler ["https-jsse-nio-8553"]
19-Mar-2018 22:04:59.783 INFORMACIÓN [Thread-18] org.apache.coyote.AbstractProtocol.pause Pausing ProtocolHandler ["ajp-nio-8009"]
19-Mar-2018 22:05:00.434 INFORMACIÓN [Thread-18] org.apache.catalina.core.StandardService.stopInternal Parando servicio [Catalina]
19-Mar-2018 22:05:00.532 ADVERTENCIA [localhost-startStop-2] org.apache.catalina.loader.WebappClassLoaderBase.clearReferencesJdbc La aplicación web [connector-runtime] registró el conductor JDBC [org.apache.derby.jdbc.ClientDriver] pero falló al anular el registro mientras la aplicación web estaba parada. Para prevenir un fallo de memoria, se ha anulado el registro del conductor JDBC por la fuerza.
19-Mar-2018 22:05:00.545 ADVERTENCIA [localhost-startStop-2] org.apache.catalina.loader.WebappClassLoaderBase.clearReferencesThreads The web application [connector-runtime] appears to have started a thread named [Resource Destroyer in BasicResourcePool.close()] but has failed to stop it. This is very likely to create a memory leak. Stack trace of thread:
 java.net.Socket.close(Socket.java:1491)
 java.net.SocketInputStream.close(SocketInputStream.java:273)
 org.apache.derby.client.net.NetAgent.close_(Unknown Source)
 org.apache.derby.client.am.Agent.close(Unknown Source)
 org.apache.derby.client.am.ClientConnection.closeResourcesX(Unknown Source)
 org.apache.derby.client.am.ClientConnection.closeX(Unknown Source)
 org.apache.derby.client.am.ClientConnection.close(Unknown Source)
 org.apache.derby.client.net.NetConnection.close(Unknown Source)
 com.mchange.v2.c3p0.impl.NewPooledConnection.close(NewPooledConnection.java:642)
 com.mchange.v2.c3p0.impl.NewPooledConnection.closeMaybeCheckedOut(NewPooledConnection.java:255)
 com.mchange.v2.c3p0.impl.C3P0PooledConnectionPool$1PooledConnectionResourcePoolManager.destroyResource(C3P0PooledConnectionPool.java:622)
 com.mchange.v2.resourcepool.BasicResourcePool$1DestroyResourceTask.run(BasicResourcePool.java:1076)
 com.mchange.v2.resourcepool.BasicResourcePool.destroyResource(BasicResourcePool.java:1101)
 com.mchange.v2.resourcepool.BasicResourcePool.destroyResource(BasicResourcePool.java:1062)
 com.mchange.v2.resourcepool.BasicResourcePool.access$100(BasicResourcePool.java:44)
 com.mchange.v2.resourcepool.BasicResourcePool$5.run(BasicResourcePool.java:1316)
19-Mar-2018 22:05:00.589 ADVERTENCIA [localhost-startStop-2] org.apache.catalina.loader.WebappClassLoaderBase.clearReferencesThreads The web application [aderby] appears to have started a thread named [derby.NetworkServerStarter] but has failed to stop it. This is very likely to create a memory leak. Stack trace of thread:
 java.lang.Object.wait(Native Method)
 java.lang.Object.wait(Object.java:502)
 org.apache.derby.impl.drda.NetworkServerControlImpl.blockingStart(Unknown Source)
 sun.reflect.NativeMethodAccessorImpl.invoke0(Native Method)
 sun.reflect.NativeMethodAccessorImpl.invoke(NativeMethodAccessorImpl.java:62)
 sun.reflect.DelegatingMethodAccessorImpl.invoke(DelegatingMethodAccessorImpl.java:43)
 java.lang.reflect.Method.invoke(Method.java:498)
 org.apache.derby.iapi.jdbc.DRDAServerStarter.run(Unknown Source)
 java.lang.Thread.run(Thread.java:748)
19-Mar-2018 22:05:00.590 ADVERTENCIA [localhost-startStop-2] org.apache.catalina.loader.WebappClassLoaderBase.clearReferencesThreads The web application [aderby] appears to have started a thread named [NetworkServerThread_1] but has failed to stop it. This is very likely to create a memory leak. Stack trace of thread:
 java.net.DualStackPlainSocketImpl.accept0(Native Method)
 java.net.DualStackPlainSocketImpl.socketAccept(DualStackPlainSocketImpl.java:131)
 java.net.AbstractPlainSocketImpl.accept(AbstractPlainSocketImpl.java:409)
 java.net.PlainSocketImpl.accept(PlainSocketImpl.java:199)
 java.net.ServerSocket.implAccept(ServerSocket.java:545)
 java.net.ServerSocket.accept(ServerSocket.java:513)
 org.apache.derby.impl.drda.ClientThread$1.run(Unknown Source)
 org.apache.derby.impl.drda.ClientThread$1.run(Unknown Source)
 java.security.AccessController.doPrivileged(Native Method)
 org.apache.derby.impl.drda.ClientThread.acceptClientWithRetry(Unknown Source)
 org.apache.derby.impl.drda.ClientThread.run(Unknown Source)
19-Mar-2018 22:05:00.591 ADVERTENCIA [localhost-startStop-2] org.apache.catalina.loader.WebappClassLoaderBase.clearReferencesThreads The web application [aderby] appears to have started a thread named [DRDAConnThread_2] but has failed to stop it. This is very likely to create a memory leak. Stack trace of thread:
 java.lang.Object.wait(Native Method)
 java.lang.Object.wait(Object.java:502)
 org.apache.derby.impl.drda.NetworkServerControlImpl.getNextSession(Unknown Source)
 org.apache.derby.impl.drda.DRDAConnThread.run(Unknown Source)
19-Mar-2018 22:05:00.592 ADVERTENCIA [localhost-startStop-2] org.apache.catalina.loader.WebappClassLoaderBase.clearReferencesThreads The web application [aderby] appears to have started a thread named [DRDAConnThread_3] but has failed to stop it. This is very likely to create a memory leak. Stack trace of thread:
 java.lang.Object.wait(Native Method)
 java.lang.Object.wait(Object.java:502)
 org.apache.derby.impl.drda.NetworkServerControlImpl.getNextSession(Unknown Source)
 org.apache.derby.impl.drda.DRDAConnThread.run(Unknown Source)
19-Mar-2018 22:05:00.594 ADVERTENCIA [localhost-startStop-2] org.apache.catalina.loader.WebappClassLoaderBase.clearReferencesThreads The web application [aderby] appears to have started a thread named [DRDAConnThread_4] but has failed to stop it. This is very likely to create a memory leak. Stack trace of thread:
 java.lang.Object.wait(Native Method)
 java.lang.Object.wait(Object.java:502)
 org.apache.derby.impl.drda.NetworkServerControlImpl.getNextSession(Unknown Source)
 org.apache.derby.impl.drda.DRDAConnThread.run(Unknown Source)
19-Mar-2018 22:05:00.594 ADVERTENCIA [localhost-startStop-2] org.apache.catalina.loader.WebappClassLoaderBase.clearReferencesThreads The web application [aderby] appears to have started a thread named [DRDAConnThread_5] but has failed to stop it. This is very likely to create a memory leak. Stack trace of thread:
 java.lang.Object.wait(Native Method)
 java.lang.Object.wait(Object.java:502)
 org.apache.derby.impl.drda.NetworkServerControlImpl.getNextSession(Unknown Source)
 org.apache.derby.impl.drda.DRDAConnThread.run(Unknown Source)
19-Mar-2018 22:05:00.595 ADVERTENCIA [localhost-startStop-2] org.apache.catalina.loader.WebappClassLoaderBase.clearReferencesThreads The web application [aderby] appears to have started a thread named [DRDAConnThread_6] but has failed to stop it. This is very likely to create a memory leak. Stack trace of thread:
 java.lang.Object.wait(Native Method)
 java.lang.Object.wait(Object.java:502)
 org.apache.derby.impl.drda.NetworkServerControlImpl.getNextSession(Unknown Source)
 org.apache.derby.impl.drda.DRDAConnThread.run(Unknown Source)
19-Mar-2018 22:05:00.596 ADVERTENCIA [localhost-startStop-2] org.apache.catalina.loader.WebappClassLoaderBase.clearReferencesThreads The web application [aderby] appears to have started a thread named [DRDAConnThread_7] but has failed to stop it. This is very likely to create a memory leak. Stack trace of thread:
 java.lang.Object.wait(Native Method)
 java.lang.Object.wait(Object.java:502)
 org.apache.derby.impl.drda.NetworkServerControlImpl.getNextSession(Unknown Source)
 org.apache.derby.impl.drda.DRDAConnThread.run(Unknown Source)
19-Mar-2018 22:05:00.597 ADVERTENCIA [localhost-startStop-2] org.apache.catalina.loader.WebappClassLoaderBase.clearReferencesThreads The web application [aderby] appears to have started a thread named [DRDAConnThread_8] but has failed to stop it. This is very likely to create a memory leak. Stack trace of thread:
 java.lang.Object.wait(Native Method)
 java.lang.Object.wait(Object.java:502)
 org.apache.derby.impl.drda.NetworkServerControlImpl.getNextSession(Unknown Source)
 org.apache.derby.impl.drda.DRDAConnThread.run(Unknown Source)
19-Mar-2018 22:05:00.598 ADVERTENCIA [localhost-startStop-2] org.apache.catalina.loader.WebappClassLoaderBase.clearReferencesThreads The web application [aderby] appears to have started a thread named [DRDAConnThread_9] but has failed to stop it. This is very likely to create a memory leak. Stack trace of thread:
 java.lang.Object.wait(Native Method)
 java.lang.Object.wait(Object.java:502)
 org.apache.derby.impl.drda.NetworkServerControlImpl.getNextSession(Unknown Source)
 org.apache.derby.impl.drda.DRDAConnThread.run(Unknown Source)
19-Mar-2018 22:05:00.599 ADVERTENCIA [localhost-startStop-2] org.apache.catalina.loader.WebappClassLoaderBase.clearReferencesThreads The web application [aderby] appears to have started a thread named [DRDAConnThread_10] but has failed to stop it. This is very likely to create a memory leak. Stack trace of thread:
 java.lang.Object.wait(Native Method)
 java.lang.Object.wait(Object.java:502)
 org.apache.derby.impl.drda.NetworkServerControlImpl.getNextSession(Unknown Source)
 org.apache.derby.impl.drda.DRDAConnThread.run(Unknown Source)
19-Mar-2018 22:05:00.600 ADVERTENCIA [localhost-startStop-2] org.apache.catalina.loader.WebappClassLoaderBase.clearReferencesThreads The web application [aderby] appears to have started a thread named [DRDAConnThread_11] but has failed to stop it. This is very likely to create a memory leak. Stack trace of thread:
 java.lang.Object.wait(Native Method)
 java.lang.Object.wait(Object.java:502)
 org.apache.derby.impl.drda.NetworkServerControlImpl.getNextSession(Unknown Source)
 org.apache.derby.impl.drda.DRDAConnThread.run(Unknown Source)
19-Mar-2018 22:05:00.601 ADVERTENCIA [localhost-startStop-2] org.apache.catalina.loader.WebappClassLoaderBase.clearReferencesThreads The web application [aderby] appears to have started a thread named [DRDAConnThread_12] but has failed to stop it. This is very likely to create a memory leak. Stack trace of thread:
 java.net.SocketInputStream.socketRead0(Native Method)
 java.net.SocketInputStream.socketRead(SocketInputStream.java:116)
 java.net.SocketInputStream.read(SocketInputStream.java:171)
 java.net.SocketInputStream.read(SocketInputStream.java:141)
 org.apache.derby.impl.drda.DDMReader.fill(Unknown Source)
 org.apache.derby.impl.drda.DDMReader.ensureALayerDataInBuffer(Unknown Source)
 org.apache.derby.impl.drda.DDMReader.readDssHeader(Unknown Source)
 org.apache.derby.impl.drda.DRDAConnThread.processCommands(Unknown Source)
 org.apache.derby.impl.drda.DRDAConnThread.run(Unknown Source)
19-Mar-2018 22:05:00.603 ADVERTENCIA [localhost-startStop-2] org.apache.catalina.loader.WebappClassLoaderBase.clearReferencesThreads The web application [aderby] appears to have started a thread named [DRDAConnThread_13] but has failed to stop it. This is very likely to create a memory leak. Stack trace of thread:
 java.net.SocketInputStream.socketRead0(Native Method)
 java.net.SocketInputStream.socketRead(SocketInputStream.java:116)
 java.net.SocketInputStream.read(SocketInputStream.java:171)
 java.net.SocketInputStream.read(SocketInputStream.java:141)
 org.apache.derby.impl.drda.DDMReader.fill(Unknown Source)
 org.apache.derby.impl.drda.DDMReader.ensureALayerDataInBuffer(Unknown Source)
 org.apache.derby.impl.drda.DDMReader.readDssHeader(Unknown Source)
 org.apache.derby.impl.drda.DRDAConnThread.processCommands(Unknown Source)
 org.apache.derby.impl.drda.DRDAConnThread.run(Unknown Source)
19-Mar-2018 22:05:00.611 ADVERTENCIA [localhost-startStop-2] org.apache.catalina.loader.WebappClassLoaderBase.clearReferencesThreads The web application [aderby] appears to have started a thread named [DRDAConnThread_14] but has failed to stop it. This is very likely to create a memory leak. Stack trace of thread:
 java.net.SocketInputStream.socketRead0(Native Method)
 java.net.SocketInputStream.socketRead(SocketInputStream.java:116)
 java.net.SocketInputStream.read(SocketInputStream.java:171)
 java.net.SocketInputStream.read(SocketInputStream.java:141)
 org.apache.derby.impl.drda.DDMReader.fill(Unknown Source)
 org.apache.derby.impl.drda.DDMReader.ensureALayerDataInBuffer(Unknown Source)
 org.apache.derby.impl.drda.DDMReader.readDssHeader(Unknown Source)
 org.apache.derby.impl.drda.DRDAConnThread.processCommands(Unknown Source)
 org.apache.derby.impl.drda.DRDAConnThread.run(Unknown Source)
19-Mar-2018 22:05:00.613 ADVERTENCIA [localhost-startStop-2] org.apache.catalina.loader.WebappClassLoaderBase.clearReferencesThreads The web application [aderby] appears to have started a thread named [DRDAConnThread_15] but has failed to stop it. This is very likely to create a memory leak. Stack trace of thread:
 java.net.SocketInputStream.socketRead0(Native Method)
 java.net.SocketInputStream.socketRead(SocketInputStream.java:116)
 java.net.SocketInputStream.read(SocketInputStream.java:171)
 java.net.SocketInputStream.read(SocketInputStream.java:141)
 org.apache.derby.impl.drda.DDMReader.fill(Unknown Source)
 org.apache.derby.impl.drda.DDMReader.ensureALayerDataInBuffer(Unknown Source)
 org.apache.derby.impl.drda.DDMReader.readDssHeader(Unknown Source)
 org.apache.derby.impl.drda.DRDAConnThread.processCommands(Unknown Source)
 org.apache.derby.impl.drda.DRDAConnThread.run(Unknown Source)
19-Mar-2018 22:05:00.615 ADVERTENCIA [localhost-startStop-2] org.apache.catalina.loader.WebappClassLoaderBase.clearReferencesThreads The web application [aderby] appears to have started a thread named [DRDAConnThread_16] but has failed to stop it. This is very likely to create a memory leak. Stack trace of thread:
 java.net.SocketInputStream.socketRead0(Native Method)
 java.net.SocketInputStream.socketRead(SocketInputStream.java:116)
 java.net.SocketInputStream.read(SocketInputStream.java:171)
 java.net.SocketInputStream.read(SocketInputStream.java:141)
 org.apache.derby.impl.drda.DDMReader.fill(Unknown Source)
 org.apache.derby.impl.drda.DDMReader.ensureALayerDataInBuffer(Unknown Source)
 org.apache.derby.impl.drda.DDMReader.readDssHeader(Unknown Source)
 org.apache.derby.impl.drda.DRDAConnThread.processCommands(Unknown Source)
 org.apache.derby.impl.drda.DRDAConnThread.run(Unknown Source)
19-Mar-2018 22:05:00.617 ADVERTENCIA [localhost-startStop-2] org.apache.catalina.loader.WebappClassLoaderBase.clearReferencesThreads The web application [aderby] appears to have started a thread named [DRDAConnThread_17] but has failed to stop it. This is very likely to create a memory leak. Stack trace of thread:
 java.net.SocketInputStream.socketRead0(Native Method)
 java.net.SocketInputStream.socketRead(SocketInputStream.java:116)
 java.net.SocketInputStream.read(SocketInputStream.java:171)
 java.net.SocketInputStream.read(SocketInputStream.java:141)
 org.apache.derby.impl.drda.DDMReader.fill(Unknown Source)
 org.apache.derby.impl.drda.DDMReader.ensureALayerDataInBuffer(Unknown Source)
 org.apache.derby.impl.drda.DDMReader.readDssHeader(Unknown Source)
 org.apache.derby.impl.drda.DRDAConnThread.processCommands(Unknown Source)
 org.apache.derby.impl.drda.DRDAConnThread.run(Unknown Source)
19-Mar-2018 22:05:00.619 ADVERTENCIA [localhost-startStop-2] org.apache.catalina.loader.WebappClassLoaderBase.clearReferencesThreads The web application [aderby] appears to have started a thread named [DRDAConnThread_18] but has failed to stop it. This is very likely to create a memory leak. Stack trace of thread:
 java.net.SocketInputStream.socketRead0(Native Method)
 java.net.SocketInputStream.socketRead(SocketInputStream.java:116)
 java.net.SocketInputStream.read(SocketInputStream.java:171)
 java.net.SocketInputStream.read(SocketInputStream.java:141)
 org.apache.derby.impl.drda.DDMReader.fill(Unknown Source)
 org.apache.derby.impl.drda.DDMReader.ensureALayerDataInBuffer(Unknown Source)
 org.apache.derby.impl.drda.DDMReader.readDssHeader(Unknown Source)
 org.apache.derby.impl.drda.DRDAConnThread.processCommands(Unknown Source)
 org.apache.derby.impl.drda.DRDAConnThread.run(Unknown Source)
19-Mar-2018 22:05:00.621 ADVERTENCIA [localhost-startStop-2] org.apache.catalina.loader.WebappClassLoaderBase.clearReferencesThreads The web application [aderby] appears to have started a thread named [DRDAConnThread_19] but has failed to stop it. This is very likely to create a memory leak. Stack trace of thread:
 java.net.SocketInputStream.socketRead0(Native Method)
 java.net.SocketInputStream.socketRead(SocketInputStream.java:116)
 java.net.SocketInputStream.read(SocketInputStream.java:171)
 java.net.SocketInputStream.read(SocketInputStream.java:141)
 org.apache.derby.impl.drda.DDMReader.fill(Unknown Source)
 org.apache.derby.impl.drda.DDMReader.ensureALayerDataInBuffer(Unknown Source)
 org.apache.derby.impl.drda.DDMReader.readDssHeader(Unknown Source)
 org.apache.derby.impl.drda.DRDAConnThread.processCommands(Unknown Source)
 org.apache.derby.impl.drda.DRDAConnThread.run(Unknown Source)
19-Mar-2018 22:05:00.632 ADVERTENCIA [localhost-startStop-2] org.apache.catalina.loader.WebappClassLoaderBase.clearReferencesThreads The web application [aderby] appears to have started a thread named [DRDAConnThread_20] but has failed to stop it. This is very likely to create a memory leak. Stack trace of thread:
 java.net.SocketInputStream.socketRead0(Native Method)
 java.net.SocketInputStream.socketRead(SocketInputStream.java:116)
 java.net.SocketInputStream.read(SocketInputStream.java:171)
 java.net.SocketInputStream.read(SocketInputStream.java:141)
 org.apache.derby.impl.drda.DDMReader.fill(Unknown Source)
 org.apache.derby.impl.drda.DDMReader.ensureALayerDataInBuffer(Unknown Source)
 org.apache.derby.impl.drda.DDMReader.readDssHeader(Unknown Source)
 org.apache.derby.impl.drda.DRDAConnThread.processCommands(Unknown Source)
 org.apache.derby.impl.drda.DRDAConnThread.run(Unknown Source)
19-Mar-2018 22:05:00.633 ADVERTENCIA [localhost-startStop-2] org.apache.catalina.loader.WebappClassLoaderBase.clearReferencesThreads The web application [aderby] appears to have started a thread named [DRDAConnThread_21] but has failed to stop it. This is very likely to create a memory leak. Stack trace of thread:
 java.net.SocketInputStream.socketRead0(Native Method)
 java.net.SocketInputStream.socketRead(SocketInputStream.java:116)
 java.net.SocketInputStream.read(SocketInputStream.java:171)
 java.net.SocketInputStream.read(SocketInputStream.java:141)
 org.apache.derby.impl.drda.DDMReader.fill(Unknown Source)
 org.apache.derby.impl.drda.DDMReader.ensureALayerDataInBuffer(Unknown Source)
 org.apache.derby.impl.drda.DDMReader.readDssHeader(Unknown Source)
 org.apache.derby.impl.drda.DRDAConnThread.processCommands(Unknown Source)
 org.apache.derby.impl.drda.DRDAConnThread.run(Unknown Source)
19-Mar-2018 22:05:00.709 ADVERTENCIA [localhost-startStop-2] org.apache.catalina.loader.WebappClassLoaderBase.clearReferencesJdbc La aplicación web [connector-web] registró el conductor JDBC [org.apache.derby.jdbc.ClientDriver] pero falló al anular el registro mientras la aplicación web estaba parada. Para prevenir un fallo de memoria, se ha anulado el registro del conductor JDBC por la fuerza.
19-Mar-2018 22:05:00.714 ADVERTENCIA [localhost-startStop-2] org.apache.catalina.loader.WebappClassLoaderBase.clearReferencesThreads The web application [connector-web] appears to have started a thread named [Resource Destroyer in BasicResourcePool.close()] but has failed to stop it. This is very likely to create a memory leak. Stack trace of thread:
 java.net.Socket.close(Socket.java:1491)
 java.net.SocketInputStream.close(SocketInputStream.java:273)
 org.apache.derby.client.net.NetAgent.close_(Unknown Source)
 org.apache.derby.client.am.Agent.close(Unknown Source)
 org.apache.derby.client.am.ClientConnection.closeResourcesX(Unknown Source)
 org.apache.derby.client.am.ClientConnection.closeX(Unknown Source)
 org.apache.derby.client.am.ClientConnection.close(Unknown Source)
 org.apache.derby.client.net.NetConnection.close(Unknown Source)
 com.mchange.v2.c3p0.impl.NewPooledConnection.close(NewPooledConnection.java:642)
 com.mchange.v2.c3p0.impl.NewPooledConnection.closeMaybeCheckedOut(NewPooledConnection.java:255)
 com.mchange.v2.c3p0.impl.C3P0PooledConnectionPool$1PooledConnectionResourcePoolManager.destroyResource(C3P0PooledConnectionPool.java:622)
 com.mchange.v2.resourcepool.BasicResourcePool$1DestroyResourceTask.run(BasicResourcePool.java:1076)
 com.mchange.v2.resourcepool.BasicResourcePool.destroyResource(BasicResourcePool.java:1101)
 com.mchange.v2.resourcepool.BasicResourcePool.destroyResource(BasicResourcePool.java:1062)
 com.mchange.v2.resourcepool.BasicResourcePool.access$100(BasicResourcePool.java:44)
 com.mchange.v2.resourcepool.BasicResourcePool$5.run(BasicResourcePool.java:1316)
19-Mar-2018 22:05:00.738 INFORMACIÓN [Thread-18] org.apache.coyote.AbstractProtocol.stop Stopping ProtocolHandler ["http-nio-9700"]
19-Mar-2018 22:05:00.747 INFORMACIÓN [Thread-18] org.apache.coyote.AbstractProtocol.stop Stopping ProtocolHandler ["http-nio-9800"]
19-Mar-2018 22:05:00.750 INFORMACIÓN [Thread-18] org.apache.coyote.AbstractProtocol.stop Stopping ProtocolHandler ["https-jsse-nio-8443"]
19-Mar-2018 22:05:00.789 INFORMACIÓN [Thread-18] org.apache.coyote.AbstractProtocol.stop Stopping ProtocolHandler ["https-jsse-nio-8553"]
19-Mar-2018 22:05:00.800 INFORMACIÓN [Thread-18] org.apache.coyote.AbstractProtocol.stop Stopping ProtocolHandler ["ajp-nio-8009"]
19-Mar-2018 22:05:00.807 INFORMACIÓN [Thread-18] org.apache.coyote.AbstractProtocol.destroy Destroying ProtocolHandler ["http-nio-9700"]
19-Mar-2018 22:05:00.811 INFORMACIÓN [Thread-18] org.apache.coyote.AbstractProtocol.destroy Destroying ProtocolHandler ["http-nio-9800"]
19-Mar-2018 22:05:00.813 INFORMACIÓN [Thread-18] org.apache.coyote.AbstractProtocol.destroy Destroying ProtocolHandler ["https-jsse-nio-8443"]
19-Mar-2018 22:05:00.814 INFORMACIÓN [Thread-18] org.apache.coyote.AbstractProtocol.destroy Destroying ProtocolHandler ["https-jsse-nio-8553"]
19-Mar-2018 22:05:00.827 INFORMACIÓN [Thread-18] org.apache.coyote.AbstractProtocol.destroy Destroying ProtocolHandler ["ajp-nio-8009"]
