25-Apr-2018 11:44:21.045 INFORMACIÓN [main] org.apache.catalina.startup.VersionLoggerListener.log Server version:        Apache Tomcat/8.5.23
25-Apr-2018 11:44:21.055 INFORMACIÓN [main] org.apache.catalina.startup.VersionLoggerListener.log Server built:          Sep 28 2017 10:30:11 UTC
25-Apr-2018 11:44:21.055 INFORMACIÓN [main] org.apache.catalina.startup.VersionLoggerListener.log Server number:         8.5.23.0
25-Apr-2018 11:44:21.056 INFORMACIÓN [main] org.apache.catalina.startup.VersionLoggerListener.log OS Name:               Windows 7
25-Apr-2018 11:44:21.056 INFORMACIÓN [main] org.apache.catalina.startup.VersionLoggerListener.log OS Version:            6.1
25-Apr-2018 11:44:21.057 INFORMACIÓN [main] org.apache.catalina.startup.VersionLoggerListener.log Architecture:          amd64
25-Apr-2018 11:44:21.065 INFORMACIÓN [main] org.apache.catalina.startup.VersionLoggerListener.log Java Home:             C:\temp\conector_empaquetado_web_v2\conector_empaquetado_web\jre1.8.0_151_win
25-Apr-2018 11:44:21.065 INFORMACIÓN [main] org.apache.catalina.startup.VersionLoggerListener.log JVM Version:           1.8.0_151-b12
25-Apr-2018 11:44:21.066 INFORMACIÓN [main] org.apache.catalina.startup.VersionLoggerListener.log JVM Vendor:            Oracle Corporation
25-Apr-2018 11:44:21.066 INFORMACIÓN [main] org.apache.catalina.startup.VersionLoggerListener.log CATALINA_BASE:         C:\temp\conector_empaquetado_web_v2\conector_empaquetado_web\apache-tomcat-8.5.23
25-Apr-2018 11:44:21.066 INFORMACIÓN [main] org.apache.catalina.startup.VersionLoggerListener.log CATALINA_HOME:         C:\temp\conector_empaquetado_web_v2\conector_empaquetado_web\apache-tomcat-8.5.23
25-Apr-2018 11:44:21.067 INFORMACIÓN [main] org.apache.catalina.startup.VersionLoggerListener.log Command line argument: -Djava.util.logging.config.file=C:\temp\conector_empaquetado_web_v2\conector_empaquetado_web\apache-tomcat-8.5.23\conf\logging.properties
25-Apr-2018 11:44:21.068 INFORMACIÓN [main] org.apache.catalina.startup.VersionLoggerListener.log Command line argument: -Djava.util.logging.manager=org.apache.juli.ClassLoaderLogManager
25-Apr-2018 11:44:21.069 INFORMACIÓN [main] org.apache.catalina.startup.VersionLoggerListener.log Command line argument: -Djdk.tls.ephemeralDHKeySize=2048
25-Apr-2018 11:44:21.070 INFORMACIÓN [main] org.apache.catalina.startup.VersionLoggerListener.log Command line argument: -Djava.protocol.handler.pkgs=org.apache.catalina.webresources
25-Apr-2018 11:44:21.071 INFORMACIÓN [main] org.apache.catalina.startup.VersionLoggerListener.log Command line argument: -Dfile.encoding=UTF-8
25-Apr-2018 11:44:21.072 INFORMACIÓN [main] org.apache.catalina.startup.VersionLoggerListener.log Command line argument: -Dconnector.integration.mtomTempLocation=C:\temp\conector_empaquetado_web_v2\conector_empaquetado_web\apache-tomcat-8.5.23/temp/mtom/
25-Apr-2018 11:44:21.073 INFORMACIÓN [main] org.apache.catalina.startup.VersionLoggerListener.log Command line argument: -DuploadFolder=C:\temp\conector_empaquetado_web_v2\conector_empaquetado_web\apache-tomcat-8.5.23/connector
25-Apr-2018 11:44:21.074 INFORMACIÓN [main] org.apache.catalina.startup.VersionLoggerListener.log Command line argument: -Dconnector.integration.configLocation=C:\temp\conector_empaquetado_web_v2\conector_empaquetado_web\apache-tomcat-8.5.23/conf
25-Apr-2018 11:44:21.076 INFORMACIÓN [main] org.apache.catalina.startup.VersionLoggerListener.log Command line argument: -Dconnector.web.configLocation=C:\temp\conector_empaquetado_web_v2\conector_empaquetado_web\apache-tomcat-8.5.23/conf
25-Apr-2018 11:44:21.078 INFORMACIÓN [main] org.apache.catalina.startup.VersionLoggerListener.log Command line argument: -Dconnector.integration.log4jLocation=C:\temp\conector_empaquetado_web_v2\conector_empaquetado_web\apache-tomcat-8.5.23/logs
25-Apr-2018 11:44:21.080 INFORMACIÓN [main] org.apache.catalina.startup.VersionLoggerListener.log Command line argument: -Dderby.system.home=C:\temp\conector_empaquetado_web_v2\conector_empaquetado_web\apache-tomcat-8.5.23/derby
25-Apr-2018 11:44:21.081 INFORMACIÓN [main] org.apache.catalina.startup.VersionLoggerListener.log Command line argument: -Dconnector.web.log4jLocation=C:\temp\conector_empaquetado_web_v2\conector_empaquetado_web\apache-tomcat-8.5.23/logs
25-Apr-2018 11:44:21.082 INFORMACIÓN [main] org.apache.catalina.startup.VersionLoggerListener.log Command line argument: -Dcatalina.base=C:\temp\conector_empaquetado_web_v2\conector_empaquetado_web\apache-tomcat-8.5.23
25-Apr-2018 11:44:21.083 INFORMACIÓN [main] org.apache.catalina.startup.VersionLoggerListener.log Command line argument: -Dcatalina.home=C:\temp\conector_empaquetado_web_v2\conector_empaquetado_web\apache-tomcat-8.5.23
25-Apr-2018 11:44:21.084 INFORMACIÓN [main] org.apache.catalina.startup.VersionLoggerListener.log Command line argument: -Djava.io.tmpdir=C:\temp\conector_empaquetado_web_v2\conector_empaquetado_web\apache-tomcat-8.5.23\temp
25-Apr-2018 11:44:21.085 INFORMACIÓN [main] org.apache.catalina.core.AprLifecycleListener.lifecycleEvent La biblioteca nativa de Apache Tomcat basada en ARP que permite un rendimiento óptimo en entornos de desarrollo no ha sido hallada en java.library.path: [C:\temp\conector_empaquetado_web_v2\conector_empaquetado_web\jre1.8.0_151_win\bin;C:\Windows\Sun\Java\bin;C:\Windows\system32;C:\Windows;C:\Program Files (x86)\Python35-32\Scripts\;C:\Program Files (x86)\Python35-32\;C:\ProgramData\Oracle\Java\javapath;C:\Windows\system32;C:\Windows;C:\Windows\System32\Wbem;C:\Windows\System32\WindowsPowerShell\v1.0\;C:\Program Files\Git\cmd;C:\gradle-2.12\bin;C:\Program Files (x86)\Skype\Phone\;;C:\Program Files\Docker Toolbox;C:\apache-maven-3.3.9\bin;C:\Users\guzman.llambias\AppData\Roaming\Python\Python35\Scripts;.]
25-Apr-2018 11:44:21.438 INFORMACIÓN [main] org.apache.coyote.AbstractProtocol.init Initializing ProtocolHandler ["http-nio-9700"]
25-Apr-2018 11:44:22.775 INFORMACIÓN [main] org.apache.tomcat.util.net.NioSelectorPool.getSharedSelector Using a shared selector for servlet write/read
25-Apr-2018 11:44:22.781 INFORMACIÓN [main] org.apache.coyote.AbstractProtocol.init Initializing ProtocolHandler ["http-nio-9800"]
25-Apr-2018 11:44:22.784 INFORMACIÓN [main] org.apache.tomcat.util.net.NioSelectorPool.getSharedSelector Using a shared selector for servlet write/read
25-Apr-2018 11:44:22.787 INFORMACIÓN [main] org.apache.coyote.AbstractProtocol.init Initializing ProtocolHandler ["https-jsse-nio-8443"]
25-Apr-2018 11:44:24.233 INFORMACIÓN [main] org.apache.tomcat.util.net.NioSelectorPool.getSharedSelector Using a shared selector for servlet write/read
25-Apr-2018 11:44:24.234 INFORMACIÓN [main] org.apache.coyote.AbstractProtocol.init Initializing ProtocolHandler ["https-jsse-nio-8553"]
25-Apr-2018 11:44:24.250 INFORMACIÓN [main] org.apache.tomcat.util.net.NioSelectorPool.getSharedSelector Using a shared selector for servlet write/read
25-Apr-2018 11:44:24.253 INFORMACIÓN [main] org.apache.coyote.AbstractProtocol.init Initializing ProtocolHandler ["ajp-nio-8009"]
25-Apr-2018 11:44:24.260 INFORMACIÓN [main] org.apache.tomcat.util.net.NioSelectorPool.getSharedSelector Using a shared selector for servlet write/read
25-Apr-2018 11:44:24.261 INFORMACIÓN [main] org.apache.catalina.startup.Catalina.load Initialization processed in 4772 ms
25-Apr-2018 11:44:24.312 INFORMACIÓN [main] org.apache.catalina.core.StandardService.startInternal Arrancando servicio [Catalina]
25-Apr-2018 11:44:24.312 INFORMACIÓN [main] org.apache.catalina.core.StandardEngine.startInternal Starting Servlet Engine: Apache Tomcat/8.5.23
25-Apr-2018 11:44:24.353 INFORMACIÓN [localhost-startStop-1] org.apache.catalina.startup.HostConfig.deployWAR Despliegue del archivo [C:\temp\conector_empaquetado_web_v2\conector_empaquetado_web\apache-tomcat-8.5.23\webapps\aderby.war] de la aplicación web
25-Apr-2018 11:44:25.861 INFORMACIÓN [localhost-startStop-1] org.apache.jasper.servlet.TldScanner.scanJars Al menos un JAR, que se ha explorado buscando TLDs, aún no contenía TLDs. Activar historial de depuración para este historiador para una completa lista de los JARs que fueron explorados y de los que nos se halló TLDs. Saltarse JARs no necesarios durante la exploración puede dar lugar a una mejora de tiempo significativa en el arranque y compilación de JSP .
25-Apr-2018 11:44:29.317 INFORMACIÓN [localhost-startStop-1] org.apache.catalina.startup.HostConfig.deployWAR Deployment of web application archive [C:\temp\conector_empaquetado_web_v2\conector_empaquetado_web\apache-tomcat-8.5.23\webapps\aderby.war] has finished in [4.959] ms
25-Apr-2018 11:44:29.335 INFORMACIÓN [localhost-startStop-1] org.apache.catalina.startup.HostConfig.deployWAR Despliegue del archivo [C:\temp\conector_empaquetado_web_v2\conector_empaquetado_web\apache-tomcat-8.5.23\webapps\connector-runtime.war] de la aplicación web
25-Apr-2018 11:44:40.424 INFORMACIÓN [localhost-startStop-1] org.apache.jasper.servlet.TldScanner.scanJars Al menos un JAR, que se ha explorado buscando TLDs, aún no contenía TLDs. Activar historial de depuración para este historiador para una completa lista de los JARs que fueron explorados y de los que nos se halló TLDs. Saltarse JARs no necesarios durante la exploración puede dar lugar a una mejora de tiempo significativa en el arranque y compilación de JSP .
25-Apr-2018 11:45:10.892 INFORMACIÓN [localhost-startStop-1] org.apache.catalina.startup.HostConfig.deployWAR Deployment of web application archive [C:\temp\conector_empaquetado_web_v2\conector_empaquetado_web\apache-tomcat-8.5.23\webapps\connector-runtime.war] has finished in [41.557] ms
25-Apr-2018 11:45:10.913 INFORMACIÓN [localhost-startStop-1] org.apache.catalina.startup.HostConfig.deployWAR Despliegue del archivo [C:\temp\conector_empaquetado_web_v2\conector_empaquetado_web\apache-tomcat-8.5.23\webapps\connector-web.war] de la aplicación web
25-Apr-2018 11:45:17.542 INFORMACIÓN [localhost-startStop-1] org.apache.jasper.servlet.TldScanner.scanJars Al menos un JAR, que se ha explorado buscando TLDs, aún no contenía TLDs. Activar historial de depuración para este historiador para una completa lista de los JARs que fueron explorados y de los que nos se halló TLDs. Saltarse JARs no necesarios durante la exploración puede dar lugar a una mejora de tiempo significativa en el arranque y compilación de JSP .
25-Apr-2018 11:45:34.733 INFORMACIÓN [localhost-startStop-1] org.apache.catalina.startup.HostConfig.deployWAR Deployment of web application archive [C:\temp\conector_empaquetado_web_v2\conector_empaquetado_web\apache-tomcat-8.5.23\webapps\connector-web.war] has finished in [23.820] ms
25-Apr-2018 11:45:34.744 INFORMACIÓN [localhost-startStop-1] org.apache.catalina.startup.HostConfig.deployDirectory Despliegue del directorio [C:\temp\conector_empaquetado_web_v2\conector_empaquetado_web\apache-tomcat-8.5.23\webapps\docs] de la aplicación web
25-Apr-2018 11:45:35.512 INFORMACIÓN [localhost-startStop-1] org.apache.jasper.servlet.TldScanner.scanJars Al menos un JAR, que se ha explorado buscando TLDs, aún no contenía TLDs. Activar historial de depuración para este historiador para una completa lista de los JARs que fueron explorados y de los que nos se halló TLDs. Saltarse JARs no necesarios durante la exploración puede dar lugar a una mejora de tiempo significativa en el arranque y compilación de JSP .
25-Apr-2018 11:45:35.519 INFORMACIÓN [localhost-startStop-1] org.apache.catalina.startup.HostConfig.deployDirectory Deployment of web application directory [C:\temp\conector_empaquetado_web_v2\conector_empaquetado_web\apache-tomcat-8.5.23\webapps\docs] has finished in [777] ms
25-Apr-2018 11:45:35.520 INFORMACIÓN [localhost-startStop-1] org.apache.catalina.startup.HostConfig.deployDirectory Despliegue del directorio [C:\temp\conector_empaquetado_web_v2\conector_empaquetado_web\apache-tomcat-8.5.23\webapps\examples] de la aplicación web
25-Apr-2018 11:45:36.880 INFORMACIÓN [localhost-startStop-1] org.apache.jasper.servlet.TldScanner.scanJars Al menos un JAR, que se ha explorado buscando TLDs, aún no contenía TLDs. Activar historial de depuración para este historiador para una completa lista de los JARs que fueron explorados y de los que nos se halló TLDs. Saltarse JARs no necesarios durante la exploración puede dar lugar a una mejora de tiempo significativa en el arranque y compilación de JSP .
25-Apr-2018 11:45:36.969 INFORMACIÓN [localhost-startStop-1] org.apache.catalina.startup.HostConfig.deployDirectory Deployment of web application directory [C:\temp\conector_empaquetado_web_v2\conector_empaquetado_web\apache-tomcat-8.5.23\webapps\examples] has finished in [1.449] ms
25-Apr-2018 11:45:36.970 INFORMACIÓN [localhost-startStop-1] org.apache.catalina.startup.HostConfig.deployDirectory Despliegue del directorio [C:\temp\conector_empaquetado_web_v2\conector_empaquetado_web\apache-tomcat-8.5.23\webapps\host-manager] de la aplicación web
25-Apr-2018 11:45:37.695 INFORMACIÓN [localhost-startStop-1] org.apache.jasper.servlet.TldScanner.scanJars Al menos un JAR, que se ha explorado buscando TLDs, aún no contenía TLDs. Activar historial de depuración para este historiador para una completa lista de los JARs que fueron explorados y de los que nos se halló TLDs. Saltarse JARs no necesarios durante la exploración puede dar lugar a una mejora de tiempo significativa en el arranque y compilación de JSP .
25-Apr-2018 11:45:37.703 INFORMACIÓN [localhost-startStop-1] org.apache.catalina.startup.HostConfig.deployDirectory Deployment of web application directory [C:\temp\conector_empaquetado_web_v2\conector_empaquetado_web\apache-tomcat-8.5.23\webapps\host-manager] has finished in [733] ms
25-Apr-2018 11:45:37.704 INFORMACIÓN [localhost-startStop-1] org.apache.catalina.startup.HostConfig.deployDirectory Despliegue del directorio [C:\temp\conector_empaquetado_web_v2\conector_empaquetado_web\apache-tomcat-8.5.23\webapps\manager] de la aplicación web
25-Apr-2018 11:45:39.271 INFORMACIÓN [localhost-startStop-1] org.apache.jasper.servlet.TldScanner.scanJars Al menos un JAR, que se ha explorado buscando TLDs, aún no contenía TLDs. Activar historial de depuración para este historiador para una completa lista de los JARs que fueron explorados y de los que nos se halló TLDs. Saltarse JARs no necesarios durante la exploración puede dar lugar a una mejora de tiempo significativa en el arranque y compilación de JSP .
25-Apr-2018 11:45:39.287 INFORMACIÓN [localhost-startStop-1] org.apache.catalina.startup.HostConfig.deployDirectory Deployment of web application directory [C:\temp\conector_empaquetado_web_v2\conector_empaquetado_web\apache-tomcat-8.5.23\webapps\manager] has finished in [1.583] ms
25-Apr-2018 11:45:39.288 INFORMACIÓN [localhost-startStop-1] org.apache.catalina.startup.HostConfig.deployDirectory Despliegue del directorio [C:\temp\conector_empaquetado_web_v2\conector_empaquetado_web\apache-tomcat-8.5.23\webapps\ROOT] de la aplicación web
25-Apr-2018 11:45:40.984 INFORMACIÓN [localhost-startStop-1] org.apache.jasper.servlet.TldScanner.scanJars Al menos un JAR, que se ha explorado buscando TLDs, aún no contenía TLDs. Activar historial de depuración para este historiador para una completa lista de los JARs que fueron explorados y de los que nos se halló TLDs. Saltarse JARs no necesarios durante la exploración puede dar lugar a una mejora de tiempo significativa en el arranque y compilación de JSP .
25-Apr-2018 11:45:40.993 INFORMACIÓN [localhost-startStop-1] org.apache.catalina.startup.HostConfig.deployDirectory Deployment of web application directory [C:\temp\conector_empaquetado_web_v2\conector_empaquetado_web\apache-tomcat-8.5.23\webapps\ROOT] has finished in [1.704] ms
25-Apr-2018 11:45:41.007 INFORMACIÓN [main] org.apache.coyote.AbstractProtocol.start Starting ProtocolHandler ["http-nio-9700"]
25-Apr-2018 11:45:41.037 INFORMACIÓN [main] org.apache.coyote.AbstractProtocol.start Starting ProtocolHandler ["http-nio-9800"]
25-Apr-2018 11:45:41.051 INFORMACIÓN [main] org.apache.coyote.AbstractProtocol.start Starting ProtocolHandler ["https-jsse-nio-8443"]
25-Apr-2018 11:45:41.064 INFORMACIÓN [main] org.apache.coyote.AbstractProtocol.start Starting ProtocolHandler ["https-jsse-nio-8553"]
25-Apr-2018 11:45:41.086 INFORMACIÓN [main] org.apache.coyote.AbstractProtocol.start Starting ProtocolHandler ["ajp-nio-8009"]
25-Apr-2018 11:45:41.102 INFORMACIÓN [main] org.apache.catalina.startup.Catalina.start Server startup in 76837 ms
