03-May-2018 17:12:58.318 INFORMACIÓN [main] org.apache.catalina.startup.VersionLoggerListener.log Server version:        Apache Tomcat/8.5.23
03-May-2018 17:12:58.327 INFORMACIÓN [main] org.apache.catalina.startup.VersionLoggerListener.log Server built:          Sep 28 2017 10:30:11 UTC
03-May-2018 17:12:58.328 INFORMACIÓN [main] org.apache.catalina.startup.VersionLoggerListener.log Server number:         8.5.23.0
03-May-2018 17:12:58.328 INFORMACIÓN [main] org.apache.catalina.startup.VersionLoggerListener.log OS Name:               Windows 7
03-May-2018 17:12:58.329 INFORMACIÓN [main] org.apache.catalina.startup.VersionLoggerListener.log OS Version:            6.1
03-May-2018 17:12:58.330 INFORMACIÓN [main] org.apache.catalina.startup.VersionLoggerListener.log Architecture:          amd64
03-May-2018 17:12:58.330 INFORMACIÓN [main] org.apache.catalina.startup.VersionLoggerListener.log Java Home:             C:\temp\conector_empaquetado_web_v2\conector_empaquetado_web\jre1.8.0_151_win
03-May-2018 17:12:58.331 INFORMACIÓN [main] org.apache.catalina.startup.VersionLoggerListener.log JVM Version:           1.8.0_151-b12
03-May-2018 17:12:58.331 INFORMACIÓN [main] org.apache.catalina.startup.VersionLoggerListener.log JVM Vendor:            Oracle Corporation
03-May-2018 17:12:58.332 INFORMACIÓN [main] org.apache.catalina.startup.VersionLoggerListener.log CATALINA_BASE:         C:\temp\conector_empaquetado_web_v2\conector_empaquetado_web\apache-tomcat-8.5.23
03-May-2018 17:12:58.333 INFORMACIÓN [main] org.apache.catalina.startup.VersionLoggerListener.log CATALINA_HOME:         C:\temp\conector_empaquetado_web_v2\conector_empaquetado_web\apache-tomcat-8.5.23
03-May-2018 17:12:58.334 INFORMACIÓN [main] org.apache.catalina.startup.VersionLoggerListener.log Command line argument: -Djava.util.logging.config.file=C:\temp\conector_empaquetado_web_v2\conector_empaquetado_web\apache-tomcat-8.5.23\conf\logging.properties
03-May-2018 17:12:58.336 INFORMACIÓN [main] org.apache.catalina.startup.VersionLoggerListener.log Command line argument: -Djava.util.logging.manager=org.apache.juli.ClassLoaderLogManager
03-May-2018 17:12:58.337 INFORMACIÓN [main] org.apache.catalina.startup.VersionLoggerListener.log Command line argument: -Djdk.tls.ephemeralDHKeySize=2048
03-May-2018 17:12:58.338 INFORMACIÓN [main] org.apache.catalina.startup.VersionLoggerListener.log Command line argument: -Djava.protocol.handler.pkgs=org.apache.catalina.webresources
03-May-2018 17:12:58.338 INFORMACIÓN [main] org.apache.catalina.startup.VersionLoggerListener.log Command line argument: -Dfile.encoding=UTF-8
03-May-2018 17:12:58.338 INFORMACIÓN [main] org.apache.catalina.startup.VersionLoggerListener.log Command line argument: -Dconnector.integration.mtomTempLocation=C:\temp\conector_empaquetado_web_v2\conector_empaquetado_web\apache-tomcat-8.5.23/temp/mtom/
03-May-2018 17:12:58.338 INFORMACIÓN [main] org.apache.catalina.startup.VersionLoggerListener.log Command line argument: -DuploadFolder=C:\temp\conector_empaquetado_web_v2\conector_empaquetado_web\apache-tomcat-8.5.23/connector
03-May-2018 17:12:58.338 INFORMACIÓN [main] org.apache.catalina.startup.VersionLoggerListener.log Command line argument: -Dconnector.integration.configLocation=C:\temp\conector_empaquetado_web_v2\conector_empaquetado_web\apache-tomcat-8.5.23/conf
03-May-2018 17:12:58.338 INFORMACIÓN [main] org.apache.catalina.startup.VersionLoggerListener.log Command line argument: -Dconnector.web.configLocation=C:\temp\conector_empaquetado_web_v2\conector_empaquetado_web\apache-tomcat-8.5.23/conf
03-May-2018 17:12:58.348 INFORMACIÓN [main] org.apache.catalina.startup.VersionLoggerListener.log Command line argument: -Dconnector.integration.log4jLocation=C:\temp\conector_empaquetado_web_v2\conector_empaquetado_web\apache-tomcat-8.5.23/logs
03-May-2018 17:12:58.348 INFORMACIÓN [main] org.apache.catalina.startup.VersionLoggerListener.log Command line argument: -Dderby.system.home=C:\temp\conector_empaquetado_web_v2\conector_empaquetado_web\apache-tomcat-8.5.23/derby
03-May-2018 17:12:58.348 INFORMACIÓN [main] org.apache.catalina.startup.VersionLoggerListener.log Command line argument: -Dconnector.web.log4jLocation=C:\temp\conector_empaquetado_web_v2\conector_empaquetado_web\apache-tomcat-8.5.23/logs
03-May-2018 17:12:58.348 INFORMACIÓN [main] org.apache.catalina.startup.VersionLoggerListener.log Command line argument: -Dcatalina.base=C:\temp\conector_empaquetado_web_v2\conector_empaquetado_web\apache-tomcat-8.5.23
03-May-2018 17:12:58.348 INFORMACIÓN [main] org.apache.catalina.startup.VersionLoggerListener.log Command line argument: -Dcatalina.home=C:\temp\conector_empaquetado_web_v2\conector_empaquetado_web\apache-tomcat-8.5.23
03-May-2018 17:12:58.348 INFORMACIÓN [main] org.apache.catalina.startup.VersionLoggerListener.log Command line argument: -Djava.io.tmpdir=C:\temp\conector_empaquetado_web_v2\conector_empaquetado_web\apache-tomcat-8.5.23\temp
03-May-2018 17:12:58.358 INFORMACIÓN [main] org.apache.catalina.core.AprLifecycleListener.lifecycleEvent La biblioteca nativa de Apache Tomcat basada en ARP que permite un rendimiento óptimo en entornos de desarrollo no ha sido hallada en java.library.path: [C:\temp\conector_empaquetado_web_v2\conector_empaquetado_web\jre1.8.0_151_win\bin;C:\Windows\Sun\Java\bin;C:\Windows\system32;C:\Windows;C:\Program Files (x86)\Python35-32\Scripts\;C:\Program Files (x86)\Python35-32\;C:\ProgramData\Oracle\Java\javapath;C:\Windows\system32;C:\Windows;C:\Windows\System32\Wbem;C:\Windows\System32\WindowsPowerShell\v1.0\;C:\Program Files\Git\cmd;C:\gradle-2.12\bin;C:\Program Files (x86)\Skype\Phone\;;C:\Program Files\Docker Toolbox;C:\apache-maven-3.5.3\bin;C:\Users\guzman.llambias\AppData\Roaming\Python\Python35\Scripts;.]
03-May-2018 17:12:58.772 INFORMACIÓN [main] org.apache.coyote.AbstractProtocol.init Initializing ProtocolHandler ["http-nio-9700"]
03-May-2018 17:13:00.328 INFORMACIÓN [main] org.apache.tomcat.util.net.NioSelectorPool.getSharedSelector Using a shared selector for servlet write/read
03-May-2018 17:13:00.328 INFORMACIÓN [main] org.apache.coyote.AbstractProtocol.init Initializing ProtocolHandler ["http-nio-9800"]
03-May-2018 17:13:00.328 INFORMACIÓN [main] org.apache.tomcat.util.net.NioSelectorPool.getSharedSelector Using a shared selector for servlet write/read
03-May-2018 17:13:00.338 INFORMACIÓN [main] org.apache.coyote.AbstractProtocol.init Initializing ProtocolHandler ["https-jsse-nio-8443"]
03-May-2018 17:13:01.625 INFORMACIÓN [main] org.apache.tomcat.util.net.NioSelectorPool.getSharedSelector Using a shared selector for servlet write/read
03-May-2018 17:13:01.636 INFORMACIÓN [main] org.apache.coyote.AbstractProtocol.init Initializing ProtocolHandler ["https-jsse-nio-8553"]
03-May-2018 17:13:01.666 INFORMACIÓN [main] org.apache.tomcat.util.net.NioSelectorPool.getSharedSelector Using a shared selector for servlet write/read
03-May-2018 17:13:01.666 INFORMACIÓN [main] org.apache.coyote.AbstractProtocol.init Initializing ProtocolHandler ["ajp-nio-8009"]
03-May-2018 17:13:01.676 INFORMACIÓN [main] org.apache.tomcat.util.net.NioSelectorPool.getSharedSelector Using a shared selector for servlet write/read
03-May-2018 17:13:01.676 INFORMACIÓN [main] org.apache.catalina.startup.Catalina.load Initialization processed in 4727 ms
03-May-2018 17:13:01.726 INFORMACIÓN [main] org.apache.catalina.core.StandardService.startInternal Arrancando servicio [Catalina]
03-May-2018 17:13:01.726 INFORMACIÓN [main] org.apache.catalina.core.StandardEngine.startInternal Starting Servlet Engine: Apache Tomcat/8.5.23
03-May-2018 17:13:01.769 INFORMACIÓN [localhost-startStop-1] org.apache.catalina.startup.HostConfig.deployWAR Despliegue del archivo [C:\temp\conector_empaquetado_web_v2\conector_empaquetado_web\apache-tomcat-8.5.23\webapps\aderby.war] de la aplicación web
03-May-2018 17:13:03.034 INFORMACIÓN [localhost-startStop-1] org.apache.jasper.servlet.TldScanner.scanJars Al menos un JAR, que se ha explorado buscando TLDs, aún no contenía TLDs. Activar historial de depuración para este historiador para una completa lista de los JARs que fueron explorados y de los que nos se halló TLDs. Saltarse JARs no necesarios durante la exploración puede dar lugar a una mejora de tiempo significativa en el arranque y compilación de JSP .
03-May-2018 17:13:05.632 INFORMACIÓN [localhost-startStop-1] org.apache.catalina.startup.HostConfig.deployWAR Deployment of web application archive [C:\temp\conector_empaquetado_web_v2\conector_empaquetado_web\apache-tomcat-8.5.23\webapps\aderby.war] has finished in [3.853] ms
03-May-2018 17:13:05.632 INFORMACIÓN [localhost-startStop-1] org.apache.catalina.startup.HostConfig.deployWAR Despliegue del archivo [C:\temp\conector_empaquetado_web_v2\conector_empaquetado_web\apache-tomcat-8.5.23\webapps\connector-runtime.war] de la aplicación web
03-May-2018 17:13:14.877 INFORMACIÓN [localhost-startStop-1] org.apache.jasper.servlet.TldScanner.scanJars Al menos un JAR, que se ha explorado buscando TLDs, aún no contenía TLDs. Activar historial de depuración para este historiador para una completa lista de los JARs que fueron explorados y de los que nos se halló TLDs. Saltarse JARs no necesarios durante la exploración puede dar lugar a una mejora de tiempo significativa en el arranque y compilación de JSP .
03-May-2018 17:13:47.472 INFORMACIÓN [localhost-startStop-1] org.apache.catalina.startup.HostConfig.deployWAR Deployment of web application archive [C:\temp\conector_empaquetado_web_v2\conector_empaquetado_web\apache-tomcat-8.5.23\webapps\connector-runtime.war] has finished in [41.840] ms
03-May-2018 17:13:47.487 INFORMACIÓN [localhost-startStop-1] org.apache.catalina.startup.HostConfig.deployWAR Despliegue del archivo [C:\temp\conector_empaquetado_web_v2\conector_empaquetado_web\apache-tomcat-8.5.23\webapps\connector-web.war] de la aplicación web
03-May-2018 17:13:52.788 INFORMACIÓN [localhost-startStop-1] org.apache.jasper.servlet.TldScanner.scanJars Al menos un JAR, que se ha explorado buscando TLDs, aún no contenía TLDs. Activar historial de depuración para este historiador para una completa lista de los JARs que fueron explorados y de los que nos se halló TLDs. Saltarse JARs no necesarios durante la exploración puede dar lugar a una mejora de tiempo significativa en el arranque y compilación de JSP .
03-May-2018 17:14:09.652 INFORMACIÓN [localhost-startStop-1] org.apache.catalina.startup.HostConfig.deployWAR Deployment of web application archive [C:\temp\conector_empaquetado_web_v2\conector_empaquetado_web\apache-tomcat-8.5.23\webapps\connector-web.war] has finished in [22.165] ms
03-May-2018 17:14:09.661 INFORMACIÓN [localhost-startStop-1] org.apache.catalina.startup.HostConfig.deployDirectory Despliegue del directorio [C:\temp\conector_empaquetado_web_v2\conector_empaquetado_web\apache-tomcat-8.5.23\webapps\docs] de la aplicación web
03-May-2018 17:14:10.341 INFORMACIÓN [localhost-startStop-1] org.apache.jasper.servlet.TldScanner.scanJars Al menos un JAR, que se ha explorado buscando TLDs, aún no contenía TLDs. Activar historial de depuración para este historiador para una completa lista de los JARs que fueron explorados y de los que nos se halló TLDs. Saltarse JARs no necesarios durante la exploración puede dar lugar a una mejora de tiempo significativa en el arranque y compilación de JSP .
03-May-2018 17:14:10.347 INFORMACIÓN [localhost-startStop-1] org.apache.catalina.startup.HostConfig.deployDirectory Deployment of web application directory [C:\temp\conector_empaquetado_web_v2\conector_empaquetado_web\apache-tomcat-8.5.23\webapps\docs] has finished in [687] ms
03-May-2018 17:14:10.348 INFORMACIÓN [localhost-startStop-1] org.apache.catalina.startup.HostConfig.deployDirectory Despliegue del directorio [C:\temp\conector_empaquetado_web_v2\conector_empaquetado_web\apache-tomcat-8.5.23\webapps\examples] de la aplicación web
03-May-2018 17:14:13.567 INFORMACIÓN [localhost-startStop-1] org.apache.jasper.servlet.TldScanner.scanJars Al menos un JAR, que se ha explorado buscando TLDs, aún no contenía TLDs. Activar historial de depuración para este historiador para una completa lista de los JARs que fueron explorados y de los que nos se halló TLDs. Saltarse JARs no necesarios durante la exploración puede dar lugar a una mejora de tiempo significativa en el arranque y compilación de JSP .
03-May-2018 17:14:13.816 INFORMACIÓN [localhost-startStop-1] org.apache.catalina.startup.HostConfig.deployDirectory Deployment of web application directory [C:\temp\conector_empaquetado_web_v2\conector_empaquetado_web\apache-tomcat-8.5.23\webapps\examples] has finished in [3.467] ms
03-May-2018 17:14:13.818 INFORMACIÓN [localhost-startStop-1] org.apache.catalina.startup.HostConfig.deployDirectory Despliegue del directorio [C:\temp\conector_empaquetado_web_v2\conector_empaquetado_web\apache-tomcat-8.5.23\webapps\host-manager] de la aplicación web
03-May-2018 17:14:15.034 INFORMACIÓN [localhost-startStop-1] org.apache.jasper.servlet.TldScanner.scanJars Al menos un JAR, que se ha explorado buscando TLDs, aún no contenía TLDs. Activar historial de depuración para este historiador para una completa lista de los JARs que fueron explorados y de los que nos se halló TLDs. Saltarse JARs no necesarios durante la exploración puede dar lugar a una mejora de tiempo significativa en el arranque y compilación de JSP .
03-May-2018 17:14:15.045 INFORMACIÓN [localhost-startStop-1] org.apache.catalina.startup.HostConfig.deployDirectory Deployment of web application directory [C:\temp\conector_empaquetado_web_v2\conector_empaquetado_web\apache-tomcat-8.5.23\webapps\host-manager] has finished in [1.228] ms
03-May-2018 17:14:15.048 INFORMACIÓN [localhost-startStop-1] org.apache.catalina.startup.HostConfig.deployDirectory Despliegue del directorio [C:\temp\conector_empaquetado_web_v2\conector_empaquetado_web\apache-tomcat-8.5.23\webapps\manager] de la aplicación web
03-May-2018 17:14:16.223 INFORMACIÓN [localhost-startStop-1] org.apache.jasper.servlet.TldScanner.scanJars Al menos un JAR, que se ha explorado buscando TLDs, aún no contenía TLDs. Activar historial de depuración para este historiador para una completa lista de los JARs que fueron explorados y de los que nos se halló TLDs. Saltarse JARs no necesarios durante la exploración puede dar lugar a una mejora de tiempo significativa en el arranque y compilación de JSP .
03-May-2018 17:14:16.230 INFORMACIÓN [localhost-startStop-1] org.apache.catalina.startup.HostConfig.deployDirectory Deployment of web application directory [C:\temp\conector_empaquetado_web_v2\conector_empaquetado_web\apache-tomcat-8.5.23\webapps\manager] has finished in [1.181] ms
03-May-2018 17:14:16.230 INFORMACIÓN [localhost-startStop-1] org.apache.catalina.startup.HostConfig.deployDirectory Despliegue del directorio [C:\temp\conector_empaquetado_web_v2\conector_empaquetado_web\apache-tomcat-8.5.23\webapps\ROOT] de la aplicación web
03-May-2018 17:14:16.837 INFORMACIÓN [localhost-startStop-1] org.apache.jasper.servlet.TldScanner.scanJars Al menos un JAR, que se ha explorado buscando TLDs, aún no contenía TLDs. Activar historial de depuración para este historiador para una completa lista de los JARs que fueron explorados y de los que nos se halló TLDs. Saltarse JARs no necesarios durante la exploración puede dar lugar a una mejora de tiempo significativa en el arranque y compilación de JSP .
03-May-2018 17:14:16.841 INFORMACIÓN [localhost-startStop-1] org.apache.catalina.startup.HostConfig.deployDirectory Deployment of web application directory [C:\temp\conector_empaquetado_web_v2\conector_empaquetado_web\apache-tomcat-8.5.23\webapps\ROOT] has finished in [611] ms
03-May-2018 17:14:16.850 INFORMACIÓN [main] org.apache.coyote.AbstractProtocol.start Starting ProtocolHandler ["http-nio-9700"]
03-May-2018 17:14:16.862 INFORMACIÓN [main] org.apache.coyote.AbstractProtocol.start Starting ProtocolHandler ["http-nio-9800"]
03-May-2018 17:14:16.867 INFORMACIÓN [main] org.apache.coyote.AbstractProtocol.start Starting ProtocolHandler ["https-jsse-nio-8443"]
03-May-2018 17:14:16.878 INFORMACIÓN [main] org.apache.coyote.AbstractProtocol.start Starting ProtocolHandler ["https-jsse-nio-8553"]
03-May-2018 17:14:16.885 INFORMACIÓN [main] org.apache.coyote.AbstractProtocol.start Starting ProtocolHandler ["ajp-nio-8009"]
03-May-2018 17:14:16.892 INFORMACIÓN [main] org.apache.catalina.startup.Catalina.start Server startup in 75210 ms
03-May-2018 18:27:42.204 INFORMACIÓN [Thread-18] org.apache.coyote.AbstractProtocol.pause Pausing ProtocolHandler ["http-nio-9700"]
03-May-2018 18:27:44.831 INFORMACIÓN [Thread-18] org.apache.coyote.AbstractProtocol.pause Pausing ProtocolHandler ["http-nio-9800"]
03-May-2018 18:27:46.335 INFORMACIÓN [Thread-18] org.apache.coyote.AbstractProtocol.pause Pausing ProtocolHandler ["https-jsse-nio-8443"]
03-May-2018 18:27:47.466 INFORMACIÓN [Thread-18] org.apache.coyote.AbstractProtocol.pause Pausing ProtocolHandler ["https-jsse-nio-8553"]
03-May-2018 18:27:48.370 INFORMACIÓN [Thread-18] org.apache.coyote.AbstractProtocol.pause Pausing ProtocolHandler ["ajp-nio-8009"]
03-May-2018 18:27:49.285 INFORMACIÓN [Thread-18] org.apache.catalina.core.StandardService.stopInternal Parando servicio [Catalina]
03-May-2018 18:27:49.470 ADVERTENCIA [localhost-startStop-2] org.apache.catalina.loader.WebappClassLoaderBase.clearReferencesJdbc La aplicación web [connector-runtime] registró el conductor JDBC [org.apache.derby.jdbc.ClientDriver] pero falló al anular el registro mientras la aplicación web estaba parada. Para prevenir un fallo de memoria, se ha anulado el registro del conductor JDBC por la fuerza.
03-May-2018 18:27:49.516 ADVERTENCIA [localhost-startStop-2] org.apache.catalina.loader.WebappClassLoaderBase.clearReferencesThreads The web application [aderby] appears to have started a thread named [derby.NetworkServerStarter] but has failed to stop it. This is very likely to create a memory leak. Stack trace of thread:
 java.lang.Object.wait(Native Method)
 java.lang.Object.wait(Object.java:502)
 org.apache.derby.impl.drda.NetworkServerControlImpl.blockingStart(Unknown Source)
 sun.reflect.NativeMethodAccessorImpl.invoke0(Native Method)
 sun.reflect.NativeMethodAccessorImpl.invoke(NativeMethodAccessorImpl.java:62)
 sun.reflect.DelegatingMethodAccessorImpl.invoke(DelegatingMethodAccessorImpl.java:43)
 java.lang.reflect.Method.invoke(Method.java:498)
 org.apache.derby.iapi.jdbc.DRDAServerStarter.run(Unknown Source)
 java.lang.Thread.run(Thread.java:748)
03-May-2018 18:27:49.518 ADVERTENCIA [localhost-startStop-2] org.apache.catalina.loader.WebappClassLoaderBase.clearReferencesThreads The web application [aderby] appears to have started a thread named [NetworkServerThread_1] but has failed to stop it. This is very likely to create a memory leak. Stack trace of thread:
 java.net.DualStackPlainSocketImpl.accept0(Native Method)
 java.net.DualStackPlainSocketImpl.socketAccept(DualStackPlainSocketImpl.java:131)
 java.net.AbstractPlainSocketImpl.accept(AbstractPlainSocketImpl.java:409)
 java.net.PlainSocketImpl.accept(PlainSocketImpl.java:199)
 java.net.ServerSocket.implAccept(ServerSocket.java:545)
 java.net.ServerSocket.accept(ServerSocket.java:513)
 org.apache.derby.impl.drda.ClientThread$1.run(Unknown Source)
 org.apache.derby.impl.drda.ClientThread$1.run(Unknown Source)
 java.security.AccessController.doPrivileged(Native Method)
 org.apache.derby.impl.drda.ClientThread.acceptClientWithRetry(Unknown Source)
 org.apache.derby.impl.drda.ClientThread.run(Unknown Source)
03-May-2018 18:27:49.520 ADVERTENCIA [localhost-startStop-2] org.apache.catalina.loader.WebappClassLoaderBase.clearReferencesThreads The web application [aderby] appears to have started a thread named [DRDAConnThread_2] but has failed to stop it. This is very likely to create a memory leak. Stack trace of thread:
 java.lang.Object.wait(Native Method)
 java.lang.Object.wait(Object.java:502)
 org.apache.derby.impl.drda.NetworkServerControlImpl.getNextSession(Unknown Source)
 org.apache.derby.impl.drda.DRDAConnThread.run(Unknown Source)
03-May-2018 18:27:49.522 ADVERTENCIA [localhost-startStop-2] org.apache.catalina.loader.WebappClassLoaderBase.clearReferencesThreads The web application [aderby] appears to have started a thread named [DRDAConnThread_3] but has failed to stop it. This is very likely to create a memory leak. Stack trace of thread:
 java.lang.Object.wait(Native Method)
 java.lang.Object.wait(Object.java:502)
 org.apache.derby.impl.drda.NetworkServerControlImpl.getNextSession(Unknown Source)
 org.apache.derby.impl.drda.DRDAConnThread.run(Unknown Source)
03-May-2018 18:27:49.523 ADVERTENCIA [localhost-startStop-2] org.apache.catalina.loader.WebappClassLoaderBase.clearReferencesThreads The web application [aderby] appears to have started a thread named [DRDAConnThread_4] but has failed to stop it. This is very likely to create a memory leak. Stack trace of thread:
 java.lang.Object.wait(Native Method)
 java.lang.Object.wait(Object.java:502)
 org.apache.derby.impl.drda.NetworkServerControlImpl.getNextSession(Unknown Source)
 org.apache.derby.impl.drda.DRDAConnThread.run(Unknown Source)
03-May-2018 18:27:49.525 ADVERTENCIA [localhost-startStop-2] org.apache.catalina.loader.WebappClassLoaderBase.clearReferencesThreads The web application [aderby] appears to have started a thread named [DRDAConnThread_5] but has failed to stop it. This is very likely to create a memory leak. Stack trace of thread:
 java.net.SocketInputStream.socketRead0(Native Method)
 java.net.SocketInputStream.socketRead(SocketInputStream.java:116)
 java.net.SocketInputStream.read(SocketInputStream.java:171)
 java.net.SocketInputStream.read(SocketInputStream.java:141)
 org.apache.derby.impl.drda.DDMReader.fill(Unknown Source)
 org.apache.derby.impl.drda.DDMReader.ensureALayerDataInBuffer(Unknown Source)
 org.apache.derby.impl.drda.DDMReader.readDssHeader(Unknown Source)
 org.apache.derby.impl.drda.DRDAConnThread.processCommands(Unknown Source)
 org.apache.derby.impl.drda.DRDAConnThread.run(Unknown Source)
03-May-2018 18:27:49.527 ADVERTENCIA [localhost-startStop-2] org.apache.catalina.loader.WebappClassLoaderBase.clearReferencesThreads The web application [aderby] appears to have started a thread named [DRDAConnThread_6] but has failed to stop it. This is very likely to create a memory leak. Stack trace of thread:
 java.net.SocketInputStream.socketRead0(Native Method)
 java.net.SocketInputStream.socketRead(SocketInputStream.java:116)
 java.net.SocketInputStream.read(SocketInputStream.java:171)
 java.net.SocketInputStream.read(SocketInputStream.java:141)
 org.apache.derby.impl.drda.DDMReader.fill(Unknown Source)
 org.apache.derby.impl.drda.DDMReader.ensureALayerDataInBuffer(Unknown Source)
 org.apache.derby.impl.drda.DDMReader.readDssHeader(Unknown Source)
 org.apache.derby.impl.drda.DRDAConnThread.processCommands(Unknown Source)
 org.apache.derby.impl.drda.DRDAConnThread.run(Unknown Source)
03-May-2018 18:27:49.529 ADVERTENCIA [localhost-startStop-2] org.apache.catalina.loader.WebappClassLoaderBase.clearReferencesThreads The web application [aderby] appears to have started a thread named [DRDAConnThread_7] but has failed to stop it. This is very likely to create a memory leak. Stack trace of thread:
 java.lang.Object.wait(Native Method)
 java.lang.Object.wait(Object.java:502)
 org.apache.derby.impl.drda.NetworkServerControlImpl.getNextSession(Unknown Source)
 org.apache.derby.impl.drda.DRDAConnThread.run(Unknown Source)
03-May-2018 18:27:49.531 ADVERTENCIA [localhost-startStop-2] org.apache.catalina.loader.WebappClassLoaderBase.clearReferencesThreads The web application [aderby] appears to have started a thread named [DRDAConnThread_8] but has failed to stop it. This is very likely to create a memory leak. Stack trace of thread:
 java.lang.Object.wait(Native Method)
 java.lang.Object.wait(Object.java:502)
 org.apache.derby.impl.drda.NetworkServerControlImpl.getNextSession(Unknown Source)
 org.apache.derby.impl.drda.DRDAConnThread.run(Unknown Source)
03-May-2018 18:27:49.532 ADVERTENCIA [localhost-startStop-2] org.apache.catalina.loader.WebappClassLoaderBase.clearReferencesThreads The web application [aderby] appears to have started a thread named [DRDAConnThread_9] but has failed to stop it. This is very likely to create a memory leak. Stack trace of thread:
 java.net.SocketInputStream.socketRead0(Native Method)
 java.net.SocketInputStream.socketRead(SocketInputStream.java:116)
 java.net.SocketInputStream.read(SocketInputStream.java:171)
 java.net.SocketInputStream.read(SocketInputStream.java:141)
 org.apache.derby.impl.drda.DDMReader.fill(Unknown Source)
 org.apache.derby.impl.drda.DDMReader.ensureALayerDataInBuffer(Unknown Source)
 org.apache.derby.impl.drda.DDMReader.readDssHeader(Unknown Source)
 org.apache.derby.impl.drda.DRDAConnThread.processCommands(Unknown Source)
 org.apache.derby.impl.drda.DRDAConnThread.run(Unknown Source)
03-May-2018 18:27:49.535 ADVERTENCIA [localhost-startStop-2] org.apache.catalina.loader.WebappClassLoaderBase.clearReferencesThreads The web application [aderby] appears to have started a thread named [DRDAConnThread_10] but has failed to stop it. This is very likely to create a memory leak. Stack trace of thread:
 java.lang.Object.wait(Native Method)
 java.lang.Object.wait(Object.java:502)
 org.apache.derby.impl.drda.NetworkServerControlImpl.getNextSession(Unknown Source)
 org.apache.derby.impl.drda.DRDAConnThread.run(Unknown Source)
03-May-2018 18:27:49.537 ADVERTENCIA [localhost-startStop-2] org.apache.catalina.loader.WebappClassLoaderBase.clearReferencesThreads The web application [aderby] appears to have started a thread named [DRDAConnThread_11] but has failed to stop it. This is very likely to create a memory leak. Stack trace of thread:
 java.net.SocketInputStream.socketRead0(Native Method)
 java.net.SocketInputStream.socketRead(SocketInputStream.java:116)
 java.net.SocketInputStream.read(SocketInputStream.java:171)
 java.net.SocketInputStream.read(SocketInputStream.java:141)
 org.apache.derby.impl.drda.DDMReader.fill(Unknown Source)
 org.apache.derby.impl.drda.DDMReader.ensureALayerDataInBuffer(Unknown Source)
 org.apache.derby.impl.drda.DDMReader.readDssHeader(Unknown Source)
 org.apache.derby.impl.drda.DRDAConnThread.processCommands(Unknown Source)
 org.apache.derby.impl.drda.DRDAConnThread.run(Unknown Source)
03-May-2018 18:27:49.539 ADVERTENCIA [localhost-startStop-2] org.apache.catalina.loader.WebappClassLoaderBase.clearReferencesThreads The web application [aderby] appears to have started a thread named [DRDAConnThread_12] but has failed to stop it. This is very likely to create a memory leak. Stack trace of thread:
 java.net.SocketInputStream.socketRead0(Native Method)
 java.net.SocketInputStream.socketRead(SocketInputStream.java:116)
 java.net.SocketInputStream.read(SocketInputStream.java:171)
 java.net.SocketInputStream.read(SocketInputStream.java:141)
 org.apache.derby.impl.drda.DDMReader.fill(Unknown Source)
 org.apache.derby.impl.drda.DDMReader.ensureALayerDataInBuffer(Unknown Source)
 org.apache.derby.impl.drda.DDMReader.readDssHeader(Unknown Source)
 org.apache.derby.impl.drda.DRDAConnThread.processCommands(Unknown Source)
 org.apache.derby.impl.drda.DRDAConnThread.run(Unknown Source)
03-May-2018 18:27:49.540 ADVERTENCIA [localhost-startStop-2] org.apache.catalina.loader.WebappClassLoaderBase.clearReferencesThreads The web application [aderby] appears to have started a thread named [DRDAConnThread_13] but has failed to stop it. This is very likely to create a memory leak. Stack trace of thread:
 java.net.SocketInputStream.socketRead0(Native Method)
 java.net.SocketInputStream.socketRead(SocketInputStream.java:116)
 java.net.SocketInputStream.read(SocketInputStream.java:171)
 java.net.SocketInputStream.read(SocketInputStream.java:141)
 org.apache.derby.impl.drda.DDMReader.fill(Unknown Source)
 org.apache.derby.impl.drda.DDMReader.ensureALayerDataInBuffer(Unknown Source)
 org.apache.derby.impl.drda.DDMReader.readDssHeader(Unknown Source)
 org.apache.derby.impl.drda.DRDAConnThread.processCommands(Unknown Source)
 org.apache.derby.impl.drda.DRDAConnThread.run(Unknown Source)
03-May-2018 18:27:49.542 ADVERTENCIA [localhost-startStop-2] org.apache.catalina.loader.WebappClassLoaderBase.clearReferencesThreads The web application [aderby] appears to have started a thread named [DRDAConnThread_14] but has failed to stop it. This is very likely to create a memory leak. Stack trace of thread:
 java.net.SocketInputStream.socketRead0(Native Method)
 java.net.SocketInputStream.socketRead(SocketInputStream.java:116)
 java.net.SocketInputStream.read(SocketInputStream.java:171)
 java.net.SocketInputStream.read(SocketInputStream.java:141)
 org.apache.derby.impl.drda.DDMReader.fill(Unknown Source)
 org.apache.derby.impl.drda.DDMReader.ensureALayerDataInBuffer(Unknown Source)
 org.apache.derby.impl.drda.DDMReader.readDssHeader(Unknown Source)
 org.apache.derby.impl.drda.DRDAConnThread.processCommands(Unknown Source)
 org.apache.derby.impl.drda.DRDAConnThread.run(Unknown Source)
03-May-2018 18:27:49.544 ADVERTENCIA [localhost-startStop-2] org.apache.catalina.loader.WebappClassLoaderBase.clearReferencesThreads The web application [aderby] appears to have started a thread named [DRDAConnThread_15] but has failed to stop it. This is very likely to create a memory leak. Stack trace of thread:
 java.lang.Object.wait(Native Method)
 java.lang.Object.wait(Object.java:502)
 org.apache.derby.impl.drda.NetworkServerControlImpl.getNextSession(Unknown Source)
 org.apache.derby.impl.drda.DRDAConnThread.run(Unknown Source)
03-May-2018 18:27:49.546 ADVERTENCIA [localhost-startStop-2] org.apache.catalina.loader.WebappClassLoaderBase.clearReferencesThreads The web application [aderby] appears to have started a thread named [DRDAConnThread_16] but has failed to stop it. This is very likely to create a memory leak. Stack trace of thread:
 java.lang.Object.wait(Native Method)
 java.lang.Object.wait(Object.java:502)
 org.apache.derby.impl.drda.NetworkServerControlImpl.getNextSession(Unknown Source)
 org.apache.derby.impl.drda.DRDAConnThread.run(Unknown Source)
03-May-2018 18:27:49.547 ADVERTENCIA [localhost-startStop-2] org.apache.catalina.loader.WebappClassLoaderBase.clearReferencesThreads The web application [aderby] appears to have started a thread named [DRDAConnThread_17] but has failed to stop it. This is very likely to create a memory leak. Stack trace of thread:
 java.net.SocketInputStream.socketRead0(Native Method)
 java.net.SocketInputStream.socketRead(SocketInputStream.java:116)
 java.net.SocketInputStream.read(SocketInputStream.java:171)
 java.net.SocketInputStream.read(SocketInputStream.java:141)
 org.apache.derby.impl.drda.DDMReader.fill(Unknown Source)
 org.apache.derby.impl.drda.DDMReader.ensureALayerDataInBuffer(Unknown Source)
 org.apache.derby.impl.drda.DDMReader.readDssHeader(Unknown Source)
 org.apache.derby.impl.drda.DRDAConnThread.processCommands(Unknown Source)
 org.apache.derby.impl.drda.DRDAConnThread.run(Unknown Source)
03-May-2018 18:27:49.550 ADVERTENCIA [localhost-startStop-2] org.apache.catalina.loader.WebappClassLoaderBase.clearReferencesThreads The web application [aderby] appears to have started a thread named [DRDAConnThread_18] but has failed to stop it. This is very likely to create a memory leak. Stack trace of thread:
 java.net.SocketInputStream.socketRead0(Native Method)
 java.net.SocketInputStream.socketRead(SocketInputStream.java:116)
 java.net.SocketInputStream.read(SocketInputStream.java:171)
 java.net.SocketInputStream.read(SocketInputStream.java:141)
 org.apache.derby.impl.drda.DDMReader.fill(Unknown Source)
 org.apache.derby.impl.drda.DDMReader.ensureALayerDataInBuffer(Unknown Source)
 org.apache.derby.impl.drda.DDMReader.readDssHeader(Unknown Source)
 org.apache.derby.impl.drda.DRDAConnThread.processCommands(Unknown Source)
 org.apache.derby.impl.drda.DRDAConnThread.run(Unknown Source)
03-May-2018 18:27:49.552 ADVERTENCIA [localhost-startStop-2] org.apache.catalina.loader.WebappClassLoaderBase.clearReferencesThreads The web application [aderby] appears to have started a thread named [DRDAConnThread_19] but has failed to stop it. This is very likely to create a memory leak. Stack trace of thread:
 java.lang.Object.wait(Native Method)
 java.lang.Object.wait(Object.java:502)
 org.apache.derby.impl.drda.NetworkServerControlImpl.getNextSession(Unknown Source)
 org.apache.derby.impl.drda.DRDAConnThread.run(Unknown Source)
03-May-2018 18:27:49.553 ADVERTENCIA [localhost-startStop-2] org.apache.catalina.loader.WebappClassLoaderBase.clearReferencesThreads The web application [aderby] appears to have started a thread named [DRDAConnThread_20] but has failed to stop it. This is very likely to create a memory leak. Stack trace of thread:
 java.net.SocketInputStream.socketRead0(Native Method)
 java.net.SocketInputStream.socketRead(SocketInputStream.java:116)
 java.net.SocketInputStream.read(SocketInputStream.java:171)
 java.net.SocketInputStream.read(SocketInputStream.java:141)
 org.apache.derby.impl.drda.DDMReader.fill(Unknown Source)
 org.apache.derby.impl.drda.DDMReader.ensureALayerDataInBuffer(Unknown Source)
 org.apache.derby.impl.drda.DDMReader.readDssHeader(Unknown Source)
 org.apache.derby.impl.drda.DRDAConnThread.processCommands(Unknown Source)
 org.apache.derby.impl.drda.DRDAConnThread.run(Unknown Source)
03-May-2018 18:27:49.556 ADVERTENCIA [localhost-startStop-2] org.apache.catalina.loader.WebappClassLoaderBase.clearReferencesThreads The web application [aderby] appears to have started a thread named [DRDAConnThread_21] but has failed to stop it. This is very likely to create a memory leak. Stack trace of thread:
 java.lang.Object.wait(Native Method)
 java.lang.Object.wait(Object.java:502)
 org.apache.derby.impl.drda.NetworkServerControlImpl.getNextSession(Unknown Source)
 org.apache.derby.impl.drda.DRDAConnThread.run(Unknown Source)
03-May-2018 18:27:49.557 ADVERTENCIA [localhost-startStop-2] org.apache.catalina.loader.WebappClassLoaderBase.clearReferencesThreads The web application [aderby] appears to have started a thread named [DRDAConnThread_22] but has failed to stop it. This is very likely to create a memory leak. Stack trace of thread:
 java.lang.Object.wait(Native Method)
 java.lang.Object.wait(Object.java:502)
 org.apache.derby.impl.drda.NetworkServerControlImpl.getNextSession(Unknown Source)
 org.apache.derby.impl.drda.DRDAConnThread.run(Unknown Source)
03-May-2018 18:27:49.592 ADVERTENCIA [localhost-startStop-2] org.apache.catalina.loader.WebappClassLoaderBase.clearReferencesJdbc La aplicación web [connector-web] registró el conductor JDBC [org.apache.derby.jdbc.ClientDriver] pero falló al anular el registro mientras la aplicación web estaba parada. Para prevenir un fallo de memoria, se ha anulado el registro del conductor JDBC por la fuerza.
03-May-2018 18:27:49.625 INFORMACIÓN [Thread-18] org.apache.coyote.AbstractProtocol.stop Stopping ProtocolHandler ["http-nio-9700"]
03-May-2018 18:27:49.629 INFORMACIÓN [Thread-18] org.apache.coyote.AbstractProtocol.stop Stopping ProtocolHandler ["http-nio-9800"]
03-May-2018 18:27:49.632 INFORMACIÓN [Thread-18] org.apache.coyote.AbstractProtocol.stop Stopping ProtocolHandler ["https-jsse-nio-8443"]
03-May-2018 18:27:49.637 INFORMACIÓN [Thread-18] org.apache.coyote.AbstractProtocol.stop Stopping ProtocolHandler ["https-jsse-nio-8553"]
03-May-2018 18:27:49.641 INFORMACIÓN [Thread-18] org.apache.coyote.AbstractProtocol.stop Stopping ProtocolHandler ["ajp-nio-8009"]
03-May-2018 18:27:49.656 INFORMACIÓN [Thread-18] org.apache.coyote.AbstractProtocol.destroy Destroying ProtocolHandler ["http-nio-9700"]
03-May-2018 18:27:49.657 INFORMACIÓN [Thread-18] org.apache.coyote.AbstractProtocol.destroy Destroying ProtocolHandler ["http-nio-9800"]
03-May-2018 18:27:49.660 INFORMACIÓN [Thread-18] org.apache.coyote.AbstractProtocol.destroy Destroying ProtocolHandler ["https-jsse-nio-8443"]
03-May-2018 18:27:49.662 INFORMACIÓN [Thread-18] org.apache.coyote.AbstractProtocol.destroy Destroying ProtocolHandler ["https-jsse-nio-8553"]
03-May-2018 18:27:49.664 INFORMACIÓN [Thread-18] org.apache.coyote.AbstractProtocol.destroy Destroying ProtocolHandler ["ajp-nio-8009"]
