14-Apr-2018 16:18:44.054 INFORMACIÓN [main] org.apache.catalina.startup.VersionLoggerListener.log Server version:        Apache Tomcat/8.5.23
14-Apr-2018 16:18:44.054 INFORMACIÓN [main] org.apache.catalina.startup.VersionLoggerListener.log Server built:          Sep 28 2017 10:30:11 UTC
14-Apr-2018 16:18:44.064 INFORMACIÓN [main] org.apache.catalina.startup.VersionLoggerListener.log Server number:         8.5.23.0
14-Apr-2018 16:18:44.064 INFORMACIÓN [main] org.apache.catalina.startup.VersionLoggerListener.log OS Name:               Windows 7
14-Apr-2018 16:18:44.064 INFORMACIÓN [main] org.apache.catalina.startup.VersionLoggerListener.log OS Version:            6.1
14-Apr-2018 16:18:44.064 INFORMACIÓN [main] org.apache.catalina.startup.VersionLoggerListener.log Architecture:          amd64
14-Apr-2018 16:18:44.064 INFORMACIÓN [main] org.apache.catalina.startup.VersionLoggerListener.log Java Home:             C:\temp\conector_empaquetado_web_v2\conector_empaquetado_web\jre1.8.0_151_win
14-Apr-2018 16:18:44.064 INFORMACIÓN [main] org.apache.catalina.startup.VersionLoggerListener.log JVM Version:           1.8.0_151-b12
14-Apr-2018 16:18:44.064 INFORMACIÓN [main] org.apache.catalina.startup.VersionLoggerListener.log JVM Vendor:            Oracle Corporation
14-Apr-2018 16:18:44.064 INFORMACIÓN [main] org.apache.catalina.startup.VersionLoggerListener.log CATALINA_BASE:         C:\temp\conector_empaquetado_web_v2\conector_empaquetado_web\apache-tomcat-8.5.23
14-Apr-2018 16:18:44.064 INFORMACIÓN [main] org.apache.catalina.startup.VersionLoggerListener.log CATALINA_HOME:         C:\temp\conector_empaquetado_web_v2\conector_empaquetado_web\apache-tomcat-8.5.23
14-Apr-2018 16:18:44.064 INFORMACIÓN [main] org.apache.catalina.startup.VersionLoggerListener.log Command line argument: -Djava.util.logging.config.file=C:\temp\conector_empaquetado_web_v2\conector_empaquetado_web\apache-tomcat-8.5.23\conf\logging.properties
14-Apr-2018 16:18:44.064 INFORMACIÓN [main] org.apache.catalina.startup.VersionLoggerListener.log Command line argument: -Djava.util.logging.manager=org.apache.juli.ClassLoaderLogManager
14-Apr-2018 16:18:44.074 INFORMACIÓN [main] org.apache.catalina.startup.VersionLoggerListener.log Command line argument: -Djdk.tls.ephemeralDHKeySize=2048
14-Apr-2018 16:18:44.074 INFORMACIÓN [main] org.apache.catalina.startup.VersionLoggerListener.log Command line argument: -Djava.protocol.handler.pkgs=org.apache.catalina.webresources
14-Apr-2018 16:18:44.074 INFORMACIÓN [main] org.apache.catalina.startup.VersionLoggerListener.log Command line argument: -Dfile.encoding=UTF-8
14-Apr-2018 16:18:44.074 INFORMACIÓN [main] org.apache.catalina.startup.VersionLoggerListener.log Command line argument: -Dconnector.integration.mtomTempLocation=C:\temp\conector_empaquetado_web_v2\conector_empaquetado_web\apache-tomcat-8.5.23/temp/mtom/
14-Apr-2018 16:18:44.074 INFORMACIÓN [main] org.apache.catalina.startup.VersionLoggerListener.log Command line argument: -DuploadFolder=C:\temp\conector_empaquetado_web_v2\conector_empaquetado_web\apache-tomcat-8.5.23/connector
14-Apr-2018 16:18:44.074 INFORMACIÓN [main] org.apache.catalina.startup.VersionLoggerListener.log Command line argument: -Dconnector.integration.configLocation=C:\temp\conector_empaquetado_web_v2\conector_empaquetado_web\apache-tomcat-8.5.23/conf
14-Apr-2018 16:18:44.074 INFORMACIÓN [main] org.apache.catalina.startup.VersionLoggerListener.log Command line argument: -Dconnector.web.configLocation=C:\temp\conector_empaquetado_web_v2\conector_empaquetado_web\apache-tomcat-8.5.23/conf
14-Apr-2018 16:18:44.074 INFORMACIÓN [main] org.apache.catalina.startup.VersionLoggerListener.log Command line argument: -Dconnector.integration.log4jLocation=C:\temp\conector_empaquetado_web_v2\conector_empaquetado_web\apache-tomcat-8.5.23/logs
14-Apr-2018 16:18:44.074 INFORMACIÓN [main] org.apache.catalina.startup.VersionLoggerListener.log Command line argument: -Dderby.system.home=C:\temp\conector_empaquetado_web_v2\conector_empaquetado_web\apache-tomcat-8.5.23/derby
14-Apr-2018 16:18:44.074 INFORMACIÓN [main] org.apache.catalina.startup.VersionLoggerListener.log Command line argument: -Dconnector.web.log4jLocation=C:\temp\conector_empaquetado_web_v2\conector_empaquetado_web\apache-tomcat-8.5.23/logs
14-Apr-2018 16:18:44.084 INFORMACIÓN [main] org.apache.catalina.startup.VersionLoggerListener.log Command line argument: -Dcatalina.base=C:\temp\conector_empaquetado_web_v2\conector_empaquetado_web\apache-tomcat-8.5.23
14-Apr-2018 16:18:44.084 INFORMACIÓN [main] org.apache.catalina.startup.VersionLoggerListener.log Command line argument: -Dcatalina.home=C:\temp\conector_empaquetado_web_v2\conector_empaquetado_web\apache-tomcat-8.5.23
14-Apr-2018 16:18:44.084 INFORMACIÓN [main] org.apache.catalina.startup.VersionLoggerListener.log Command line argument: -Djava.io.tmpdir=C:\temp\conector_empaquetado_web_v2\conector_empaquetado_web\apache-tomcat-8.5.23\temp
14-Apr-2018 16:18:44.084 INFORMACIÓN [main] org.apache.catalina.core.AprLifecycleListener.lifecycleEvent La biblioteca nativa de Apache Tomcat basada en ARP que permite un rendimiento óptimo en entornos de desarrollo no ha sido hallada en java.library.path: [C:\temp\conector_empaquetado_web_v2\conector_empaquetado_web\jre1.8.0_151_win\bin;C:\Windows\Sun\Java\bin;C:\Windows\system32;C:\Windows;C:\Program Files (x86)\Python35-32\Scripts\;C:\Program Files (x86)\Python35-32\;C:\ProgramData\Oracle\Java\javapath;C:\Windows\system32;C:\Windows;C:\Windows\System32\Wbem;C:\Windows\System32\WindowsPowerShell\v1.0\;C:\Program Files\Intel\WiFi\bin\;C:\Program Files\Common Files\Intel\WirelessCommon\;C:\Program Files\Git\cmd;C:\gradle-2.12\bin;C:\Program Files (x86)\Skype\Phone\;;C:\Program Files\Docker Toolbox;C:\apache-maven-3.3.9\bin;C:\Users\guzman.llambias\AppData\Roaming\Python\Python35\Scripts;.]
14-Apr-2018 16:18:44.464 INFORMACIÓN [main] org.apache.coyote.AbstractProtocol.init Initializing ProtocolHandler ["http-nio-9700"]
14-Apr-2018 16:18:45.699 INFORMACIÓN [main] org.apache.tomcat.util.net.NioSelectorPool.getSharedSelector Using a shared selector for servlet write/read
14-Apr-2018 16:18:45.699 INFORMACIÓN [main] org.apache.coyote.AbstractProtocol.init Initializing ProtocolHandler ["http-nio-9800"]
14-Apr-2018 16:18:45.699 INFORMACIÓN [main] org.apache.tomcat.util.net.NioSelectorPool.getSharedSelector Using a shared selector for servlet write/read
14-Apr-2018 16:18:45.709 INFORMACIÓN [main] org.apache.coyote.AbstractProtocol.init Initializing ProtocolHandler ["https-jsse-nio-8443"]
14-Apr-2018 16:18:46.812 INFORMACIÓN [main] org.apache.tomcat.util.net.NioSelectorPool.getSharedSelector Using a shared selector for servlet write/read
14-Apr-2018 16:18:46.812 INFORMACIÓN [main] org.apache.coyote.AbstractProtocol.init Initializing ProtocolHandler ["https-jsse-nio-8553"]
14-Apr-2018 16:18:46.822 INFORMACIÓN [main] org.apache.tomcat.util.net.NioSelectorPool.getSharedSelector Using a shared selector for servlet write/read
14-Apr-2018 16:18:46.822 INFORMACIÓN [main] org.apache.coyote.AbstractProtocol.init Initializing ProtocolHandler ["ajp-nio-8009"]
14-Apr-2018 16:18:46.822 INFORMACIÓN [main] org.apache.tomcat.util.net.NioSelectorPool.getSharedSelector Using a shared selector for servlet write/read
14-Apr-2018 16:18:46.832 INFORMACIÓN [main] org.apache.catalina.startup.Catalina.load Initialization processed in 4047 ms
14-Apr-2018 16:18:46.874 INFORMACIÓN [main] org.apache.catalina.core.StandardService.startInternal Arrancando servicio [Catalina]
14-Apr-2018 16:18:46.874 INFORMACIÓN [main] org.apache.catalina.core.StandardEngine.startInternal Starting Servlet Engine: Apache Tomcat/8.5.23
14-Apr-2018 16:18:46.904 INFORMACIÓN [localhost-startStop-1] org.apache.catalina.startup.HostConfig.deployWAR Despliegue del archivo [C:\temp\conector_empaquetado_web_v2\conector_empaquetado_web\apache-tomcat-8.5.23\webapps\aderby.war] de la aplicación web
14-Apr-2018 16:18:47.979 INFORMACIÓN [localhost-startStop-1] org.apache.jasper.servlet.TldScanner.scanJars Al menos un JAR, que se ha explorado buscando TLDs, aún no contenía TLDs. Activar historial de depuración para este historiador para una completa lista de los JARs que fueron explorados y de los que nos se halló TLDs. Saltarse JARs no necesarios durante la exploración puede dar lugar a una mejora de tiempo significativa en el arranque y compilación de JSP .
14-Apr-2018 16:18:50.525 INFORMACIÓN [localhost-startStop-1] org.apache.catalina.startup.HostConfig.deployWAR Deployment of web application archive [C:\temp\conector_empaquetado_web_v2\conector_empaquetado_web\apache-tomcat-8.5.23\webapps\aderby.war] has finished in [3.617] ms
14-Apr-2018 16:18:50.530 INFORMACIÓN [localhost-startStop-1] org.apache.catalina.startup.HostConfig.deployWAR Despliegue del archivo [C:\temp\conector_empaquetado_web_v2\conector_empaquetado_web\apache-tomcat-8.5.23\webapps\connector-runtime.war] de la aplicación web
14-Apr-2018 16:18:58.251 INFORMACIÓN [localhost-startStop-1] org.apache.jasper.servlet.TldScanner.scanJars Al menos un JAR, que se ha explorado buscando TLDs, aún no contenía TLDs. Activar historial de depuración para este historiador para una completa lista de los JARs que fueron explorados y de los que nos se halló TLDs. Saltarse JARs no necesarios durante la exploración puede dar lugar a una mejora de tiempo significativa en el arranque y compilación de JSP .
14-Apr-2018 16:19:13.983 INFORMACIÓN [localhost-startStop-1] org.apache.catalina.startup.HostConfig.deployWAR Deployment of web application archive [C:\temp\conector_empaquetado_web_v2\conector_empaquetado_web\apache-tomcat-8.5.23\webapps\connector-runtime.war] has finished in [23.450] ms
14-Apr-2018 16:19:13.985 INFORMACIÓN [localhost-startStop-1] org.apache.catalina.startup.HostConfig.deployWAR Despliegue del archivo [C:\temp\conector_empaquetado_web_v2\conector_empaquetado_web\apache-tomcat-8.5.23\webapps\connector-web.war] de la aplicación web
14-Apr-2018 16:19:17.473 INFORMACIÓN [localhost-startStop-1] org.apache.jasper.servlet.TldScanner.scanJars Al menos un JAR, que se ha explorado buscando TLDs, aún no contenía TLDs. Activar historial de depuración para este historiador para una completa lista de los JARs que fueron explorados y de los que nos se halló TLDs. Saltarse JARs no necesarios durante la exploración puede dar lugar a una mejora de tiempo significativa en el arranque y compilación de JSP .
14-Apr-2018 16:19:27.549 INFORMACIÓN [localhost-startStop-1] org.apache.catalina.startup.HostConfig.deployWAR Deployment of web application archive [C:\temp\conector_empaquetado_web_v2\conector_empaquetado_web\apache-tomcat-8.5.23\webapps\connector-web.war] has finished in [13.564] ms
14-Apr-2018 16:19:27.551 INFORMACIÓN [localhost-startStop-1] org.apache.catalina.startup.HostConfig.deployDirectory Despliegue del directorio [C:\temp\conector_empaquetado_web_v2\conector_empaquetado_web\apache-tomcat-8.5.23\webapps\docs] de la aplicación web
14-Apr-2018 16:19:28.008 INFORMACIÓN [localhost-startStop-1] org.apache.jasper.servlet.TldScanner.scanJars Al menos un JAR, que se ha explorado buscando TLDs, aún no contenía TLDs. Activar historial de depuración para este historiador para una completa lista de los JARs que fueron explorados y de los que nos se halló TLDs. Saltarse JARs no necesarios durante la exploración puede dar lugar a una mejora de tiempo significativa en el arranque y compilación de JSP .
14-Apr-2018 16:19:28.011 INFORMACIÓN [localhost-startStop-1] org.apache.catalina.startup.HostConfig.deployDirectory Deployment of web application directory [C:\temp\conector_empaquetado_web_v2\conector_empaquetado_web\apache-tomcat-8.5.23\webapps\docs] has finished in [460] ms
14-Apr-2018 16:19:28.013 INFORMACIÓN [localhost-startStop-1] org.apache.catalina.startup.HostConfig.deployDirectory Despliegue del directorio [C:\temp\conector_empaquetado_web_v2\conector_empaquetado_web\apache-tomcat-8.5.23\webapps\examples] de la aplicación web
14-Apr-2018 16:19:28.801 INFORMACIÓN [localhost-startStop-1] org.apache.jasper.servlet.TldScanner.scanJars Al menos un JAR, que se ha explorado buscando TLDs, aún no contenía TLDs. Activar historial de depuración para este historiador para una completa lista de los JARs que fueron explorados y de los que nos se halló TLDs. Saltarse JARs no necesarios durante la exploración puede dar lugar a una mejora de tiempo significativa en el arranque y compilación de JSP .
14-Apr-2018 16:19:28.871 INFORMACIÓN [localhost-startStop-1] org.apache.catalina.startup.HostConfig.deployDirectory Deployment of web application directory [C:\temp\conector_empaquetado_web_v2\conector_empaquetado_web\apache-tomcat-8.5.23\webapps\examples] has finished in [858] ms
14-Apr-2018 16:19:28.871 INFORMACIÓN [localhost-startStop-1] org.apache.catalina.startup.HostConfig.deployDirectory Despliegue del directorio [C:\temp\conector_empaquetado_web_v2\conector_empaquetado_web\apache-tomcat-8.5.23\webapps\host-manager] de la aplicación web
14-Apr-2018 16:19:29.253 INFORMACIÓN [localhost-startStop-1] org.apache.jasper.servlet.TldScanner.scanJars Al menos un JAR, que se ha explorado buscando TLDs, aún no contenía TLDs. Activar historial de depuración para este historiador para una completa lista de los JARs que fueron explorados y de los que nos se halló TLDs. Saltarse JARs no necesarios durante la exploración puede dar lugar a una mejora de tiempo significativa en el arranque y compilación de JSP .
14-Apr-2018 16:19:29.256 INFORMACIÓN [localhost-startStop-1] org.apache.catalina.startup.HostConfig.deployDirectory Deployment of web application directory [C:\temp\conector_empaquetado_web_v2\conector_empaquetado_web\apache-tomcat-8.5.23\webapps\host-manager] has finished in [385] ms
14-Apr-2018 16:19:29.256 INFORMACIÓN [localhost-startStop-1] org.apache.catalina.startup.HostConfig.deployDirectory Despliegue del directorio [C:\temp\conector_empaquetado_web_v2\conector_empaquetado_web\apache-tomcat-8.5.23\webapps\manager] de la aplicación web
14-Apr-2018 16:19:29.606 INFORMACIÓN [localhost-startStop-1] org.apache.jasper.servlet.TldScanner.scanJars Al menos un JAR, que se ha explorado buscando TLDs, aún no contenía TLDs. Activar historial de depuración para este historiador para una completa lista de los JARs que fueron explorados y de los que nos se halló TLDs. Saltarse JARs no necesarios durante la exploración puede dar lugar a una mejora de tiempo significativa en el arranque y compilación de JSP .
14-Apr-2018 16:19:29.611 INFORMACIÓN [localhost-startStop-1] org.apache.catalina.startup.HostConfig.deployDirectory Deployment of web application directory [C:\temp\conector_empaquetado_web_v2\conector_empaquetado_web\apache-tomcat-8.5.23\webapps\manager] has finished in [355] ms
14-Apr-2018 16:19:29.611 INFORMACIÓN [localhost-startStop-1] org.apache.catalina.startup.HostConfig.deployDirectory Despliegue del directorio [C:\temp\conector_empaquetado_web_v2\conector_empaquetado_web\apache-tomcat-8.5.23\webapps\ROOT] de la aplicación web
14-Apr-2018 16:19:29.963 INFORMACIÓN [localhost-startStop-1] org.apache.jasper.servlet.TldScanner.scanJars Al menos un JAR, que se ha explorado buscando TLDs, aún no contenía TLDs. Activar historial de depuración para este historiador para una completa lista de los JARs que fueron explorados y de los que nos se halló TLDs. Saltarse JARs no necesarios durante la exploración puede dar lugar a una mejora de tiempo significativa en el arranque y compilación de JSP .
14-Apr-2018 16:19:29.966 INFORMACIÓN [localhost-startStop-1] org.apache.catalina.startup.HostConfig.deployDirectory Deployment of web application directory [C:\temp\conector_empaquetado_web_v2\conector_empaquetado_web\apache-tomcat-8.5.23\webapps\ROOT] has finished in [355] ms
14-Apr-2018 16:19:29.973 INFORMACIÓN [main] org.apache.coyote.AbstractProtocol.start Starting ProtocolHandler ["http-nio-9700"]
14-Apr-2018 16:19:29.986 INFORMACIÓN [main] org.apache.coyote.AbstractProtocol.start Starting ProtocolHandler ["http-nio-9800"]
14-Apr-2018 16:19:29.988 INFORMACIÓN [main] org.apache.coyote.AbstractProtocol.start Starting ProtocolHandler ["https-jsse-nio-8443"]
14-Apr-2018 16:19:29.993 INFORMACIÓN [main] org.apache.coyote.AbstractProtocol.start Starting ProtocolHandler ["https-jsse-nio-8553"]
14-Apr-2018 16:19:30.001 INFORMACIÓN [main] org.apache.coyote.AbstractProtocol.start Starting ProtocolHandler ["ajp-nio-8009"]
14-Apr-2018 16:19:30.003 INFORMACIÓN [main] org.apache.catalina.startup.Catalina.start Server startup in 43172 ms
14-Apr-2018 17:01:20.974 INFORMACIÓN [Thread-18] org.apache.coyote.AbstractProtocol.pause Pausing ProtocolHandler ["http-nio-9700"]
14-Apr-2018 17:01:22.663 INFORMACIÓN [Thread-18] org.apache.coyote.AbstractProtocol.pause Pausing ProtocolHandler ["http-nio-9800"]
14-Apr-2018 17:01:24.075 INFORMACIÓN [Thread-18] org.apache.coyote.AbstractProtocol.pause Pausing ProtocolHandler ["https-jsse-nio-8443"]
14-Apr-2018 17:01:25.121 INFORMACIÓN [Thread-18] org.apache.coyote.AbstractProtocol.pause Pausing ProtocolHandler ["https-jsse-nio-8553"]
14-Apr-2018 17:01:26.027 INFORMACIÓN [Thread-18] org.apache.coyote.AbstractProtocol.pause Pausing ProtocolHandler ["ajp-nio-8009"]
14-Apr-2018 17:01:27.158 INFORMACIÓN [Thread-18] org.apache.catalina.core.StandardService.stopInternal Parando servicio [Catalina]
14-Apr-2018 17:01:27.481 ADVERTENCIA [localhost-startStop-2] org.apache.catalina.loader.WebappClassLoaderBase.clearReferencesJdbc La aplicación web [connector-runtime] registró el conductor JDBC [org.apache.derby.jdbc.ClientDriver] pero falló al anular el registro mientras la aplicación web estaba parada. Para prevenir un fallo de memoria, se ha anulado el registro del conductor JDBC por la fuerza.
14-Apr-2018 17:01:27.548 ADVERTENCIA [localhost-startStop-2] org.apache.catalina.loader.WebappClassLoaderBase.clearReferencesThreads The web application [aderby] appears to have started a thread named [derby.NetworkServerStarter] but has failed to stop it. This is very likely to create a memory leak. Stack trace of thread:
 java.lang.Object.wait(Native Method)
 java.lang.Object.wait(Object.java:502)
 org.apache.derby.impl.drda.NetworkServerControlImpl.blockingStart(Unknown Source)
 sun.reflect.NativeMethodAccessorImpl.invoke0(Native Method)
 sun.reflect.NativeMethodAccessorImpl.invoke(NativeMethodAccessorImpl.java:62)
 sun.reflect.DelegatingMethodAccessorImpl.invoke(DelegatingMethodAccessorImpl.java:43)
 java.lang.reflect.Method.invoke(Method.java:498)
 org.apache.derby.iapi.jdbc.DRDAServerStarter.run(Unknown Source)
 java.lang.Thread.run(Thread.java:748)
14-Apr-2018 17:01:27.551 ADVERTENCIA [localhost-startStop-2] org.apache.catalina.loader.WebappClassLoaderBase.clearReferencesThreads The web application [aderby] appears to have started a thread named [NetworkServerThread_1] but has failed to stop it. This is very likely to create a memory leak. Stack trace of thread:
 java.net.DualStackPlainSocketImpl.accept0(Native Method)
 java.net.DualStackPlainSocketImpl.socketAccept(DualStackPlainSocketImpl.java:131)
 java.net.AbstractPlainSocketImpl.accept(AbstractPlainSocketImpl.java:409)
 java.net.PlainSocketImpl.accept(PlainSocketImpl.java:199)
 java.net.ServerSocket.implAccept(ServerSocket.java:545)
 java.net.ServerSocket.accept(ServerSocket.java:513)
 org.apache.derby.impl.drda.ClientThread$1.run(Unknown Source)
 org.apache.derby.impl.drda.ClientThread$1.run(Unknown Source)
 java.security.AccessController.doPrivileged(Native Method)
 org.apache.derby.impl.drda.ClientThread.acceptClientWithRetry(Unknown Source)
 org.apache.derby.impl.drda.ClientThread.run(Unknown Source)
14-Apr-2018 17:01:27.552 ADVERTENCIA [localhost-startStop-2] org.apache.catalina.loader.WebappClassLoaderBase.clearReferencesThreads The web application [aderby] appears to have started a thread named [DRDAConnThread_2] but has failed to stop it. This is very likely to create a memory leak. Stack trace of thread:
 java.lang.Object.wait(Native Method)
 java.lang.Object.wait(Object.java:502)
 org.apache.derby.impl.drda.NetworkServerControlImpl.getNextSession(Unknown Source)
 org.apache.derby.impl.drda.DRDAConnThread.run(Unknown Source)
14-Apr-2018 17:01:27.553 ADVERTENCIA [localhost-startStop-2] org.apache.catalina.loader.WebappClassLoaderBase.clearReferencesThreads The web application [aderby] appears to have started a thread named [DRDAConnThread_3] but has failed to stop it. This is very likely to create a memory leak. Stack trace of thread:
 java.lang.Object.wait(Native Method)
 java.lang.Object.wait(Object.java:502)
 org.apache.derby.impl.drda.NetworkServerControlImpl.getNextSession(Unknown Source)
 org.apache.derby.impl.drda.DRDAConnThread.run(Unknown Source)
14-Apr-2018 17:01:27.555 ADVERTENCIA [localhost-startStop-2] org.apache.catalina.loader.WebappClassLoaderBase.clearReferencesThreads The web application [aderby] appears to have started a thread named [DRDAConnThread_4] but has failed to stop it. This is very likely to create a memory leak. Stack trace of thread:
 java.net.SocketInputStream.socketRead0(Native Method)
 java.net.SocketInputStream.socketRead(SocketInputStream.java:116)
 java.net.SocketInputStream.read(SocketInputStream.java:171)
 java.net.SocketInputStream.read(SocketInputStream.java:141)
 org.apache.derby.impl.drda.DDMReader.fill(Unknown Source)
 org.apache.derby.impl.drda.DDMReader.ensureALayerDataInBuffer(Unknown Source)
 org.apache.derby.impl.drda.DDMReader.readDssHeader(Unknown Source)
 org.apache.derby.impl.drda.DRDAConnThread.processCommands(Unknown Source)
 org.apache.derby.impl.drda.DRDAConnThread.run(Unknown Source)
14-Apr-2018 17:01:27.557 ADVERTENCIA [localhost-startStop-2] org.apache.catalina.loader.WebappClassLoaderBase.clearReferencesThreads The web application [aderby] appears to have started a thread named [DRDAConnThread_5] but has failed to stop it. This is very likely to create a memory leak. Stack trace of thread:
 java.net.SocketInputStream.socketRead0(Native Method)
 java.net.SocketInputStream.socketRead(SocketInputStream.java:116)
 java.net.SocketInputStream.read(SocketInputStream.java:171)
 java.net.SocketInputStream.read(SocketInputStream.java:141)
 org.apache.derby.impl.drda.DDMReader.fill(Unknown Source)
 org.apache.derby.impl.drda.DDMReader.ensureALayerDataInBuffer(Unknown Source)
 org.apache.derby.impl.drda.DDMReader.readDssHeader(Unknown Source)
 org.apache.derby.impl.drda.DRDAConnThread.processCommands(Unknown Source)
 org.apache.derby.impl.drda.DRDAConnThread.run(Unknown Source)
14-Apr-2018 17:01:27.558 ADVERTENCIA [localhost-startStop-2] org.apache.catalina.loader.WebappClassLoaderBase.clearReferencesThreads The web application [aderby] appears to have started a thread named [DRDAConnThread_6] but has failed to stop it. This is very likely to create a memory leak. Stack trace of thread:
 java.net.SocketInputStream.socketRead0(Native Method)
 java.net.SocketInputStream.socketRead(SocketInputStream.java:116)
 java.net.SocketInputStream.read(SocketInputStream.java:171)
 java.net.SocketInputStream.read(SocketInputStream.java:141)
 org.apache.derby.impl.drda.DDMReader.fill(Unknown Source)
 org.apache.derby.impl.drda.DDMReader.ensureALayerDataInBuffer(Unknown Source)
 org.apache.derby.impl.drda.DDMReader.readDssHeader(Unknown Source)
 org.apache.derby.impl.drda.DRDAConnThread.processCommands(Unknown Source)
 org.apache.derby.impl.drda.DRDAConnThread.run(Unknown Source)
14-Apr-2018 17:01:27.560 ADVERTENCIA [localhost-startStop-2] org.apache.catalina.loader.WebappClassLoaderBase.clearReferencesThreads The web application [aderby] appears to have started a thread named [DRDAConnThread_7] but has failed to stop it. This is very likely to create a memory leak. Stack trace of thread:
 java.lang.Object.wait(Native Method)
 java.lang.Object.wait(Object.java:502)
 org.apache.derby.impl.drda.NetworkServerControlImpl.getNextSession(Unknown Source)
 org.apache.derby.impl.drda.DRDAConnThread.run(Unknown Source)
14-Apr-2018 17:01:27.566 ADVERTENCIA [localhost-startStop-2] org.apache.catalina.loader.WebappClassLoaderBase.clearReferencesThreads The web application [aderby] appears to have started a thread named [DRDAConnThread_8] but has failed to stop it. This is very likely to create a memory leak. Stack trace of thread:
 java.lang.Object.wait(Native Method)
 java.lang.Object.wait(Object.java:502)
 org.apache.derby.impl.drda.NetworkServerControlImpl.getNextSession(Unknown Source)
 org.apache.derby.impl.drda.DRDAConnThread.run(Unknown Source)
14-Apr-2018 17:01:27.567 ADVERTENCIA [localhost-startStop-2] org.apache.catalina.loader.WebappClassLoaderBase.clearReferencesThreads The web application [aderby] appears to have started a thread named [DRDAConnThread_9] but has failed to stop it. This is very likely to create a memory leak. Stack trace of thread:
 java.net.SocketInputStream.socketRead0(Native Method)
 java.net.SocketInputStream.socketRead(SocketInputStream.java:116)
 java.net.SocketInputStream.read(SocketInputStream.java:171)
 java.net.SocketInputStream.read(SocketInputStream.java:141)
 org.apache.derby.impl.drda.DDMReader.fill(Unknown Source)
 org.apache.derby.impl.drda.DDMReader.ensureALayerDataInBuffer(Unknown Source)
 org.apache.derby.impl.drda.DDMReader.readDssHeader(Unknown Source)
 org.apache.derby.impl.drda.DRDAConnThread.processCommands(Unknown Source)
 org.apache.derby.impl.drda.DRDAConnThread.run(Unknown Source)
14-Apr-2018 17:01:27.569 ADVERTENCIA [localhost-startStop-2] org.apache.catalina.loader.WebappClassLoaderBase.clearReferencesThreads The web application [aderby] appears to have started a thread named [DRDAConnThread_10] but has failed to stop it. This is very likely to create a memory leak. Stack trace of thread:
 java.lang.Object.wait(Native Method)
 java.lang.Object.wait(Object.java:502)
 org.apache.derby.impl.drda.NetworkServerControlImpl.getNextSession(Unknown Source)
 org.apache.derby.impl.drda.DRDAConnThread.run(Unknown Source)
14-Apr-2018 17:01:27.571 ADVERTENCIA [localhost-startStop-2] org.apache.catalina.loader.WebappClassLoaderBase.clearReferencesThreads The web application [aderby] appears to have started a thread named [DRDAConnThread_11] but has failed to stop it. This is very likely to create a memory leak. Stack trace of thread:
 java.net.SocketInputStream.socketRead0(Native Method)
 java.net.SocketInputStream.socketRead(SocketInputStream.java:116)
 java.net.SocketInputStream.read(SocketInputStream.java:171)
 java.net.SocketInputStream.read(SocketInputStream.java:141)
 org.apache.derby.impl.drda.DDMReader.fill(Unknown Source)
 org.apache.derby.impl.drda.DDMReader.ensureALayerDataInBuffer(Unknown Source)
 org.apache.derby.impl.drda.DDMReader.readDssHeader(Unknown Source)
 org.apache.derby.impl.drda.DRDAConnThread.processCommands(Unknown Source)
 org.apache.derby.impl.drda.DRDAConnThread.run(Unknown Source)
14-Apr-2018 17:01:27.574 ADVERTENCIA [localhost-startStop-2] org.apache.catalina.loader.WebappClassLoaderBase.clearReferencesThreads The web application [aderby] appears to have started a thread named [DRDAConnThread_12] but has failed to stop it. This is very likely to create a memory leak. Stack trace of thread:
 java.lang.Object.wait(Native Method)
 java.lang.Object.wait(Object.java:502)
 org.apache.derby.impl.drda.NetworkServerControlImpl.getNextSession(Unknown Source)
 org.apache.derby.impl.drda.DRDAConnThread.run(Unknown Source)
14-Apr-2018 17:01:27.576 ADVERTENCIA [localhost-startStop-2] org.apache.catalina.loader.WebappClassLoaderBase.clearReferencesThreads The web application [aderby] appears to have started a thread named [DRDAConnThread_13] but has failed to stop it. This is very likely to create a memory leak. Stack trace of thread:
 java.lang.Object.wait(Native Method)
 java.lang.Object.wait(Object.java:502)
 org.apache.derby.impl.drda.NetworkServerControlImpl.getNextSession(Unknown Source)
 org.apache.derby.impl.drda.DRDAConnThread.run(Unknown Source)
14-Apr-2018 17:01:27.577 ADVERTENCIA [localhost-startStop-2] org.apache.catalina.loader.WebappClassLoaderBase.clearReferencesThreads The web application [aderby] appears to have started a thread named [DRDAConnThread_14] but has failed to stop it. This is very likely to create a memory leak. Stack trace of thread:
 java.lang.Object.wait(Native Method)
 java.lang.Object.wait(Object.java:502)
 org.apache.derby.impl.drda.NetworkServerControlImpl.getNextSession(Unknown Source)
 org.apache.derby.impl.drda.DRDAConnThread.run(Unknown Source)
14-Apr-2018 17:01:27.579 ADVERTENCIA [localhost-startStop-2] org.apache.catalina.loader.WebappClassLoaderBase.clearReferencesThreads The web application [aderby] appears to have started a thread named [DRDAConnThread_15] but has failed to stop it. This is very likely to create a memory leak. Stack trace of thread:
 java.net.SocketInputStream.socketRead0(Native Method)
 java.net.SocketInputStream.socketRead(SocketInputStream.java:116)
 java.net.SocketInputStream.read(SocketInputStream.java:171)
 java.net.SocketInputStream.read(SocketInputStream.java:141)
 org.apache.derby.impl.drda.DDMReader.fill(Unknown Source)
 org.apache.derby.impl.drda.DDMReader.ensureALayerDataInBuffer(Unknown Source)
 org.apache.derby.impl.drda.DDMReader.readDssHeader(Unknown Source)
 org.apache.derby.impl.drda.DRDAConnThread.processCommands(Unknown Source)
 org.apache.derby.impl.drda.DRDAConnThread.run(Unknown Source)
14-Apr-2018 17:01:27.582 ADVERTENCIA [localhost-startStop-2] org.apache.catalina.loader.WebappClassLoaderBase.clearReferencesThreads The web application [aderby] appears to have started a thread named [DRDAConnThread_16] but has failed to stop it. This is very likely to create a memory leak. Stack trace of thread:
 java.lang.Object.wait(Native Method)
 java.lang.Object.wait(Object.java:502)
 org.apache.derby.impl.drda.NetworkServerControlImpl.getNextSession(Unknown Source)
 org.apache.derby.impl.drda.DRDAConnThread.run(Unknown Source)
14-Apr-2018 17:01:27.586 ADVERTENCIA [localhost-startStop-2] org.apache.catalina.loader.WebappClassLoaderBase.clearReferencesThreads The web application [aderby] appears to have started a thread named [DRDAConnThread_17] but has failed to stop it. This is very likely to create a memory leak. Stack trace of thread:
 java.net.SocketInputStream.socketRead0(Native Method)
 java.net.SocketInputStream.socketRead(SocketInputStream.java:116)
 java.net.SocketInputStream.read(SocketInputStream.java:171)
 java.net.SocketInputStream.read(SocketInputStream.java:141)
 org.apache.derby.impl.drda.DDMReader.fill(Unknown Source)
 org.apache.derby.impl.drda.DDMReader.ensureALayerDataInBuffer(Unknown Source)
 org.apache.derby.impl.drda.DDMReader.readDssHeader(Unknown Source)
 org.apache.derby.impl.drda.DRDAConnThread.processCommands(Unknown Source)
 org.apache.derby.impl.drda.DRDAConnThread.run(Unknown Source)
14-Apr-2018 17:01:27.603 ADVERTENCIA [localhost-startStop-2] org.apache.catalina.loader.WebappClassLoaderBase.clearReferencesThreads The web application [aderby] appears to have started a thread named [DRDAConnThread_18] but has failed to stop it. This is very likely to create a memory leak. Stack trace of thread:
 java.net.SocketInputStream.socketRead0(Native Method)
 java.net.SocketInputStream.socketRead(SocketInputStream.java:116)
 java.net.SocketInputStream.read(SocketInputStream.java:171)
 java.net.SocketInputStream.read(SocketInputStream.java:141)
 org.apache.derby.impl.drda.DDMReader.fill(Unknown Source)
 org.apache.derby.impl.drda.DDMReader.ensureALayerDataInBuffer(Unknown Source)
 org.apache.derby.impl.drda.DDMReader.readDssHeader(Unknown Source)
 org.apache.derby.impl.drda.DRDAConnThread.processCommands(Unknown Source)
 org.apache.derby.impl.drda.DRDAConnThread.run(Unknown Source)
14-Apr-2018 17:01:27.605 ADVERTENCIA [localhost-startStop-2] org.apache.catalina.loader.WebappClassLoaderBase.clearReferencesThreads The web application [aderby] appears to have started a thread named [DRDAConnThread_19] but has failed to stop it. This is very likely to create a memory leak. Stack trace of thread:
 java.net.SocketInputStream.socketRead0(Native Method)
 java.net.SocketInputStream.socketRead(SocketInputStream.java:116)
 java.net.SocketInputStream.read(SocketInputStream.java:171)
 java.net.SocketInputStream.read(SocketInputStream.java:141)
 org.apache.derby.impl.drda.DDMReader.fill(Unknown Source)
 org.apache.derby.impl.drda.DDMReader.ensureALayerDataInBuffer(Unknown Source)
 org.apache.derby.impl.drda.DDMReader.readDssHeader(Unknown Source)
 org.apache.derby.impl.drda.DRDAConnThread.processCommands(Unknown Source)
 org.apache.derby.impl.drda.DRDAConnThread.run(Unknown Source)
14-Apr-2018 17:01:27.611 ADVERTENCIA [localhost-startStop-2] org.apache.catalina.loader.WebappClassLoaderBase.clearReferencesThreads The web application [aderby] appears to have started a thread named [DRDAConnThread_20] but has failed to stop it. This is very likely to create a memory leak. Stack trace of thread:
 java.lang.Object.wait(Native Method)
 java.lang.Object.wait(Object.java:502)
 org.apache.derby.impl.drda.NetworkServerControlImpl.getNextSession(Unknown Source)
 org.apache.derby.impl.drda.DRDAConnThread.run(Unknown Source)
14-Apr-2018 17:01:27.612 ADVERTENCIA [localhost-startStop-2] org.apache.catalina.loader.WebappClassLoaderBase.clearReferencesThreads The web application [aderby] appears to have started a thread named [DRDAConnThread_21] but has failed to stop it. This is very likely to create a memory leak. Stack trace of thread:
 java.net.SocketInputStream.socketRead0(Native Method)
 java.net.SocketInputStream.socketRead(SocketInputStream.java:116)
 java.net.SocketInputStream.read(SocketInputStream.java:171)
 java.net.SocketInputStream.read(SocketInputStream.java:141)
 org.apache.derby.impl.drda.DDMReader.fill(Unknown Source)
 org.apache.derby.impl.drda.DDMReader.ensureALayerDataInBuffer(Unknown Source)
 org.apache.derby.impl.drda.DDMReader.readDssHeader(Unknown Source)
 org.apache.derby.impl.drda.DRDAConnThread.processCommands(Unknown Source)
 org.apache.derby.impl.drda.DRDAConnThread.run(Unknown Source)
14-Apr-2018 17:01:27.615 ADVERTENCIA [localhost-startStop-2] org.apache.catalina.loader.WebappClassLoaderBase.clearReferencesThreads The web application [aderby] appears to have started a thread named [DRDAConnThread_22] but has failed to stop it. This is very likely to create a memory leak. Stack trace of thread:
 java.lang.Object.wait(Native Method)
 java.lang.Object.wait(Object.java:502)
 org.apache.derby.impl.drda.NetworkServerControlImpl.getNextSession(Unknown Source)
 org.apache.derby.impl.drda.DRDAConnThread.run(Unknown Source)
14-Apr-2018 17:01:27.617 ADVERTENCIA [localhost-startStop-2] org.apache.catalina.loader.WebappClassLoaderBase.clearReferencesThreads The web application [aderby] appears to have started a thread named [DRDAConnThread_23] but has failed to stop it. This is very likely to create a memory leak. Stack trace of thread:
 java.lang.Object.wait(Native Method)
 java.lang.Object.wait(Object.java:502)
 org.apache.derby.impl.drda.NetworkServerControlImpl.getNextSession(Unknown Source)
 org.apache.derby.impl.drda.DRDAConnThread.run(Unknown Source)
14-Apr-2018 17:01:27.770 ADVERTENCIA [localhost-startStop-2] org.apache.catalina.loader.WebappClassLoaderBase.clearReferencesJdbc La aplicación web [connector-web] registró el conductor JDBC [org.apache.derby.jdbc.ClientDriver] pero falló al anular el registro mientras la aplicación web estaba parada. Para prevenir un fallo de memoria, se ha anulado el registro del conductor JDBC por la fuerza.
14-Apr-2018 17:01:27.801 INFORMACIÓN [Thread-18] org.apache.coyote.AbstractProtocol.stop Stopping ProtocolHandler ["http-nio-9700"]
14-Apr-2018 17:01:27.810 INFORMACIÓN [Thread-18] org.apache.coyote.AbstractProtocol.stop Stopping ProtocolHandler ["http-nio-9800"]
14-Apr-2018 17:01:27.815 INFORMACIÓN [Thread-18] org.apache.coyote.AbstractProtocol.stop Stopping ProtocolHandler ["https-jsse-nio-8443"]
14-Apr-2018 17:01:27.818 INFORMACIÓN [Thread-18] org.apache.coyote.AbstractProtocol.stop Stopping ProtocolHandler ["https-jsse-nio-8553"]
14-Apr-2018 17:01:27.821 INFORMACIÓN [Thread-18] org.apache.coyote.AbstractProtocol.stop Stopping ProtocolHandler ["ajp-nio-8009"]
14-Apr-2018 17:01:27.826 INFORMACIÓN [Thread-18] org.apache.coyote.AbstractProtocol.destroy Destroying ProtocolHandler ["http-nio-9700"]
14-Apr-2018 17:01:27.827 INFORMACIÓN [Thread-18] org.apache.coyote.AbstractProtocol.destroy Destroying ProtocolHandler ["http-nio-9800"]
14-Apr-2018 17:01:27.830 INFORMACIÓN [Thread-18] org.apache.coyote.AbstractProtocol.destroy Destroying ProtocolHandler ["https-jsse-nio-8443"]
14-Apr-2018 17:01:27.832 INFORMACIÓN [Thread-18] org.apache.coyote.AbstractProtocol.destroy Destroying ProtocolHandler ["https-jsse-nio-8553"]
14-Apr-2018 17:01:27.834 INFORMACIÓN [Thread-18] org.apache.coyote.AbstractProtocol.destroy Destroying ProtocolHandler ["ajp-nio-8009"]
