16-Mar-2018 00:39:37.638 INFORMACIÓN [main] org.apache.catalina.startup.VersionLoggerListener.log Server version:        Apache Tomcat/8.5.23
16-Mar-2018 00:39:37.642 INFORMACIÓN [main] org.apache.catalina.startup.VersionLoggerListener.log Server built:          Sep 28 2017 10:30:11 UTC
16-Mar-2018 00:39:37.643 INFORMACIÓN [main] org.apache.catalina.startup.VersionLoggerListener.log Server number:         8.5.23.0
16-Mar-2018 00:39:37.643 INFORMACIÓN [main] org.apache.catalina.startup.VersionLoggerListener.log OS Name:               Windows 7
16-Mar-2018 00:39:37.643 INFORMACIÓN [main] org.apache.catalina.startup.VersionLoggerListener.log OS Version:            6.1
16-Mar-2018 00:39:37.644 INFORMACIÓN [main] org.apache.catalina.startup.VersionLoggerListener.log Architecture:          amd64
16-Mar-2018 00:39:37.647 INFORMACIÓN [main] org.apache.catalina.startup.VersionLoggerListener.log Java Home:             C:\temp\conector_empaquetado_web_v2\conector_empaquetado_web\jre1.8.0_151_win
16-Mar-2018 00:39:37.647 INFORMACIÓN [main] org.apache.catalina.startup.VersionLoggerListener.log JVM Version:           1.8.0_151-b12
16-Mar-2018 00:39:37.648 INFORMACIÓN [main] org.apache.catalina.startup.VersionLoggerListener.log JVM Vendor:            Oracle Corporation
16-Mar-2018 00:39:37.648 INFORMACIÓN [main] org.apache.catalina.startup.VersionLoggerListener.log CATALINA_BASE:         C:\temp\conector_empaquetado_web_v2\conector_empaquetado_web\apache-tomcat-8.5.23
16-Mar-2018 00:39:37.649 INFORMACIÓN [main] org.apache.catalina.startup.VersionLoggerListener.log CATALINA_HOME:         C:\temp\conector_empaquetado_web_v2\conector_empaquetado_web\apache-tomcat-8.5.23
16-Mar-2018 00:39:37.650 INFORMACIÓN [main] org.apache.catalina.startup.VersionLoggerListener.log Command line argument: -Djava.util.logging.config.file=C:\temp\conector_empaquetado_web_v2\conector_empaquetado_web\apache-tomcat-8.5.23\conf\logging.properties
16-Mar-2018 00:39:37.650 INFORMACIÓN [main] org.apache.catalina.startup.VersionLoggerListener.log Command line argument: -Djava.util.logging.manager=org.apache.juli.ClassLoaderLogManager
16-Mar-2018 00:39:37.651 INFORMACIÓN [main] org.apache.catalina.startup.VersionLoggerListener.log Command line argument: -Djdk.tls.ephemeralDHKeySize=2048
16-Mar-2018 00:39:37.652 INFORMACIÓN [main] org.apache.catalina.startup.VersionLoggerListener.log Command line argument: -Djava.protocol.handler.pkgs=org.apache.catalina.webresources
16-Mar-2018 00:39:37.653 INFORMACIÓN [main] org.apache.catalina.startup.VersionLoggerListener.log Command line argument: -Dfile.encoding=UTF-8
16-Mar-2018 00:39:37.655 INFORMACIÓN [main] org.apache.catalina.startup.VersionLoggerListener.log Command line argument: -Dconnector.integration.mtomTempLocation=C:\temp\conector_empaquetado_web_v2\conector_empaquetado_web\apache-tomcat-8.5.23/temp/mtom/
16-Mar-2018 00:39:37.656 INFORMACIÓN [main] org.apache.catalina.startup.VersionLoggerListener.log Command line argument: -DuploadFolder=C:\temp\conector_empaquetado_web_v2\conector_empaquetado_web\apache-tomcat-8.5.23/connector
16-Mar-2018 00:39:37.657 INFORMACIÓN [main] org.apache.catalina.startup.VersionLoggerListener.log Command line argument: -Dconnector.integration.configLocation=C:\temp\conector_empaquetado_web_v2\conector_empaquetado_web\apache-tomcat-8.5.23/conf
16-Mar-2018 00:39:37.658 INFORMACIÓN [main] org.apache.catalina.startup.VersionLoggerListener.log Command line argument: -Dconnector.web.configLocation=C:\temp\conector_empaquetado_web_v2\conector_empaquetado_web\apache-tomcat-8.5.23/conf
16-Mar-2018 00:39:37.660 INFORMACIÓN [main] org.apache.catalina.startup.VersionLoggerListener.log Command line argument: -Dconnector.integration.log4jLocation=C:\temp\conector_empaquetado_web_v2\conector_empaquetado_web\apache-tomcat-8.5.23/logs
16-Mar-2018 00:39:37.661 INFORMACIÓN [main] org.apache.catalina.startup.VersionLoggerListener.log Command line argument: -Dderby.system.home=C:\temp\conector_empaquetado_web_v2\conector_empaquetado_web\apache-tomcat-8.5.23/derby
16-Mar-2018 00:39:37.662 INFORMACIÓN [main] org.apache.catalina.startup.VersionLoggerListener.log Command line argument: -Dconnector.web.log4jLocation=C:\temp\conector_empaquetado_web_v2\conector_empaquetado_web\apache-tomcat-8.5.23/logs
16-Mar-2018 00:39:37.662 INFORMACIÓN [main] org.apache.catalina.startup.VersionLoggerListener.log Command line argument: -Dcatalina.base=C:\temp\conector_empaquetado_web_v2\conector_empaquetado_web\apache-tomcat-8.5.23
16-Mar-2018 00:39:37.663 INFORMACIÓN [main] org.apache.catalina.startup.VersionLoggerListener.log Command line argument: -Dcatalina.home=C:\temp\conector_empaquetado_web_v2\conector_empaquetado_web\apache-tomcat-8.5.23
16-Mar-2018 00:39:37.664 INFORMACIÓN [main] org.apache.catalina.startup.VersionLoggerListener.log Command line argument: -Djava.io.tmpdir=C:\temp\conector_empaquetado_web_v2\conector_empaquetado_web\apache-tomcat-8.5.23\temp
16-Mar-2018 00:39:37.665 INFORMACIÓN [main] org.apache.catalina.core.AprLifecycleListener.lifecycleEvent La biblioteca nativa de Apache Tomcat basada en ARP que permite un rendimiento óptimo en entornos de desarrollo no ha sido hallada en java.library.path: [C:\temp\conector_empaquetado_web_v2\conector_empaquetado_web\jre1.8.0_151_win\bin;C:\Windows\Sun\Java\bin;C:\Windows\system32;C:\Windows;C:\Program Files (x86)\Python35-32\Scripts\;C:\Program Files (x86)\Python35-32\;C:\ProgramData\Oracle\Java\javapath;C:\Windows\system32;C:\Windows;C:\Windows\System32\Wbem;C:\Windows\System32\WindowsPowerShell\v1.0\;C:\Program Files\Intel\WiFi\bin\;C:\Program Files\Common Files\Intel\WirelessCommon\;C:\Program Files\Git\cmd;C:\gradle-2.12\bin;C:\Program Files (x86)\Skype\Phone\;;C:\Program Files\Docker Toolbox;C:\apache-maven-3.3.9\bin;C:\Users\guzman.llambias\AppData\Roaming\Python\Python35\Scripts;.]
16-Mar-2018 00:39:37.893 INFORMACIÓN [main] org.apache.coyote.AbstractProtocol.init Initializing ProtocolHandler ["http-nio-9700"]
16-Mar-2018 00:39:38.719 INFORMACIÓN [main] org.apache.tomcat.util.net.NioSelectorPool.getSharedSelector Using a shared selector for servlet write/read
16-Mar-2018 00:39:38.723 INFORMACIÓN [main] org.apache.coyote.AbstractProtocol.init Initializing ProtocolHandler ["http-nio-9800"]
16-Mar-2018 00:39:38.726 INFORMACIÓN [main] org.apache.tomcat.util.net.NioSelectorPool.getSharedSelector Using a shared selector for servlet write/read
16-Mar-2018 00:39:38.727 INFORMACIÓN [main] org.apache.coyote.AbstractProtocol.init Initializing ProtocolHandler ["https-jsse-nio-8443"]
16-Mar-2018 00:39:39.702 INFORMACIÓN [main] org.apache.tomcat.util.net.NioSelectorPool.getSharedSelector Using a shared selector for servlet write/read
16-Mar-2018 00:39:39.704 INFORMACIÓN [main] org.apache.coyote.AbstractProtocol.init Initializing ProtocolHandler ["https-jsse-nio-8553"]
16-Mar-2018 00:39:39.723 INFORMACIÓN [main] org.apache.tomcat.util.net.NioSelectorPool.getSharedSelector Using a shared selector for servlet write/read
16-Mar-2018 00:39:39.724 INFORMACIÓN [main] org.apache.coyote.AbstractProtocol.init Initializing ProtocolHandler ["ajp-nio-8009"]
16-Mar-2018 00:39:39.746 INFORMACIÓN [main] org.apache.tomcat.util.net.NioSelectorPool.getSharedSelector Using a shared selector for servlet write/read
16-Mar-2018 00:39:39.747 INFORMACIÓN [main] org.apache.catalina.startup.Catalina.load Initialization processed in 3009 ms
16-Mar-2018 00:39:39.782 INFORMACIÓN [main] org.apache.catalina.core.StandardService.startInternal Arrancando servicio [Catalina]
16-Mar-2018 00:39:39.782 INFORMACIÓN [main] org.apache.catalina.core.StandardEngine.startInternal Starting Servlet Engine: Apache Tomcat/8.5.23
16-Mar-2018 00:39:39.821 INFORMACIÓN [localhost-startStop-1] org.apache.catalina.startup.HostConfig.deployWAR Despliegue del archivo [C:\temp\conector_empaquetado_web_v2\conector_empaquetado_web\apache-tomcat-8.5.23\webapps\aderby.war] de la aplicación web
16-Mar-2018 00:39:40.859 INFORMACIÓN [localhost-startStop-1] org.apache.jasper.servlet.TldScanner.scanJars Al menos un JAR, que se ha explorado buscando TLDs, aún no contenía TLDs. Activar historial de depuración para este historiador para una completa lista de los JARs que fueron explorados y de los que nos se halló TLDs. Saltarse JARs no necesarios durante la exploración puede dar lugar a una mejora de tiempo significativa en el arranque y compilación de JSP .
16-Mar-2018 00:39:43.419 INFORMACIÓN [localhost-startStop-1] org.apache.catalina.startup.HostConfig.deployWAR Deployment of web application archive [C:\temp\conector_empaquetado_web_v2\conector_empaquetado_web\apache-tomcat-8.5.23\webapps\aderby.war] has finished in [3.595] ms
16-Mar-2018 00:39:43.424 INFORMACIÓN [localhost-startStop-1] org.apache.catalina.startup.HostConfig.deployWAR Despliegue del archivo [C:\temp\conector_empaquetado_web_v2\conector_empaquetado_web\apache-tomcat-8.5.23\webapps\connector-runtime.war] de la aplicación web
16-Mar-2018 00:39:50.882 INFORMACIÓN [localhost-startStop-1] org.apache.jasper.servlet.TldScanner.scanJars Al menos un JAR, que se ha explorado buscando TLDs, aún no contenía TLDs. Activar historial de depuración para este historiador para una completa lista de los JARs que fueron explorados y de los que nos se halló TLDs. Saltarse JARs no necesarios durante la exploración puede dar lugar a una mejora de tiempo significativa en el arranque y compilación de JSP .
16-Mar-2018 00:40:05.284 INFORMACIÓN [localhost-startStop-1] org.apache.catalina.startup.HostConfig.deployWAR Deployment of web application archive [C:\temp\conector_empaquetado_web_v2\conector_empaquetado_web\apache-tomcat-8.5.23\webapps\connector-runtime.war] has finished in [21.861] ms
16-Mar-2018 00:40:05.287 INFORMACIÓN [localhost-startStop-1] org.apache.catalina.startup.HostConfig.deployWAR Despliegue del archivo [C:\temp\conector_empaquetado_web_v2\conector_empaquetado_web\apache-tomcat-8.5.23\webapps\connector-web.war] de la aplicación web
16-Mar-2018 00:40:08.417 INFORMACIÓN [localhost-startStop-1] org.apache.jasper.servlet.TldScanner.scanJars Al menos un JAR, que se ha explorado buscando TLDs, aún no contenía TLDs. Activar historial de depuración para este historiador para una completa lista de los JARs que fueron explorados y de los que nos se halló TLDs. Saltarse JARs no necesarios durante la exploración puede dar lugar a una mejora de tiempo significativa en el arranque y compilación de JSP .
16-Mar-2018 00:40:16.833 INFORMACIÓN [localhost-startStop-1] org.apache.catalina.startup.HostConfig.deployWAR Deployment of web application archive [C:\temp\conector_empaquetado_web_v2\conector_empaquetado_web\apache-tomcat-8.5.23\webapps\connector-web.war] has finished in [11.546] ms
16-Mar-2018 00:40:16.836 INFORMACIÓN [localhost-startStop-1] org.apache.catalina.startup.HostConfig.deployDirectory Despliegue del directorio [C:\temp\conector_empaquetado_web_v2\conector_empaquetado_web\apache-tomcat-8.5.23\webapps\docs] de la aplicación web
16-Mar-2018 00:40:17.326 INFORMACIÓN [localhost-startStop-1] org.apache.jasper.servlet.TldScanner.scanJars Al menos un JAR, que se ha explorado buscando TLDs, aún no contenía TLDs. Activar historial de depuración para este historiador para una completa lista de los JARs que fueron explorados y de los que nos se halló TLDs. Saltarse JARs no necesarios durante la exploración puede dar lugar a una mejora de tiempo significativa en el arranque y compilación de JSP .
16-Mar-2018 00:40:17.330 INFORMACIÓN [localhost-startStop-1] org.apache.catalina.startup.HostConfig.deployDirectory Deployment of web application directory [C:\temp\conector_empaquetado_web_v2\conector_empaquetado_web\apache-tomcat-8.5.23\webapps\docs] has finished in [494] ms
16-Mar-2018 00:40:17.330 INFORMACIÓN [localhost-startStop-1] org.apache.catalina.startup.HostConfig.deployDirectory Despliegue del directorio [C:\temp\conector_empaquetado_web_v2\conector_empaquetado_web\apache-tomcat-8.5.23\webapps\examples] de la aplicación web
16-Mar-2018 00:40:18.147 INFORMACIÓN [localhost-startStop-1] org.apache.jasper.servlet.TldScanner.scanJars Al menos un JAR, que se ha explorado buscando TLDs, aún no contenía TLDs. Activar historial de depuración para este historiador para una completa lista de los JARs que fueron explorados y de los que nos se halló TLDs. Saltarse JARs no necesarios durante la exploración puede dar lugar a una mejora de tiempo significativa en el arranque y compilación de JSP .
16-Mar-2018 00:40:18.244 INFORMACIÓN [localhost-startStop-1] org.apache.catalina.startup.HostConfig.deployDirectory Deployment of web application directory [C:\temp\conector_empaquetado_web_v2\conector_empaquetado_web\apache-tomcat-8.5.23\webapps\examples] has finished in [914] ms
16-Mar-2018 00:40:18.247 INFORMACIÓN [localhost-startStop-1] org.apache.catalina.startup.HostConfig.deployDirectory Despliegue del directorio [C:\temp\conector_empaquetado_web_v2\conector_empaquetado_web\apache-tomcat-8.5.23\webapps\host-manager] de la aplicación web
16-Mar-2018 00:40:18.702 INFORMACIÓN [localhost-startStop-1] org.apache.jasper.servlet.TldScanner.scanJars Al menos un JAR, que se ha explorado buscando TLDs, aún no contenía TLDs. Activar historial de depuración para este historiador para una completa lista de los JARs que fueron explorados y de los que nos se halló TLDs. Saltarse JARs no necesarios durante la exploración puede dar lugar a una mejora de tiempo significativa en el arranque y compilación de JSP .
16-Mar-2018 00:40:18.709 INFORMACIÓN [localhost-startStop-1] org.apache.catalina.startup.HostConfig.deployDirectory Deployment of web application directory [C:\temp\conector_empaquetado_web_v2\conector_empaquetado_web\apache-tomcat-8.5.23\webapps\host-manager] has finished in [462] ms
16-Mar-2018 00:40:18.710 INFORMACIÓN [localhost-startStop-1] org.apache.catalina.startup.HostConfig.deployDirectory Despliegue del directorio [C:\temp\conector_empaquetado_web_v2\conector_empaquetado_web\apache-tomcat-8.5.23\webapps\manager] de la aplicación web
16-Mar-2018 00:40:19.100 INFORMACIÓN [localhost-startStop-1] org.apache.jasper.servlet.TldScanner.scanJars Al menos un JAR, que se ha explorado buscando TLDs, aún no contenía TLDs. Activar historial de depuración para este historiador para una completa lista de los JARs que fueron explorados y de los que nos se halló TLDs. Saltarse JARs no necesarios durante la exploración puede dar lugar a una mejora de tiempo significativa en el arranque y compilación de JSP .
16-Mar-2018 00:40:19.106 INFORMACIÓN [localhost-startStop-1] org.apache.catalina.startup.HostConfig.deployDirectory Deployment of web application directory [C:\temp\conector_empaquetado_web_v2\conector_empaquetado_web\apache-tomcat-8.5.23\webapps\manager] has finished in [396] ms
16-Mar-2018 00:40:19.110 INFORMACIÓN [localhost-startStop-1] org.apache.catalina.startup.HostConfig.deployDirectory Despliegue del directorio [C:\temp\conector_empaquetado_web_v2\conector_empaquetado_web\apache-tomcat-8.5.23\webapps\ROOT] de la aplicación web
16-Mar-2018 00:40:19.460 INFORMACIÓN [localhost-startStop-1] org.apache.jasper.servlet.TldScanner.scanJars Al menos un JAR, que se ha explorado buscando TLDs, aún no contenía TLDs. Activar historial de depuración para este historiador para una completa lista de los JARs que fueron explorados y de los que nos se halló TLDs. Saltarse JARs no necesarios durante la exploración puede dar lugar a una mejora de tiempo significativa en el arranque y compilación de JSP .
16-Mar-2018 00:40:19.463 INFORMACIÓN [localhost-startStop-1] org.apache.catalina.startup.HostConfig.deployDirectory Deployment of web application directory [C:\temp\conector_empaquetado_web_v2\conector_empaquetado_web\apache-tomcat-8.5.23\webapps\ROOT] has finished in [353] ms
16-Mar-2018 00:40:19.469 INFORMACIÓN [main] org.apache.coyote.AbstractProtocol.start Starting ProtocolHandler ["http-nio-9700"]
16-Mar-2018 00:40:19.483 INFORMACIÓN [main] org.apache.coyote.AbstractProtocol.start Starting ProtocolHandler ["http-nio-9800"]
16-Mar-2018 00:40:19.489 INFORMACIÓN [main] org.apache.coyote.AbstractProtocol.start Starting ProtocolHandler ["https-jsse-nio-8443"]
16-Mar-2018 00:40:19.495 INFORMACIÓN [main] org.apache.coyote.AbstractProtocol.start Starting ProtocolHandler ["https-jsse-nio-8553"]
16-Mar-2018 00:40:19.501 INFORMACIÓN [main] org.apache.coyote.AbstractProtocol.start Starting ProtocolHandler ["ajp-nio-8009"]
16-Mar-2018 00:40:19.509 INFORMACIÓN [main] org.apache.catalina.startup.Catalina.start Server startup in 39760 ms
16-Mar-2018 00:41:13.880 INFORMACIÓN [Thread-18] org.apache.coyote.AbstractProtocol.pause Pausing ProtocolHandler ["http-nio-9700"]
16-Mar-2018 00:41:15.435 INFORMACIÓN [Thread-18] org.apache.coyote.AbstractProtocol.pause Pausing ProtocolHandler ["http-nio-9800"]
16-Mar-2018 00:41:16.713 INFORMACIÓN [Thread-18] org.apache.coyote.AbstractProtocol.pause Pausing ProtocolHandler ["https-jsse-nio-8443"]
16-Mar-2018 00:41:17.788 INFORMACIÓN [Thread-18] org.apache.coyote.AbstractProtocol.pause Pausing ProtocolHandler ["https-jsse-nio-8553"]
16-Mar-2018 00:41:18.525 INFORMACIÓN [Thread-18] org.apache.coyote.AbstractProtocol.pause Pausing ProtocolHandler ["ajp-nio-8009"]
16-Mar-2018 00:41:19.149 INFORMACIÓN [Thread-18] org.apache.catalina.core.StandardService.stopInternal Parando servicio [Catalina]
16-Mar-2018 00:41:19.296 ADVERTENCIA [localhost-startStop-2] org.apache.catalina.loader.WebappClassLoaderBase.clearReferencesJdbc La aplicación web [connector-runtime] registró el conductor JDBC [org.apache.derby.jdbc.ClientDriver] pero falló al anular el registro mientras la aplicación web estaba parada. Para prevenir un fallo de memoria, se ha anulado el registro del conductor JDBC por la fuerza.
16-Mar-2018 00:41:19.348 ADVERTENCIA [localhost-startStop-2] org.apache.catalina.loader.WebappClassLoaderBase.clearReferencesThreads The web application [aderby] appears to have started a thread named [derby.NetworkServerStarter] but has failed to stop it. This is very likely to create a memory leak. Stack trace of thread:
 java.lang.Object.wait(Native Method)
 java.lang.Object.wait(Object.java:502)
 org.apache.derby.impl.drda.NetworkServerControlImpl.blockingStart(Unknown Source)
 sun.reflect.NativeMethodAccessorImpl.invoke0(Native Method)
 sun.reflect.NativeMethodAccessorImpl.invoke(NativeMethodAccessorImpl.java:62)
 sun.reflect.DelegatingMethodAccessorImpl.invoke(DelegatingMethodAccessorImpl.java:43)
 java.lang.reflect.Method.invoke(Method.java:498)
 org.apache.derby.iapi.jdbc.DRDAServerStarter.run(Unknown Source)
 java.lang.Thread.run(Thread.java:748)
16-Mar-2018 00:41:19.350 ADVERTENCIA [localhost-startStop-2] org.apache.catalina.loader.WebappClassLoaderBase.clearReferencesThreads The web application [aderby] appears to have started a thread named [NetworkServerThread_1] but has failed to stop it. This is very likely to create a memory leak. Stack trace of thread:
 java.net.DualStackPlainSocketImpl.accept0(Native Method)
 java.net.DualStackPlainSocketImpl.socketAccept(DualStackPlainSocketImpl.java:131)
 java.net.AbstractPlainSocketImpl.accept(AbstractPlainSocketImpl.java:409)
 java.net.PlainSocketImpl.accept(PlainSocketImpl.java:199)
 java.net.ServerSocket.implAccept(ServerSocket.java:545)
 java.net.ServerSocket.accept(ServerSocket.java:513)
 org.apache.derby.impl.drda.ClientThread$1.run(Unknown Source)
 org.apache.derby.impl.drda.ClientThread$1.run(Unknown Source)
 java.security.AccessController.doPrivileged(Native Method)
 org.apache.derby.impl.drda.ClientThread.acceptClientWithRetry(Unknown Source)
 org.apache.derby.impl.drda.ClientThread.run(Unknown Source)
16-Mar-2018 00:41:19.351 ADVERTENCIA [localhost-startStop-2] org.apache.catalina.loader.WebappClassLoaderBase.clearReferencesThreads The web application [aderby] appears to have started a thread named [DRDAConnThread_2] but has failed to stop it. This is very likely to create a memory leak. Stack trace of thread:
 java.lang.Object.wait(Native Method)
 java.lang.Object.wait(Object.java:502)
 org.apache.derby.impl.drda.NetworkServerControlImpl.getNextSession(Unknown Source)
 org.apache.derby.impl.drda.DRDAConnThread.run(Unknown Source)
16-Mar-2018 00:41:19.352 ADVERTENCIA [localhost-startStop-2] org.apache.catalina.loader.WebappClassLoaderBase.clearReferencesThreads The web application [aderby] appears to have started a thread named [DRDAConnThread_3] but has failed to stop it. This is very likely to create a memory leak. Stack trace of thread:
 java.lang.Object.wait(Native Method)
 java.lang.Object.wait(Object.java:502)
 org.apache.derby.impl.drda.NetworkServerControlImpl.getNextSession(Unknown Source)
 org.apache.derby.impl.drda.DRDAConnThread.run(Unknown Source)
16-Mar-2018 00:41:19.353 ADVERTENCIA [localhost-startStop-2] org.apache.catalina.loader.WebappClassLoaderBase.clearReferencesThreads The web application [aderby] appears to have started a thread named [DRDAConnThread_4] but has failed to stop it. This is very likely to create a memory leak. Stack trace of thread:
 java.lang.Object.wait(Native Method)
 java.lang.Object.wait(Object.java:502)
 org.apache.derby.impl.drda.NetworkServerControlImpl.getNextSession(Unknown Source)
 org.apache.derby.impl.drda.DRDAConnThread.run(Unknown Source)
16-Mar-2018 00:41:19.355 ADVERTENCIA [localhost-startStop-2] org.apache.catalina.loader.WebappClassLoaderBase.clearReferencesThreads The web application [aderby] appears to have started a thread named [DRDAConnThread_5] but has failed to stop it. This is very likely to create a memory leak. Stack trace of thread:
 java.lang.Object.wait(Native Method)
 java.lang.Object.wait(Object.java:502)
 org.apache.derby.impl.drda.NetworkServerControlImpl.getNextSession(Unknown Source)
 org.apache.derby.impl.drda.DRDAConnThread.run(Unknown Source)
16-Mar-2018 00:41:19.356 ADVERTENCIA [localhost-startStop-2] org.apache.catalina.loader.WebappClassLoaderBase.clearReferencesThreads The web application [aderby] appears to have started a thread named [DRDAConnThread_6] but has failed to stop it. This is very likely to create a memory leak. Stack trace of thread:
 java.lang.Object.wait(Native Method)
 java.lang.Object.wait(Object.java:502)
 org.apache.derby.impl.drda.NetworkServerControlImpl.getNextSession(Unknown Source)
 org.apache.derby.impl.drda.DRDAConnThread.run(Unknown Source)
16-Mar-2018 00:41:19.357 ADVERTENCIA [localhost-startStop-2] org.apache.catalina.loader.WebappClassLoaderBase.clearReferencesThreads The web application [aderby] appears to have started a thread named [DRDAConnThread_7] but has failed to stop it. This is very likely to create a memory leak. Stack trace of thread:
 java.lang.Object.wait(Native Method)
 java.lang.Object.wait(Object.java:502)
 org.apache.derby.impl.drda.NetworkServerControlImpl.getNextSession(Unknown Source)
 org.apache.derby.impl.drda.DRDAConnThread.run(Unknown Source)
16-Mar-2018 00:41:19.358 ADVERTENCIA [localhost-startStop-2] org.apache.catalina.loader.WebappClassLoaderBase.clearReferencesThreads The web application [aderby] appears to have started a thread named [DRDAConnThread_8] but has failed to stop it. This is very likely to create a memory leak. Stack trace of thread:
 java.lang.Object.wait(Native Method)
 java.lang.Object.wait(Object.java:502)
 org.apache.derby.impl.drda.NetworkServerControlImpl.getNextSession(Unknown Source)
 org.apache.derby.impl.drda.DRDAConnThread.run(Unknown Source)
16-Mar-2018 00:41:19.359 ADVERTENCIA [localhost-startStop-2] org.apache.catalina.loader.WebappClassLoaderBase.clearReferencesThreads The web application [aderby] appears to have started a thread named [DRDAConnThread_9] but has failed to stop it. This is very likely to create a memory leak. Stack trace of thread:
 java.lang.Object.wait(Native Method)
 java.lang.Object.wait(Object.java:502)
 org.apache.derby.impl.drda.NetworkServerControlImpl.getNextSession(Unknown Source)
 org.apache.derby.impl.drda.DRDAConnThread.run(Unknown Source)
16-Mar-2018 00:41:19.360 ADVERTENCIA [localhost-startStop-2] org.apache.catalina.loader.WebappClassLoaderBase.clearReferencesThreads The web application [aderby] appears to have started a thread named [DRDAConnThread_10] but has failed to stop it. This is very likely to create a memory leak. Stack trace of thread:
 java.lang.Object.wait(Native Method)
 java.lang.Object.wait(Object.java:502)
 org.apache.derby.impl.drda.NetworkServerControlImpl.getNextSession(Unknown Source)
 org.apache.derby.impl.drda.DRDAConnThread.run(Unknown Source)
16-Mar-2018 00:41:19.361 ADVERTENCIA [localhost-startStop-2] org.apache.catalina.loader.WebappClassLoaderBase.clearReferencesThreads The web application [aderby] appears to have started a thread named [DRDAConnThread_11] but has failed to stop it. This is very likely to create a memory leak. Stack trace of thread:
 java.lang.Object.wait(Native Method)
 java.lang.Object.wait(Object.java:502)
 org.apache.derby.impl.drda.NetworkServerControlImpl.getNextSession(Unknown Source)
 org.apache.derby.impl.drda.DRDAConnThread.run(Unknown Source)
16-Mar-2018 00:41:19.363 ADVERTENCIA [localhost-startStop-2] org.apache.catalina.loader.WebappClassLoaderBase.clearReferencesThreads The web application [aderby] appears to have started a thread named [DRDAConnThread_12] but has failed to stop it. This is very likely to create a memory leak. Stack trace of thread:
 java.net.SocketInputStream.socketRead0(Native Method)
 java.net.SocketInputStream.socketRead(SocketInputStream.java:116)
 java.net.SocketInputStream.read(SocketInputStream.java:171)
 java.net.SocketInputStream.read(SocketInputStream.java:141)
 org.apache.derby.impl.drda.DDMReader.fill(Unknown Source)
 org.apache.derby.impl.drda.DDMReader.ensureALayerDataInBuffer(Unknown Source)
 org.apache.derby.impl.drda.DDMReader.readDssHeader(Unknown Source)
 org.apache.derby.impl.drda.DRDAConnThread.processCommands(Unknown Source)
 org.apache.derby.impl.drda.DRDAConnThread.run(Unknown Source)
16-Mar-2018 00:41:19.364 ADVERTENCIA [localhost-startStop-2] org.apache.catalina.loader.WebappClassLoaderBase.clearReferencesThreads The web application [aderby] appears to have started a thread named [DRDAConnThread_13] but has failed to stop it. This is very likely to create a memory leak. Stack trace of thread:
 java.net.SocketInputStream.socketRead0(Native Method)
 java.net.SocketInputStream.socketRead(SocketInputStream.java:116)
 java.net.SocketInputStream.read(SocketInputStream.java:171)
 java.net.SocketInputStream.read(SocketInputStream.java:141)
 org.apache.derby.impl.drda.DDMReader.fill(Unknown Source)
 org.apache.derby.impl.drda.DDMReader.ensureALayerDataInBuffer(Unknown Source)
 org.apache.derby.impl.drda.DDMReader.readDssHeader(Unknown Source)
 org.apache.derby.impl.drda.DRDAConnThread.processCommands(Unknown Source)
 org.apache.derby.impl.drda.DRDAConnThread.run(Unknown Source)
16-Mar-2018 00:41:19.365 ADVERTENCIA [localhost-startStop-2] org.apache.catalina.loader.WebappClassLoaderBase.clearReferencesThreads The web application [aderby] appears to have started a thread named [DRDAConnThread_14] but has failed to stop it. This is very likely to create a memory leak. Stack trace of thread:
 java.net.SocketInputStream.socketRead0(Native Method)
 java.net.SocketInputStream.socketRead(SocketInputStream.java:116)
 java.net.SocketInputStream.read(SocketInputStream.java:171)
 java.net.SocketInputStream.read(SocketInputStream.java:141)
 org.apache.derby.impl.drda.DDMReader.fill(Unknown Source)
 org.apache.derby.impl.drda.DDMReader.ensureALayerDataInBuffer(Unknown Source)
 org.apache.derby.impl.drda.DDMReader.readDssHeader(Unknown Source)
 org.apache.derby.impl.drda.DRDAConnThread.processCommands(Unknown Source)
 org.apache.derby.impl.drda.DRDAConnThread.run(Unknown Source)
16-Mar-2018 00:41:19.367 ADVERTENCIA [localhost-startStop-2] org.apache.catalina.loader.WebappClassLoaderBase.clearReferencesThreads The web application [aderby] appears to have started a thread named [DRDAConnThread_15] but has failed to stop it. This is very likely to create a memory leak. Stack trace of thread:
 java.net.SocketInputStream.socketRead0(Native Method)
 java.net.SocketInputStream.socketRead(SocketInputStream.java:116)
 java.net.SocketInputStream.read(SocketInputStream.java:171)
 java.net.SocketInputStream.read(SocketInputStream.java:141)
 org.apache.derby.impl.drda.DDMReader.fill(Unknown Source)
 org.apache.derby.impl.drda.DDMReader.ensureALayerDataInBuffer(Unknown Source)
 org.apache.derby.impl.drda.DDMReader.readDssHeader(Unknown Source)
 org.apache.derby.impl.drda.DRDAConnThread.processCommands(Unknown Source)
 org.apache.derby.impl.drda.DRDAConnThread.run(Unknown Source)
16-Mar-2018 00:41:19.368 ADVERTENCIA [localhost-startStop-2] org.apache.catalina.loader.WebappClassLoaderBase.clearReferencesThreads The web application [aderby] appears to have started a thread named [DRDAConnThread_16] but has failed to stop it. This is very likely to create a memory leak. Stack trace of thread:
 java.net.SocketInputStream.socketRead0(Native Method)
 java.net.SocketInputStream.socketRead(SocketInputStream.java:116)
 java.net.SocketInputStream.read(SocketInputStream.java:171)
 java.net.SocketInputStream.read(SocketInputStream.java:141)
 org.apache.derby.impl.drda.DDMReader.fill(Unknown Source)
 org.apache.derby.impl.drda.DDMReader.ensureALayerDataInBuffer(Unknown Source)
 org.apache.derby.impl.drda.DDMReader.readDssHeader(Unknown Source)
 org.apache.derby.impl.drda.DRDAConnThread.processCommands(Unknown Source)
 org.apache.derby.impl.drda.DRDAConnThread.run(Unknown Source)
16-Mar-2018 00:41:19.372 ADVERTENCIA [localhost-startStop-2] org.apache.catalina.loader.WebappClassLoaderBase.clearReferencesThreads The web application [aderby] appears to have started a thread named [DRDAConnThread_17] but has failed to stop it. This is very likely to create a memory leak. Stack trace of thread:
 java.net.SocketInputStream.socketRead0(Native Method)
 java.net.SocketInputStream.socketRead(SocketInputStream.java:116)
 java.net.SocketInputStream.read(SocketInputStream.java:171)
 java.net.SocketInputStream.read(SocketInputStream.java:141)
 org.apache.derby.impl.drda.DDMReader.fill(Unknown Source)
 org.apache.derby.impl.drda.DDMReader.ensureALayerDataInBuffer(Unknown Source)
 org.apache.derby.impl.drda.DDMReader.readDssHeader(Unknown Source)
 org.apache.derby.impl.drda.DRDAConnThread.processCommands(Unknown Source)
 org.apache.derby.impl.drda.DRDAConnThread.run(Unknown Source)
16-Mar-2018 00:41:19.374 ADVERTENCIA [localhost-startStop-2] org.apache.catalina.loader.WebappClassLoaderBase.clearReferencesThreads The web application [aderby] appears to have started a thread named [DRDAConnThread_18] but has failed to stop it. This is very likely to create a memory leak. Stack trace of thread:
 java.net.SocketInputStream.socketRead0(Native Method)
 java.net.SocketInputStream.socketRead(SocketInputStream.java:116)
 java.net.SocketInputStream.read(SocketInputStream.java:171)
 java.net.SocketInputStream.read(SocketInputStream.java:141)
 org.apache.derby.impl.drda.DDMReader.fill(Unknown Source)
 org.apache.derby.impl.drda.DDMReader.ensureALayerDataInBuffer(Unknown Source)
 org.apache.derby.impl.drda.DDMReader.readDssHeader(Unknown Source)
 org.apache.derby.impl.drda.DRDAConnThread.processCommands(Unknown Source)
 org.apache.derby.impl.drda.DRDAConnThread.run(Unknown Source)
16-Mar-2018 00:41:19.376 ADVERTENCIA [localhost-startStop-2] org.apache.catalina.loader.WebappClassLoaderBase.clearReferencesThreads The web application [aderby] appears to have started a thread named [DRDAConnThread_19] but has failed to stop it. This is very likely to create a memory leak. Stack trace of thread:
 java.net.SocketInputStream.socketRead0(Native Method)
 java.net.SocketInputStream.socketRead(SocketInputStream.java:116)
 java.net.SocketInputStream.read(SocketInputStream.java:171)
 java.net.SocketInputStream.read(SocketInputStream.java:141)
 org.apache.derby.impl.drda.DDMReader.fill(Unknown Source)
 org.apache.derby.impl.drda.DDMReader.ensureALayerDataInBuffer(Unknown Source)
 org.apache.derby.impl.drda.DDMReader.readDssHeader(Unknown Source)
 org.apache.derby.impl.drda.DRDAConnThread.processCommands(Unknown Source)
 org.apache.derby.impl.drda.DRDAConnThread.run(Unknown Source)
16-Mar-2018 00:41:19.379 ADVERTENCIA [localhost-startStop-2] org.apache.catalina.loader.WebappClassLoaderBase.clearReferencesThreads The web application [aderby] appears to have started a thread named [DRDAConnThread_20] but has failed to stop it. This is very likely to create a memory leak. Stack trace of thread:
 java.net.SocketInputStream.socketRead0(Native Method)
 java.net.SocketInputStream.socketRead(SocketInputStream.java:116)
 java.net.SocketInputStream.read(SocketInputStream.java:171)
 java.net.SocketInputStream.read(SocketInputStream.java:141)
 org.apache.derby.impl.drda.DDMReader.fill(Unknown Source)
 org.apache.derby.impl.drda.DDMReader.ensureALayerDataInBuffer(Unknown Source)
 org.apache.derby.impl.drda.DDMReader.readDssHeader(Unknown Source)
 org.apache.derby.impl.drda.DRDAConnThread.processCommands(Unknown Source)
 org.apache.derby.impl.drda.DRDAConnThread.run(Unknown Source)
16-Mar-2018 00:41:19.381 ADVERTENCIA [localhost-startStop-2] org.apache.catalina.loader.WebappClassLoaderBase.clearReferencesThreads The web application [aderby] appears to have started a thread named [DRDAConnThread_21] but has failed to stop it. This is very likely to create a memory leak. Stack trace of thread:
 java.net.SocketInputStream.socketRead0(Native Method)
 java.net.SocketInputStream.socketRead(SocketInputStream.java:116)
 java.net.SocketInputStream.read(SocketInputStream.java:171)
 java.net.SocketInputStream.read(SocketInputStream.java:141)
 org.apache.derby.impl.drda.DDMReader.fill(Unknown Source)
 org.apache.derby.impl.drda.DDMReader.ensureALayerDataInBuffer(Unknown Source)
 org.apache.derby.impl.drda.DDMReader.readDssHeader(Unknown Source)
 org.apache.derby.impl.drda.DRDAConnThread.processCommands(Unknown Source)
 org.apache.derby.impl.drda.DRDAConnThread.run(Unknown Source)
16-Mar-2018 00:41:19.440 ADVERTENCIA [localhost-startStop-2] org.apache.catalina.loader.WebappClassLoaderBase.clearReferencesJdbc La aplicación web [connector-web] registró el conductor JDBC [org.apache.derby.jdbc.ClientDriver] pero falló al anular el registro mientras la aplicación web estaba parada. Para prevenir un fallo de memoria, se ha anulado el registro del conductor JDBC por la fuerza.
16-Mar-2018 00:41:19.461 INFORMACIÓN [Thread-18] org.apache.coyote.AbstractProtocol.stop Stopping ProtocolHandler ["http-nio-9700"]
16-Mar-2018 00:41:19.470 INFORMACIÓN [Thread-18] org.apache.coyote.AbstractProtocol.stop Stopping ProtocolHandler ["http-nio-9800"]
16-Mar-2018 00:41:19.473 INFORMACIÓN [Thread-18] org.apache.coyote.AbstractProtocol.stop Stopping ProtocolHandler ["https-jsse-nio-8443"]
16-Mar-2018 00:41:19.476 INFORMACIÓN [Thread-18] org.apache.coyote.AbstractProtocol.stop Stopping ProtocolHandler ["https-jsse-nio-8553"]
16-Mar-2018 00:41:19.478 INFORMACIÓN [Thread-18] org.apache.coyote.AbstractProtocol.stop Stopping ProtocolHandler ["ajp-nio-8009"]
16-Mar-2018 00:41:19.482 INFORMACIÓN [Thread-18] org.apache.coyote.AbstractProtocol.destroy Destroying ProtocolHandler ["http-nio-9700"]
16-Mar-2018 00:41:19.483 INFORMACIÓN [Thread-18] org.apache.coyote.AbstractProtocol.destroy Destroying ProtocolHandler ["http-nio-9800"]
16-Mar-2018 00:41:19.485 INFORMACIÓN [Thread-18] org.apache.coyote.AbstractProtocol.destroy Destroying ProtocolHandler ["https-jsse-nio-8443"]
16-Mar-2018 00:41:19.486 INFORMACIÓN [Thread-18] org.apache.coyote.AbstractProtocol.destroy Destroying ProtocolHandler ["https-jsse-nio-8553"]
16-Mar-2018 00:41:19.487 INFORMACIÓN [Thread-18] org.apache.coyote.AbstractProtocol.destroy Destroying ProtocolHandler ["ajp-nio-8009"]
16-Mar-2018 16:47:46.387 INFORMACIÓN [main] org.apache.catalina.startup.VersionLoggerListener.log Server version:        Apache Tomcat/8.5.23
16-Mar-2018 16:47:46.401 INFORMACIÓN [main] org.apache.catalina.startup.VersionLoggerListener.log Server built:          Sep 28 2017 10:30:11 UTC
16-Mar-2018 16:47:46.401 INFORMACIÓN [main] org.apache.catalina.startup.VersionLoggerListener.log Server number:         8.5.23.0
16-Mar-2018 16:47:46.402 INFORMACIÓN [main] org.apache.catalina.startup.VersionLoggerListener.log OS Name:               Windows 7
16-Mar-2018 16:47:46.402 INFORMACIÓN [main] org.apache.catalina.startup.VersionLoggerListener.log OS Version:            6.1
16-Mar-2018 16:47:46.403 INFORMACIÓN [main] org.apache.catalina.startup.VersionLoggerListener.log Architecture:          amd64
16-Mar-2018 16:47:46.409 INFORMACIÓN [main] org.apache.catalina.startup.VersionLoggerListener.log Java Home:             C:\temp\conector_empaquetado_web_v2\conector_empaquetado_web\jre1.8.0_151_win
16-Mar-2018 16:47:46.410 INFORMACIÓN [main] org.apache.catalina.startup.VersionLoggerListener.log JVM Version:           1.8.0_151-b12
16-Mar-2018 16:47:46.411 INFORMACIÓN [main] org.apache.catalina.startup.VersionLoggerListener.log JVM Vendor:            Oracle Corporation
16-Mar-2018 16:47:46.411 INFORMACIÓN [main] org.apache.catalina.startup.VersionLoggerListener.log CATALINA_BASE:         C:\temp\conector_empaquetado_web_v2\conector_empaquetado_web\apache-tomcat-8.5.23
16-Mar-2018 16:47:46.412 INFORMACIÓN [main] org.apache.catalina.startup.VersionLoggerListener.log CATALINA_HOME:         C:\temp\conector_empaquetado_web_v2\conector_empaquetado_web\apache-tomcat-8.5.23
16-Mar-2018 16:47:46.413 INFORMACIÓN [main] org.apache.catalina.startup.VersionLoggerListener.log Command line argument: -Djava.util.logging.config.file=C:\temp\conector_empaquetado_web_v2\conector_empaquetado_web\apache-tomcat-8.5.23\conf\logging.properties
16-Mar-2018 16:47:46.415 INFORMACIÓN [main] org.apache.catalina.startup.VersionLoggerListener.log Command line argument: -Djava.util.logging.manager=org.apache.juli.ClassLoaderLogManager
16-Mar-2018 16:47:46.417 INFORMACIÓN [main] org.apache.catalina.startup.VersionLoggerListener.log Command line argument: -Djdk.tls.ephemeralDHKeySize=2048
16-Mar-2018 16:47:46.418 INFORMACIÓN [main] org.apache.catalina.startup.VersionLoggerListener.log Command line argument: -Djava.protocol.handler.pkgs=org.apache.catalina.webresources
16-Mar-2018 16:47:46.420 INFORMACIÓN [main] org.apache.catalina.startup.VersionLoggerListener.log Command line argument: -Dfile.encoding=UTF-8
16-Mar-2018 16:47:46.421 INFORMACIÓN [main] org.apache.catalina.startup.VersionLoggerListener.log Command line argument: -Dconnector.integration.mtomTempLocation=C:\temp\conector_empaquetado_web_v2\conector_empaquetado_web\apache-tomcat-8.5.23/temp/mtom/
16-Mar-2018 16:47:46.424 INFORMACIÓN [main] org.apache.catalina.startup.VersionLoggerListener.log Command line argument: -DuploadFolder=C:\temp\conector_empaquetado_web_v2\conector_empaquetado_web\apache-tomcat-8.5.23/connector
16-Mar-2018 16:47:46.425 INFORMACIÓN [main] org.apache.catalina.startup.VersionLoggerListener.log Command line argument: -Dconnector.integration.configLocation=C:\temp\conector_empaquetado_web_v2\conector_empaquetado_web\apache-tomcat-8.5.23/conf
16-Mar-2018 16:47:46.427 INFORMACIÓN [main] org.apache.catalina.startup.VersionLoggerListener.log Command line argument: -Dconnector.web.configLocation=C:\temp\conector_empaquetado_web_v2\conector_empaquetado_web\apache-tomcat-8.5.23/conf
16-Mar-2018 16:47:46.428 INFORMACIÓN [main] org.apache.catalina.startup.VersionLoggerListener.log Command line argument: -Dconnector.integration.log4jLocation=C:\temp\conector_empaquetado_web_v2\conector_empaquetado_web\apache-tomcat-8.5.23/logs
16-Mar-2018 16:47:46.430 INFORMACIÓN [main] org.apache.catalina.startup.VersionLoggerListener.log Command line argument: -Dderby.system.home=C:\temp\conector_empaquetado_web_v2\conector_empaquetado_web\apache-tomcat-8.5.23/derby
16-Mar-2018 16:47:46.431 INFORMACIÓN [main] org.apache.catalina.startup.VersionLoggerListener.log Command line argument: -Dconnector.web.log4jLocation=C:\temp\conector_empaquetado_web_v2\conector_empaquetado_web\apache-tomcat-8.5.23/logs
16-Mar-2018 16:47:46.433 INFORMACIÓN [main] org.apache.catalina.startup.VersionLoggerListener.log Command line argument: -Dcatalina.base=C:\temp\conector_empaquetado_web_v2\conector_empaquetado_web\apache-tomcat-8.5.23
16-Mar-2018 16:47:46.434 INFORMACIÓN [main] org.apache.catalina.startup.VersionLoggerListener.log Command line argument: -Dcatalina.home=C:\temp\conector_empaquetado_web_v2\conector_empaquetado_web\apache-tomcat-8.5.23
16-Mar-2018 16:47:46.435 INFORMACIÓN [main] org.apache.catalina.startup.VersionLoggerListener.log Command line argument: -Djava.io.tmpdir=C:\temp\conector_empaquetado_web_v2\conector_empaquetado_web\apache-tomcat-8.5.23\temp
16-Mar-2018 16:47:46.436 INFORMACIÓN [main] org.apache.catalina.core.AprLifecycleListener.lifecycleEvent La biblioteca nativa de Apache Tomcat basada en ARP que permite un rendimiento óptimo en entornos de desarrollo no ha sido hallada en java.library.path: [C:\temp\conector_empaquetado_web_v2\conector_empaquetado_web\jre1.8.0_151_win\bin;C:\Windows\Sun\Java\bin;C:\Windows\system32;C:\Windows;C:\Program Files (x86)\Python35-32\Scripts\;C:\Program Files (x86)\Python35-32\;C:\ProgramData\Oracle\Java\javapath;C:\Windows\system32;C:\Windows;C:\Windows\System32\Wbem;C:\Windows\System32\WindowsPowerShell\v1.0\;C:\Program Files\Intel\WiFi\bin\;C:\Program Files\Common Files\Intel\WirelessCommon\;C:\Program Files\Git\cmd;C:\gradle-2.12\bin;C:\Program Files (x86)\Skype\Phone\;;C:\Program Files\Docker Toolbox;C:\apache-maven-3.3.9\bin;C:\Users\guzman.llambias\AppData\Roaming\Python\Python35\Scripts;.]
16-Mar-2018 16:47:46.838 INFORMACIÓN [main] org.apache.coyote.AbstractProtocol.init Initializing ProtocolHandler ["http-nio-9700"]
16-Mar-2018 16:47:48.125 INFORMACIÓN [main] org.apache.tomcat.util.net.NioSelectorPool.getSharedSelector Using a shared selector for servlet write/read
16-Mar-2018 16:47:48.131 INFORMACIÓN [main] org.apache.coyote.AbstractProtocol.init Initializing ProtocolHandler ["http-nio-9800"]
16-Mar-2018 16:47:48.133 INFORMACIÓN [main] org.apache.tomcat.util.net.NioSelectorPool.getSharedSelector Using a shared selector for servlet write/read
16-Mar-2018 16:47:48.137 INFORMACIÓN [main] org.apache.coyote.AbstractProtocol.init Initializing ProtocolHandler ["https-jsse-nio-8443"]
16-Mar-2018 16:47:50.212 INFORMACIÓN [main] org.apache.tomcat.util.net.NioSelectorPool.getSharedSelector Using a shared selector for servlet write/read
16-Mar-2018 16:47:50.215 INFORMACIÓN [main] org.apache.coyote.AbstractProtocol.init Initializing ProtocolHandler ["https-jsse-nio-8553"]
16-Mar-2018 16:47:50.234 INFORMACIÓN [main] org.apache.tomcat.util.net.NioSelectorPool.getSharedSelector Using a shared selector for servlet write/read
16-Mar-2018 16:47:50.243 INFORMACIÓN [main] org.apache.coyote.AbstractProtocol.init Initializing ProtocolHandler ["ajp-nio-8009"]
16-Mar-2018 16:47:50.254 INFORMACIÓN [main] org.apache.tomcat.util.net.NioSelectorPool.getSharedSelector Using a shared selector for servlet write/read
16-Mar-2018 16:47:50.256 INFORMACIÓN [main] org.apache.catalina.startup.Catalina.load Initialization processed in 5196 ms
16-Mar-2018 16:47:50.347 INFORMACIÓN [main] org.apache.catalina.core.StandardService.startInternal Arrancando servicio [Catalina]
16-Mar-2018 16:47:50.349 INFORMACIÓN [main] org.apache.catalina.core.StandardEngine.startInternal Starting Servlet Engine: Apache Tomcat/8.5.23
16-Mar-2018 16:47:50.404 INFORMACIÓN [localhost-startStop-1] org.apache.catalina.startup.HostConfig.deployWAR Despliegue del archivo [C:\temp\conector_empaquetado_web_v2\conector_empaquetado_web\apache-tomcat-8.5.23\webapps\aderby.war] de la aplicación web
16-Mar-2018 16:47:52.073 INFORMACIÓN [localhost-startStop-1] org.apache.jasper.servlet.TldScanner.scanJars Al menos un JAR, que se ha explorado buscando TLDs, aún no contenía TLDs. Activar historial de depuración para este historiador para una completa lista de los JARs que fueron explorados y de los que nos se halló TLDs. Saltarse JARs no necesarios durante la exploración puede dar lugar a una mejora de tiempo significativa en el arranque y compilación de JSP .
16-Mar-2018 16:47:54.609 INFORMACIÓN [localhost-startStop-1] org.apache.catalina.startup.HostConfig.deployWAR Deployment of web application archive [C:\temp\conector_empaquetado_web_v2\conector_empaquetado_web\apache-tomcat-8.5.23\webapps\aderby.war] has finished in [4.202] ms
16-Mar-2018 16:47:54.615 INFORMACIÓN [localhost-startStop-1] org.apache.catalina.startup.HostConfig.deployWAR Despliegue del archivo [C:\temp\conector_empaquetado_web_v2\conector_empaquetado_web\apache-tomcat-8.5.23\webapps\connector-runtime.war] de la aplicación web
16-Mar-2018 16:48:01.323 INFORMACIÓN [localhost-startStop-1] org.apache.jasper.servlet.TldScanner.scanJars Al menos un JAR, que se ha explorado buscando TLDs, aún no contenía TLDs. Activar historial de depuración para este historiador para una completa lista de los JARs que fueron explorados y de los que nos se halló TLDs. Saltarse JARs no necesarios durante la exploración puede dar lugar a una mejora de tiempo significativa en el arranque y compilación de JSP .
16-Mar-2018 16:48:14.119 INFORMACIÓN [localhost-startStop-1] org.apache.catalina.startup.HostConfig.deployWAR Deployment of web application archive [C:\temp\conector_empaquetado_web_v2\conector_empaquetado_web\apache-tomcat-8.5.23\webapps\connector-runtime.war] has finished in [19.504] ms
16-Mar-2018 16:48:14.128 INFORMACIÓN [localhost-startStop-1] org.apache.catalina.startup.HostConfig.deployWAR Despliegue del archivo [C:\temp\conector_empaquetado_web_v2\conector_empaquetado_web\apache-tomcat-8.5.23\webapps\connector-web.war] de la aplicación web
16-Mar-2018 16:48:17.700 INFORMACIÓN [localhost-startStop-1] org.apache.jasper.servlet.TldScanner.scanJars Al menos un JAR, que se ha explorado buscando TLDs, aún no contenía TLDs. Activar historial de depuración para este historiador para una completa lista de los JARs que fueron explorados y de los que nos se halló TLDs. Saltarse JARs no necesarios durante la exploración puede dar lugar a una mejora de tiempo significativa en el arranque y compilación de JSP .
16-Mar-2018 16:48:26.352 INFORMACIÓN [localhost-startStop-1] org.apache.catalina.startup.HostConfig.deployWAR Deployment of web application archive [C:\temp\conector_empaquetado_web_v2\conector_empaquetado_web\apache-tomcat-8.5.23\webapps\connector-web.war] has finished in [12.224] ms
16-Mar-2018 16:48:26.354 INFORMACIÓN [localhost-startStop-1] org.apache.catalina.startup.HostConfig.deployDirectory Despliegue del directorio [C:\temp\conector_empaquetado_web_v2\conector_empaquetado_web\apache-tomcat-8.5.23\webapps\docs] de la aplicación web
16-Mar-2018 16:48:26.879 INFORMACIÓN [localhost-startStop-1] org.apache.jasper.servlet.TldScanner.scanJars Al menos un JAR, que se ha explorado buscando TLDs, aún no contenía TLDs. Activar historial de depuración para este historiador para una completa lista de los JARs que fueron explorados y de los que nos se halló TLDs. Saltarse JARs no necesarios durante la exploración puede dar lugar a una mejora de tiempo significativa en el arranque y compilación de JSP .
16-Mar-2018 16:48:26.884 INFORMACIÓN [localhost-startStop-1] org.apache.catalina.startup.HostConfig.deployDirectory Deployment of web application directory [C:\temp\conector_empaquetado_web_v2\conector_empaquetado_web\apache-tomcat-8.5.23\webapps\docs] has finished in [530] ms
16-Mar-2018 16:48:26.885 INFORMACIÓN [localhost-startStop-1] org.apache.catalina.startup.HostConfig.deployDirectory Despliegue del directorio [C:\temp\conector_empaquetado_web_v2\conector_empaquetado_web\apache-tomcat-8.5.23\webapps\examples] de la aplicación web
16-Mar-2018 16:48:27.830 INFORMACIÓN [localhost-startStop-1] org.apache.jasper.servlet.TldScanner.scanJars Al menos un JAR, que se ha explorado buscando TLDs, aún no contenía TLDs. Activar historial de depuración para este historiador para una completa lista de los JARs que fueron explorados y de los que nos se halló TLDs. Saltarse JARs no necesarios durante la exploración puede dar lugar a una mejora de tiempo significativa en el arranque y compilación de JSP .
16-Mar-2018 16:48:27.956 INFORMACIÓN [localhost-startStop-1] org.apache.catalina.startup.HostConfig.deployDirectory Deployment of web application directory [C:\temp\conector_empaquetado_web_v2\conector_empaquetado_web\apache-tomcat-8.5.23\webapps\examples] has finished in [1.071] ms
16-Mar-2018 16:48:27.957 INFORMACIÓN [localhost-startStop-1] org.apache.catalina.startup.HostConfig.deployDirectory Despliegue del directorio [C:\temp\conector_empaquetado_web_v2\conector_empaquetado_web\apache-tomcat-8.5.23\webapps\host-manager] de la aplicación web
16-Mar-2018 16:48:28.498 INFORMACIÓN [localhost-startStop-1] org.apache.jasper.servlet.TldScanner.scanJars Al menos un JAR, que se ha explorado buscando TLDs, aún no contenía TLDs. Activar historial de depuración para este historiador para una completa lista de los JARs que fueron explorados y de los que nos se halló TLDs. Saltarse JARs no necesarios durante la exploración puede dar lugar a una mejora de tiempo significativa en el arranque y compilación de JSP .
16-Mar-2018 16:48:28.505 INFORMACIÓN [localhost-startStop-1] org.apache.catalina.startup.HostConfig.deployDirectory Deployment of web application directory [C:\temp\conector_empaquetado_web_v2\conector_empaquetado_web\apache-tomcat-8.5.23\webapps\host-manager] has finished in [547] ms
16-Mar-2018 16:48:28.505 INFORMACIÓN [localhost-startStop-1] org.apache.catalina.startup.HostConfig.deployDirectory Despliegue del directorio [C:\temp\conector_empaquetado_web_v2\conector_empaquetado_web\apache-tomcat-8.5.23\webapps\manager] de la aplicación web
16-Mar-2018 16:48:28.987 INFORMACIÓN [localhost-startStop-1] org.apache.jasper.servlet.TldScanner.scanJars Al menos un JAR, que se ha explorado buscando TLDs, aún no contenía TLDs. Activar historial de depuración para este historiador para una completa lista de los JARs que fueron explorados y de los que nos se halló TLDs. Saltarse JARs no necesarios durante la exploración puede dar lugar a una mejora de tiempo significativa en el arranque y compilación de JSP .
16-Mar-2018 16:48:28.991 INFORMACIÓN [localhost-startStop-1] org.apache.catalina.startup.HostConfig.deployDirectory Deployment of web application directory [C:\temp\conector_empaquetado_web_v2\conector_empaquetado_web\apache-tomcat-8.5.23\webapps\manager] has finished in [486] ms
16-Mar-2018 16:48:28.991 INFORMACIÓN [localhost-startStop-1] org.apache.catalina.startup.HostConfig.deployDirectory Despliegue del directorio [C:\temp\conector_empaquetado_web_v2\conector_empaquetado_web\apache-tomcat-8.5.23\webapps\ROOT] de la aplicación web
16-Mar-2018 16:48:29.355 INFORMACIÓN [localhost-startStop-1] org.apache.jasper.servlet.TldScanner.scanJars Al menos un JAR, que se ha explorado buscando TLDs, aún no contenía TLDs. Activar historial de depuración para este historiador para una completa lista de los JARs que fueron explorados y de los que nos se halló TLDs. Saltarse JARs no necesarios durante la exploración puede dar lugar a una mejora de tiempo significativa en el arranque y compilación de JSP .
16-Mar-2018 16:48:29.358 INFORMACIÓN [localhost-startStop-1] org.apache.catalina.startup.HostConfig.deployDirectory Deployment of web application directory [C:\temp\conector_empaquetado_web_v2\conector_empaquetado_web\apache-tomcat-8.5.23\webapps\ROOT] has finished in [367] ms
16-Mar-2018 16:48:29.364 INFORMACIÓN [main] org.apache.coyote.AbstractProtocol.start Starting ProtocolHandler ["http-nio-9700"]
16-Mar-2018 16:48:29.375 INFORMACIÓN [main] org.apache.coyote.AbstractProtocol.start Starting ProtocolHandler ["http-nio-9800"]
16-Mar-2018 16:48:29.379 INFORMACIÓN [main] org.apache.coyote.AbstractProtocol.start Starting ProtocolHandler ["https-jsse-nio-8443"]
16-Mar-2018 16:48:29.384 INFORMACIÓN [main] org.apache.coyote.AbstractProtocol.start Starting ProtocolHandler ["https-jsse-nio-8553"]
16-Mar-2018 16:48:29.388 INFORMACIÓN [main] org.apache.coyote.AbstractProtocol.start Starting ProtocolHandler ["ajp-nio-8009"]
16-Mar-2018 16:48:29.392 INFORMACIÓN [main] org.apache.catalina.startup.Catalina.start Server startup in 39134 ms
