31-May-2018 16:11:51.384 INFORMACIN [localhost-startStop-1] org.apache.catalina.core.ApplicationContext.log No Spring WebApplicationInitializer types detected on classpath
31-May-2018 16:11:51.694 INFORMACIN [localhost-startStop-1] org.apache.catalina.core.ApplicationContext.log Initializing Spring root WebApplicationContext
31-May-2018 16:12:09.795 INFORMACIN [localhost-startStop-1] org.apache.catalina.core.ApplicationContext.log Initializing Spring FrameworkServlet 'ConnectorServlet'
31-May-2018 16:12:16.172 INFORMACIN [localhost-startStop-1] org.apache.catalina.core.ApplicationContext.log 2 Spring WebApplicationInitializers detected on classpath
31-May-2018 16:12:16.400 INFORMACIN [localhost-startStop-1] org.apache.catalina.core.ApplicationContext.log Initializing Spring root WebApplicationContext
31-May-2018 16:12:28.103 INFORMACIN [localhost-startStop-1] org.apache.catalina.core.ApplicationContext.log Initializing Spring FrameworkServlet 'dispatcher'
31-May-2018 16:12:30.585 INFORMACIN [localhost-startStop-1] org.apache.catalina.core.ApplicationContext.log ContextListener: contextInitialized()
31-May-2018 16:12:30.585 INFORMACIN [localhost-startStop-1] org.apache.catalina.core.ApplicationContext.log SessionListener: contextInitialized()
31-May-2018 16:14:43.183 GRAVE [http-nio-9800-exec-3] org.apache.catalina.core.StandardWrapperValve.invoke El Servlet.service() para el servlet [dispatcher] en el contexto con ruta [/connector-web] lanz贸 la excepci贸n [Request processing failed; nested exception is java.nio.file.InvalidPathException: Illegal char <:> at index 105: C:\temp\conector_empaquetado_web_v2\conector_empaquetado_web\apache-tomcat-8.5.23\temp\20180531161442http://www.intersystems.com:80/healthshare/ihe/schema/HL7V3/NE2008/multicacheschemas/PRPA_IN201301UV02.xsd] con causa ra铆z
 java.nio.file.InvalidPathException: Illegal char <:> at index 105: C:\temp\conector_empaquetado_web_v2\conector_empaquetado_web\apache-tomcat-8.5.23\temp\20180531161442http://www.intersystems.com:80/healthshare/ihe/schema/HL7V3/NE2008/multicacheschemas/PRPA_IN201301UV02.xsd
	at sun.nio.fs.WindowsPathParser.normalize(WindowsPathParser.java:182)
	at sun.nio.fs.WindowsPathParser.parse(WindowsPathParser.java:153)
	at sun.nio.fs.WindowsPathParser.parse(WindowsPathParser.java:77)
	at sun.nio.fs.WindowsPath.parse(WindowsPath.java:94)
	at sun.nio.fs.WindowsFileSystem.getPath(WindowsFileSystem.java:255)
	at java.nio.file.Paths.get(Paths.java:84)
	at gub.agesic.connector.services.filemanager.DefaultFileManagerService.getFilePathInUploadTempFolder(DefaultFileManagerService.java:349)
	at gub.agesic.connector.services.wsdlparser.DefaultWSDLParserService.getXSDSImports(DefaultWSDLParserService.java:98)
	at gub.agesic.connector.services.wsdlparser.DefaultWSDLParserService.getWSDLData(DefaultWSDLParserService.java:74)
	at gub.agesic.connector.web.controller.ConnectorController.uploadAndParseWSDL(ConnectorController.java:311)
	at sun.reflect.NativeMethodAccessorImpl.invoke0(Native Method)
	at sun.reflect.NativeMethodAccessorImpl.invoke(NativeMethodAccessorImpl.java:62)
	at sun.reflect.DelegatingMethodAccessorImpl.invoke(DelegatingMethodAccessorImpl.java:43)
	at java.lang.reflect.Method.invoke(Method.java:498)
	at org.springframework.web.method.support.InvocableHandlerMethod.doInvoke(InvocableHandlerMethod.java:205)
	at org.springframework.web.method.support.InvocableHandlerMethod.invokeForRequest(InvocableHandlerMethod.java:133)
	at org.springframework.web.servlet.mvc.method.annotation.ServletInvocableHandlerMethod.invokeAndHandle(ServletInvocableHandlerMethod.java:97)
	at org.springframework.web.servlet.mvc.method.annotation.RequestMappingHandlerAdapter.invokeHandlerMethod(RequestMappingHandlerAdapter.java:827)
	at org.springframework.web.servlet.mvc.method.annotation.RequestMappingHandlerAdapter.handleInternal(RequestMappingHandlerAdapter.java:738)
	at org.springframework.web.servlet.mvc.method.AbstractHandlerMethodAdapter.handle(AbstractHandlerMethodAdapter.java:85)
	at org.springframework.web.servlet.DispatcherServlet.doDispatch(DispatcherServlet.java:967)
	at org.springframework.web.servlet.DispatcherServlet.doService(DispatcherServlet.java:901)
	at org.springframework.web.servlet.FrameworkServlet.processRequest(FrameworkServlet.java:970)
	at org.springframework.web.servlet.FrameworkServlet.doPost(FrameworkServlet.java:872)
	at javax.servlet.http.HttpServlet.service(HttpServlet.java:661)
	at org.springframework.web.servlet.FrameworkServlet.service(FrameworkServlet.java:846)
	at javax.servlet.http.HttpServlet.service(HttpServlet.java:742)
	at org.apache.catalina.core.ApplicationFilterChain.internalDoFilter(ApplicationFilterChain.java:231)
	at org.apache.catalina.core.ApplicationFilterChain.doFilter(ApplicationFilterChain.java:166)
	at org.apache.tomcat.websocket.server.WsFilter.doFilter(WsFilter.java:52)
	at org.apache.catalina.core.ApplicationFilterChain.internalDoFilter(ApplicationFilterChain.java:193)
	at org.apache.catalina.core.ApplicationFilterChain.doFilter(ApplicationFilterChain.java:166)
	at org.springframework.security.web.FilterChainProxy$VirtualFilterChain.doFilter(FilterChainProxy.java:317)
	at org.springframework.security.web.access.intercept.FilterSecurityInterceptor.invoke(FilterSecurityInterceptor.java:127)
	at org.springframework.security.web.access.intercept.FilterSecurityInterceptor.doFilter(FilterSecurityInterceptor.java:91)
	at org.springframework.security.web.FilterChainProxy$VirtualFilterChain.doFilter(FilterChainProxy.java:331)
	at org.springframework.security.web.access.ExceptionTranslationFilter.doFilter(ExceptionTranslationFilter.java:114)
	at org.springframework.security.web.FilterChainProxy$VirtualFilterChain.doFilter(FilterChainProxy.java:331)
	at org.springframework.security.web.session.SessionManagementFilter.doFilter(SessionManagementFilter.java:137)
	at org.springframework.security.web.FilterChainProxy$VirtualFilterChain.doFilter(FilterChainProxy.java:331)
	at org.springframework.security.web.authentication.AnonymousAuthenticationFilter.doFilter(AnonymousAuthenticationFilter.java:111)
	at org.springframework.security.web.FilterChainProxy$VirtualFilterChain.doFilter(FilterChainProxy.java:331)
	at org.springframework.security.web.servletapi.SecurityContextHolderAwareRequestFilter.doFilter(SecurityContextHolderAwareRequestFilter.java:170)
	at org.springframework.security.web.FilterChainProxy$VirtualFilterChain.doFilter(FilterChainProxy.java:331)
	at org.springframework.security.web.savedrequest.RequestCacheAwareFilter.doFilter(RequestCacheAwareFilter.java:63)
	at org.springframework.security.web.FilterChainProxy$VirtualFilterChain.doFilter(FilterChainProxy.java:331)
	at org.springframework.security.web.authentication.AbstractAuthenticationProcessingFilter.doFilter(AbstractAuthenticationProcessingFilter.java:200)
	at org.springframework.security.web.FilterChainProxy$VirtualFilterChain.doFilter(FilterChainProxy.java:331)
	at org.springframework.security.web.authentication.logout.LogoutFilter.doFilter(LogoutFilter.java:116)
	at org.springframework.security.web.FilterChainProxy$VirtualFilterChain.doFilter(FilterChainProxy.java:331)
	at org.springframework.security.web.header.HeaderWriterFilter.doFilterInternal(HeaderWriterFilter.java:64)
	at org.springframework.web.filter.OncePerRequestFilter.doFilter(OncePerRequestFilter.java:107)
	at org.springframework.security.web.FilterChainProxy$VirtualFilterChain.doFilter(FilterChainProxy.java:331)
	at org.springframework.security.web.context.SecurityContextPersistenceFilter.doFilter(SecurityContextPersistenceFilter.java:105)
	at org.springframework.security.web.FilterChainProxy$VirtualFilterChain.doFilter(FilterChainProxy.java:331)
	at org.springframework.security.web.context.request.async.WebAsyncManagerIntegrationFilter.doFilterInternal(WebAsyncManagerIntegrationFilter.java:56)
	at org.springframework.web.filter.OncePerRequestFilter.doFilter(OncePerRequestFilter.java:107)
	at org.springframework.security.web.FilterChainProxy$VirtualFilterChain.doFilter(FilterChainProxy.java:331)
	at org.springframework.security.web.FilterChainProxy.doFilterInternal(FilterChainProxy.java:214)
	at org.springframework.security.web.FilterChainProxy.doFilter(FilterChainProxy.java:177)
	at org.springframework.web.filter.DelegatingFilterProxy.invokeDelegate(DelegatingFilterProxy.java:347)
	at org.springframework.web.filter.DelegatingFilterProxy.doFilter(DelegatingFilterProxy.java:263)
	at org.apache.catalina.core.ApplicationFilterChain.internalDoFilter(ApplicationFilterChain.java:193)
	at org.apache.catalina.core.ApplicationFilterChain.doFilter(ApplicationFilterChain.java:166)
	at org.apache.catalina.core.StandardWrapperValve.invoke(StandardWrapperValve.java:199)
	at org.apache.catalina.core.StandardContextValve.invoke(StandardContextValve.java:96)
	at org.apache.catalina.authenticator.AuthenticatorBase.invoke(AuthenticatorBase.java:478)
	at org.apache.catalina.core.StandardHostValve.invoke(StandardHostValve.java:140)
	at org.apache.catalina.valves.ErrorReportValve.invoke(ErrorReportValve.java:81)
	at org.apache.catalina.valves.AbstractAccessLogValve.invoke(AbstractAccessLogValve.java:650)
	at org.apache.catalina.core.StandardEngineValve.invoke(StandardEngineValve.java:87)
	at org.apache.catalina.connector.CoyoteAdapter.service(CoyoteAdapter.java:342)
	at org.apache.coyote.http11.Http11Processor.service(Http11Processor.java:803)
	at org.apache.coyote.AbstractProcessorLight.process(AbstractProcessorLight.java:66)
	at org.apache.coyote.AbstractProtocol$ConnectionHandler.process(AbstractProtocol.java:868)
	at org.apache.tomcat.util.net.NioEndpoint$SocketProcessor.doRun(NioEndpoint.java:1459)
	at org.apache.tomcat.util.net.SocketProcessorBase.run(SocketProcessorBase.java:49)
	at java.util.concurrent.ThreadPoolExecutor.runWorker(ThreadPoolExecutor.java:1149)
	at java.util.concurrent.ThreadPoolExecutor$Worker.run(ThreadPoolExecutor.java:624)
	at org.apache.tomcat.util.threads.TaskThread$WrappingRunnable.run(TaskThread.java:61)
	at java.lang.Thread.run(Thread.java:748)

31-May-2018 16:25:37.296 GRAVE [http-nio-9800-exec-9] org.apache.catalina.core.StandardWrapperValve.invoke El Servlet.service() para el servlet [dispatcher] en el contexto con ruta [/connector-web] lanz贸 la excepci贸n [Request processing failed; nested exception is java.nio.file.InvalidPathException: Illegal char <:> at index 105: C:\temp\conector_empaquetado_web_v2\conector_empaquetado_web\apache-tomcat-8.5.23\temp\20180531162536http://www.intersystems.com:80/healthshare/ihe/schema/HL7V3/NE2008/multicacheschemas/PRPA_IN201301UV02.xsd] con causa ra铆z
 java.nio.file.InvalidPathException: Illegal char <:> at index 105: C:\temp\conector_empaquetado_web_v2\conector_empaquetado_web\apache-tomcat-8.5.23\temp\20180531162536http://www.intersystems.com:80/healthshare/ihe/schema/HL7V3/NE2008/multicacheschemas/PRPA_IN201301UV02.xsd
	at sun.nio.fs.WindowsPathParser.normalize(WindowsPathParser.java:182)
	at sun.nio.fs.WindowsPathParser.parse(WindowsPathParser.java:153)
	at sun.nio.fs.WindowsPathParser.parse(WindowsPathParser.java:77)
	at sun.nio.fs.WindowsPath.parse(WindowsPath.java:94)
	at sun.nio.fs.WindowsFileSystem.getPath(WindowsFileSystem.java:255)
	at java.nio.file.Paths.get(Paths.java:84)
	at gub.agesic.connector.services.filemanager.DefaultFileManagerService.getFilePathInUploadTempFolder(DefaultFileManagerService.java:349)
	at gub.agesic.connector.services.wsdlparser.DefaultWSDLParserService.getXSDSImports(DefaultWSDLParserService.java:98)
	at gub.agesic.connector.services.wsdlparser.DefaultWSDLParserService.getWSDLData(DefaultWSDLParserService.java:74)
	at gub.agesic.connector.web.controller.ConnectorController.uploadAndParseWSDL(ConnectorController.java:311)
	at sun.reflect.NativeMethodAccessorImpl.invoke0(Native Method)
	at sun.reflect.NativeMethodAccessorImpl.invoke(NativeMethodAccessorImpl.java:62)
	at sun.reflect.DelegatingMethodAccessorImpl.invoke(DelegatingMethodAccessorImpl.java:43)
	at java.lang.reflect.Method.invoke(Method.java:498)
	at org.springframework.web.method.support.InvocableHandlerMethod.doInvoke(InvocableHandlerMethod.java:205)
	at org.springframework.web.method.support.InvocableHandlerMethod.invokeForRequest(InvocableHandlerMethod.java:133)
	at org.springframework.web.servlet.mvc.method.annotation.ServletInvocableHandlerMethod.invokeAndHandle(ServletInvocableHandlerMethod.java:97)
	at org.springframework.web.servlet.mvc.method.annotation.RequestMappingHandlerAdapter.invokeHandlerMethod(RequestMappingHandlerAdapter.java:827)
	at org.springframework.web.servlet.mvc.method.annotation.RequestMappingHandlerAdapter.handleInternal(RequestMappingHandlerAdapter.java:738)
	at org.springframework.web.servlet.mvc.method.AbstractHandlerMethodAdapter.handle(AbstractHandlerMethodAdapter.java:85)
	at org.springframework.web.servlet.DispatcherServlet.doDispatch(DispatcherServlet.java:967)
	at org.springframework.web.servlet.DispatcherServlet.doService(DispatcherServlet.java:901)
	at org.springframework.web.servlet.FrameworkServlet.processRequest(FrameworkServlet.java:970)
	at org.springframework.web.servlet.FrameworkServlet.doPost(FrameworkServlet.java:872)
	at javax.servlet.http.HttpServlet.service(HttpServlet.java:661)
	at org.springframework.web.servlet.FrameworkServlet.service(FrameworkServlet.java:846)
	at javax.servlet.http.HttpServlet.service(HttpServlet.java:742)
	at org.apache.catalina.core.ApplicationFilterChain.internalDoFilter(ApplicationFilterChain.java:231)
	at org.apache.catalina.core.ApplicationFilterChain.doFilter(ApplicationFilterChain.java:166)
	at org.apache.tomcat.websocket.server.WsFilter.doFilter(WsFilter.java:52)
	at org.apache.catalina.core.ApplicationFilterChain.internalDoFilter(ApplicationFilterChain.java:193)
	at org.apache.catalina.core.ApplicationFilterChain.doFilter(ApplicationFilterChain.java:166)
	at org.springframework.security.web.FilterChainProxy$VirtualFilterChain.doFilter(FilterChainProxy.java:317)
	at org.springframework.security.web.access.intercept.FilterSecurityInterceptor.invoke(FilterSecurityInterceptor.java:127)
	at org.springframework.security.web.access.intercept.FilterSecurityInterceptor.doFilter(FilterSecurityInterceptor.java:91)
	at org.springframework.security.web.FilterChainProxy$VirtualFilterChain.doFilter(FilterChainProxy.java:331)
	at org.springframework.security.web.access.ExceptionTranslationFilter.doFilter(ExceptionTranslationFilter.java:114)
	at org.springframework.security.web.FilterChainProxy$VirtualFilterChain.doFilter(FilterChainProxy.java:331)
	at org.springframework.security.web.session.SessionManagementFilter.doFilter(SessionManagementFilter.java:137)
	at org.springframework.security.web.FilterChainProxy$VirtualFilterChain.doFilter(FilterChainProxy.java:331)
	at org.springframework.security.web.authentication.AnonymousAuthenticationFilter.doFilter(AnonymousAuthenticationFilter.java:111)
	at org.springframework.security.web.FilterChainProxy$VirtualFilterChain.doFilter(FilterChainProxy.java:331)
	at org.springframework.security.web.servletapi.SecurityContextHolderAwareRequestFilter.doFilter(SecurityContextHolderAwareRequestFilter.java:170)
	at org.springframework.security.web.FilterChainProxy$VirtualFilterChain.doFilter(FilterChainProxy.java:331)
	at org.springframework.security.web.savedrequest.RequestCacheAwareFilter.doFilter(RequestCacheAwareFilter.java:63)
	at org.springframework.security.web.FilterChainProxy$VirtualFilterChain.doFilter(FilterChainProxy.java:331)
	at org.springframework.security.web.authentication.AbstractAuthenticationProcessingFilter.doFilter(AbstractAuthenticationProcessingFilter.java:200)
	at org.springframework.security.web.FilterChainProxy$VirtualFilterChain.doFilter(FilterChainProxy.java:331)
	at org.springframework.security.web.authentication.logout.LogoutFilter.doFilter(LogoutFilter.java:116)
	at org.springframework.security.web.FilterChainProxy$VirtualFilterChain.doFilter(FilterChainProxy.java:331)
	at org.springframework.security.web.header.HeaderWriterFilter.doFilterInternal(HeaderWriterFilter.java:64)
	at org.springframework.web.filter.OncePerRequestFilter.doFilter(OncePerRequestFilter.java:107)
	at org.springframework.security.web.FilterChainProxy$VirtualFilterChain.doFilter(FilterChainProxy.java:331)
	at org.springframework.security.web.context.SecurityContextPersistenceFilter.doFilter(SecurityContextPersistenceFilter.java:105)
	at org.springframework.security.web.FilterChainProxy$VirtualFilterChain.doFilter(FilterChainProxy.java:331)
	at org.springframework.security.web.context.request.async.WebAsyncManagerIntegrationFilter.doFilterInternal(WebAsyncManagerIntegrationFilter.java:56)
	at org.springframework.web.filter.OncePerRequestFilter.doFilter(OncePerRequestFilter.java:107)
	at org.springframework.security.web.FilterChainProxy$VirtualFilterChain.doFilter(FilterChainProxy.java:331)
	at org.springframework.security.web.FilterChainProxy.doFilterInternal(FilterChainProxy.java:214)
	at org.springframework.security.web.FilterChainProxy.doFilter(FilterChainProxy.java:177)
	at org.springframework.web.filter.DelegatingFilterProxy.invokeDelegate(DelegatingFilterProxy.java:347)
	at org.springframework.web.filter.DelegatingFilterProxy.doFilter(DelegatingFilterProxy.java:263)
	at org.apache.catalina.core.ApplicationFilterChain.internalDoFilter(ApplicationFilterChain.java:193)
	at org.apache.catalina.core.ApplicationFilterChain.doFilter(ApplicationFilterChain.java:166)
	at org.apache.catalina.core.StandardWrapperValve.invoke(StandardWrapperValve.java:199)
	at org.apache.catalina.core.StandardContextValve.invoke(StandardContextValve.java:96)
	at org.apache.catalina.authenticator.AuthenticatorBase.invoke(AuthenticatorBase.java:478)
	at org.apache.catalina.core.StandardHostValve.invoke(StandardHostValve.java:140)
	at org.apache.catalina.valves.ErrorReportValve.invoke(ErrorReportValve.java:81)
	at org.apache.catalina.valves.AbstractAccessLogValve.invoke(AbstractAccessLogValve.java:650)
	at org.apache.catalina.core.StandardEngineValve.invoke(StandardEngineValve.java:87)
	at org.apache.catalina.connector.CoyoteAdapter.service(CoyoteAdapter.java:342)
	at org.apache.coyote.http11.Http11Processor.service(Http11Processor.java:803)
	at org.apache.coyote.AbstractProcessorLight.process(AbstractProcessorLight.java:66)
	at org.apache.coyote.AbstractProtocol$ConnectionHandler.process(AbstractProtocol.java:868)
	at org.apache.tomcat.util.net.NioEndpoint$SocketProcessor.doRun(NioEndpoint.java:1459)
	at org.apache.tomcat.util.net.SocketProcessorBase.run(SocketProcessorBase.java:49)
	at java.util.concurrent.ThreadPoolExecutor.runWorker(ThreadPoolExecutor.java:1149)
	at java.util.concurrent.ThreadPoolExecutor$Worker.run(ThreadPoolExecutor.java:624)
	at org.apache.tomcat.util.threads.TaskThread$WrappingRunnable.run(TaskThread.java:61)
	at java.lang.Thread.run(Thread.java:748)

31-May-2018 16:32:56.982 INFORMACIN [localhost-startStop-1] org.apache.catalina.core.ApplicationContext.log No Spring WebApplicationInitializer types detected on classpath
31-May-2018 16:32:57.258 INFORMACIN [localhost-startStop-1] org.apache.catalina.core.ApplicationContext.log Initializing Spring root WebApplicationContext
31-May-2018 16:33:17.268 INFORMACIN [localhost-startStop-1] org.apache.catalina.core.ApplicationContext.log Initializing Spring FrameworkServlet 'ConnectorServlet'
31-May-2018 16:33:23.101 INFORMACIN [localhost-startStop-1] org.apache.catalina.core.ApplicationContext.log 2 Spring WebApplicationInitializers detected on classpath
31-May-2018 16:33:23.438 INFORMACIN [localhost-startStop-1] org.apache.catalina.core.ApplicationContext.log Initializing Spring root WebApplicationContext
31-May-2018 16:33:37.406 INFORMACIN [localhost-startStop-1] org.apache.catalina.core.ApplicationContext.log Initializing Spring FrameworkServlet 'dispatcher'
31-May-2018 16:33:40.370 INFORMACIN [localhost-startStop-1] org.apache.catalina.core.ApplicationContext.log ContextListener: contextInitialized()
31-May-2018 16:33:40.370 INFORMACIN [localhost-startStop-1] org.apache.catalina.core.ApplicationContext.log SessionListener: contextInitialized()
31-May-2018 16:54:36.795 INFORMACIN [localhost-startStop-1] org.apache.catalina.core.ApplicationContext.log No Spring WebApplicationInitializer types detected on classpath
31-May-2018 16:54:37.783 INFORMACIN [localhost-startStop-1] org.apache.catalina.core.ApplicationContext.log Initializing Spring root WebApplicationContext
31-May-2018 16:55:45.169 INFORMACIN [localhost-startStop-1] org.apache.catalina.core.ApplicationContext.log No Spring WebApplicationInitializer types detected on classpath
31-May-2018 16:55:45.572 INFORMACIN [localhost-startStop-1] org.apache.catalina.core.ApplicationContext.log Initializing Spring root WebApplicationContext
31-May-2018 16:55:47.766 GRAVE [localhost-startStop-1] org.apache.catalina.core.StandardContext.listenerStart Excepcin enviando evento inicializado de contexto a instancia de escuchador de clase [org.springframework.web.context.ContextLoaderListener]
 org.springframework.beans.factory.BeanDefinitionStoreException: Failed to parse configuration class [gub.agesic.connector.integration.services.DefaultPoolConnectionService]; nested exception is java.lang.IllegalArgumentException: Could not resolve placeholder 'connector.web.configLocation' in value "file:${connector.web.configLocation}/connector.properties"
	at org.springframework.context.annotation.ConfigurationClassParser.parse(ConfigurationClassParser.java:181)
	at org.springframework.context.annotation.ConfigurationClassPostProcessor.processConfigBeanDefinitions(ConfigurationClassPostProcessor.java:308)
	at org.springframework.context.annotation.ConfigurationClassPostProcessor.postProcessBeanDefinitionRegistry(ConfigurationClassPostProcessor.java:228)
	at org.springframework.context.support.PostProcessorRegistrationDelegate.invokeBeanDefinitionRegistryPostProcessors(PostProcessorRegistrationDelegate.java:272)
	at org.springframework.context.support.PostProcessorRegistrationDelegate.invokeBeanFactoryPostProcessors(PostProcessorRegistrationDelegate.java:92)
	at org.springframework.context.support.AbstractApplicationContext.invokeBeanFactoryPostProcessors(AbstractApplicationContext.java:687)
	at org.springframework.context.support.AbstractApplicationContext.refresh(AbstractApplicationContext.java:525)
	at org.springframework.web.context.ContextLoader.configureAndRefreshWebApplicationContext(ContextLoader.java:443)
	at org.springframework.web.context.ContextLoader.initWebApplicationContext(ContextLoader.java:325)
	at org.springframework.web.context.ContextLoaderListener.contextInitialized(ContextLoaderListener.java:107)
	at org.apache.catalina.core.StandardContext.listenerStart(StandardContext.java:4745)
	at org.apache.catalina.core.StandardContext.startInternal(StandardContext.java:5207)
	at org.apache.catalina.util.LifecycleBase.start(LifecycleBase.java:150)
	at org.apache.catalina.core.ContainerBase.addChildInternal(ContainerBase.java:752)
	at org.apache.catalina.core.ContainerBase.addChild(ContainerBase.java:728)
	at org.apache.catalina.core.StandardHost.addChild(StandardHost.java:734)
	at org.apache.catalina.startup.HostConfig.deployWAR(HostConfig.java:988)
	at org.apache.catalina.startup.HostConfig$DeployWar.run(HostConfig.java:1860)
	at java.util.concurrent.Executors$RunnableAdapter.call(Executors.java:511)
	at java.util.concurrent.FutureTask.run(FutureTask.java:266)
	at java.util.concurrent.ThreadPoolExecutor.runWorker(ThreadPoolExecutor.java:1149)
	at java.util.concurrent.ThreadPoolExecutor$Worker.run(ThreadPoolExecutor.java:624)
	at java.lang.Thread.run(Thread.java:748)
Caused by: java.lang.IllegalArgumentException: Could not resolve placeholder 'connector.web.configLocation' in value "file:${connector.web.configLocation}/connector.properties"
	at org.springframework.util.PropertyPlaceholderHelper.parseStringValue(PropertyPlaceholderHelper.java:174)
	at org.springframework.util.PropertyPlaceholderHelper.replacePlaceholders(PropertyPlaceholderHelper.java:126)
	at org.springframework.core.env.AbstractPropertyResolver.doResolvePlaceholders(AbstractPropertyResolver.java:236)
	at org.springframework.core.env.AbstractPropertyResolver.resolveRequiredPlaceholders(AbstractPropertyResolver.java:210)
	at org.springframework.core.env.AbstractEnvironment.resolveRequiredPlaceholders(AbstractEnvironment.java:568)
	at org.springframework.context.annotation.ConfigurationClassParser.processPropertySource(ConfigurationClassParser.java:438)
	at org.springframework.context.annotation.ConfigurationClassParser.doProcessConfigurationClass(ConfigurationClassParser.java:271)
	at org.springframework.context.annotation.ConfigurationClassParser.processConfigurationClass(ConfigurationClassParser.java:245)
	at org.springframework.context.annotation.ConfigurationClassParser.parse(ConfigurationClassParser.java:198)
	at org.springframework.context.annotation.ConfigurationClassParser.parse(ConfigurationClassParser.java:167)
	... 22 more

31-May-2018 16:55:47.774 INFORMACIN [localhost-startStop-1] org.apache.catalina.core.ApplicationContext.log Closing Spring root WebApplicationContext
31-May-2018 16:55:51.570 INFORMACIN [localhost-startStop-1] org.apache.catalina.core.ApplicationContext.log 2 Spring WebApplicationInitializers detected on classpath
31-May-2018 16:55:51.735 INFORMACIN [localhost-startStop-1] org.apache.catalina.core.ApplicationContext.log Initializing Spring root WebApplicationContext
31-May-2018 16:57:16.014 INFORMACIN [localhost-startStop-1] org.apache.catalina.core.ApplicationContext.log No Spring WebApplicationInitializer types detected on classpath
31-May-2018 16:57:16.409 INFORMACIN [localhost-startStop-1] org.apache.catalina.core.ApplicationContext.log Initializing Spring root WebApplicationContext
31-May-2018 16:57:19.024 GRAVE [localhost-startStop-1] org.apache.catalina.core.StandardContext.listenerStart Excepcin enviando evento inicializado de contexto a instancia de escuchador de clase [org.springframework.web.context.ContextLoaderListener]
 org.springframework.beans.factory.BeanDefinitionStoreException: Failed to parse configuration class [gub.agesic.connector.integration.services.DefaultPoolConnectionService]; nested exception is java.lang.IllegalArgumentException: Could not resolve placeholder 'connector.web.configLocation' in value "file:${connector.web.configLocation}/connector.properties"
	at org.springframework.context.annotation.ConfigurationClassParser.parse(ConfigurationClassParser.java:181)
	at org.springframework.context.annotation.ConfigurationClassPostProcessor.processConfigBeanDefinitions(ConfigurationClassPostProcessor.java:308)
	at org.springframework.context.annotation.ConfigurationClassPostProcessor.postProcessBeanDefinitionRegistry(ConfigurationClassPostProcessor.java:228)
	at org.springframework.context.support.PostProcessorRegistrationDelegate.invokeBeanDefinitionRegistryPostProcessors(PostProcessorRegistrationDelegate.java:272)
	at org.springframework.context.support.PostProcessorRegistrationDelegate.invokeBeanFactoryPostProcessors(PostProcessorRegistrationDelegate.java:92)
	at org.springframework.context.support.AbstractApplicationContext.invokeBeanFactoryPostProcessors(AbstractApplicationContext.java:687)
	at org.springframework.context.support.AbstractApplicationContext.refresh(AbstractApplicationContext.java:525)
	at org.springframework.web.context.ContextLoader.configureAndRefreshWebApplicationContext(ContextLoader.java:443)
	at org.springframework.web.context.ContextLoader.initWebApplicationContext(ContextLoader.java:325)
	at org.springframework.web.context.ContextLoaderListener.contextInitialized(ContextLoaderListener.java:107)
	at org.apache.catalina.core.StandardContext.listenerStart(StandardContext.java:4745)
	at org.apache.catalina.core.StandardContext.startInternal(StandardContext.java:5207)
	at org.apache.catalina.util.LifecycleBase.start(LifecycleBase.java:150)
	at org.apache.catalina.core.ContainerBase.addChildInternal(ContainerBase.java:752)
	at org.apache.catalina.core.ContainerBase.addChild(ContainerBase.java:728)
	at org.apache.catalina.core.StandardHost.addChild(StandardHost.java:734)
	at org.apache.catalina.startup.HostConfig.deployWAR(HostConfig.java:988)
	at org.apache.catalina.startup.HostConfig$DeployWar.run(HostConfig.java:1860)
	at java.util.concurrent.Executors$RunnableAdapter.call(Executors.java:511)
	at java.util.concurrent.FutureTask.run(FutureTask.java:266)
	at java.util.concurrent.ThreadPoolExecutor.runWorker(ThreadPoolExecutor.java:1149)
	at java.util.concurrent.ThreadPoolExecutor$Worker.run(ThreadPoolExecutor.java:624)
	at java.lang.Thread.run(Thread.java:748)
Caused by: java.lang.IllegalArgumentException: Could not resolve placeholder 'connector.web.configLocation' in value "file:${connector.web.configLocation}/connector.properties"
	at org.springframework.util.PropertyPlaceholderHelper.parseStringValue(PropertyPlaceholderHelper.java:174)
	at org.springframework.util.PropertyPlaceholderHelper.replacePlaceholders(PropertyPlaceholderHelper.java:126)
	at org.springframework.core.env.AbstractPropertyResolver.doResolvePlaceholders(AbstractPropertyResolver.java:236)
	at org.springframework.core.env.AbstractPropertyResolver.resolveRequiredPlaceholders(AbstractPropertyResolver.java:210)
	at org.springframework.core.env.AbstractEnvironment.resolveRequiredPlaceholders(AbstractEnvironment.java:568)
	at org.springframework.context.annotation.ConfigurationClassParser.processPropertySource(ConfigurationClassParser.java:438)
	at org.springframework.context.annotation.ConfigurationClassParser.doProcessConfigurationClass(ConfigurationClassParser.java:271)
	at org.springframework.context.annotation.ConfigurationClassParser.processConfigurationClass(ConfigurationClassParser.java:245)
	at org.springframework.context.annotation.ConfigurationClassParser.parse(ConfigurationClassParser.java:198)
	at org.springframework.context.annotation.ConfigurationClassParser.parse(ConfigurationClassParser.java:167)
	... 22 more

31-May-2018 16:57:22.188 INFORMACIN [localhost-startStop-1] org.apache.catalina.core.ApplicationContext.log Closing Spring root WebApplicationContext
31-May-2018 16:57:30.579 INFORMACIN [localhost-startStop-1] org.apache.catalina.core.ApplicationContext.log 2 Spring WebApplicationInitializers detected on classpath
31-May-2018 16:57:30.733 INFORMACIN [localhost-startStop-1] org.apache.catalina.core.ApplicationContext.log Initializing Spring root WebApplicationContext
31-May-2018 16:57:32.784 GRAVE [localhost-startStop-1] org.apache.catalina.core.StandardContext.listenerStart Excepcin enviando evento inicializado de contexto a instancia de escuchador de clase [org.springframework.web.context.ContextLoaderListener]
 org.springframework.beans.factory.BeanDefinitionStoreException: Failed to parse configuration class [gub.agesic.connector.web.config.SpringRootConfig]; nested exception is java.lang.IllegalArgumentException: Could not resolve placeholder 'connector.web.configLocation' in value "file:${connector.web.configLocation}/connector-web.properties"
	at org.springframework.context.annotation.ConfigurationClassParser.parse(ConfigurationClassParser.java:181)
	at org.springframework.context.annotation.ConfigurationClassPostProcessor.processConfigBeanDefinitions(ConfigurationClassPostProcessor.java:308)
	at org.springframework.context.annotation.ConfigurationClassPostProcessor.postProcessBeanDefinitionRegistry(ConfigurationClassPostProcessor.java:228)
	at org.springframework.context.support.PostProcessorRegistrationDelegate.invokeBeanDefinitionRegistryPostProcessors(PostProcessorRegistrationDelegate.java:272)
	at org.springframework.context.support.PostProcessorRegistrationDelegate.invokeBeanFactoryPostProcessors(PostProcessorRegistrationDelegate.java:92)
	at org.springframework.context.support.AbstractApplicationContext.invokeBeanFactoryPostProcessors(AbstractApplicationContext.java:687)
	at org.springframework.context.support.AbstractApplicationContext.refresh(AbstractApplicationContext.java:525)
	at org.springframework.web.context.ContextLoader.configureAndRefreshWebApplicationContext(ContextLoader.java:443)
	at org.springframework.web.context.ContextLoader.initWebApplicationContext(ContextLoader.java:325)
	at org.springframework.web.context.ContextLoaderListener.contextInitialized(ContextLoaderListener.java:107)
	at org.apache.catalina.core.StandardContext.listenerStart(StandardContext.java:4743)
	at org.apache.catalina.core.StandardContext.startInternal(StandardContext.java:5207)
	at org.apache.catalina.util.LifecycleBase.start(LifecycleBase.java:150)
	at org.apache.catalina.core.ContainerBase.addChildInternal(ContainerBase.java:752)
	at org.apache.catalina.core.ContainerBase.addChild(ContainerBase.java:728)
	at org.apache.catalina.core.StandardHost.addChild(StandardHost.java:734)
	at org.apache.catalina.startup.HostConfig.deployWAR(HostConfig.java:988)
	at org.apache.catalina.startup.HostConfig$DeployWar.run(HostConfig.java:1860)
	at java.util.concurrent.Executors$RunnableAdapter.call(Executors.java:511)
	at java.util.concurrent.FutureTask.run(FutureTask.java:266)
	at java.util.concurrent.ThreadPoolExecutor.runWorker(ThreadPoolExecutor.java:1149)
	at java.util.concurrent.ThreadPoolExecutor$Worker.run(ThreadPoolExecutor.java:624)
	at java.lang.Thread.run(Thread.java:748)
Caused by: java.lang.IllegalArgumentException: Could not resolve placeholder 'connector.web.configLocation' in value "file:${connector.web.configLocation}/connector-web.properties"
	at org.springframework.util.PropertyPlaceholderHelper.parseStringValue(PropertyPlaceholderHelper.java:174)
	at org.springframework.util.PropertyPlaceholderHelper.replacePlaceholders(PropertyPlaceholderHelper.java:126)
	at org.springframework.core.env.AbstractPropertyResolver.doResolvePlaceholders(AbstractPropertyResolver.java:236)
	at org.springframework.core.env.AbstractPropertyResolver.resolveRequiredPlaceholders(AbstractPropertyResolver.java:210)
	at org.springframework.core.env.AbstractEnvironment.resolveRequiredPlaceholders(AbstractEnvironment.java:568)
	at org.springframework.context.annotation.ConfigurationClassParser.processPropertySource(ConfigurationClassParser.java:438)
	at org.springframework.context.annotation.ConfigurationClassParser.doProcessConfigurationClass(ConfigurationClassParser.java:271)
	at org.springframework.context.annotation.ConfigurationClassParser.processConfigurationClass(ConfigurationClassParser.java:245)
	at org.springframework.context.annotation.ConfigurationClassParser.parse(ConfigurationClassParser.java:190)
	at org.springframework.context.annotation.ConfigurationClassParser.doProcessConfigurationClass(ConfigurationClassParser.java:292)
	at org.springframework.context.annotation.ConfigurationClassParser.processConfigurationClass(ConfigurationClassParser.java:245)
	at org.springframework.context.annotation.ConfigurationClassParser.parse(ConfigurationClassParser.java:198)
	at org.springframework.context.annotation.ConfigurationClassParser.parse(ConfigurationClassParser.java:167)
	... 22 more

31-May-2018 16:57:32.798 INFORMACIN [localhost-startStop-1] org.apache.catalina.core.ApplicationContext.log Closing Spring root WebApplicationContext
31-May-2018 16:57:36.414 INFORMACIN [localhost-startStop-1] org.apache.catalina.core.ApplicationContext.log ContextListener: contextInitialized()
31-May-2018 16:57:36.414 INFORMACIN [localhost-startStop-1] org.apache.catalina.core.ApplicationContext.log SessionListener: contextInitialized()
31-May-2018 16:58:29.406 INFORMACIN [localhost-startStop-2] org.apache.catalina.core.ApplicationContext.log SessionListener: contextDestroyed()
31-May-2018 16:58:29.406 INFORMACIN [localhost-startStop-2] org.apache.catalina.core.ApplicationContext.log ContextListener: contextDestroyed()
31-May-2018 16:58:51.884 INFORMACIN [localhost-startStop-1] org.apache.catalina.core.ApplicationContext.log No Spring WebApplicationInitializer types detected on classpath
31-May-2018 16:58:52.316 INFORMACIN [localhost-startStop-1] org.apache.catalina.core.ApplicationContext.log Initializing Spring root WebApplicationContext
31-May-2018 16:58:54.220 GRAVE [localhost-startStop-1] org.apache.catalina.core.StandardContext.listenerStart Excepcin enviando evento inicializado de contexto a instancia de escuchador de clase [org.springframework.web.context.ContextLoaderListener]
 org.springframework.beans.factory.BeanDefinitionStoreException: Failed to parse configuration class [gub.agesic.connector.integration.services.DefaultPoolConnectionService]; nested exception is java.lang.IllegalArgumentException: Could not resolve placeholder 'connector.web.configLocation' in value "file:${connector.web.configLocation}/connector.properties"
	at org.springframework.context.annotation.ConfigurationClassParser.parse(ConfigurationClassParser.java:181)
	at org.springframework.context.annotation.ConfigurationClassPostProcessor.processConfigBeanDefinitions(ConfigurationClassPostProcessor.java:308)
	at org.springframework.context.annotation.ConfigurationClassPostProcessor.postProcessBeanDefinitionRegistry(ConfigurationClassPostProcessor.java:228)
	at org.springframework.context.support.PostProcessorRegistrationDelegate.invokeBeanDefinitionRegistryPostProcessors(PostProcessorRegistrationDelegate.java:272)
	at org.springframework.context.support.PostProcessorRegistrationDelegate.invokeBeanFactoryPostProcessors(PostProcessorRegistrationDelegate.java:92)
	at org.springframework.context.support.AbstractApplicationContext.invokeBeanFactoryPostProcessors(AbstractApplicationContext.java:687)
	at org.springframework.context.support.AbstractApplicationContext.refresh(AbstractApplicationContext.java:525)
	at org.springframework.web.context.ContextLoader.configureAndRefreshWebApplicationContext(ContextLoader.java:443)
	at org.springframework.web.context.ContextLoader.initWebApplicationContext(ContextLoader.java:325)
	at org.springframework.web.context.ContextLoaderListener.contextInitialized(ContextLoaderListener.java:107)
	at org.apache.catalina.core.StandardContext.listenerStart(StandardContext.java:4745)
	at org.apache.catalina.core.StandardContext.startInternal(StandardContext.java:5207)
	at org.apache.catalina.util.LifecycleBase.start(LifecycleBase.java:150)
	at org.apache.catalina.core.ContainerBase.addChildInternal(ContainerBase.java:752)
	at org.apache.catalina.core.ContainerBase.addChild(ContainerBase.java:728)
	at org.apache.catalina.core.StandardHost.addChild(StandardHost.java:734)
	at org.apache.catalina.startup.HostConfig.deployWAR(HostConfig.java:988)
	at org.apache.catalina.startup.HostConfig$DeployWar.run(HostConfig.java:1860)
	at java.util.concurrent.Executors$RunnableAdapter.call(Executors.java:511)
	at java.util.concurrent.FutureTask.run(FutureTask.java:266)
	at java.util.concurrent.ThreadPoolExecutor.runWorker(ThreadPoolExecutor.java:1149)
	at java.util.concurrent.ThreadPoolExecutor$Worker.run(ThreadPoolExecutor.java:624)
	at java.lang.Thread.run(Thread.java:748)
Caused by: java.lang.IllegalArgumentException: Could not resolve placeholder 'connector.web.configLocation' in value "file:${connector.web.configLocation}/connector.properties"
	at org.springframework.util.PropertyPlaceholderHelper.parseStringValue(PropertyPlaceholderHelper.java:174)
	at org.springframework.util.PropertyPlaceholderHelper.replacePlaceholders(PropertyPlaceholderHelper.java:126)
	at org.springframework.core.env.AbstractPropertyResolver.doResolvePlaceholders(AbstractPropertyResolver.java:236)
	at org.springframework.core.env.AbstractPropertyResolver.resolveRequiredPlaceholders(AbstractPropertyResolver.java:210)
	at org.springframework.core.env.AbstractEnvironment.resolveRequiredPlaceholders(AbstractEnvironment.java:568)
	at org.springframework.context.annotation.ConfigurationClassParser.processPropertySource(ConfigurationClassParser.java:438)
	at org.springframework.context.annotation.ConfigurationClassParser.doProcessConfigurationClass(ConfigurationClassParser.java:271)
	at org.springframework.context.annotation.ConfigurationClassParser.processConfigurationClass(ConfigurationClassParser.java:245)
	at org.springframework.context.annotation.ConfigurationClassParser.parse(ConfigurationClassParser.java:198)
	at org.springframework.context.annotation.ConfigurationClassParser.parse(ConfigurationClassParser.java:167)
	... 22 more

31-May-2018 16:58:54.241 INFORMACIN [localhost-startStop-1] org.apache.catalina.core.ApplicationContext.log Closing Spring root WebApplicationContext
31-May-2018 16:58:57.978 INFORMACIN [localhost-startStop-1] org.apache.catalina.core.ApplicationContext.log 2 Spring WebApplicationInitializers detected on classpath
31-May-2018 16:58:58.140 INFORMACIN [localhost-startStop-1] org.apache.catalina.core.ApplicationContext.log Initializing Spring root WebApplicationContext
31-May-2018 16:58:58.841 GRAVE [localhost-startStop-1] org.apache.catalina.core.StandardContext.listenerStart Excepcin enviando evento inicializado de contexto a instancia de escuchador de clase [org.springframework.web.context.ContextLoaderListener]
 org.springframework.beans.factory.BeanDefinitionStoreException: Failed to parse configuration class [gub.agesic.connector.web.config.SpringRootConfig]; nested exception is java.lang.IllegalArgumentException: Could not resolve placeholder 'connector.web.configLocation' in value "file:${connector.web.configLocation}/connector-web.properties"
	at org.springframework.context.annotation.ConfigurationClassParser.parse(ConfigurationClassParser.java:181)
	at org.springframework.context.annotation.ConfigurationClassPostProcessor.processConfigBeanDefinitions(ConfigurationClassPostProcessor.java:308)
	at org.springframework.context.annotation.ConfigurationClassPostProcessor.postProcessBeanDefinitionRegistry(ConfigurationClassPostProcessor.java:228)
	at org.springframework.context.support.PostProcessorRegistrationDelegate.invokeBeanDefinitionRegistryPostProcessors(PostProcessorRegistrationDelegate.java:272)
	at org.springframework.context.support.PostProcessorRegistrationDelegate.invokeBeanFactoryPostProcessors(PostProcessorRegistrationDelegate.java:92)
	at org.springframework.context.support.AbstractApplicationContext.invokeBeanFactoryPostProcessors(AbstractApplicationContext.java:687)
	at org.springframework.context.support.AbstractApplicationContext.refresh(AbstractApplicationContext.java:525)
	at org.springframework.web.context.ContextLoader.configureAndRefreshWebApplicationContext(ContextLoader.java:443)
	at org.springframework.web.context.ContextLoader.initWebApplicationContext(ContextLoader.java:325)
	at org.springframework.web.context.ContextLoaderListener.contextInitialized(ContextLoaderListener.java:107)
	at org.apache.catalina.core.StandardContext.listenerStart(StandardContext.java:4743)
	at org.apache.catalina.core.StandardContext.startInternal(StandardContext.java:5207)
	at org.apache.catalina.util.LifecycleBase.start(LifecycleBase.java:150)
	at org.apache.catalina.core.ContainerBase.addChildInternal(ContainerBase.java:752)
	at org.apache.catalina.core.ContainerBase.addChild(ContainerBase.java:728)
	at org.apache.catalina.core.StandardHost.addChild(StandardHost.java:734)
	at org.apache.catalina.startup.HostConfig.deployWAR(HostConfig.java:988)
	at org.apache.catalina.startup.HostConfig$DeployWar.run(HostConfig.java:1860)
	at java.util.concurrent.Executors$RunnableAdapter.call(Executors.java:511)
	at java.util.concurrent.FutureTask.run(FutureTask.java:266)
	at java.util.concurrent.ThreadPoolExecutor.runWorker(ThreadPoolExecutor.java:1149)
	at java.util.concurrent.ThreadPoolExecutor$Worker.run(ThreadPoolExecutor.java:624)
	at java.lang.Thread.run(Thread.java:748)
Caused by: java.lang.IllegalArgumentException: Could not resolve placeholder 'connector.web.configLocation' in value "file:${connector.web.configLocation}/connector-web.properties"
	at org.springframework.util.PropertyPlaceholderHelper.parseStringValue(PropertyPlaceholderHelper.java:174)
	at org.springframework.util.PropertyPlaceholderHelper.replacePlaceholders(PropertyPlaceholderHelper.java:126)
	at org.springframework.core.env.AbstractPropertyResolver.doResolvePlaceholders(AbstractPropertyResolver.java:236)
	at org.springframework.core.env.AbstractPropertyResolver.resolveRequiredPlaceholders(AbstractPropertyResolver.java:210)
	at org.springframework.core.env.AbstractEnvironment.resolveRequiredPlaceholders(AbstractEnvironment.java:568)
	at org.springframework.context.annotation.ConfigurationClassParser.processPropertySource(ConfigurationClassParser.java:438)
	at org.springframework.context.annotation.ConfigurationClassParser.doProcessConfigurationClass(ConfigurationClassParser.java:271)
	at org.springframework.context.annotation.ConfigurationClassParser.processConfigurationClass(ConfigurationClassParser.java:245)
	at org.springframework.context.annotation.ConfigurationClassParser.parse(ConfigurationClassParser.java:190)
	at org.springframework.context.annotation.ConfigurationClassParser.doProcessConfigurationClass(ConfigurationClassParser.java:292)
	at org.springframework.context.annotation.ConfigurationClassParser.processConfigurationClass(ConfigurationClassParser.java:245)
	at org.springframework.context.annotation.ConfigurationClassParser.parse(ConfigurationClassParser.java:198)
	at org.springframework.context.annotation.ConfigurationClassParser.parse(ConfigurationClassParser.java:167)
	... 22 more

31-May-2018 16:58:58.850 INFORMACIN [localhost-startStop-1] org.apache.catalina.core.ApplicationContext.log Closing Spring root WebApplicationContext
31-May-2018 16:59:44.106 INFORMACIN [localhost-startStop-1] org.apache.catalina.core.ApplicationContext.log No Spring WebApplicationInitializer types detected on classpath
31-May-2018 16:59:44.443 INFORMACIN [localhost-startStop-1] org.apache.catalina.core.ApplicationContext.log Initializing Spring root WebApplicationContext
31-May-2018 17:03:39.723 INFORMACIN [localhost-startStop-1] org.apache.catalina.core.ApplicationContext.log No Spring WebApplicationInitializer types detected on classpath
31-May-2018 17:03:40.131 INFORMACIN [localhost-startStop-1] org.apache.catalina.core.ApplicationContext.log Initializing Spring root WebApplicationContext
31-May-2018 17:04:06.962 INFORMACIN [localhost-startStop-1] org.apache.catalina.core.ApplicationContext.log Initializing Spring FrameworkServlet 'ConnectorServlet'
31-May-2018 17:04:14.332 INFORMACIN [localhost-startStop-1] org.apache.catalina.core.ApplicationContext.log 2 Spring WebApplicationInitializers detected on classpath
31-May-2018 17:04:14.605 INFORMACIN [localhost-startStop-1] org.apache.catalina.core.ApplicationContext.log Initializing Spring root WebApplicationContext
31-May-2018 17:04:26.014 INFORMACIN [localhost-startStop-1] org.apache.catalina.core.ApplicationContext.log Initializing Spring FrameworkServlet 'dispatcher'
31-May-2018 17:04:28.888 INFORMACIN [localhost-startStop-1] org.apache.catalina.core.ApplicationContext.log ContextListener: contextInitialized()
31-May-2018 17:04:28.889 INFORMACIN [localhost-startStop-1] org.apache.catalina.core.ApplicationContext.log SessionListener: contextInitialized()
31-May-2018 17:07:17.508 GRAVE [http-nio-9800-exec-3] org.apache.catalina.core.StandardWrapperValve.invoke El Servlet.service() para el servlet [dispatcher] en el contexto con ruta [/connector-web] lanz贸 la excepci贸n [Handler dispatch failed; nested exception is java.lang.OutOfMemoryError: GC overhead limit exceeded] con causa ra铆z
 java.lang.OutOfMemoryError: GC overhead limit exceeded
	at com.sun.org.apache.xerces.internal.dom.DeferredDocumentImpl.getNodeObject(DeferredDocumentImpl.java:1019)
	at com.sun.org.apache.xerces.internal.dom.DeferredDocumentImpl.synchronizeChildren(DeferredDocumentImpl.java:1755)
	at com.sun.org.apache.xerces.internal.dom.DeferredElementImpl.synchronizeChildren(DeferredElementImpl.java:135)
	at com.sun.org.apache.xerces.internal.dom.ParentNode.hasChildNodes(ParentNode.java:198)
	at com.sun.org.apache.xml.internal.dtm.ref.dom2dtm.DOM2DTM.nextNode(DOM2DTM.java:348)
	at com.sun.org.apache.xml.internal.dtm.ref.DTMDefaultBase._nextsib(DTMDefaultBase.java:567)
	at com.sun.org.apache.xml.internal.dtm.ref.DTMDefaultBase.getNextSibling(DTMDefaultBase.java:1142)
	at com.sun.org.apache.xml.internal.dtm.ref.DTMDefaultBaseTraversers$ChildTraverser.next(DTMDefaultBaseTraversers.java:465)
	at com.sun.org.apache.xpath.internal.axes.AxesWalker.getNextNode(AxesWalker.java:337)
	at com.sun.org.apache.xpath.internal.axes.AxesWalker.nextNode(AxesWalker.java:365)
	at com.sun.org.apache.xpath.internal.axes.WalkingIterator.nextNode(WalkingIterator.java:197)
	at com.sun.org.apache.xpath.internal.axes.NodeSequence.nextNode(NodeSequence.java:344)
	at com.sun.org.apache.xpath.internal.axes.NodeSequence.runTo(NodeSequence.java:503)
	at com.sun.org.apache.xpath.internal.axes.NodeSequence.setRoot(NodeSequence.java:279)
	at com.sun.org.apache.xpath.internal.axes.LocPathIterator.execute(LocPathIterator.java:214)
	at com.sun.org.apache.xpath.internal.XPath.execute(XPath.java:339)
	at com.sun.org.apache.xpath.internal.XPath.execute(XPath.java:305)
	at com.sun.org.apache.xpath.internal.jaxp.XPathExpressionImpl.eval(XPathExpressionImpl.java:135)
	at com.sun.org.apache.xpath.internal.jaxp.XPathExpressionImpl.eval(XPathExpressionImpl.java:109)
	at com.sun.org.apache.xpath.internal.jaxp.XPathExpressionImpl.evaluate(XPathExpressionImpl.java:191)
	at org.springframework.xml.xpath.Jaxp13XPathExpressionFactory$Jaxp13XPathExpression.evaluate(Jaxp13XPathExpressionFactory.java:124)
	at org.springframework.xml.xpath.Jaxp13XPathExpressionFactory$Jaxp13XPathExpression.evaluateAsNodeList(Jaxp13XPathExpressionFactory.java:116)
	at gub.agesic.connector.services.xpathparser.DefaultXPathParserService.getXPathResultNodeList(DefaultXPathParserService.java:103)
	at gub.agesic.connector.services.wsdlparser.DefaultWSDLParserService.getXSDSImports(DefaultWSDLParserService.java:91)
	at gub.agesic.connector.services.wsdlparser.DefaultWSDLParserService.getXSDSImports(DefaultWSDLParserService.java:101)
	at gub.agesic.connector.services.wsdlparser.DefaultWSDLParserService.getXSDSImports(DefaultWSDLParserService.java:101)
	at gub.agesic.connector.services.wsdlparser.DefaultWSDLParserService.getXSDSImports(DefaultWSDLParserService.java:101)
	at gub.agesic.connector.services.wsdlparser.DefaultWSDLParserService.getXSDSImports(DefaultWSDLParserService.java:101)
	at gub.agesic.connector.services.wsdlparser.DefaultWSDLParserService.getXSDSImports(DefaultWSDLParserService.java:101)
	at gub.agesic.connector.services.wsdlparser.DefaultWSDLParserService.getXSDSImports(DefaultWSDLParserService.java:101)
	at gub.agesic.connector.services.wsdlparser.DefaultWSDLParserService.getXSDSImports(DefaultWSDLParserService.java:101)
	at gub.agesic.connector.services.wsdlparser.DefaultWSDLParserService.getXSDSImports(DefaultWSDLParserService.java:101)

31-May-2018 17:07:37.624 INFORMACIN [localhost-startStop-2] org.apache.catalina.core.ApplicationContext.log Destroying Spring FrameworkServlet 'ConnectorServlet'
31-May-2018 17:07:37.631 INFORMACIN [localhost-startStop-2] org.apache.catalina.core.ApplicationContext.log Closing Spring root WebApplicationContext
31-May-2018 17:07:37.794 INFORMACIN [localhost-startStop-2] org.apache.catalina.core.ApplicationContext.log SessionListener: contextDestroyed()
31-May-2018 17:07:37.795 INFORMACIN [localhost-startStop-2] org.apache.catalina.core.ApplicationContext.log ContextListener: contextDestroyed()
31-May-2018 17:07:37.904 INFORMACIN [localhost-startStop-2] org.apache.catalina.core.ApplicationContext.log Destroying Spring FrameworkServlet 'dispatcher'
31-May-2018 17:07:37.937 INFORMACIN [localhost-startStop-2] org.apache.catalina.core.ApplicationContext.log Closing Spring root WebApplicationContext
31-May-2018 17:08:11.298 INFORMACIN [localhost-startStop-1] org.apache.catalina.core.ApplicationContext.log No Spring WebApplicationInitializer types detected on classpath
31-May-2018 17:08:11.547 INFORMACIN [localhost-startStop-1] org.apache.catalina.core.ApplicationContext.log Initializing Spring root WebApplicationContext
31-May-2018 17:08:34.344 INFORMACIN [localhost-startStop-1] org.apache.catalina.core.ApplicationContext.log Initializing Spring FrameworkServlet 'ConnectorServlet'
31-May-2018 17:08:40.613 INFORMACIN [localhost-startStop-1] org.apache.catalina.core.ApplicationContext.log 2 Spring WebApplicationInitializers detected on classpath
31-May-2018 17:08:40.900 INFORMACIN [localhost-startStop-1] org.apache.catalina.core.ApplicationContext.log Initializing Spring root WebApplicationContext
31-May-2018 17:08:54.183 INFORMACIN [localhost-startStop-1] org.apache.catalina.core.ApplicationContext.log Initializing Spring FrameworkServlet 'dispatcher'
31-May-2018 17:08:57.466 INFORMACIN [localhost-startStop-1] org.apache.catalina.core.ApplicationContext.log ContextListener: contextInitialized()
31-May-2018 17:08:57.467 INFORMACIN [localhost-startStop-1] org.apache.catalina.core.ApplicationContext.log SessionListener: contextInitialized()
31-May-2018 17:13:57.388 GRAVE [http-nio-9800-exec-6] org.apache.catalina.core.StandardWrapperValve.invoke El Servlet.service() para el servlet [dispatcher] en el contexto con ruta [/connector-web] lanz贸 la excepci贸n [Handler dispatch failed; nested exception is java.lang.OutOfMemoryError: GC overhead limit exceeded] con causa ra铆z
 java.lang.OutOfMemoryError: GC overhead limit exceeded
	at java.util.Arrays.copyOf(Arrays.java:3181)
	at java.util.Vector.grow(Vector.java:266)
	at java.util.Vector.ensureCapacityHelper(Vector.java:246)
	at java.util.Vector.addElement(Vector.java:620)
	at com.sun.org.apache.xml.internal.dtm.ref.dom2dtm.DOM2DTM.addNode(DOM2DTM.java:247)
	at com.sun.org.apache.xml.internal.dtm.ref.dom2dtm.DOM2DTM.nextNode(DOM2DTM.java:524)
	at com.sun.org.apache.xml.internal.dtm.ref.DTMDefaultBase._nextsib(DTMDefaultBase.java:567)
	at com.sun.org.apache.xml.internal.dtm.ref.DTMDefaultBase.getNextSibling(DTMDefaultBase.java:1142)
	at com.sun.org.apache.xml.internal.dtm.ref.DTMDefaultBaseTraversers$ChildTraverser.next(DTMDefaultBaseTraversers.java:465)
	at com.sun.org.apache.xpath.internal.axes.AxesWalker.getNextNode(AxesWalker.java:337)
	at com.sun.org.apache.xpath.internal.axes.AxesWalker.nextNode(AxesWalker.java:365)
	at com.sun.org.apache.xpath.internal.axes.WalkingIterator.nextNode(WalkingIterator.java:197)
	at com.sun.org.apache.xpath.internal.axes.NodeSequence.nextNode(NodeSequence.java:344)
	at com.sun.org.apache.xpath.internal.axes.NodeSequence.runTo(NodeSequence.java:503)
	at com.sun.org.apache.xpath.internal.axes.NodeSequence.setRoot(NodeSequence.java:279)
	at com.sun.org.apache.xpath.internal.axes.LocPathIterator.execute(LocPathIterator.java:214)
	at com.sun.org.apache.xpath.internal.XPath.execute(XPath.java:339)
	at com.sun.org.apache.xpath.internal.XPath.execute(XPath.java:305)
	at com.sun.org.apache.xpath.internal.jaxp.XPathExpressionImpl.eval(XPathExpressionImpl.java:135)
	at com.sun.org.apache.xpath.internal.jaxp.XPathExpressionImpl.eval(XPathExpressionImpl.java:109)
	at com.sun.org.apache.xpath.internal.jaxp.XPathExpressionImpl.evaluate(XPathExpressionImpl.java:191)
	at org.springframework.xml.xpath.Jaxp13XPathExpressionFactory$Jaxp13XPathExpression.evaluate(Jaxp13XPathExpressionFactory.java:124)
	at org.springframework.xml.xpath.Jaxp13XPathExpressionFactory$Jaxp13XPathExpression.evaluateAsNodeList(Jaxp13XPathExpressionFactory.java:116)
	at gub.agesic.connector.services.xpathparser.DefaultXPathParserService.getXPathResultNodeList(DefaultXPathParserService.java:103)
	at gub.agesic.connector.services.wsdlparser.DefaultWSDLParserService.getXSDSImports(DefaultWSDLParserService.java:91)
	at gub.agesic.connector.services.wsdlparser.DefaultWSDLParserService.getXSDSImports(DefaultWSDLParserService.java:101)
	at gub.agesic.connector.services.wsdlparser.DefaultWSDLParserService.getXSDSImports(DefaultWSDLParserService.java:101)
	at gub.agesic.connector.services.wsdlparser.DefaultWSDLParserService.getXSDSImports(DefaultWSDLParserService.java:101)
	at gub.agesic.connector.services.wsdlparser.DefaultWSDLParserService.getXSDSImports(DefaultWSDLParserService.java:101)
	at gub.agesic.connector.services.wsdlparser.DefaultWSDLParserService.getXSDSImports(DefaultWSDLParserService.java:101)
	at gub.agesic.connector.services.wsdlparser.DefaultWSDLParserService.getXSDSImports(DefaultWSDLParserService.java:101)
	at gub.agesic.connector.services.wsdlparser.DefaultWSDLParserService.getXSDSImports(DefaultWSDLParserService.java:101)

