2018-10-24 09:01:35,231 DEBUG [connectorMessages] (default task-1) [RQ-C] GenericMessage [payload=<soapenv:Envelope xmlns:soapenv="http://schemas.xmlsoap.org/soap/envelope/" xmlns:soa="http://www.agesic.gub.uy/soa">
   <soapenv:Header/>
   <soapenv:Body>
      <soa:GetTimestamp/>
   </soapenv:Body>
</soapenv:Envelope>, headers={SOAPAction="http://testservicios.pge.red.uy/timestamp", http_requestMethod=POST, replyChannel=org.springframework.messaging.core.GenericMessagingTemplate$TemporaryReplyChannel@54f5cf78, errorChannel=org.springframework.messaging.core.GenericMessagingTemplate$TemporaryReplyChannel@54f5cf78, Connection=Keep-Alive, http_requestUrl=http://localhost:9800/connector-runtime/timestamp, id=9cfe1e4c-3b34-a901-6475-8a21275d7856, Content-Length=221, contentType=text/xml;charset=UTF-8, initialTimestamp=1540382495210, timestamp=1540382495212}]
2018-10-24 09:01:36,393 DEBUG [connectorMessages] (default task-1) [RS-C]: GenericMessage [payload=java.io.ByteArrayInputStream@6ef5e491, headers={replyChannel=org.springframework.messaging.core.GenericMessagingTemplate$TemporaryReplyChannel@5f2df816, errorChannel=org.springframework.messaging.core.GenericMessagingTemplate$TemporaryReplyChannel@5f2df816, id=45e2235a-3862-3493-500d-fd78535f2d20, contentType=text/xml, http_statusCode=500, timestamp=1540382496383}]
2018-10-24 09:02:27,028 DEBUG [connectorMessages] (default task-11) [RQ-C] GenericMessage [payload=<soapenv:Envelope xmlns:soapenv="http://schemas.xmlsoap.org/soap/envelope/" xmlns:soa="http://www.agesic.gub.uy/soa">
   <soapenv:Header/>
   <soapenv:Body>
      <soa:GetTimestamp/>
   </soapenv:Body>
</soapenv:Envelope>, headers={SOAPAction="http://testservicios.pge.red.uy/timestamp", http_requestMethod=POST, replyChannel=org.springframework.messaging.core.GenericMessagingTemplate$TemporaryReplyChannel@6a51dda6, errorChannel=org.springframework.messaging.core.GenericMessagingTemplate$TemporaryReplyChannel@6a51dda6, Connection=Keep-Alive, http_requestUrl=http://localhost:9800/connector-runtime/timestamp, id=589eb630-2510-9498-d30e-75f165bc670c, Content-Length=221, contentType=text/xml;charset=UTF-8, initialTimestamp=1540382547021, timestamp=1540382547021}]
2018-10-24 09:02:36,454 DEBUG [connectorMessages] (default task-11) [RS-C]: GenericMessage [payload=java.io.ByteArrayInputStream@a73b4d8, headers={replyChannel=org.springframework.messaging.core.GenericMessagingTemplate$TemporaryReplyChannel@355722ba, errorChannel=org.springframework.messaging.core.GenericMessagingTemplate$TemporaryReplyChannel@355722ba, id=cab19d5a-536a-38fe-6b1e-321797cb4409, contentType=text/xml, http_statusCode=500, timestamp=1540382556447}]
2018-10-24 09:17:54,007 DEBUG [connectorMessages] (default task-6) [RQ-C] GenericMessage [payload=<soapenv:Envelope xmlns:soapenv="http://schemas.xmlsoap.org/soap/envelope/" xmlns:soa="http://www.agesic.gub.uy/soa">
   <soapenv:Header/>
   <soapenv:Body>
      <soa:GetTimestamp/>
   </soapenv:Body>
</soapenv:Envelope>, headers={SOAPAction="http://testservicios.pge.red.uy/timestamp", http_requestMethod=POST, replyChannel=org.springframework.messaging.core.GenericMessagingTemplate$TemporaryReplyChannel@74d23e0b, errorChannel=org.springframework.messaging.core.GenericMessagingTemplate$TemporaryReplyChannel@74d23e0b, Connection=Keep-Alive, http_requestUrl=http://localhost:9800/connector-runtime/timestamp, id=c7039216-b208-f68b-102a-ddd5cab75447, Content-Length=221, contentType=text/xml;charset=UTF-8, initialTimestamp=1540383473946, timestamp=1540383473950}]
2018-10-24 09:18:04,958 DEBUG [connectorMessages] (default task-6) [RS-C]: GenericMessage [payload=java.io.ByteArrayInputStream@28da4668, headers={replyChannel=org.springframework.messaging.core.GenericMessagingTemplate$TemporaryReplyChannel@18ac1a04, errorChannel=org.springframework.messaging.core.GenericMessagingTemplate$TemporaryReplyChannel@18ac1a04, id=27a8dfe0-7a47-b233-663b-788d9235a2be, contentType=text/xml, http_statusCode=500, timestamp=1540383484947}]
