Wed Oct 24 08:57:10 UYT 2018 : Apache Derby Network Server - 10.14.1.0 - (1808820) started and ready to accept connections on port 1527
----------------------------------------------------------------
Wed Oct 24 08:57:44 UYT 2018:
Booting Derby version The Apache Software Foundation - Apache Derby - 10.14.1.0 - (1808820): instance a816c00e-0166-a5ef-8312-ffffab15129c 
on database directory /home/tom/Downloads/conector_empaquetado_web/wildfly-9.0.2.Final/derby/connectorpge with class loader ModuleClassLoader for Module "org.apache.derby:main" from local module loader @707f7052 (finder: local module finder @11028347 (roots: /home/tom/Downloads/conector_empaquetado_web/wildfly-9.0.2.Final/modules,/home/tom/Downloads/conector_empaquetado_web/wildfly-9.0.2.Final/modules/system/layers/base)) 
Loaded from jar:file:/home/tom/Downloads/conector_empaquetado_web/wildfly-9.0.2.Final/modules/org/apache/derby/main/derby.jar!/
java.vendor=Oracle Corporation
java.runtime.version=1.8.0_151-b12
user.dir=/home/tom/Downloads/conector_empaquetado_web/wildfly-9.0.2.Final/bin
os.name=Linux
os.arch=amd64
os.version=2.6.32-642.15.1.el6.x86_64
derby.system.home=/home/tom/Downloads/conector_empaquetado_web/wildfly-9.0.2.Final/derby
derby.stream.error.file=/home/tom/Downloads/conector_empaquetado_web/wildfly-9.0.2.Final/standalone/log/derby.log
Database Class Loader started - derby.database.classpath=''
Wed Oct 24 08:59:18 UYT 2018 : Apache Derby Network Server - 10.14.1.0 - (1808820) started and ready to accept connections on port 1527
----------------------------------------------------------------
Wed Oct 24 08:59:52 UYT 2018:
Booting Derby version The Apache Software Foundation - Apache Derby - 10.14.1.0 - (1808820): instance a816c00e-0166-a5f1-77b6-ffffab15129c 
on database directory /home/tom/Downloads/conector_empaquetado_web/wildfly-9.0.2.Final/derby/connectorpge with class loader ModuleClassLoader for Module "org.apache.derby:main" from local module loader @707f7052 (finder: local module finder @11028347 (roots: /home/tom/Downloads/conector_empaquetado_web/wildfly-9.0.2.Final/modules,/home/tom/Downloads/conector_empaquetado_web/wildfly-9.0.2.Final/modules/system/layers/base)) 
Loaded from jar:file:/home/tom/Downloads/conector_empaquetado_web/wildfly-9.0.2.Final/modules/org/apache/derby/main/derby.jar!/
java.vendor=Oracle Corporation
java.runtime.version=1.8.0_151-b12
user.dir=/home/tom/Downloads/conector_empaquetado_web/wildfly-9.0.2.Final/bin
os.name=Linux
os.arch=amd64
os.version=2.6.32-642.15.1.el6.x86_64
derby.system.home=/home/tom/Downloads/conector_empaquetado_web/wildfly-9.0.2.Final/derby
derby.stream.error.file=/home/tom/Downloads/conector_empaquetado_web/wildfly-9.0.2.Final/standalone/log/derby.log
Database Class Loader started - derby.database.classpath=''
Wed Oct 24 09:06:14 UYT 2018 : Apache Derby Network Server - 10.14.1.0 - (1808820) started and ready to accept connections on port 1527
----------------------------------------------------------------
Wed Oct 24 09:06:49 UYT 2018:
Booting Derby version The Apache Software Foundation - Apache Derby - 10.14.1.0 - (1808820): instance a816c00e-0166-a5f7-cfa4-ffffab15129c 
on database directory /home/tom/Downloads/conector_empaquetado_web/wildfly-9.0.2.Final/derby/connectorpge with class loader ModuleClassLoader for Module "org.apache.derby:main" from local module loader @707f7052 (finder: local module finder @11028347 (roots: /home/tom/Downloads/conector_empaquetado_web/wildfly-9.0.2.Final/modules,/home/tom/Downloads/conector_empaquetado_web/wildfly-9.0.2.Final/modules/system/layers/base)) 
Loaded from jar:file:/home/tom/Downloads/conector_empaquetado_web/wildfly-9.0.2.Final/modules/org/apache/derby/main/derby.jar!/
java.vendor=Oracle Corporation
java.runtime.version=1.8.0_151-b12
user.dir=/home/tom/Downloads/conector_empaquetado_web/wildfly-9.0.2.Final/bin
os.name=Linux
os.arch=amd64
os.version=2.6.32-642.15.1.el6.x86_64
derby.system.home=/home/tom/Downloads/conector_empaquetado_web/wildfly-9.0.2.Final/derby
derby.stream.error.file=/home/tom/Downloads/conector_empaquetado_web/wildfly-9.0.2.Final/standalone/log/derby.log
Database Class Loader started - derby.database.classpath=''
